[2024-07-26T00:00:02.256+0000] {processor.py:161} INFO - Started process (PID=12425) to work on /home/airflow/.local/lib/python3.12/site-packages/airflow/example_dags/example_short_circuit_operator.py
[2024-07-26T00:00:02.257+0000] {processor.py:830} INFO - Processing file /home/airflow/.local/lib/python3.12/site-packages/airflow/example_dags/example_short_circuit_operator.py for tasks to queue
[2024-07-26T00:00:02.258+0000] {logging_mixin.py:188} INFO - [2024-07-26T00:00:02.258+0000] {dagbag.py:545} INFO - Filling up the DagBag from /home/airflow/.local/lib/python3.12/site-packages/airflow/example_dags/example_short_circuit_operator.py
[2024-07-26T00:00:02.265+0000] {processor.py:840} INFO - DAG(s) 'example_short_circuit_operator' retrieved from /home/airflow/.local/lib/python3.12/site-packages/airflow/example_dags/example_short_circuit_operator.py
[2024-07-26T00:00:02.283+0000] {logging_mixin.py:188} INFO - [2024-07-26T00:00:02.283+0000] {dag.py:3089} INFO - Sync 1 DAGs
[2024-07-26T00:00:02.301+0000] {logging_mixin.py:188} INFO - [2024-07-26T00:00:02.301+0000] {dag.py:3947} INFO - Setting next_dagrun for example_short_circuit_operator to 2024-07-25 00:00:00+00:00, run_after=2024-07-26 00:00:00+00:00
[2024-07-26T00:00:02.320+0000] {processor.py:183} INFO - Processing /home/airflow/.local/lib/python3.12/site-packages/airflow/example_dags/example_short_circuit_operator.py took 0.068 seconds
[2024-07-26T00:00:32.820+0000] {processor.py:161} INFO - Started process (PID=12484) to work on /home/airflow/.local/lib/python3.12/site-packages/airflow/example_dags/example_short_circuit_operator.py
[2024-07-26T00:00:32.821+0000] {processor.py:830} INFO - Processing file /home/airflow/.local/lib/python3.12/site-packages/airflow/example_dags/example_short_circuit_operator.py for tasks to queue
[2024-07-26T00:00:32.823+0000] {logging_mixin.py:188} INFO - [2024-07-26T00:00:32.822+0000] {dagbag.py:545} INFO - Filling up the DagBag from /home/airflow/.local/lib/python3.12/site-packages/airflow/example_dags/example_short_circuit_operator.py
[2024-07-26T00:00:32.828+0000] {processor.py:840} INFO - DAG(s) 'example_short_circuit_operator' retrieved from /home/airflow/.local/lib/python3.12/site-packages/airflow/example_dags/example_short_circuit_operator.py
[2024-07-26T00:00:32.844+0000] {logging_mixin.py:188} INFO - [2024-07-26T00:00:32.844+0000] {dag.py:3089} INFO - Sync 1 DAGs
[2024-07-26T00:00:32.862+0000] {logging_mixin.py:188} INFO - [2024-07-26T00:00:32.861+0000] {dag.py:3947} INFO - Setting next_dagrun for example_short_circuit_operator to 2024-07-25 00:00:00+00:00, run_after=2024-07-26 00:00:00+00:00
[2024-07-26T00:00:32.877+0000] {processor.py:183} INFO - Processing /home/airflow/.local/lib/python3.12/site-packages/airflow/example_dags/example_short_circuit_operator.py took 0.061 seconds
[2024-07-26T00:01:03.181+0000] {processor.py:161} INFO - Started process (PID=12543) to work on /home/airflow/.local/lib/python3.12/site-packages/airflow/example_dags/example_short_circuit_operator.py
[2024-07-26T00:01:03.181+0000] {processor.py:830} INFO - Processing file /home/airflow/.local/lib/python3.12/site-packages/airflow/example_dags/example_short_circuit_operator.py for tasks to queue
[2024-07-26T00:01:03.183+0000] {logging_mixin.py:188} INFO - [2024-07-26T00:01:03.183+0000] {dagbag.py:545} INFO - Filling up the DagBag from /home/airflow/.local/lib/python3.12/site-packages/airflow/example_dags/example_short_circuit_operator.py
[2024-07-26T00:01:03.188+0000] {processor.py:840} INFO - DAG(s) 'example_short_circuit_operator' retrieved from /home/airflow/.local/lib/python3.12/site-packages/airflow/example_dags/example_short_circuit_operator.py
[2024-07-26T00:01:03.204+0000] {logging_mixin.py:188} INFO - [2024-07-26T00:01:03.204+0000] {dag.py:3089} INFO - Sync 1 DAGs
[2024-07-26T00:01:03.219+0000] {logging_mixin.py:188} INFO - [2024-07-26T00:01:03.219+0000] {dag.py:3947} INFO - Setting next_dagrun for example_short_circuit_operator to 2024-07-25 00:00:00+00:00, run_after=2024-07-26 00:00:00+00:00
[2024-07-26T00:01:03.234+0000] {processor.py:183} INFO - Processing /home/airflow/.local/lib/python3.12/site-packages/airflow/example_dags/example_short_circuit_operator.py took 0.057 seconds
[2024-07-26T00:01:33.513+0000] {processor.py:161} INFO - Started process (PID=12602) to work on /home/airflow/.local/lib/python3.12/site-packages/airflow/example_dags/example_short_circuit_operator.py
[2024-07-26T00:01:33.514+0000] {processor.py:830} INFO - Processing file /home/airflow/.local/lib/python3.12/site-packages/airflow/example_dags/example_short_circuit_operator.py for tasks to queue
[2024-07-26T00:01:33.516+0000] {logging_mixin.py:188} INFO - [2024-07-26T00:01:33.515+0000] {dagbag.py:545} INFO - Filling up the DagBag from /home/airflow/.local/lib/python3.12/site-packages/airflow/example_dags/example_short_circuit_operator.py
[2024-07-26T00:01:33.520+0000] {processor.py:840} INFO - DAG(s) 'example_short_circuit_operator' retrieved from /home/airflow/.local/lib/python3.12/site-packages/airflow/example_dags/example_short_circuit_operator.py
[2024-07-26T00:01:33.538+0000] {logging_mixin.py:188} INFO - [2024-07-26T00:01:33.538+0000] {dag.py:3089} INFO - Sync 1 DAGs
[2024-07-26T00:01:33.555+0000] {logging_mixin.py:188} INFO - [2024-07-26T00:01:33.555+0000] {dag.py:3947} INFO - Setting next_dagrun for example_short_circuit_operator to 2024-07-25 00:00:00+00:00, run_after=2024-07-26 00:00:00+00:00
[2024-07-26T00:01:33.568+0000] {processor.py:183} INFO - Processing /home/airflow/.local/lib/python3.12/site-packages/airflow/example_dags/example_short_circuit_operator.py took 0.059 seconds
[2024-07-26T00:02:03.998+0000] {processor.py:161} INFO - Started process (PID=12661) to work on /home/airflow/.local/lib/python3.12/site-packages/airflow/example_dags/example_short_circuit_operator.py
[2024-07-26T00:02:03.999+0000] {processor.py:830} INFO - Processing file /home/airflow/.local/lib/python3.12/site-packages/airflow/example_dags/example_short_circuit_operator.py for tasks to queue
[2024-07-26T00:02:04.001+0000] {logging_mixin.py:188} INFO - [2024-07-26T00:02:04.001+0000] {dagbag.py:545} INFO - Filling up the DagBag from /home/airflow/.local/lib/python3.12/site-packages/airflow/example_dags/example_short_circuit_operator.py
[2024-07-26T00:02:04.006+0000] {processor.py:840} INFO - DAG(s) 'example_short_circuit_operator' retrieved from /home/airflow/.local/lib/python3.12/site-packages/airflow/example_dags/example_short_circuit_operator.py
[2024-07-26T00:02:04.023+0000] {logging_mixin.py:188} INFO - [2024-07-26T00:02:04.023+0000] {dag.py:3089} INFO - Sync 1 DAGs
[2024-07-26T00:02:04.041+0000] {logging_mixin.py:188} INFO - [2024-07-26T00:02:04.041+0000] {dag.py:3947} INFO - Setting next_dagrun for example_short_circuit_operator to 2024-07-25 00:00:00+00:00, run_after=2024-07-26 00:00:00+00:00
[2024-07-26T00:02:04.056+0000] {processor.py:183} INFO - Processing /home/airflow/.local/lib/python3.12/site-packages/airflow/example_dags/example_short_circuit_operator.py took 0.062 seconds
[2024-07-26T00:02:34.424+0000] {processor.py:161} INFO - Started process (PID=12720) to work on /home/airflow/.local/lib/python3.12/site-packages/airflow/example_dags/example_short_circuit_operator.py
[2024-07-26T00:02:34.425+0000] {processor.py:830} INFO - Processing file /home/airflow/.local/lib/python3.12/site-packages/airflow/example_dags/example_short_circuit_operator.py for tasks to queue
[2024-07-26T00:02:34.427+0000] {logging_mixin.py:188} INFO - [2024-07-26T00:02:34.427+0000] {dagbag.py:545} INFO - Filling up the DagBag from /home/airflow/.local/lib/python3.12/site-packages/airflow/example_dags/example_short_circuit_operator.py
[2024-07-26T00:02:34.431+0000] {processor.py:840} INFO - DAG(s) 'example_short_circuit_operator' retrieved from /home/airflow/.local/lib/python3.12/site-packages/airflow/example_dags/example_short_circuit_operator.py
[2024-07-26T00:02:34.448+0000] {logging_mixin.py:188} INFO - [2024-07-26T00:02:34.448+0000] {dag.py:3089} INFO - Sync 1 DAGs
[2024-07-26T00:02:34.465+0000] {logging_mixin.py:188} INFO - [2024-07-26T00:02:34.465+0000] {dag.py:3947} INFO - Setting next_dagrun for example_short_circuit_operator to 2024-07-25 00:00:00+00:00, run_after=2024-07-26 00:00:00+00:00
[2024-07-26T00:02:34.480+0000] {processor.py:183} INFO - Processing /home/airflow/.local/lib/python3.12/site-packages/airflow/example_dags/example_short_circuit_operator.py took 0.059 seconds
[2024-07-26T00:03:04.994+0000] {processor.py:161} INFO - Started process (PID=12779) to work on /home/airflow/.local/lib/python3.12/site-packages/airflow/example_dags/example_short_circuit_operator.py
[2024-07-26T00:03:04.995+0000] {processor.py:830} INFO - Processing file /home/airflow/.local/lib/python3.12/site-packages/airflow/example_dags/example_short_circuit_operator.py for tasks to queue
[2024-07-26T00:03:04.996+0000] {logging_mixin.py:188} INFO - [2024-07-26T00:03:04.996+0000] {dagbag.py:545} INFO - Filling up the DagBag from /home/airflow/.local/lib/python3.12/site-packages/airflow/example_dags/example_short_circuit_operator.py
[2024-07-26T00:03:05.001+0000] {processor.py:840} INFO - DAG(s) 'example_short_circuit_operator' retrieved from /home/airflow/.local/lib/python3.12/site-packages/airflow/example_dags/example_short_circuit_operator.py
[2024-07-26T00:03:05.018+0000] {logging_mixin.py:188} INFO - [2024-07-26T00:03:05.017+0000] {dag.py:3089} INFO - Sync 1 DAGs
[2024-07-26T00:03:05.033+0000] {logging_mixin.py:188} INFO - [2024-07-26T00:03:05.033+0000] {dag.py:3947} INFO - Setting next_dagrun for example_short_circuit_operator to 2024-07-25 00:00:00+00:00, run_after=2024-07-26 00:00:00+00:00
[2024-07-26T00:03:05.048+0000] {processor.py:183} INFO - Processing /home/airflow/.local/lib/python3.12/site-packages/airflow/example_dags/example_short_circuit_operator.py took 0.058 seconds
[2024-07-26T00:03:35.443+0000] {processor.py:161} INFO - Started process (PID=12838) to work on /home/airflow/.local/lib/python3.12/site-packages/airflow/example_dags/example_short_circuit_operator.py
[2024-07-26T00:03:35.443+0000] {processor.py:830} INFO - Processing file /home/airflow/.local/lib/python3.12/site-packages/airflow/example_dags/example_short_circuit_operator.py for tasks to queue
[2024-07-26T00:03:35.444+0000] {logging_mixin.py:188} INFO - [2024-07-26T00:03:35.444+0000] {dagbag.py:545} INFO - Filling up the DagBag from /home/airflow/.local/lib/python3.12/site-packages/airflow/example_dags/example_short_circuit_operator.py
[2024-07-26T00:03:35.449+0000] {processor.py:840} INFO - DAG(s) 'example_short_circuit_operator' retrieved from /home/airflow/.local/lib/python3.12/site-packages/airflow/example_dags/example_short_circuit_operator.py
[2024-07-26T00:03:35.466+0000] {logging_mixin.py:188} INFO - [2024-07-26T00:03:35.466+0000] {dag.py:3089} INFO - Sync 1 DAGs
[2024-07-26T00:03:35.482+0000] {logging_mixin.py:188} INFO - [2024-07-26T00:03:35.481+0000] {dag.py:3947} INFO - Setting next_dagrun for example_short_circuit_operator to 2024-07-25 00:00:00+00:00, run_after=2024-07-26 00:00:00+00:00
[2024-07-26T00:03:35.498+0000] {processor.py:183} INFO - Processing /home/airflow/.local/lib/python3.12/site-packages/airflow/example_dags/example_short_circuit_operator.py took 0.059 seconds
[2024-07-26T00:04:05.813+0000] {processor.py:161} INFO - Started process (PID=12897) to work on /home/airflow/.local/lib/python3.12/site-packages/airflow/example_dags/example_short_circuit_operator.py
[2024-07-26T00:04:05.814+0000] {processor.py:830} INFO - Processing file /home/airflow/.local/lib/python3.12/site-packages/airflow/example_dags/example_short_circuit_operator.py for tasks to queue
[2024-07-26T00:04:05.815+0000] {logging_mixin.py:188} INFO - [2024-07-26T00:04:05.815+0000] {dagbag.py:545} INFO - Filling up the DagBag from /home/airflow/.local/lib/python3.12/site-packages/airflow/example_dags/example_short_circuit_operator.py
[2024-07-26T00:04:05.821+0000] {processor.py:840} INFO - DAG(s) 'example_short_circuit_operator' retrieved from /home/airflow/.local/lib/python3.12/site-packages/airflow/example_dags/example_short_circuit_operator.py
[2024-07-26T00:04:05.839+0000] {logging_mixin.py:188} INFO - [2024-07-26T00:04:05.839+0000] {dag.py:3089} INFO - Sync 1 DAGs
[2024-07-26T00:04:05.857+0000] {logging_mixin.py:188} INFO - [2024-07-26T00:04:05.857+0000] {dag.py:3947} INFO - Setting next_dagrun for example_short_circuit_operator to 2024-07-25 00:00:00+00:00, run_after=2024-07-26 00:00:00+00:00
[2024-07-26T00:04:05.872+0000] {processor.py:183} INFO - Processing /home/airflow/.local/lib/python3.12/site-packages/airflow/example_dags/example_short_circuit_operator.py took 0.065 seconds
[2024-07-26T00:04:36.286+0000] {processor.py:161} INFO - Started process (PID=12956) to work on /home/airflow/.local/lib/python3.12/site-packages/airflow/example_dags/example_short_circuit_operator.py
[2024-07-26T00:04:36.287+0000] {processor.py:830} INFO - Processing file /home/airflow/.local/lib/python3.12/site-packages/airflow/example_dags/example_short_circuit_operator.py for tasks to queue
[2024-07-26T00:04:36.288+0000] {logging_mixin.py:188} INFO - [2024-07-26T00:04:36.288+0000] {dagbag.py:545} INFO - Filling up the DagBag from /home/airflow/.local/lib/python3.12/site-packages/airflow/example_dags/example_short_circuit_operator.py
[2024-07-26T00:04:36.293+0000] {processor.py:840} INFO - DAG(s) 'example_short_circuit_operator' retrieved from /home/airflow/.local/lib/python3.12/site-packages/airflow/example_dags/example_short_circuit_operator.py
[2024-07-26T00:04:36.310+0000] {logging_mixin.py:188} INFO - [2024-07-26T00:04:36.310+0000] {dag.py:3089} INFO - Sync 1 DAGs
[2024-07-26T00:04:36.326+0000] {logging_mixin.py:188} INFO - [2024-07-26T00:04:36.326+0000] {dag.py:3947} INFO - Setting next_dagrun for example_short_circuit_operator to 2024-07-25 00:00:00+00:00, run_after=2024-07-26 00:00:00+00:00
[2024-07-26T00:04:36.343+0000] {processor.py:183} INFO - Processing /home/airflow/.local/lib/python3.12/site-packages/airflow/example_dags/example_short_circuit_operator.py took 0.061 seconds
[2024-07-26T00:05:06.766+0000] {processor.py:161} INFO - Started process (PID=13015) to work on /home/airflow/.local/lib/python3.12/site-packages/airflow/example_dags/example_short_circuit_operator.py
[2024-07-26T00:05:06.767+0000] {processor.py:830} INFO - Processing file /home/airflow/.local/lib/python3.12/site-packages/airflow/example_dags/example_short_circuit_operator.py for tasks to queue
[2024-07-26T00:05:06.768+0000] {logging_mixin.py:188} INFO - [2024-07-26T00:05:06.768+0000] {dagbag.py:545} INFO - Filling up the DagBag from /home/airflow/.local/lib/python3.12/site-packages/airflow/example_dags/example_short_circuit_operator.py
[2024-07-26T00:05:06.773+0000] {processor.py:840} INFO - DAG(s) 'example_short_circuit_operator' retrieved from /home/airflow/.local/lib/python3.12/site-packages/airflow/example_dags/example_short_circuit_operator.py
[2024-07-26T00:05:06.789+0000] {logging_mixin.py:188} INFO - [2024-07-26T00:05:06.789+0000] {dag.py:3089} INFO - Sync 1 DAGs
[2024-07-26T00:05:06.805+0000] {logging_mixin.py:188} INFO - [2024-07-26T00:05:06.804+0000] {dag.py:3947} INFO - Setting next_dagrun for example_short_circuit_operator to 2024-07-25 00:00:00+00:00, run_after=2024-07-26 00:00:00+00:00
[2024-07-26T00:05:06.820+0000] {processor.py:183} INFO - Processing /home/airflow/.local/lib/python3.12/site-packages/airflow/example_dags/example_short_circuit_operator.py took 0.058 seconds
[2024-07-26T00:05:37.233+0000] {processor.py:161} INFO - Started process (PID=13074) to work on /home/airflow/.local/lib/python3.12/site-packages/airflow/example_dags/example_short_circuit_operator.py
[2024-07-26T00:05:37.234+0000] {processor.py:830} INFO - Processing file /home/airflow/.local/lib/python3.12/site-packages/airflow/example_dags/example_short_circuit_operator.py for tasks to queue
[2024-07-26T00:05:37.235+0000] {logging_mixin.py:188} INFO - [2024-07-26T00:05:37.235+0000] {dagbag.py:545} INFO - Filling up the DagBag from /home/airflow/.local/lib/python3.12/site-packages/airflow/example_dags/example_short_circuit_operator.py
[2024-07-26T00:05:37.240+0000] {processor.py:840} INFO - DAG(s) 'example_short_circuit_operator' retrieved from /home/airflow/.local/lib/python3.12/site-packages/airflow/example_dags/example_short_circuit_operator.py
[2024-07-26T00:05:37.258+0000] {logging_mixin.py:188} INFO - [2024-07-26T00:05:37.257+0000] {dag.py:3089} INFO - Sync 1 DAGs
[2024-07-26T00:05:37.274+0000] {logging_mixin.py:188} INFO - [2024-07-26T00:05:37.273+0000] {dag.py:3947} INFO - Setting next_dagrun for example_short_circuit_operator to 2024-07-25 00:00:00+00:00, run_after=2024-07-26 00:00:00+00:00
[2024-07-26T00:05:37.290+0000] {processor.py:183} INFO - Processing /home/airflow/.local/lib/python3.12/site-packages/airflow/example_dags/example_short_circuit_operator.py took 0.060 seconds
[2024-07-26T00:06:07.849+0000] {processor.py:161} INFO - Started process (PID=13133) to work on /home/airflow/.local/lib/python3.12/site-packages/airflow/example_dags/example_short_circuit_operator.py
[2024-07-26T00:06:07.850+0000] {processor.py:830} INFO - Processing file /home/airflow/.local/lib/python3.12/site-packages/airflow/example_dags/example_short_circuit_operator.py for tasks to queue
[2024-07-26T00:06:07.851+0000] {logging_mixin.py:188} INFO - [2024-07-26T00:06:07.851+0000] {dagbag.py:545} INFO - Filling up the DagBag from /home/airflow/.local/lib/python3.12/site-packages/airflow/example_dags/example_short_circuit_operator.py
[2024-07-26T00:06:07.856+0000] {processor.py:840} INFO - DAG(s) 'example_short_circuit_operator' retrieved from /home/airflow/.local/lib/python3.12/site-packages/airflow/example_dags/example_short_circuit_operator.py
[2024-07-26T00:06:07.874+0000] {logging_mixin.py:188} INFO - [2024-07-26T00:06:07.873+0000] {dag.py:3089} INFO - Sync 1 DAGs
[2024-07-26T00:06:07.891+0000] {logging_mixin.py:188} INFO - [2024-07-26T00:06:07.891+0000] {dag.py:3947} INFO - Setting next_dagrun for example_short_circuit_operator to 2024-07-25 00:00:00+00:00, run_after=2024-07-26 00:00:00+00:00
[2024-07-26T00:06:07.906+0000] {processor.py:183} INFO - Processing /home/airflow/.local/lib/python3.12/site-packages/airflow/example_dags/example_short_circuit_operator.py took 0.062 seconds
[2024-07-26T00:06:38.270+0000] {processor.py:161} INFO - Started process (PID=13192) to work on /home/airflow/.local/lib/python3.12/site-packages/airflow/example_dags/example_short_circuit_operator.py
[2024-07-26T00:06:38.270+0000] {processor.py:830} INFO - Processing file /home/airflow/.local/lib/python3.12/site-packages/airflow/example_dags/example_short_circuit_operator.py for tasks to queue
[2024-07-26T00:06:38.272+0000] {logging_mixin.py:188} INFO - [2024-07-26T00:06:38.271+0000] {dagbag.py:545} INFO - Filling up the DagBag from /home/airflow/.local/lib/python3.12/site-packages/airflow/example_dags/example_short_circuit_operator.py
[2024-07-26T00:06:38.276+0000] {processor.py:840} INFO - DAG(s) 'example_short_circuit_operator' retrieved from /home/airflow/.local/lib/python3.12/site-packages/airflow/example_dags/example_short_circuit_operator.py
[2024-07-26T00:06:38.292+0000] {logging_mixin.py:188} INFO - [2024-07-26T00:06:38.292+0000] {dag.py:3089} INFO - Sync 1 DAGs
[2024-07-26T00:06:38.307+0000] {logging_mixin.py:188} INFO - [2024-07-26T00:06:38.306+0000] {dag.py:3947} INFO - Setting next_dagrun for example_short_circuit_operator to 2024-07-25 00:00:00+00:00, run_after=2024-07-26 00:00:00+00:00
[2024-07-26T00:06:38.320+0000] {processor.py:183} INFO - Processing /home/airflow/.local/lib/python3.12/site-packages/airflow/example_dags/example_short_circuit_operator.py took 0.053 seconds
[2024-07-26T00:07:08.799+0000] {processor.py:161} INFO - Started process (PID=13251) to work on /home/airflow/.local/lib/python3.12/site-packages/airflow/example_dags/example_short_circuit_operator.py
[2024-07-26T00:07:08.800+0000] {processor.py:830} INFO - Processing file /home/airflow/.local/lib/python3.12/site-packages/airflow/example_dags/example_short_circuit_operator.py for tasks to queue
[2024-07-26T00:07:08.801+0000] {logging_mixin.py:188} INFO - [2024-07-26T00:07:08.801+0000] {dagbag.py:545} INFO - Filling up the DagBag from /home/airflow/.local/lib/python3.12/site-packages/airflow/example_dags/example_short_circuit_operator.py
[2024-07-26T00:07:08.807+0000] {processor.py:840} INFO - DAG(s) 'example_short_circuit_operator' retrieved from /home/airflow/.local/lib/python3.12/site-packages/airflow/example_dags/example_short_circuit_operator.py
[2024-07-26T00:07:08.825+0000] {logging_mixin.py:188} INFO - [2024-07-26T00:07:08.825+0000] {dag.py:3089} INFO - Sync 1 DAGs
[2024-07-26T00:07:08.842+0000] {logging_mixin.py:188} INFO - [2024-07-26T00:07:08.842+0000] {dag.py:3947} INFO - Setting next_dagrun for example_short_circuit_operator to 2024-07-25 00:00:00+00:00, run_after=2024-07-26 00:00:00+00:00
[2024-07-26T00:07:08.858+0000] {processor.py:183} INFO - Processing /home/airflow/.local/lib/python3.12/site-packages/airflow/example_dags/example_short_circuit_operator.py took 0.063 seconds
[2024-07-26T00:07:39.240+0000] {processor.py:161} INFO - Started process (PID=13310) to work on /home/airflow/.local/lib/python3.12/site-packages/airflow/example_dags/example_short_circuit_operator.py
[2024-07-26T00:07:39.241+0000] {processor.py:830} INFO - Processing file /home/airflow/.local/lib/python3.12/site-packages/airflow/example_dags/example_short_circuit_operator.py for tasks to queue
[2024-07-26T00:07:39.243+0000] {logging_mixin.py:188} INFO - [2024-07-26T00:07:39.242+0000] {dagbag.py:545} INFO - Filling up the DagBag from /home/airflow/.local/lib/python3.12/site-packages/airflow/example_dags/example_short_circuit_operator.py
[2024-07-26T00:07:39.247+0000] {processor.py:840} INFO - DAG(s) 'example_short_circuit_operator' retrieved from /home/airflow/.local/lib/python3.12/site-packages/airflow/example_dags/example_short_circuit_operator.py
[2024-07-26T00:07:39.264+0000] {logging_mixin.py:188} INFO - [2024-07-26T00:07:39.263+0000] {dag.py:3089} INFO - Sync 1 DAGs
[2024-07-26T00:07:39.280+0000] {logging_mixin.py:188} INFO - [2024-07-26T00:07:39.280+0000] {dag.py:3947} INFO - Setting next_dagrun for example_short_circuit_operator to 2024-07-25 00:00:00+00:00, run_after=2024-07-26 00:00:00+00:00
[2024-07-26T00:07:39.294+0000] {processor.py:183} INFO - Processing /home/airflow/.local/lib/python3.12/site-packages/airflow/example_dags/example_short_circuit_operator.py took 0.059 seconds
[2024-07-26T00:08:09.683+0000] {processor.py:161} INFO - Started process (PID=13369) to work on /home/airflow/.local/lib/python3.12/site-packages/airflow/example_dags/example_short_circuit_operator.py
[2024-07-26T00:08:09.685+0000] {processor.py:830} INFO - Processing file /home/airflow/.local/lib/python3.12/site-packages/airflow/example_dags/example_short_circuit_operator.py for tasks to queue
[2024-07-26T00:08:09.686+0000] {logging_mixin.py:188} INFO - [2024-07-26T00:08:09.686+0000] {dagbag.py:545} INFO - Filling up the DagBag from /home/airflow/.local/lib/python3.12/site-packages/airflow/example_dags/example_short_circuit_operator.py
[2024-07-26T00:08:09.691+0000] {processor.py:840} INFO - DAG(s) 'example_short_circuit_operator' retrieved from /home/airflow/.local/lib/python3.12/site-packages/airflow/example_dags/example_short_circuit_operator.py
[2024-07-26T00:08:09.707+0000] {logging_mixin.py:188} INFO - [2024-07-26T00:08:09.707+0000] {dag.py:3089} INFO - Sync 1 DAGs
[2024-07-26T00:08:09.723+0000] {logging_mixin.py:188} INFO - [2024-07-26T00:08:09.723+0000] {dag.py:3947} INFO - Setting next_dagrun for example_short_circuit_operator to 2024-07-25 00:00:00+00:00, run_after=2024-07-26 00:00:00+00:00
[2024-07-26T00:08:09.739+0000] {processor.py:183} INFO - Processing /home/airflow/.local/lib/python3.12/site-packages/airflow/example_dags/example_short_circuit_operator.py took 0.059 seconds
[2024-07-26T00:08:40.228+0000] {processor.py:161} INFO - Started process (PID=13428) to work on /home/airflow/.local/lib/python3.12/site-packages/airflow/example_dags/example_short_circuit_operator.py
[2024-07-26T00:08:40.229+0000] {processor.py:830} INFO - Processing file /home/airflow/.local/lib/python3.12/site-packages/airflow/example_dags/example_short_circuit_operator.py for tasks to queue
[2024-07-26T00:08:40.231+0000] {logging_mixin.py:188} INFO - [2024-07-26T00:08:40.231+0000] {dagbag.py:545} INFO - Filling up the DagBag from /home/airflow/.local/lib/python3.12/site-packages/airflow/example_dags/example_short_circuit_operator.py
[2024-07-26T00:08:40.236+0000] {processor.py:840} INFO - DAG(s) 'example_short_circuit_operator' retrieved from /home/airflow/.local/lib/python3.12/site-packages/airflow/example_dags/example_short_circuit_operator.py
[2024-07-26T00:08:40.251+0000] {logging_mixin.py:188} INFO - [2024-07-26T00:08:40.251+0000] {dag.py:3089} INFO - Sync 1 DAGs
[2024-07-26T00:08:40.266+0000] {logging_mixin.py:188} INFO - [2024-07-26T00:08:40.266+0000] {dag.py:3947} INFO - Setting next_dagrun for example_short_circuit_operator to 2024-07-25 00:00:00+00:00, run_after=2024-07-26 00:00:00+00:00
[2024-07-26T00:08:40.282+0000] {processor.py:183} INFO - Processing /home/airflow/.local/lib/python3.12/site-packages/airflow/example_dags/example_short_circuit_operator.py took 0.058 seconds
[2024-07-26T00:09:10.695+0000] {processor.py:161} INFO - Started process (PID=13487) to work on /home/airflow/.local/lib/python3.12/site-packages/airflow/example_dags/example_short_circuit_operator.py
[2024-07-26T00:09:10.696+0000] {processor.py:830} INFO - Processing file /home/airflow/.local/lib/python3.12/site-packages/airflow/example_dags/example_short_circuit_operator.py for tasks to queue
[2024-07-26T00:09:10.697+0000] {logging_mixin.py:188} INFO - [2024-07-26T00:09:10.697+0000] {dagbag.py:545} INFO - Filling up the DagBag from /home/airflow/.local/lib/python3.12/site-packages/airflow/example_dags/example_short_circuit_operator.py
[2024-07-26T00:09:10.702+0000] {processor.py:840} INFO - DAG(s) 'example_short_circuit_operator' retrieved from /home/airflow/.local/lib/python3.12/site-packages/airflow/example_dags/example_short_circuit_operator.py
[2024-07-26T00:09:10.719+0000] {logging_mixin.py:188} INFO - [2024-07-26T00:09:10.719+0000] {dag.py:3089} INFO - Sync 1 DAGs
[2024-07-26T00:09:10.735+0000] {logging_mixin.py:188} INFO - [2024-07-26T00:09:10.735+0000] {dag.py:3947} INFO - Setting next_dagrun for example_short_circuit_operator to 2024-07-25 00:00:00+00:00, run_after=2024-07-26 00:00:00+00:00
[2024-07-26T00:09:10.749+0000] {processor.py:183} INFO - Processing /home/airflow/.local/lib/python3.12/site-packages/airflow/example_dags/example_short_circuit_operator.py took 0.058 seconds
[2024-07-26T00:09:41.217+0000] {processor.py:161} INFO - Started process (PID=13546) to work on /home/airflow/.local/lib/python3.12/site-packages/airflow/example_dags/example_short_circuit_operator.py
[2024-07-26T00:09:41.218+0000] {processor.py:830} INFO - Processing file /home/airflow/.local/lib/python3.12/site-packages/airflow/example_dags/example_short_circuit_operator.py for tasks to queue
[2024-07-26T00:09:41.220+0000] {logging_mixin.py:188} INFO - [2024-07-26T00:09:41.219+0000] {dagbag.py:545} INFO - Filling up the DagBag from /home/airflow/.local/lib/python3.12/site-packages/airflow/example_dags/example_short_circuit_operator.py
[2024-07-26T00:09:41.226+0000] {processor.py:840} INFO - DAG(s) 'example_short_circuit_operator' retrieved from /home/airflow/.local/lib/python3.12/site-packages/airflow/example_dags/example_short_circuit_operator.py
[2024-07-26T00:09:41.246+0000] {logging_mixin.py:188} INFO - [2024-07-26T00:09:41.246+0000] {dag.py:3089} INFO - Sync 1 DAGs
[2024-07-26T00:09:41.264+0000] {logging_mixin.py:188} INFO - [2024-07-26T00:09:41.263+0000] {dag.py:3947} INFO - Setting next_dagrun for example_short_circuit_operator to 2024-07-25 00:00:00+00:00, run_after=2024-07-26 00:00:00+00:00
[2024-07-26T00:09:41.283+0000] {processor.py:183} INFO - Processing /home/airflow/.local/lib/python3.12/site-packages/airflow/example_dags/example_short_circuit_operator.py took 0.071 seconds
[2024-07-26T00:10:11.773+0000] {processor.py:161} INFO - Started process (PID=13605) to work on /home/airflow/.local/lib/python3.12/site-packages/airflow/example_dags/example_short_circuit_operator.py
[2024-07-26T00:10:11.774+0000] {processor.py:830} INFO - Processing file /home/airflow/.local/lib/python3.12/site-packages/airflow/example_dags/example_short_circuit_operator.py for tasks to queue
[2024-07-26T00:10:11.776+0000] {logging_mixin.py:188} INFO - [2024-07-26T00:10:11.776+0000] {dagbag.py:545} INFO - Filling up the DagBag from /home/airflow/.local/lib/python3.12/site-packages/airflow/example_dags/example_short_circuit_operator.py
[2024-07-26T00:10:11.781+0000] {processor.py:840} INFO - DAG(s) 'example_short_circuit_operator' retrieved from /home/airflow/.local/lib/python3.12/site-packages/airflow/example_dags/example_short_circuit_operator.py
[2024-07-26T00:10:11.798+0000] {logging_mixin.py:188} INFO - [2024-07-26T00:10:11.798+0000] {dag.py:3089} INFO - Sync 1 DAGs
[2024-07-26T00:10:11.814+0000] {logging_mixin.py:188} INFO - [2024-07-26T00:10:11.814+0000] {dag.py:3947} INFO - Setting next_dagrun for example_short_circuit_operator to 2024-07-25 00:00:00+00:00, run_after=2024-07-26 00:00:00+00:00
[2024-07-26T00:10:11.831+0000] {processor.py:183} INFO - Processing /home/airflow/.local/lib/python3.12/site-packages/airflow/example_dags/example_short_circuit_operator.py took 0.061 seconds
[2024-07-26T00:10:42.230+0000] {processor.py:161} INFO - Started process (PID=13664) to work on /home/airflow/.local/lib/python3.12/site-packages/airflow/example_dags/example_short_circuit_operator.py
[2024-07-26T00:10:42.230+0000] {processor.py:830} INFO - Processing file /home/airflow/.local/lib/python3.12/site-packages/airflow/example_dags/example_short_circuit_operator.py for tasks to queue
[2024-07-26T00:10:42.232+0000] {logging_mixin.py:188} INFO - [2024-07-26T00:10:42.232+0000] {dagbag.py:545} INFO - Filling up the DagBag from /home/airflow/.local/lib/python3.12/site-packages/airflow/example_dags/example_short_circuit_operator.py
[2024-07-26T00:10:42.236+0000] {processor.py:840} INFO - DAG(s) 'example_short_circuit_operator' retrieved from /home/airflow/.local/lib/python3.12/site-packages/airflow/example_dags/example_short_circuit_operator.py
[2024-07-26T00:10:42.252+0000] {logging_mixin.py:188} INFO - [2024-07-26T00:10:42.252+0000] {dag.py:3089} INFO - Sync 1 DAGs
[2024-07-26T00:10:42.267+0000] {logging_mixin.py:188} INFO - [2024-07-26T00:10:42.267+0000] {dag.py:3947} INFO - Setting next_dagrun for example_short_circuit_operator to 2024-07-25 00:00:00+00:00, run_after=2024-07-26 00:00:00+00:00
[2024-07-26T00:10:42.281+0000] {processor.py:183} INFO - Processing /home/airflow/.local/lib/python3.12/site-packages/airflow/example_dags/example_short_circuit_operator.py took 0.055 seconds
[2024-07-26T00:11:12.624+0000] {processor.py:161} INFO - Started process (PID=13723) to work on /home/airflow/.local/lib/python3.12/site-packages/airflow/example_dags/example_short_circuit_operator.py
[2024-07-26T00:11:12.625+0000] {processor.py:830} INFO - Processing file /home/airflow/.local/lib/python3.12/site-packages/airflow/example_dags/example_short_circuit_operator.py for tasks to queue
[2024-07-26T00:11:12.626+0000] {logging_mixin.py:188} INFO - [2024-07-26T00:11:12.626+0000] {dagbag.py:545} INFO - Filling up the DagBag from /home/airflow/.local/lib/python3.12/site-packages/airflow/example_dags/example_short_circuit_operator.py
[2024-07-26T00:11:12.631+0000] {processor.py:840} INFO - DAG(s) 'example_short_circuit_operator' retrieved from /home/airflow/.local/lib/python3.12/site-packages/airflow/example_dags/example_short_circuit_operator.py
[2024-07-26T00:11:12.647+0000] {logging_mixin.py:188} INFO - [2024-07-26T00:11:12.647+0000] {dag.py:3089} INFO - Sync 1 DAGs
[2024-07-26T00:11:12.663+0000] {logging_mixin.py:188} INFO - [2024-07-26T00:11:12.663+0000] {dag.py:3947} INFO - Setting next_dagrun for example_short_circuit_operator to 2024-07-25 00:00:00+00:00, run_after=2024-07-26 00:00:00+00:00
[2024-07-26T00:11:12.677+0000] {processor.py:183} INFO - Processing /home/airflow/.local/lib/python3.12/site-packages/airflow/example_dags/example_short_circuit_operator.py took 0.057 seconds
[2024-07-26T00:11:43.136+0000] {processor.py:161} INFO - Started process (PID=13782) to work on /home/airflow/.local/lib/python3.12/site-packages/airflow/example_dags/example_short_circuit_operator.py
[2024-07-26T00:11:43.136+0000] {processor.py:830} INFO - Processing file /home/airflow/.local/lib/python3.12/site-packages/airflow/example_dags/example_short_circuit_operator.py for tasks to queue
[2024-07-26T00:11:43.138+0000] {logging_mixin.py:188} INFO - [2024-07-26T00:11:43.138+0000] {dagbag.py:545} INFO - Filling up the DagBag from /home/airflow/.local/lib/python3.12/site-packages/airflow/example_dags/example_short_circuit_operator.py
[2024-07-26T00:11:43.143+0000] {processor.py:840} INFO - DAG(s) 'example_short_circuit_operator' retrieved from /home/airflow/.local/lib/python3.12/site-packages/airflow/example_dags/example_short_circuit_operator.py
[2024-07-26T00:11:43.163+0000] {logging_mixin.py:188} INFO - [2024-07-26T00:11:43.163+0000] {dag.py:3089} INFO - Sync 1 DAGs
[2024-07-26T00:11:43.179+0000] {logging_mixin.py:188} INFO - [2024-07-26T00:11:43.179+0000] {dag.py:3947} INFO - Setting next_dagrun for example_short_circuit_operator to 2024-07-25 00:00:00+00:00, run_after=2024-07-26 00:00:00+00:00
[2024-07-26T00:11:43.193+0000] {processor.py:183} INFO - Processing /home/airflow/.local/lib/python3.12/site-packages/airflow/example_dags/example_short_circuit_operator.py took 0.061 seconds
[2024-07-26T00:14:36.901+0000] {processor.py:161} INFO - Started process (PID=72) to work on /home/airflow/.local/lib/python3.12/site-packages/airflow/example_dags/example_short_circuit_operator.py
[2024-07-26T00:14:36.902+0000] {processor.py:830} INFO - Processing file /home/airflow/.local/lib/python3.12/site-packages/airflow/example_dags/example_short_circuit_operator.py for tasks to queue
[2024-07-26T00:14:36.903+0000] {logging_mixin.py:188} INFO - [2024-07-26T00:14:36.903+0000] {dagbag.py:545} INFO - Filling up the DagBag from /home/airflow/.local/lib/python3.12/site-packages/airflow/example_dags/example_short_circuit_operator.py
[2024-07-26T00:14:36.909+0000] {processor.py:840} INFO - DAG(s) 'example_short_circuit_operator' retrieved from /home/airflow/.local/lib/python3.12/site-packages/airflow/example_dags/example_short_circuit_operator.py
[2024-07-26T00:14:36.930+0000] {logging_mixin.py:188} INFO - [2024-07-26T00:14:36.930+0000] {dag.py:3089} INFO - Sync 1 DAGs
[2024-07-26T00:14:36.960+0000] {logging_mixin.py:188} INFO - [2024-07-26T00:14:36.960+0000] {dag.py:3947} INFO - Setting next_dagrun for example_short_circuit_operator to 2024-07-25 00:00:00+00:00, run_after=2024-07-26 00:00:00+00:00
[2024-07-26T00:14:36.987+0000] {processor.py:183} INFO - Processing /home/airflow/.local/lib/python3.12/site-packages/airflow/example_dags/example_short_circuit_operator.py took 0.090 seconds
[2024-07-26T00:15:08.414+0000] {processor.py:161} INFO - Started process (PID=131) to work on /home/airflow/.local/lib/python3.12/site-packages/airflow/example_dags/example_short_circuit_operator.py
[2024-07-26T00:15:08.415+0000] {processor.py:830} INFO - Processing file /home/airflow/.local/lib/python3.12/site-packages/airflow/example_dags/example_short_circuit_operator.py for tasks to queue
[2024-07-26T00:15:08.417+0000] {logging_mixin.py:188} INFO - [2024-07-26T00:15:08.417+0000] {dagbag.py:545} INFO - Filling up the DagBag from /home/airflow/.local/lib/python3.12/site-packages/airflow/example_dags/example_short_circuit_operator.py
[2024-07-26T00:15:08.423+0000] {processor.py:840} INFO - DAG(s) 'example_short_circuit_operator' retrieved from /home/airflow/.local/lib/python3.12/site-packages/airflow/example_dags/example_short_circuit_operator.py
[2024-07-26T00:15:08.508+0000] {logging_mixin.py:188} INFO - [2024-07-26T00:15:08.508+0000] {dag.py:3089} INFO - Sync 1 DAGs
[2024-07-26T00:15:08.522+0000] {logging_mixin.py:188} INFO - [2024-07-26T00:15:08.522+0000] {dag.py:3947} INFO - Setting next_dagrun for example_short_circuit_operator to 2024-07-25 00:00:00+00:00, run_after=2024-07-26 00:00:00+00:00
[2024-07-26T00:15:08.536+0000] {processor.py:183} INFO - Processing /home/airflow/.local/lib/python3.12/site-packages/airflow/example_dags/example_short_circuit_operator.py took 0.126 seconds
[2024-07-26T00:15:38.809+0000] {processor.py:161} INFO - Started process (PID=190) to work on /home/airflow/.local/lib/python3.12/site-packages/airflow/example_dags/example_short_circuit_operator.py
[2024-07-26T00:15:38.810+0000] {processor.py:830} INFO - Processing file /home/airflow/.local/lib/python3.12/site-packages/airflow/example_dags/example_short_circuit_operator.py for tasks to queue
[2024-07-26T00:15:38.812+0000] {logging_mixin.py:188} INFO - [2024-07-26T00:15:38.812+0000] {dagbag.py:545} INFO - Filling up the DagBag from /home/airflow/.local/lib/python3.12/site-packages/airflow/example_dags/example_short_circuit_operator.py
[2024-07-26T00:15:38.818+0000] {processor.py:840} INFO - DAG(s) 'example_short_circuit_operator' retrieved from /home/airflow/.local/lib/python3.12/site-packages/airflow/example_dags/example_short_circuit_operator.py
[2024-07-26T00:15:38.838+0000] {logging_mixin.py:188} INFO - [2024-07-26T00:15:38.838+0000] {dag.py:3089} INFO - Sync 1 DAGs
[2024-07-26T00:15:38.861+0000] {logging_mixin.py:188} INFO - [2024-07-26T00:15:38.860+0000] {dag.py:3947} INFO - Setting next_dagrun for example_short_circuit_operator to 2024-07-25 00:00:00+00:00, run_after=2024-07-26 00:00:00+00:00
[2024-07-26T00:15:38.877+0000] {processor.py:183} INFO - Processing /home/airflow/.local/lib/python3.12/site-packages/airflow/example_dags/example_short_circuit_operator.py took 0.072 seconds
[2024-07-26T00:16:08.940+0000] {processor.py:161} INFO - Started process (PID=249) to work on /home/airflow/.local/lib/python3.12/site-packages/airflow/example_dags/example_short_circuit_operator.py
[2024-07-26T00:16:08.941+0000] {processor.py:830} INFO - Processing file /home/airflow/.local/lib/python3.12/site-packages/airflow/example_dags/example_short_circuit_operator.py for tasks to queue
[2024-07-26T00:16:08.943+0000] {logging_mixin.py:188} INFO - [2024-07-26T00:16:08.942+0000] {dagbag.py:545} INFO - Filling up the DagBag from /home/airflow/.local/lib/python3.12/site-packages/airflow/example_dags/example_short_circuit_operator.py
[2024-07-26T00:16:08.948+0000] {processor.py:840} INFO - DAG(s) 'example_short_circuit_operator' retrieved from /home/airflow/.local/lib/python3.12/site-packages/airflow/example_dags/example_short_circuit_operator.py
[2024-07-26T00:16:08.966+0000] {logging_mixin.py:188} INFO - [2024-07-26T00:16:08.965+0000] {dag.py:3089} INFO - Sync 1 DAGs
[2024-07-26T00:16:08.982+0000] {logging_mixin.py:188} INFO - [2024-07-26T00:16:08.982+0000] {dag.py:3947} INFO - Setting next_dagrun for example_short_circuit_operator to 2024-07-25 00:00:00+00:00, run_after=2024-07-26 00:00:00+00:00
[2024-07-26T00:16:08.996+0000] {processor.py:183} INFO - Processing /home/airflow/.local/lib/python3.12/site-packages/airflow/example_dags/example_short_circuit_operator.py took 0.060 seconds
[2024-07-26T00:16:39.568+0000] {processor.py:161} INFO - Started process (PID=308) to work on /home/airflow/.local/lib/python3.12/site-packages/airflow/example_dags/example_short_circuit_operator.py
[2024-07-26T00:16:39.569+0000] {processor.py:830} INFO - Processing file /home/airflow/.local/lib/python3.12/site-packages/airflow/example_dags/example_short_circuit_operator.py for tasks to queue
[2024-07-26T00:16:39.570+0000] {logging_mixin.py:188} INFO - [2024-07-26T00:16:39.570+0000] {dagbag.py:545} INFO - Filling up the DagBag from /home/airflow/.local/lib/python3.12/site-packages/airflow/example_dags/example_short_circuit_operator.py
[2024-07-26T00:16:39.575+0000] {processor.py:840} INFO - DAG(s) 'example_short_circuit_operator' retrieved from /home/airflow/.local/lib/python3.12/site-packages/airflow/example_dags/example_short_circuit_operator.py
[2024-07-26T00:16:39.593+0000] {logging_mixin.py:188} INFO - [2024-07-26T00:16:39.593+0000] {dag.py:3089} INFO - Sync 1 DAGs
[2024-07-26T00:16:39.609+0000] {logging_mixin.py:188} INFO - [2024-07-26T00:16:39.608+0000] {dag.py:3947} INFO - Setting next_dagrun for example_short_circuit_operator to 2024-07-25 00:00:00+00:00, run_after=2024-07-26 00:00:00+00:00
[2024-07-26T00:16:39.623+0000] {processor.py:183} INFO - Processing /home/airflow/.local/lib/python3.12/site-packages/airflow/example_dags/example_short_circuit_operator.py took 0.059 seconds
[2024-07-26T00:17:10.092+0000] {processor.py:161} INFO - Started process (PID=367) to work on /home/airflow/.local/lib/python3.12/site-packages/airflow/example_dags/example_short_circuit_operator.py
[2024-07-26T00:17:10.093+0000] {processor.py:830} INFO - Processing file /home/airflow/.local/lib/python3.12/site-packages/airflow/example_dags/example_short_circuit_operator.py for tasks to queue
[2024-07-26T00:17:10.094+0000] {logging_mixin.py:188} INFO - [2024-07-26T00:17:10.094+0000] {dagbag.py:545} INFO - Filling up the DagBag from /home/airflow/.local/lib/python3.12/site-packages/airflow/example_dags/example_short_circuit_operator.py
[2024-07-26T00:17:10.100+0000] {processor.py:840} INFO - DAG(s) 'example_short_circuit_operator' retrieved from /home/airflow/.local/lib/python3.12/site-packages/airflow/example_dags/example_short_circuit_operator.py
[2024-07-26T00:17:10.118+0000] {logging_mixin.py:188} INFO - [2024-07-26T00:17:10.118+0000] {dag.py:3089} INFO - Sync 1 DAGs
[2024-07-26T00:17:10.135+0000] {logging_mixin.py:188} INFO - [2024-07-26T00:17:10.135+0000] {dag.py:3947} INFO - Setting next_dagrun for example_short_circuit_operator to 2024-07-25 00:00:00+00:00, run_after=2024-07-26 00:00:00+00:00
[2024-07-26T00:17:10.151+0000] {processor.py:183} INFO - Processing /home/airflow/.local/lib/python3.12/site-packages/airflow/example_dags/example_short_circuit_operator.py took 0.064 seconds
[2024-07-26T00:17:40.587+0000] {processor.py:161} INFO - Started process (PID=427) to work on /home/airflow/.local/lib/python3.12/site-packages/airflow/example_dags/example_short_circuit_operator.py
[2024-07-26T00:17:40.588+0000] {processor.py:830} INFO - Processing file /home/airflow/.local/lib/python3.12/site-packages/airflow/example_dags/example_short_circuit_operator.py for tasks to queue
[2024-07-26T00:17:40.590+0000] {logging_mixin.py:188} INFO - [2024-07-26T00:17:40.590+0000] {dagbag.py:545} INFO - Filling up the DagBag from /home/airflow/.local/lib/python3.12/site-packages/airflow/example_dags/example_short_circuit_operator.py
[2024-07-26T00:17:40.595+0000] {processor.py:840} INFO - DAG(s) 'example_short_circuit_operator' retrieved from /home/airflow/.local/lib/python3.12/site-packages/airflow/example_dags/example_short_circuit_operator.py
[2024-07-26T00:17:40.613+0000] {logging_mixin.py:188} INFO - [2024-07-26T00:17:40.613+0000] {dag.py:3089} INFO - Sync 1 DAGs
[2024-07-26T00:17:40.629+0000] {logging_mixin.py:188} INFO - [2024-07-26T00:17:40.628+0000] {dag.py:3947} INFO - Setting next_dagrun for example_short_circuit_operator to 2024-07-25 00:00:00+00:00, run_after=2024-07-26 00:00:00+00:00
[2024-07-26T00:17:40.643+0000] {processor.py:183} INFO - Processing /home/airflow/.local/lib/python3.12/site-packages/airflow/example_dags/example_short_circuit_operator.py took 0.060 seconds
[2024-07-26T00:18:11.043+0000] {processor.py:161} INFO - Started process (PID=486) to work on /home/airflow/.local/lib/python3.12/site-packages/airflow/example_dags/example_short_circuit_operator.py
[2024-07-26T00:18:11.044+0000] {processor.py:830} INFO - Processing file /home/airflow/.local/lib/python3.12/site-packages/airflow/example_dags/example_short_circuit_operator.py for tasks to queue
[2024-07-26T00:18:11.046+0000] {logging_mixin.py:188} INFO - [2024-07-26T00:18:11.046+0000] {dagbag.py:545} INFO - Filling up the DagBag from /home/airflow/.local/lib/python3.12/site-packages/airflow/example_dags/example_short_circuit_operator.py
[2024-07-26T00:18:11.051+0000] {processor.py:840} INFO - DAG(s) 'example_short_circuit_operator' retrieved from /home/airflow/.local/lib/python3.12/site-packages/airflow/example_dags/example_short_circuit_operator.py
[2024-07-26T00:18:11.068+0000] {logging_mixin.py:188} INFO - [2024-07-26T00:18:11.068+0000] {dag.py:3089} INFO - Sync 1 DAGs
[2024-07-26T00:18:11.085+0000] {logging_mixin.py:188} INFO - [2024-07-26T00:18:11.084+0000] {dag.py:3947} INFO - Setting next_dagrun for example_short_circuit_operator to 2024-07-25 00:00:00+00:00, run_after=2024-07-26 00:00:00+00:00
[2024-07-26T00:18:11.104+0000] {processor.py:183} INFO - Processing /home/airflow/.local/lib/python3.12/site-packages/airflow/example_dags/example_short_circuit_operator.py took 0.065 seconds
