[2024-07-26T00:00:27.226+0000] {processor.py:161} INFO - Started process (PID=12450) to work on /home/airflow/.local/lib/python3.12/site-packages/airflow/example_dags/example_latest_only_with_trigger.py
[2024-07-26T00:00:27.227+0000] {processor.py:830} INFO - Processing file /home/airflow/.local/lib/python3.12/site-packages/airflow/example_dags/example_latest_only_with_trigger.py for tasks to queue
[2024-07-26T00:00:27.229+0000] {logging_mixin.py:188} INFO - [2024-07-26T00:00:27.229+0000] {dagbag.py:545} INFO - Filling up the DagBag from /home/airflow/.local/lib/python3.12/site-packages/airflow/example_dags/example_latest_only_with_trigger.py
[2024-07-26T00:00:27.233+0000] {processor.py:840} INFO - DAG(s) 'latest_only_with_trigger' retrieved from /home/airflow/.local/lib/python3.12/site-packages/airflow/example_dags/example_latest_only_with_trigger.py
[2024-07-26T00:00:27.250+0000] {logging_mixin.py:188} INFO - [2024-07-26T00:00:27.250+0000] {dag.py:3089} INFO - Sync 1 DAGs
[2024-07-26T00:00:27.272+0000] {logging_mixin.py:188} INFO - [2024-07-26T00:00:27.272+0000] {dag.py:3947} INFO - Setting next_dagrun for latest_only_with_trigger to 2024-07-25 20:00:00+00:00, run_after=2024-07-26 00:00:00+00:00
[2024-07-26T00:00:27.292+0000] {processor.py:183} INFO - Processing /home/airflow/.local/lib/python3.12/site-packages/airflow/example_dags/example_latest_only_with_trigger.py took 0.071 seconds
[2024-07-26T00:00:57.808+0000] {processor.py:161} INFO - Started process (PID=12509) to work on /home/airflow/.local/lib/python3.12/site-packages/airflow/example_dags/example_latest_only_with_trigger.py
[2024-07-26T00:00:57.809+0000] {processor.py:830} INFO - Processing file /home/airflow/.local/lib/python3.12/site-packages/airflow/example_dags/example_latest_only_with_trigger.py for tasks to queue
[2024-07-26T00:00:57.811+0000] {logging_mixin.py:188} INFO - [2024-07-26T00:00:57.810+0000] {dagbag.py:545} INFO - Filling up the DagBag from /home/airflow/.local/lib/python3.12/site-packages/airflow/example_dags/example_latest_only_with_trigger.py
[2024-07-26T00:00:57.815+0000] {processor.py:840} INFO - DAG(s) 'latest_only_with_trigger' retrieved from /home/airflow/.local/lib/python3.12/site-packages/airflow/example_dags/example_latest_only_with_trigger.py
[2024-07-26T00:00:57.832+0000] {logging_mixin.py:188} INFO - [2024-07-26T00:00:57.832+0000] {dag.py:3089} INFO - Sync 1 DAGs
[2024-07-26T00:00:57.850+0000] {logging_mixin.py:188} INFO - [2024-07-26T00:00:57.850+0000] {dag.py:3947} INFO - Setting next_dagrun for latest_only_with_trigger to 2024-07-25 20:00:00+00:00, run_after=2024-07-26 00:00:00+00:00
[2024-07-26T00:00:57.868+0000] {processor.py:183} INFO - Processing /home/airflow/.local/lib/python3.12/site-packages/airflow/example_dags/example_latest_only_with_trigger.py took 0.065 seconds
[2024-07-26T00:01:28.138+0000] {processor.py:161} INFO - Started process (PID=12568) to work on /home/airflow/.local/lib/python3.12/site-packages/airflow/example_dags/example_latest_only_with_trigger.py
[2024-07-26T00:01:28.139+0000] {processor.py:830} INFO - Processing file /home/airflow/.local/lib/python3.12/site-packages/airflow/example_dags/example_latest_only_with_trigger.py for tasks to queue
[2024-07-26T00:01:28.141+0000] {logging_mixin.py:188} INFO - [2024-07-26T00:01:28.141+0000] {dagbag.py:545} INFO - Filling up the DagBag from /home/airflow/.local/lib/python3.12/site-packages/airflow/example_dags/example_latest_only_with_trigger.py
[2024-07-26T00:01:28.145+0000] {processor.py:840} INFO - DAG(s) 'latest_only_with_trigger' retrieved from /home/airflow/.local/lib/python3.12/site-packages/airflow/example_dags/example_latest_only_with_trigger.py
[2024-07-26T00:01:28.162+0000] {logging_mixin.py:188} INFO - [2024-07-26T00:01:28.162+0000] {dag.py:3089} INFO - Sync 1 DAGs
[2024-07-26T00:01:28.178+0000] {logging_mixin.py:188} INFO - [2024-07-26T00:01:28.178+0000] {dag.py:3947} INFO - Setting next_dagrun for latest_only_with_trigger to 2024-07-25 20:00:00+00:00, run_after=2024-07-26 00:00:00+00:00
[2024-07-26T00:01:28.193+0000] {processor.py:183} INFO - Processing /home/airflow/.local/lib/python3.12/site-packages/airflow/example_dags/example_latest_only_with_trigger.py took 0.058 seconds
[2024-07-26T00:01:58.481+0000] {processor.py:161} INFO - Started process (PID=12627) to work on /home/airflow/.local/lib/python3.12/site-packages/airflow/example_dags/example_latest_only_with_trigger.py
[2024-07-26T00:01:58.481+0000] {processor.py:830} INFO - Processing file /home/airflow/.local/lib/python3.12/site-packages/airflow/example_dags/example_latest_only_with_trigger.py for tasks to queue
[2024-07-26T00:01:58.483+0000] {logging_mixin.py:188} INFO - [2024-07-26T00:01:58.483+0000] {dagbag.py:545} INFO - Filling up the DagBag from /home/airflow/.local/lib/python3.12/site-packages/airflow/example_dags/example_latest_only_with_trigger.py
[2024-07-26T00:01:58.487+0000] {processor.py:840} INFO - DAG(s) 'latest_only_with_trigger' retrieved from /home/airflow/.local/lib/python3.12/site-packages/airflow/example_dags/example_latest_only_with_trigger.py
[2024-07-26T00:01:58.503+0000] {logging_mixin.py:188} INFO - [2024-07-26T00:01:58.503+0000] {dag.py:3089} INFO - Sync 1 DAGs
[2024-07-26T00:01:58.518+0000] {logging_mixin.py:188} INFO - [2024-07-26T00:01:58.518+0000] {dag.py:3947} INFO - Setting next_dagrun for latest_only_with_trigger to 2024-07-25 20:00:00+00:00, run_after=2024-07-26 00:00:00+00:00
[2024-07-26T00:01:58.532+0000] {processor.py:183} INFO - Processing /home/airflow/.local/lib/python3.12/site-packages/airflow/example_dags/example_latest_only_with_trigger.py took 0.055 seconds
[2024-07-26T00:02:28.948+0000] {processor.py:161} INFO - Started process (PID=12686) to work on /home/airflow/.local/lib/python3.12/site-packages/airflow/example_dags/example_latest_only_with_trigger.py
[2024-07-26T00:02:28.948+0000] {processor.py:830} INFO - Processing file /home/airflow/.local/lib/python3.12/site-packages/airflow/example_dags/example_latest_only_with_trigger.py for tasks to queue
[2024-07-26T00:02:28.950+0000] {logging_mixin.py:188} INFO - [2024-07-26T00:02:28.950+0000] {dagbag.py:545} INFO - Filling up the DagBag from /home/airflow/.local/lib/python3.12/site-packages/airflow/example_dags/example_latest_only_with_trigger.py
[2024-07-26T00:02:28.954+0000] {processor.py:840} INFO - DAG(s) 'latest_only_with_trigger' retrieved from /home/airflow/.local/lib/python3.12/site-packages/airflow/example_dags/example_latest_only_with_trigger.py
[2024-07-26T00:02:28.970+0000] {logging_mixin.py:188} INFO - [2024-07-26T00:02:28.970+0000] {dag.py:3089} INFO - Sync 1 DAGs
[2024-07-26T00:02:28.987+0000] {logging_mixin.py:188} INFO - [2024-07-26T00:02:28.986+0000] {dag.py:3947} INFO - Setting next_dagrun for latest_only_with_trigger to 2024-07-25 20:00:00+00:00, run_after=2024-07-26 00:00:00+00:00
[2024-07-26T00:02:29.005+0000] {processor.py:183} INFO - Processing /home/airflow/.local/lib/python3.12/site-packages/airflow/example_dags/example_latest_only_with_trigger.py took 0.061 seconds
[2024-07-26T00:02:59.350+0000] {processor.py:161} INFO - Started process (PID=12745) to work on /home/airflow/.local/lib/python3.12/site-packages/airflow/example_dags/example_latest_only_with_trigger.py
[2024-07-26T00:02:59.351+0000] {processor.py:830} INFO - Processing file /home/airflow/.local/lib/python3.12/site-packages/airflow/example_dags/example_latest_only_with_trigger.py for tasks to queue
[2024-07-26T00:02:59.353+0000] {logging_mixin.py:188} INFO - [2024-07-26T00:02:59.352+0000] {dagbag.py:545} INFO - Filling up the DagBag from /home/airflow/.local/lib/python3.12/site-packages/airflow/example_dags/example_latest_only_with_trigger.py
[2024-07-26T00:02:59.356+0000] {processor.py:840} INFO - DAG(s) 'latest_only_with_trigger' retrieved from /home/airflow/.local/lib/python3.12/site-packages/airflow/example_dags/example_latest_only_with_trigger.py
[2024-07-26T00:02:59.375+0000] {logging_mixin.py:188} INFO - [2024-07-26T00:02:59.374+0000] {dag.py:3089} INFO - Sync 1 DAGs
[2024-07-26T00:02:59.393+0000] {logging_mixin.py:188} INFO - [2024-07-26T00:02:59.393+0000] {dag.py:3947} INFO - Setting next_dagrun for latest_only_with_trigger to 2024-07-25 20:00:00+00:00, run_after=2024-07-26 00:00:00+00:00
[2024-07-26T00:02:59.412+0000] {processor.py:183} INFO - Processing /home/airflow/.local/lib/python3.12/site-packages/airflow/example_dags/example_latest_only_with_trigger.py took 0.066 seconds
[2024-07-26T00:03:29.911+0000] {processor.py:161} INFO - Started process (PID=12804) to work on /home/airflow/.local/lib/python3.12/site-packages/airflow/example_dags/example_latest_only_with_trigger.py
[2024-07-26T00:03:29.912+0000] {processor.py:830} INFO - Processing file /home/airflow/.local/lib/python3.12/site-packages/airflow/example_dags/example_latest_only_with_trigger.py for tasks to queue
[2024-07-26T00:03:29.915+0000] {logging_mixin.py:188} INFO - [2024-07-26T00:03:29.914+0000] {dagbag.py:545} INFO - Filling up the DagBag from /home/airflow/.local/lib/python3.12/site-packages/airflow/example_dags/example_latest_only_with_trigger.py
[2024-07-26T00:03:29.919+0000] {processor.py:840} INFO - DAG(s) 'latest_only_with_trigger' retrieved from /home/airflow/.local/lib/python3.12/site-packages/airflow/example_dags/example_latest_only_with_trigger.py
[2024-07-26T00:03:29.934+0000] {logging_mixin.py:188} INFO - [2024-07-26T00:03:29.934+0000] {dag.py:3089} INFO - Sync 1 DAGs
[2024-07-26T00:03:29.952+0000] {logging_mixin.py:188} INFO - [2024-07-26T00:03:29.951+0000] {dag.py:3947} INFO - Setting next_dagrun for latest_only_with_trigger to 2024-07-25 20:00:00+00:00, run_after=2024-07-26 00:00:00+00:00
[2024-07-26T00:03:29.966+0000] {processor.py:183} INFO - Processing /home/airflow/.local/lib/python3.12/site-packages/airflow/example_dags/example_latest_only_with_trigger.py took 0.060 seconds
[2024-07-26T00:04:00.364+0000] {processor.py:161} INFO - Started process (PID=12863) to work on /home/airflow/.local/lib/python3.12/site-packages/airflow/example_dags/example_latest_only_with_trigger.py
[2024-07-26T00:04:00.365+0000] {processor.py:830} INFO - Processing file /home/airflow/.local/lib/python3.12/site-packages/airflow/example_dags/example_latest_only_with_trigger.py for tasks to queue
[2024-07-26T00:04:00.367+0000] {logging_mixin.py:188} INFO - [2024-07-26T00:04:00.367+0000] {dagbag.py:545} INFO - Filling up the DagBag from /home/airflow/.local/lib/python3.12/site-packages/airflow/example_dags/example_latest_only_with_trigger.py
[2024-07-26T00:04:00.371+0000] {processor.py:840} INFO - DAG(s) 'latest_only_with_trigger' retrieved from /home/airflow/.local/lib/python3.12/site-packages/airflow/example_dags/example_latest_only_with_trigger.py
[2024-07-26T00:04:00.387+0000] {logging_mixin.py:188} INFO - [2024-07-26T00:04:00.387+0000] {dag.py:3089} INFO - Sync 1 DAGs
[2024-07-26T00:04:00.403+0000] {logging_mixin.py:188} INFO - [2024-07-26T00:04:00.403+0000] {dag.py:3947} INFO - Setting next_dagrun for latest_only_with_trigger to 2024-07-25 20:00:00+00:00, run_after=2024-07-26 00:00:00+00:00
[2024-07-26T00:04:00.420+0000] {processor.py:183} INFO - Processing /home/airflow/.local/lib/python3.12/site-packages/airflow/example_dags/example_latest_only_with_trigger.py took 0.060 seconds
[2024-07-26T00:04:30.749+0000] {processor.py:161} INFO - Started process (PID=12922) to work on /home/airflow/.local/lib/python3.12/site-packages/airflow/example_dags/example_latest_only_with_trigger.py
[2024-07-26T00:04:30.750+0000] {processor.py:830} INFO - Processing file /home/airflow/.local/lib/python3.12/site-packages/airflow/example_dags/example_latest_only_with_trigger.py for tasks to queue
[2024-07-26T00:04:30.752+0000] {logging_mixin.py:188} INFO - [2024-07-26T00:04:30.752+0000] {dagbag.py:545} INFO - Filling up the DagBag from /home/airflow/.local/lib/python3.12/site-packages/airflow/example_dags/example_latest_only_with_trigger.py
[2024-07-26T00:04:30.757+0000] {processor.py:840} INFO - DAG(s) 'latest_only_with_trigger' retrieved from /home/airflow/.local/lib/python3.12/site-packages/airflow/example_dags/example_latest_only_with_trigger.py
[2024-07-26T00:04:30.773+0000] {logging_mixin.py:188} INFO - [2024-07-26T00:04:30.773+0000] {dag.py:3089} INFO - Sync 1 DAGs
[2024-07-26T00:04:30.791+0000] {logging_mixin.py:188} INFO - [2024-07-26T00:04:30.791+0000] {dag.py:3947} INFO - Setting next_dagrun for latest_only_with_trigger to 2024-07-25 20:00:00+00:00, run_after=2024-07-26 00:00:00+00:00
[2024-07-26T00:04:30.808+0000] {processor.py:183} INFO - Processing /home/airflow/.local/lib/python3.12/site-packages/airflow/example_dags/example_latest_only_with_trigger.py took 0.063 seconds
[2024-07-26T00:05:01.213+0000] {processor.py:161} INFO - Started process (PID=12981) to work on /home/airflow/.local/lib/python3.12/site-packages/airflow/example_dags/example_latest_only_with_trigger.py
[2024-07-26T00:05:01.214+0000] {processor.py:830} INFO - Processing file /home/airflow/.local/lib/python3.12/site-packages/airflow/example_dags/example_latest_only_with_trigger.py for tasks to queue
[2024-07-26T00:05:01.215+0000] {logging_mixin.py:188} INFO - [2024-07-26T00:05:01.215+0000] {dagbag.py:545} INFO - Filling up the DagBag from /home/airflow/.local/lib/python3.12/site-packages/airflow/example_dags/example_latest_only_with_trigger.py
[2024-07-26T00:05:01.219+0000] {processor.py:840} INFO - DAG(s) 'latest_only_with_trigger' retrieved from /home/airflow/.local/lib/python3.12/site-packages/airflow/example_dags/example_latest_only_with_trigger.py
[2024-07-26T00:05:01.236+0000] {logging_mixin.py:188} INFO - [2024-07-26T00:05:01.235+0000] {dag.py:3089} INFO - Sync 1 DAGs
[2024-07-26T00:05:01.252+0000] {logging_mixin.py:188} INFO - [2024-07-26T00:05:01.251+0000] {dag.py:3947} INFO - Setting next_dagrun for latest_only_with_trigger to 2024-07-25 20:00:00+00:00, run_after=2024-07-26 00:00:00+00:00
[2024-07-26T00:05:01.267+0000] {processor.py:183} INFO - Processing /home/airflow/.local/lib/python3.12/site-packages/airflow/example_dags/example_latest_only_with_trigger.py took 0.058 seconds
[2024-07-26T00:05:31.710+0000] {processor.py:161} INFO - Started process (PID=13040) to work on /home/airflow/.local/lib/python3.12/site-packages/airflow/example_dags/example_latest_only_with_trigger.py
[2024-07-26T00:05:31.711+0000] {processor.py:830} INFO - Processing file /home/airflow/.local/lib/python3.12/site-packages/airflow/example_dags/example_latest_only_with_trigger.py for tasks to queue
[2024-07-26T00:05:31.713+0000] {logging_mixin.py:188} INFO - [2024-07-26T00:05:31.713+0000] {dagbag.py:545} INFO - Filling up the DagBag from /home/airflow/.local/lib/python3.12/site-packages/airflow/example_dags/example_latest_only_with_trigger.py
[2024-07-26T00:05:31.717+0000] {processor.py:840} INFO - DAG(s) 'latest_only_with_trigger' retrieved from /home/airflow/.local/lib/python3.12/site-packages/airflow/example_dags/example_latest_only_with_trigger.py
[2024-07-26T00:05:31.734+0000] {logging_mixin.py:188} INFO - [2024-07-26T00:05:31.734+0000] {dag.py:3089} INFO - Sync 1 DAGs
[2024-07-26T00:05:31.749+0000] {logging_mixin.py:188} INFO - [2024-07-26T00:05:31.749+0000] {dag.py:3947} INFO - Setting next_dagrun for latest_only_with_trigger to 2024-07-25 20:00:00+00:00, run_after=2024-07-26 00:00:00+00:00
[2024-07-26T00:05:31.763+0000] {processor.py:183} INFO - Processing /home/airflow/.local/lib/python3.12/site-packages/airflow/example_dags/example_latest_only_with_trigger.py took 0.057 seconds
[2024-07-26T00:06:02.196+0000] {processor.py:161} INFO - Started process (PID=13099) to work on /home/airflow/.local/lib/python3.12/site-packages/airflow/example_dags/example_latest_only_with_trigger.py
[2024-07-26T00:06:02.197+0000] {processor.py:830} INFO - Processing file /home/airflow/.local/lib/python3.12/site-packages/airflow/example_dags/example_latest_only_with_trigger.py for tasks to queue
[2024-07-26T00:06:02.199+0000] {logging_mixin.py:188} INFO - [2024-07-26T00:06:02.199+0000] {dagbag.py:545} INFO - Filling up the DagBag from /home/airflow/.local/lib/python3.12/site-packages/airflow/example_dags/example_latest_only_with_trigger.py
[2024-07-26T00:06:02.203+0000] {processor.py:840} INFO - DAG(s) 'latest_only_with_trigger' retrieved from /home/airflow/.local/lib/python3.12/site-packages/airflow/example_dags/example_latest_only_with_trigger.py
[2024-07-26T00:06:02.221+0000] {logging_mixin.py:188} INFO - [2024-07-26T00:06:02.221+0000] {dag.py:3089} INFO - Sync 1 DAGs
[2024-07-26T00:06:02.239+0000] {logging_mixin.py:188} INFO - [2024-07-26T00:06:02.238+0000] {dag.py:3947} INFO - Setting next_dagrun for latest_only_with_trigger to 2024-07-25 20:00:00+00:00, run_after=2024-07-26 00:00:00+00:00
[2024-07-26T00:06:02.255+0000] {processor.py:183} INFO - Processing /home/airflow/.local/lib/python3.12/site-packages/airflow/example_dags/example_latest_only_with_trigger.py took 0.063 seconds
[2024-07-26T00:06:32.748+0000] {processor.py:161} INFO - Started process (PID=13158) to work on /home/airflow/.local/lib/python3.12/site-packages/airflow/example_dags/example_latest_only_with_trigger.py
[2024-07-26T00:06:32.749+0000] {processor.py:830} INFO - Processing file /home/airflow/.local/lib/python3.12/site-packages/airflow/example_dags/example_latest_only_with_trigger.py for tasks to queue
[2024-07-26T00:06:32.751+0000] {logging_mixin.py:188} INFO - [2024-07-26T00:06:32.750+0000] {dagbag.py:545} INFO - Filling up the DagBag from /home/airflow/.local/lib/python3.12/site-packages/airflow/example_dags/example_latest_only_with_trigger.py
[2024-07-26T00:06:32.754+0000] {processor.py:840} INFO - DAG(s) 'latest_only_with_trigger' retrieved from /home/airflow/.local/lib/python3.12/site-packages/airflow/example_dags/example_latest_only_with_trigger.py
[2024-07-26T00:06:32.772+0000] {logging_mixin.py:188} INFO - [2024-07-26T00:06:32.772+0000] {dag.py:3089} INFO - Sync 1 DAGs
[2024-07-26T00:06:32.791+0000] {logging_mixin.py:188} INFO - [2024-07-26T00:06:32.791+0000] {dag.py:3947} INFO - Setting next_dagrun for latest_only_with_trigger to 2024-07-25 20:00:00+00:00, run_after=2024-07-26 00:00:00+00:00
[2024-07-26T00:06:32.811+0000] {processor.py:183} INFO - Processing /home/airflow/.local/lib/python3.12/site-packages/airflow/example_dags/example_latest_only_with_trigger.py took 0.067 seconds
[2024-07-26T00:07:03.238+0000] {processor.py:161} INFO - Started process (PID=13217) to work on /home/airflow/.local/lib/python3.12/site-packages/airflow/example_dags/example_latest_only_with_trigger.py
[2024-07-26T00:07:03.239+0000] {processor.py:830} INFO - Processing file /home/airflow/.local/lib/python3.12/site-packages/airflow/example_dags/example_latest_only_with_trigger.py for tasks to queue
[2024-07-26T00:07:03.242+0000] {logging_mixin.py:188} INFO - [2024-07-26T00:07:03.241+0000] {dagbag.py:545} INFO - Filling up the DagBag from /home/airflow/.local/lib/python3.12/site-packages/airflow/example_dags/example_latest_only_with_trigger.py
[2024-07-26T00:07:03.246+0000] {processor.py:840} INFO - DAG(s) 'latest_only_with_trigger' retrieved from /home/airflow/.local/lib/python3.12/site-packages/airflow/example_dags/example_latest_only_with_trigger.py
[2024-07-26T00:07:03.264+0000] {logging_mixin.py:188} INFO - [2024-07-26T00:07:03.264+0000] {dag.py:3089} INFO - Sync 1 DAGs
[2024-07-26T00:07:03.282+0000] {logging_mixin.py:188} INFO - [2024-07-26T00:07:03.282+0000] {dag.py:3947} INFO - Setting next_dagrun for latest_only_with_trigger to 2024-07-25 20:00:00+00:00, run_after=2024-07-26 00:00:00+00:00
[2024-07-26T00:07:03.300+0000] {processor.py:183} INFO - Processing /home/airflow/.local/lib/python3.12/site-packages/airflow/example_dags/example_latest_only_with_trigger.py took 0.067 seconds
[2024-07-26T00:07:33.726+0000] {processor.py:161} INFO - Started process (PID=13276) to work on /home/airflow/.local/lib/python3.12/site-packages/airflow/example_dags/example_latest_only_with_trigger.py
[2024-07-26T00:07:33.727+0000] {processor.py:830} INFO - Processing file /home/airflow/.local/lib/python3.12/site-packages/airflow/example_dags/example_latest_only_with_trigger.py for tasks to queue
[2024-07-26T00:07:33.729+0000] {logging_mixin.py:188} INFO - [2024-07-26T00:07:33.728+0000] {dagbag.py:545} INFO - Filling up the DagBag from /home/airflow/.local/lib/python3.12/site-packages/airflow/example_dags/example_latest_only_with_trigger.py
[2024-07-26T00:07:33.732+0000] {processor.py:840} INFO - DAG(s) 'latest_only_with_trigger' retrieved from /home/airflow/.local/lib/python3.12/site-packages/airflow/example_dags/example_latest_only_with_trigger.py
[2024-07-26T00:07:33.748+0000] {logging_mixin.py:188} INFO - [2024-07-26T00:07:33.748+0000] {dag.py:3089} INFO - Sync 1 DAGs
[2024-07-26T00:07:33.765+0000] {logging_mixin.py:188} INFO - [2024-07-26T00:07:33.764+0000] {dag.py:3947} INFO - Setting next_dagrun for latest_only_with_trigger to 2024-07-25 20:00:00+00:00, run_after=2024-07-26 00:00:00+00:00
[2024-07-26T00:07:33.780+0000] {processor.py:183} INFO - Processing /home/airflow/.local/lib/python3.12/site-packages/airflow/example_dags/example_latest_only_with_trigger.py took 0.058 seconds
[2024-07-26T00:08:04.216+0000] {processor.py:161} INFO - Started process (PID=13335) to work on /home/airflow/.local/lib/python3.12/site-packages/airflow/example_dags/example_latest_only_with_trigger.py
[2024-07-26T00:08:04.217+0000] {processor.py:830} INFO - Processing file /home/airflow/.local/lib/python3.12/site-packages/airflow/example_dags/example_latest_only_with_trigger.py for tasks to queue
[2024-07-26T00:08:04.219+0000] {logging_mixin.py:188} INFO - [2024-07-26T00:08:04.219+0000] {dagbag.py:545} INFO - Filling up the DagBag from /home/airflow/.local/lib/python3.12/site-packages/airflow/example_dags/example_latest_only_with_trigger.py
[2024-07-26T00:08:04.222+0000] {processor.py:840} INFO - DAG(s) 'latest_only_with_trigger' retrieved from /home/airflow/.local/lib/python3.12/site-packages/airflow/example_dags/example_latest_only_with_trigger.py
[2024-07-26T00:08:04.239+0000] {logging_mixin.py:188} INFO - [2024-07-26T00:08:04.239+0000] {dag.py:3089} INFO - Sync 1 DAGs
[2024-07-26T00:08:04.255+0000] {logging_mixin.py:188} INFO - [2024-07-26T00:08:04.255+0000] {dag.py:3947} INFO - Setting next_dagrun for latest_only_with_trigger to 2024-07-25 20:00:00+00:00, run_after=2024-07-26 00:00:00+00:00
[2024-07-26T00:08:04.268+0000] {processor.py:183} INFO - Processing /home/airflow/.local/lib/python3.12/site-packages/airflow/example_dags/example_latest_only_with_trigger.py took 0.057 seconds
[2024-07-26T00:08:34.649+0000] {processor.py:161} INFO - Started process (PID=13394) to work on /home/airflow/.local/lib/python3.12/site-packages/airflow/example_dags/example_latest_only_with_trigger.py
[2024-07-26T00:08:34.650+0000] {processor.py:830} INFO - Processing file /home/airflow/.local/lib/python3.12/site-packages/airflow/example_dags/example_latest_only_with_trigger.py for tasks to queue
[2024-07-26T00:08:34.652+0000] {logging_mixin.py:188} INFO - [2024-07-26T00:08:34.651+0000] {dagbag.py:545} INFO - Filling up the DagBag from /home/airflow/.local/lib/python3.12/site-packages/airflow/example_dags/example_latest_only_with_trigger.py
[2024-07-26T00:08:34.656+0000] {processor.py:840} INFO - DAG(s) 'latest_only_with_trigger' retrieved from /home/airflow/.local/lib/python3.12/site-packages/airflow/example_dags/example_latest_only_with_trigger.py
[2024-07-26T00:08:34.672+0000] {logging_mixin.py:188} INFO - [2024-07-26T00:08:34.672+0000] {dag.py:3089} INFO - Sync 1 DAGs
[2024-07-26T00:08:34.689+0000] {logging_mixin.py:188} INFO - [2024-07-26T00:08:34.688+0000] {dag.py:3947} INFO - Setting next_dagrun for latest_only_with_trigger to 2024-07-25 20:00:00+00:00, run_after=2024-07-26 00:00:00+00:00
[2024-07-26T00:08:34.706+0000] {processor.py:183} INFO - Processing /home/airflow/.local/lib/python3.12/site-packages/airflow/example_dags/example_latest_only_with_trigger.py took 0.061 seconds
[2024-07-26T00:09:05.126+0000] {processor.py:161} INFO - Started process (PID=13453) to work on /home/airflow/.local/lib/python3.12/site-packages/airflow/example_dags/example_latest_only_with_trigger.py
[2024-07-26T00:09:05.127+0000] {processor.py:830} INFO - Processing file /home/airflow/.local/lib/python3.12/site-packages/airflow/example_dags/example_latest_only_with_trigger.py for tasks to queue
[2024-07-26T00:09:05.129+0000] {logging_mixin.py:188} INFO - [2024-07-26T00:09:05.128+0000] {dagbag.py:545} INFO - Filling up the DagBag from /home/airflow/.local/lib/python3.12/site-packages/airflow/example_dags/example_latest_only_with_trigger.py
[2024-07-26T00:09:05.132+0000] {processor.py:840} INFO - DAG(s) 'latest_only_with_trigger' retrieved from /home/airflow/.local/lib/python3.12/site-packages/airflow/example_dags/example_latest_only_with_trigger.py
[2024-07-26T00:09:05.149+0000] {logging_mixin.py:188} INFO - [2024-07-26T00:09:05.148+0000] {dag.py:3089} INFO - Sync 1 DAGs
[2024-07-26T00:09:05.165+0000] {logging_mixin.py:188} INFO - [2024-07-26T00:09:05.165+0000] {dag.py:3947} INFO - Setting next_dagrun for latest_only_with_trigger to 2024-07-25 20:00:00+00:00, run_after=2024-07-26 00:00:00+00:00
[2024-07-26T00:09:05.182+0000] {processor.py:183} INFO - Processing /home/airflow/.local/lib/python3.12/site-packages/airflow/example_dags/example_latest_only_with_trigger.py took 0.060 seconds
[2024-07-26T00:09:35.692+0000] {processor.py:161} INFO - Started process (PID=13512) to work on /home/airflow/.local/lib/python3.12/site-packages/airflow/example_dags/example_latest_only_with_trigger.py
[2024-07-26T00:09:35.693+0000] {processor.py:830} INFO - Processing file /home/airflow/.local/lib/python3.12/site-packages/airflow/example_dags/example_latest_only_with_trigger.py for tasks to queue
[2024-07-26T00:09:35.695+0000] {logging_mixin.py:188} INFO - [2024-07-26T00:09:35.694+0000] {dagbag.py:545} INFO - Filling up the DagBag from /home/airflow/.local/lib/python3.12/site-packages/airflow/example_dags/example_latest_only_with_trigger.py
[2024-07-26T00:09:35.699+0000] {processor.py:840} INFO - DAG(s) 'latest_only_with_trigger' retrieved from /home/airflow/.local/lib/python3.12/site-packages/airflow/example_dags/example_latest_only_with_trigger.py
[2024-07-26T00:09:35.715+0000] {logging_mixin.py:188} INFO - [2024-07-26T00:09:35.715+0000] {dag.py:3089} INFO - Sync 1 DAGs
[2024-07-26T00:09:35.733+0000] {logging_mixin.py:188} INFO - [2024-07-26T00:09:35.733+0000] {dag.py:3947} INFO - Setting next_dagrun for latest_only_with_trigger to 2024-07-25 20:00:00+00:00, run_after=2024-07-26 00:00:00+00:00
[2024-07-26T00:09:35.747+0000] {processor.py:183} INFO - Processing /home/airflow/.local/lib/python3.12/site-packages/airflow/example_dags/example_latest_only_with_trigger.py took 0.060 seconds
[2024-07-26T00:10:06.196+0000] {processor.py:161} INFO - Started process (PID=13571) to work on /home/airflow/.local/lib/python3.12/site-packages/airflow/example_dags/example_latest_only_with_trigger.py
[2024-07-26T00:10:06.197+0000] {processor.py:830} INFO - Processing file /home/airflow/.local/lib/python3.12/site-packages/airflow/example_dags/example_latest_only_with_trigger.py for tasks to queue
[2024-07-26T00:10:06.200+0000] {logging_mixin.py:188} INFO - [2024-07-26T00:10:06.199+0000] {dagbag.py:545} INFO - Filling up the DagBag from /home/airflow/.local/lib/python3.12/site-packages/airflow/example_dags/example_latest_only_with_trigger.py
[2024-07-26T00:10:06.204+0000] {processor.py:840} INFO - DAG(s) 'latest_only_with_trigger' retrieved from /home/airflow/.local/lib/python3.12/site-packages/airflow/example_dags/example_latest_only_with_trigger.py
[2024-07-26T00:10:06.222+0000] {logging_mixin.py:188} INFO - [2024-07-26T00:10:06.222+0000] {dag.py:3089} INFO - Sync 1 DAGs
[2024-07-26T00:10:06.241+0000] {logging_mixin.py:188} INFO - [2024-07-26T00:10:06.241+0000] {dag.py:3947} INFO - Setting next_dagrun for latest_only_with_trigger to 2024-07-25 20:00:00+00:00, run_after=2024-07-26 00:00:00+00:00
[2024-07-26T00:10:06.258+0000] {processor.py:183} INFO - Processing /home/airflow/.local/lib/python3.12/site-packages/airflow/example_dags/example_latest_only_with_trigger.py took 0.067 seconds
[2024-07-26T00:10:36.688+0000] {processor.py:161} INFO - Started process (PID=13630) to work on /home/airflow/.local/lib/python3.12/site-packages/airflow/example_dags/example_latest_only_with_trigger.py
[2024-07-26T00:10:36.688+0000] {processor.py:830} INFO - Processing file /home/airflow/.local/lib/python3.12/site-packages/airflow/example_dags/example_latest_only_with_trigger.py for tasks to queue
[2024-07-26T00:10:36.690+0000] {logging_mixin.py:188} INFO - [2024-07-26T00:10:36.690+0000] {dagbag.py:545} INFO - Filling up the DagBag from /home/airflow/.local/lib/python3.12/site-packages/airflow/example_dags/example_latest_only_with_trigger.py
[2024-07-26T00:10:36.694+0000] {processor.py:840} INFO - DAG(s) 'latest_only_with_trigger' retrieved from /home/airflow/.local/lib/python3.12/site-packages/airflow/example_dags/example_latest_only_with_trigger.py
[2024-07-26T00:10:36.709+0000] {logging_mixin.py:188} INFO - [2024-07-26T00:10:36.709+0000] {dag.py:3089} INFO - Sync 1 DAGs
[2024-07-26T00:10:36.726+0000] {logging_mixin.py:188} INFO - [2024-07-26T00:10:36.726+0000] {dag.py:3947} INFO - Setting next_dagrun for latest_only_with_trigger to 2024-07-25 20:00:00+00:00, run_after=2024-07-26 00:00:00+00:00
[2024-07-26T00:10:36.740+0000] {processor.py:183} INFO - Processing /home/airflow/.local/lib/python3.12/site-packages/airflow/example_dags/example_latest_only_with_trigger.py took 0.057 seconds
[2024-07-26T00:11:07.183+0000] {processor.py:161} INFO - Started process (PID=13689) to work on /home/airflow/.local/lib/python3.12/site-packages/airflow/example_dags/example_latest_only_with_trigger.py
[2024-07-26T00:11:07.184+0000] {processor.py:830} INFO - Processing file /home/airflow/.local/lib/python3.12/site-packages/airflow/example_dags/example_latest_only_with_trigger.py for tasks to queue
[2024-07-26T00:11:07.187+0000] {logging_mixin.py:188} INFO - [2024-07-26T00:11:07.187+0000] {dagbag.py:545} INFO - Filling up the DagBag from /home/airflow/.local/lib/python3.12/site-packages/airflow/example_dags/example_latest_only_with_trigger.py
[2024-07-26T00:11:07.191+0000] {processor.py:840} INFO - DAG(s) 'latest_only_with_trigger' retrieved from /home/airflow/.local/lib/python3.12/site-packages/airflow/example_dags/example_latest_only_with_trigger.py
[2024-07-26T00:11:07.209+0000] {logging_mixin.py:188} INFO - [2024-07-26T00:11:07.209+0000] {dag.py:3089} INFO - Sync 1 DAGs
[2024-07-26T00:11:07.228+0000] {logging_mixin.py:188} INFO - [2024-07-26T00:11:07.228+0000] {dag.py:3947} INFO - Setting next_dagrun for latest_only_with_trigger to 2024-07-25 20:00:00+00:00, run_after=2024-07-26 00:00:00+00:00
[2024-07-26T00:11:07.245+0000] {processor.py:183} INFO - Processing /home/airflow/.local/lib/python3.12/site-packages/airflow/example_dags/example_latest_only_with_trigger.py took 0.067 seconds
[2024-07-26T00:11:37.551+0000] {processor.py:161} INFO - Started process (PID=13748) to work on /home/airflow/.local/lib/python3.12/site-packages/airflow/example_dags/example_latest_only_with_trigger.py
[2024-07-26T00:11:37.552+0000] {processor.py:830} INFO - Processing file /home/airflow/.local/lib/python3.12/site-packages/airflow/example_dags/example_latest_only_with_trigger.py for tasks to queue
[2024-07-26T00:11:37.554+0000] {logging_mixin.py:188} INFO - [2024-07-26T00:11:37.554+0000] {dagbag.py:545} INFO - Filling up the DagBag from /home/airflow/.local/lib/python3.12/site-packages/airflow/example_dags/example_latest_only_with_trigger.py
[2024-07-26T00:11:37.558+0000] {processor.py:840} INFO - DAG(s) 'latest_only_with_trigger' retrieved from /home/airflow/.local/lib/python3.12/site-packages/airflow/example_dags/example_latest_only_with_trigger.py
[2024-07-26T00:11:37.575+0000] {logging_mixin.py:188} INFO - [2024-07-26T00:11:37.575+0000] {dag.py:3089} INFO - Sync 1 DAGs
[2024-07-26T00:11:37.593+0000] {logging_mixin.py:188} INFO - [2024-07-26T00:11:37.593+0000] {dag.py:3947} INFO - Setting next_dagrun for latest_only_with_trigger to 2024-07-25 20:00:00+00:00, run_after=2024-07-26 00:00:00+00:00
[2024-07-26T00:11:37.609+0000] {processor.py:183} INFO - Processing /home/airflow/.local/lib/python3.12/site-packages/airflow/example_dags/example_latest_only_with_trigger.py took 0.063 seconds
[2024-07-26T00:14:34.789+0000] {processor.py:161} INFO - Started process (PID=40) to work on /home/airflow/.local/lib/python3.12/site-packages/airflow/example_dags/example_latest_only_with_trigger.py
[2024-07-26T00:14:34.790+0000] {processor.py:830} INFO - Processing file /home/airflow/.local/lib/python3.12/site-packages/airflow/example_dags/example_latest_only_with_trigger.py for tasks to queue
[2024-07-26T00:14:34.792+0000] {logging_mixin.py:188} INFO - [2024-07-26T00:14:34.792+0000] {dagbag.py:545} INFO - Filling up the DagBag from /home/airflow/.local/lib/python3.12/site-packages/airflow/example_dags/example_latest_only_with_trigger.py
[2024-07-26T00:14:34.798+0000] {processor.py:840} INFO - DAG(s) 'latest_only_with_trigger' retrieved from /home/airflow/.local/lib/python3.12/site-packages/airflow/example_dags/example_latest_only_with_trigger.py
[2024-07-26T00:14:34.808+0000] {logging_mixin.py:188} INFO - [2024-07-26T00:14:34.808+0000] {dag.py:3089} INFO - Sync 1 DAGs
[2024-07-26T00:14:34.831+0000] {logging_mixin.py:188} INFO - [2024-07-26T00:14:34.830+0000] {dag.py:3947} INFO - Setting next_dagrun for latest_only_with_trigger to 2024-07-25 20:00:00+00:00, run_after=2024-07-26 00:00:00+00:00
[2024-07-26T00:14:34.851+0000] {processor.py:183} INFO - Processing /home/airflow/.local/lib/python3.12/site-packages/airflow/example_dags/example_latest_only_with_trigger.py took 0.066 seconds
[2024-07-26T00:15:05.883+0000] {processor.py:161} INFO - Started process (PID=99) to work on /home/airflow/.local/lib/python3.12/site-packages/airflow/example_dags/example_latest_only_with_trigger.py
[2024-07-26T00:15:05.884+0000] {processor.py:830} INFO - Processing file /home/airflow/.local/lib/python3.12/site-packages/airflow/example_dags/example_latest_only_with_trigger.py for tasks to queue
[2024-07-26T00:15:05.885+0000] {logging_mixin.py:188} INFO - [2024-07-26T00:15:05.885+0000] {dagbag.py:545} INFO - Filling up the DagBag from /home/airflow/.local/lib/python3.12/site-packages/airflow/example_dags/example_latest_only_with_trigger.py
[2024-07-26T00:15:05.890+0000] {processor.py:840} INFO - DAG(s) 'latest_only_with_trigger' retrieved from /home/airflow/.local/lib/python3.12/site-packages/airflow/example_dags/example_latest_only_with_trigger.py
[2024-07-26T00:15:05.980+0000] {logging_mixin.py:188} INFO - [2024-07-26T00:15:05.980+0000] {dag.py:3089} INFO - Sync 1 DAGs
[2024-07-26T00:15:05.997+0000] {logging_mixin.py:188} INFO - [2024-07-26T00:15:05.997+0000] {dag.py:3947} INFO - Setting next_dagrun for latest_only_with_trigger to 2024-07-25 20:00:00+00:00, run_after=2024-07-26 00:00:00+00:00
[2024-07-26T00:15:06.011+0000] {processor.py:183} INFO - Processing /home/airflow/.local/lib/python3.12/site-packages/airflow/example_dags/example_latest_only_with_trigger.py took 0.132 seconds
[2024-07-26T00:15:36.096+0000] {processor.py:161} INFO - Started process (PID=158) to work on /home/airflow/.local/lib/python3.12/site-packages/airflow/example_dags/example_latest_only_with_trigger.py
[2024-07-26T00:15:36.097+0000] {processor.py:830} INFO - Processing file /home/airflow/.local/lib/python3.12/site-packages/airflow/example_dags/example_latest_only_with_trigger.py for tasks to queue
[2024-07-26T00:15:36.099+0000] {logging_mixin.py:188} INFO - [2024-07-26T00:15:36.099+0000] {dagbag.py:545} INFO - Filling up the DagBag from /home/airflow/.local/lib/python3.12/site-packages/airflow/example_dags/example_latest_only_with_trigger.py
[2024-07-26T00:15:36.103+0000] {processor.py:840} INFO - DAG(s) 'latest_only_with_trigger' retrieved from /home/airflow/.local/lib/python3.12/site-packages/airflow/example_dags/example_latest_only_with_trigger.py
[2024-07-26T00:15:36.121+0000] {logging_mixin.py:188} INFO - [2024-07-26T00:15:36.121+0000] {dag.py:3089} INFO - Sync 1 DAGs
[2024-07-26T00:15:36.140+0000] {logging_mixin.py:188} INFO - [2024-07-26T00:15:36.140+0000] {dag.py:3947} INFO - Setting next_dagrun for latest_only_with_trigger to 2024-07-25 20:00:00+00:00, run_after=2024-07-26 00:00:00+00:00
[2024-07-26T00:15:36.158+0000] {processor.py:183} INFO - Processing /home/airflow/.local/lib/python3.12/site-packages/airflow/example_dags/example_latest_only_with_trigger.py took 0.066 seconds
[2024-07-26T00:16:06.216+0000] {processor.py:161} INFO - Started process (PID=217) to work on /home/airflow/.local/lib/python3.12/site-packages/airflow/example_dags/example_latest_only_with_trigger.py
[2024-07-26T00:16:06.217+0000] {processor.py:830} INFO - Processing file /home/airflow/.local/lib/python3.12/site-packages/airflow/example_dags/example_latest_only_with_trigger.py for tasks to queue
[2024-07-26T00:16:06.218+0000] {logging_mixin.py:188} INFO - [2024-07-26T00:16:06.218+0000] {dagbag.py:545} INFO - Filling up the DagBag from /home/airflow/.local/lib/python3.12/site-packages/airflow/example_dags/example_latest_only_with_trigger.py
[2024-07-26T00:16:06.222+0000] {processor.py:840} INFO - DAG(s) 'latest_only_with_trigger' retrieved from /home/airflow/.local/lib/python3.12/site-packages/airflow/example_dags/example_latest_only_with_trigger.py
[2024-07-26T00:16:06.240+0000] {logging_mixin.py:188} INFO - [2024-07-26T00:16:06.240+0000] {dag.py:3089} INFO - Sync 1 DAGs
[2024-07-26T00:16:06.258+0000] {logging_mixin.py:188} INFO - [2024-07-26T00:16:06.257+0000] {dag.py:3947} INFO - Setting next_dagrun for latest_only_with_trigger to 2024-07-25 20:00:00+00:00, run_after=2024-07-26 00:00:00+00:00
[2024-07-26T00:16:06.273+0000] {processor.py:183} INFO - Processing /home/airflow/.local/lib/python3.12/site-packages/airflow/example_dags/example_latest_only_with_trigger.py took 0.061 seconds
[2024-07-26T00:16:36.941+0000] {processor.py:161} INFO - Started process (PID=276) to work on /home/airflow/.local/lib/python3.12/site-packages/airflow/example_dags/example_latest_only_with_trigger.py
[2024-07-26T00:16:36.942+0000] {processor.py:830} INFO - Processing file /home/airflow/.local/lib/python3.12/site-packages/airflow/example_dags/example_latest_only_with_trigger.py for tasks to queue
[2024-07-26T00:16:36.944+0000] {logging_mixin.py:188} INFO - [2024-07-26T00:16:36.943+0000] {dagbag.py:545} INFO - Filling up the DagBag from /home/airflow/.local/lib/python3.12/site-packages/airflow/example_dags/example_latest_only_with_trigger.py
[2024-07-26T00:16:36.948+0000] {processor.py:840} INFO - DAG(s) 'latest_only_with_trigger' retrieved from /home/airflow/.local/lib/python3.12/site-packages/airflow/example_dags/example_latest_only_with_trigger.py
[2024-07-26T00:16:36.966+0000] {logging_mixin.py:188} INFO - [2024-07-26T00:16:36.966+0000] {dag.py:3089} INFO - Sync 1 DAGs
[2024-07-26T00:16:36.985+0000] {logging_mixin.py:188} INFO - [2024-07-26T00:16:36.985+0000] {dag.py:3947} INFO - Setting next_dagrun for latest_only_with_trigger to 2024-07-25 20:00:00+00:00, run_after=2024-07-26 00:00:00+00:00
[2024-07-26T00:16:37.004+0000] {processor.py:183} INFO - Processing /home/airflow/.local/lib/python3.12/site-packages/airflow/example_dags/example_latest_only_with_trigger.py took 0.068 seconds
[2024-07-26T00:17:07.502+0000] {processor.py:161} INFO - Started process (PID=335) to work on /home/airflow/.local/lib/python3.12/site-packages/airflow/example_dags/example_latest_only_with_trigger.py
[2024-07-26T00:17:07.503+0000] {processor.py:830} INFO - Processing file /home/airflow/.local/lib/python3.12/site-packages/airflow/example_dags/example_latest_only_with_trigger.py for tasks to queue
[2024-07-26T00:17:07.504+0000] {logging_mixin.py:188} INFO - [2024-07-26T00:17:07.504+0000] {dagbag.py:545} INFO - Filling up the DagBag from /home/airflow/.local/lib/python3.12/site-packages/airflow/example_dags/example_latest_only_with_trigger.py
[2024-07-26T00:17:07.507+0000] {processor.py:840} INFO - DAG(s) 'latest_only_with_trigger' retrieved from /home/airflow/.local/lib/python3.12/site-packages/airflow/example_dags/example_latest_only_with_trigger.py
[2024-07-26T00:17:07.522+0000] {logging_mixin.py:188} INFO - [2024-07-26T00:17:07.521+0000] {dag.py:3089} INFO - Sync 1 DAGs
[2024-07-26T00:17:07.537+0000] {logging_mixin.py:188} INFO - [2024-07-26T00:17:07.536+0000] {dag.py:3947} INFO - Setting next_dagrun for latest_only_with_trigger to 2024-07-25 20:00:00+00:00, run_after=2024-07-26 00:00:00+00:00
[2024-07-26T00:17:07.550+0000] {processor.py:183} INFO - Processing /home/airflow/.local/lib/python3.12/site-packages/airflow/example_dags/example_latest_only_with_trigger.py took 0.051 seconds
[2024-07-26T00:17:38.058+0000] {processor.py:161} INFO - Started process (PID=395) to work on /home/airflow/.local/lib/python3.12/site-packages/airflow/example_dags/example_latest_only_with_trigger.py
[2024-07-26T00:17:38.059+0000] {processor.py:830} INFO - Processing file /home/airflow/.local/lib/python3.12/site-packages/airflow/example_dags/example_latest_only_with_trigger.py for tasks to queue
[2024-07-26T00:17:38.061+0000] {logging_mixin.py:188} INFO - [2024-07-26T00:17:38.060+0000] {dagbag.py:545} INFO - Filling up the DagBag from /home/airflow/.local/lib/python3.12/site-packages/airflow/example_dags/example_latest_only_with_trigger.py
[2024-07-26T00:17:38.065+0000] {processor.py:840} INFO - DAG(s) 'latest_only_with_trigger' retrieved from /home/airflow/.local/lib/python3.12/site-packages/airflow/example_dags/example_latest_only_with_trigger.py
[2024-07-26T00:17:38.083+0000] {logging_mixin.py:188} INFO - [2024-07-26T00:17:38.083+0000] {dag.py:3089} INFO - Sync 1 DAGs
[2024-07-26T00:17:38.101+0000] {logging_mixin.py:188} INFO - [2024-07-26T00:17:38.101+0000] {dag.py:3947} INFO - Setting next_dagrun for latest_only_with_trigger to 2024-07-25 20:00:00+00:00, run_after=2024-07-26 00:00:00+00:00
[2024-07-26T00:17:38.118+0000] {processor.py:183} INFO - Processing /home/airflow/.local/lib/python3.12/site-packages/airflow/example_dags/example_latest_only_with_trigger.py took 0.064 seconds
[2024-07-26T00:18:08.530+0000] {processor.py:161} INFO - Started process (PID=454) to work on /home/airflow/.local/lib/python3.12/site-packages/airflow/example_dags/example_latest_only_with_trigger.py
[2024-07-26T00:18:08.531+0000] {processor.py:830} INFO - Processing file /home/airflow/.local/lib/python3.12/site-packages/airflow/example_dags/example_latest_only_with_trigger.py for tasks to queue
[2024-07-26T00:18:08.532+0000] {logging_mixin.py:188} INFO - [2024-07-26T00:18:08.532+0000] {dagbag.py:545} INFO - Filling up the DagBag from /home/airflow/.local/lib/python3.12/site-packages/airflow/example_dags/example_latest_only_with_trigger.py
[2024-07-26T00:18:08.536+0000] {processor.py:840} INFO - DAG(s) 'latest_only_with_trigger' retrieved from /home/airflow/.local/lib/python3.12/site-packages/airflow/example_dags/example_latest_only_with_trigger.py
[2024-07-26T00:18:08.552+0000] {logging_mixin.py:188} INFO - [2024-07-26T00:18:08.552+0000] {dag.py:3089} INFO - Sync 1 DAGs
[2024-07-26T00:18:08.569+0000] {logging_mixin.py:188} INFO - [2024-07-26T00:18:08.569+0000] {dag.py:3947} INFO - Setting next_dagrun for latest_only_with_trigger to 2024-07-25 20:00:00+00:00, run_after=2024-07-26 00:00:00+00:00
[2024-07-26T00:18:08.583+0000] {processor.py:183} INFO - Processing /home/airflow/.local/lib/python3.12/site-packages/airflow/example_dags/example_latest_only_with_trigger.py took 0.058 seconds
