[2024-07-26T00:00:02.081+0000] {processor.py:161} INFO - Started process (PID=12421) to work on /home/airflow/.local/lib/python3.12/site-packages/airflow/example_dags/example_bash_operator.py
[2024-07-26T00:00:02.082+0000] {processor.py:830} INFO - Processing file /home/airflow/.local/lib/python3.12/site-packages/airflow/example_dags/example_bash_operator.py for tasks to queue
[2024-07-26T00:00:02.084+0000] {logging_mixin.py:188} INFO - [2024-07-26T00:00:02.084+0000] {dagbag.py:545} INFO - Filling up the DagBag from /home/airflow/.local/lib/python3.12/site-packages/airflow/example_dags/example_bash_operator.py
[2024-07-26T00:00:02.093+0000] {processor.py:840} INFO - DAG(s) 'example_bash_operator' retrieved from /home/airflow/.local/lib/python3.12/site-packages/airflow/example_dags/example_bash_operator.py
[2024-07-26T00:00:02.115+0000] {logging_mixin.py:188} INFO - [2024-07-26T00:00:02.115+0000] {dag.py:3089} INFO - Sync 1 DAGs
[2024-07-26T00:00:02.134+0000] {logging_mixin.py:188} INFO - [2024-07-26T00:00:02.134+0000] {dag.py:3947} INFO - Setting next_dagrun for example_bash_operator to 2024-07-25 00:00:00+00:00, run_after=2024-07-26 00:00:00+00:00
[2024-07-26T00:00:02.151+0000] {processor.py:183} INFO - Processing /home/airflow/.local/lib/python3.12/site-packages/airflow/example_dags/example_bash_operator.py took 0.075 seconds
[2024-07-26T00:00:32.649+0000] {processor.py:161} INFO - Started process (PID=12480) to work on /home/airflow/.local/lib/python3.12/site-packages/airflow/example_dags/example_bash_operator.py
[2024-07-26T00:00:32.650+0000] {processor.py:830} INFO - Processing file /home/airflow/.local/lib/python3.12/site-packages/airflow/example_dags/example_bash_operator.py for tasks to queue
[2024-07-26T00:00:32.652+0000] {logging_mixin.py:188} INFO - [2024-07-26T00:00:32.651+0000] {dagbag.py:545} INFO - Filling up the DagBag from /home/airflow/.local/lib/python3.12/site-packages/airflow/example_dags/example_bash_operator.py
[2024-07-26T00:00:32.660+0000] {processor.py:840} INFO - DAG(s) 'example_bash_operator' retrieved from /home/airflow/.local/lib/python3.12/site-packages/airflow/example_dags/example_bash_operator.py
[2024-07-26T00:00:32.681+0000] {logging_mixin.py:188} INFO - [2024-07-26T00:00:32.681+0000] {dag.py:3089} INFO - Sync 1 DAGs
[2024-07-26T00:00:32.702+0000] {logging_mixin.py:188} INFO - [2024-07-26T00:00:32.701+0000] {dag.py:3947} INFO - Setting next_dagrun for example_bash_operator to 2024-07-25 00:00:00+00:00, run_after=2024-07-26 00:00:00+00:00
[2024-07-26T00:00:32.721+0000] {processor.py:183} INFO - Processing /home/airflow/.local/lib/python3.12/site-packages/airflow/example_dags/example_bash_operator.py took 0.076 seconds
[2024-07-26T00:01:03.014+0000] {processor.py:161} INFO - Started process (PID=12539) to work on /home/airflow/.local/lib/python3.12/site-packages/airflow/example_dags/example_bash_operator.py
[2024-07-26T00:01:03.015+0000] {processor.py:830} INFO - Processing file /home/airflow/.local/lib/python3.12/site-packages/airflow/example_dags/example_bash_operator.py for tasks to queue
[2024-07-26T00:01:03.016+0000] {logging_mixin.py:188} INFO - [2024-07-26T00:01:03.016+0000] {dagbag.py:545} INFO - Filling up the DagBag from /home/airflow/.local/lib/python3.12/site-packages/airflow/example_dags/example_bash_operator.py
[2024-07-26T00:01:03.023+0000] {processor.py:840} INFO - DAG(s) 'example_bash_operator' retrieved from /home/airflow/.local/lib/python3.12/site-packages/airflow/example_dags/example_bash_operator.py
[2024-07-26T00:01:03.044+0000] {logging_mixin.py:188} INFO - [2024-07-26T00:01:03.043+0000] {dag.py:3089} INFO - Sync 1 DAGs
[2024-07-26T00:01:03.062+0000] {logging_mixin.py:188} INFO - [2024-07-26T00:01:03.061+0000] {dag.py:3947} INFO - Setting next_dagrun for example_bash_operator to 2024-07-25 00:00:00+00:00, run_after=2024-07-26 00:00:00+00:00
[2024-07-26T00:01:03.078+0000] {processor.py:183} INFO - Processing /home/airflow/.local/lib/python3.12/site-packages/airflow/example_dags/example_bash_operator.py took 0.068 seconds
[2024-07-26T00:01:33.351+0000] {processor.py:161} INFO - Started process (PID=12598) to work on /home/airflow/.local/lib/python3.12/site-packages/airflow/example_dags/example_bash_operator.py
[2024-07-26T00:01:33.352+0000] {processor.py:830} INFO - Processing file /home/airflow/.local/lib/python3.12/site-packages/airflow/example_dags/example_bash_operator.py for tasks to queue
[2024-07-26T00:01:33.353+0000] {logging_mixin.py:188} INFO - [2024-07-26T00:01:33.353+0000] {dagbag.py:545} INFO - Filling up the DagBag from /home/airflow/.local/lib/python3.12/site-packages/airflow/example_dags/example_bash_operator.py
[2024-07-26T00:01:33.361+0000] {processor.py:840} INFO - DAG(s) 'example_bash_operator' retrieved from /home/airflow/.local/lib/python3.12/site-packages/airflow/example_dags/example_bash_operator.py
[2024-07-26T00:01:33.382+0000] {logging_mixin.py:188} INFO - [2024-07-26T00:01:33.381+0000] {dag.py:3089} INFO - Sync 1 DAGs
[2024-07-26T00:01:33.399+0000] {logging_mixin.py:188} INFO - [2024-07-26T00:01:33.399+0000] {dag.py:3947} INFO - Setting next_dagrun for example_bash_operator to 2024-07-25 00:00:00+00:00, run_after=2024-07-26 00:00:00+00:00
[2024-07-26T00:01:33.415+0000] {processor.py:183} INFO - Processing /home/airflow/.local/lib/python3.12/site-packages/airflow/example_dags/example_bash_operator.py took 0.068 seconds
[2024-07-26T00:02:03.815+0000] {processor.py:161} INFO - Started process (PID=12657) to work on /home/airflow/.local/lib/python3.12/site-packages/airflow/example_dags/example_bash_operator.py
[2024-07-26T00:02:03.816+0000] {processor.py:830} INFO - Processing file /home/airflow/.local/lib/python3.12/site-packages/airflow/example_dags/example_bash_operator.py for tasks to queue
[2024-07-26T00:02:03.818+0000] {logging_mixin.py:188} INFO - [2024-07-26T00:02:03.818+0000] {dagbag.py:545} INFO - Filling up the DagBag from /home/airflow/.local/lib/python3.12/site-packages/airflow/example_dags/example_bash_operator.py
[2024-07-26T00:02:03.827+0000] {processor.py:840} INFO - DAG(s) 'example_bash_operator' retrieved from /home/airflow/.local/lib/python3.12/site-packages/airflow/example_dags/example_bash_operator.py
[2024-07-26T00:02:03.852+0000] {logging_mixin.py:188} INFO - [2024-07-26T00:02:03.851+0000] {dag.py:3089} INFO - Sync 1 DAGs
[2024-07-26T00:02:03.872+0000] {logging_mixin.py:188} INFO - [2024-07-26T00:02:03.872+0000] {dag.py:3947} INFO - Setting next_dagrun for example_bash_operator to 2024-07-25 00:00:00+00:00, run_after=2024-07-26 00:00:00+00:00
[2024-07-26T00:02:03.891+0000] {processor.py:183} INFO - Processing /home/airflow/.local/lib/python3.12/site-packages/airflow/example_dags/example_bash_operator.py took 0.080 seconds
[2024-07-26T00:02:34.270+0000] {processor.py:161} INFO - Started process (PID=12716) to work on /home/airflow/.local/lib/python3.12/site-packages/airflow/example_dags/example_bash_operator.py
[2024-07-26T00:02:34.271+0000] {processor.py:830} INFO - Processing file /home/airflow/.local/lib/python3.12/site-packages/airflow/example_dags/example_bash_operator.py for tasks to queue
[2024-07-26T00:02:34.273+0000] {logging_mixin.py:188} INFO - [2024-07-26T00:02:34.273+0000] {dagbag.py:545} INFO - Filling up the DagBag from /home/airflow/.local/lib/python3.12/site-packages/airflow/example_dags/example_bash_operator.py
[2024-07-26T00:02:34.280+0000] {processor.py:840} INFO - DAG(s) 'example_bash_operator' retrieved from /home/airflow/.local/lib/python3.12/site-packages/airflow/example_dags/example_bash_operator.py
[2024-07-26T00:02:34.300+0000] {logging_mixin.py:188} INFO - [2024-07-26T00:02:34.300+0000] {dag.py:3089} INFO - Sync 1 DAGs
[2024-07-26T00:02:34.318+0000] {logging_mixin.py:188} INFO - [2024-07-26T00:02:34.317+0000] {dag.py:3947} INFO - Setting next_dagrun for example_bash_operator to 2024-07-25 00:00:00+00:00, run_after=2024-07-26 00:00:00+00:00
[2024-07-26T00:02:34.331+0000] {processor.py:183} INFO - Processing /home/airflow/.local/lib/python3.12/site-packages/airflow/example_dags/example_bash_operator.py took 0.064 seconds
[2024-07-26T00:03:04.822+0000] {processor.py:161} INFO - Started process (PID=12775) to work on /home/airflow/.local/lib/python3.12/site-packages/airflow/example_dags/example_bash_operator.py
[2024-07-26T00:03:04.823+0000] {processor.py:830} INFO - Processing file /home/airflow/.local/lib/python3.12/site-packages/airflow/example_dags/example_bash_operator.py for tasks to queue
[2024-07-26T00:03:04.825+0000] {logging_mixin.py:188} INFO - [2024-07-26T00:03:04.825+0000] {dagbag.py:545} INFO - Filling up the DagBag from /home/airflow/.local/lib/python3.12/site-packages/airflow/example_dags/example_bash_operator.py
[2024-07-26T00:03:04.834+0000] {processor.py:840} INFO - DAG(s) 'example_bash_operator' retrieved from /home/airflow/.local/lib/python3.12/site-packages/airflow/example_dags/example_bash_operator.py
[2024-07-26T00:03:04.860+0000] {logging_mixin.py:188} INFO - [2024-07-26T00:03:04.859+0000] {dag.py:3089} INFO - Sync 1 DAGs
[2024-07-26T00:03:04.879+0000] {logging_mixin.py:188} INFO - [2024-07-26T00:03:04.879+0000] {dag.py:3947} INFO - Setting next_dagrun for example_bash_operator to 2024-07-25 00:00:00+00:00, run_after=2024-07-26 00:00:00+00:00
[2024-07-26T00:03:04.899+0000] {processor.py:183} INFO - Processing /home/airflow/.local/lib/python3.12/site-packages/airflow/example_dags/example_bash_operator.py took 0.082 seconds
[2024-07-26T00:03:35.288+0000] {processor.py:161} INFO - Started process (PID=12834) to work on /home/airflow/.local/lib/python3.12/site-packages/airflow/example_dags/example_bash_operator.py
[2024-07-26T00:03:35.289+0000] {processor.py:830} INFO - Processing file /home/airflow/.local/lib/python3.12/site-packages/airflow/example_dags/example_bash_operator.py for tasks to queue
[2024-07-26T00:03:35.291+0000] {logging_mixin.py:188} INFO - [2024-07-26T00:03:35.290+0000] {dagbag.py:545} INFO - Filling up the DagBag from /home/airflow/.local/lib/python3.12/site-packages/airflow/example_dags/example_bash_operator.py
[2024-07-26T00:03:35.298+0000] {processor.py:840} INFO - DAG(s) 'example_bash_operator' retrieved from /home/airflow/.local/lib/python3.12/site-packages/airflow/example_dags/example_bash_operator.py
[2024-07-26T00:03:35.317+0000] {logging_mixin.py:188} INFO - [2024-07-26T00:03:35.317+0000] {dag.py:3089} INFO - Sync 1 DAGs
[2024-07-26T00:03:35.332+0000] {logging_mixin.py:188} INFO - [2024-07-26T00:03:35.332+0000] {dag.py:3947} INFO - Setting next_dagrun for example_bash_operator to 2024-07-25 00:00:00+00:00, run_after=2024-07-26 00:00:00+00:00
[2024-07-26T00:03:35.346+0000] {processor.py:183} INFO - Processing /home/airflow/.local/lib/python3.12/site-packages/airflow/example_dags/example_bash_operator.py took 0.062 seconds
[2024-07-26T00:04:05.643+0000] {processor.py:161} INFO - Started process (PID=12893) to work on /home/airflow/.local/lib/python3.12/site-packages/airflow/example_dags/example_bash_operator.py
[2024-07-26T00:04:05.644+0000] {processor.py:830} INFO - Processing file /home/airflow/.local/lib/python3.12/site-packages/airflow/example_dags/example_bash_operator.py for tasks to queue
[2024-07-26T00:04:05.645+0000] {logging_mixin.py:188} INFO - [2024-07-26T00:04:05.645+0000] {dagbag.py:545} INFO - Filling up the DagBag from /home/airflow/.local/lib/python3.12/site-packages/airflow/example_dags/example_bash_operator.py
[2024-07-26T00:04:05.653+0000] {processor.py:840} INFO - DAG(s) 'example_bash_operator' retrieved from /home/airflow/.local/lib/python3.12/site-packages/airflow/example_dags/example_bash_operator.py
[2024-07-26T00:04:05.676+0000] {logging_mixin.py:188} INFO - [2024-07-26T00:04:05.675+0000] {dag.py:3089} INFO - Sync 1 DAGs
[2024-07-26T00:04:05.696+0000] {logging_mixin.py:188} INFO - [2024-07-26T00:04:05.695+0000] {dag.py:3947} INFO - Setting next_dagrun for example_bash_operator to 2024-07-25 00:00:00+00:00, run_after=2024-07-26 00:00:00+00:00
[2024-07-26T00:04:05.711+0000] {processor.py:183} INFO - Processing /home/airflow/.local/lib/python3.12/site-packages/airflow/example_dags/example_bash_operator.py took 0.073 seconds
[2024-07-26T00:04:36.126+0000] {processor.py:161} INFO - Started process (PID=12952) to work on /home/airflow/.local/lib/python3.12/site-packages/airflow/example_dags/example_bash_operator.py
[2024-07-26T00:04:36.127+0000] {processor.py:830} INFO - Processing file /home/airflow/.local/lib/python3.12/site-packages/airflow/example_dags/example_bash_operator.py for tasks to queue
[2024-07-26T00:04:36.129+0000] {logging_mixin.py:188} INFO - [2024-07-26T00:04:36.129+0000] {dagbag.py:545} INFO - Filling up the DagBag from /home/airflow/.local/lib/python3.12/site-packages/airflow/example_dags/example_bash_operator.py
[2024-07-26T00:04:36.137+0000] {processor.py:840} INFO - DAG(s) 'example_bash_operator' retrieved from /home/airflow/.local/lib/python3.12/site-packages/airflow/example_dags/example_bash_operator.py
[2024-07-26T00:04:36.156+0000] {logging_mixin.py:188} INFO - [2024-07-26T00:04:36.156+0000] {dag.py:3089} INFO - Sync 1 DAGs
[2024-07-26T00:04:36.173+0000] {logging_mixin.py:188} INFO - [2024-07-26T00:04:36.173+0000] {dag.py:3947} INFO - Setting next_dagrun for example_bash_operator to 2024-07-25 00:00:00+00:00, run_after=2024-07-26 00:00:00+00:00
[2024-07-26T00:04:36.189+0000] {processor.py:183} INFO - Processing /home/airflow/.local/lib/python3.12/site-packages/airflow/example_dags/example_bash_operator.py took 0.067 seconds
[2024-07-26T00:05:06.610+0000] {processor.py:161} INFO - Started process (PID=13011) to work on /home/airflow/.local/lib/python3.12/site-packages/airflow/example_dags/example_bash_operator.py
[2024-07-26T00:05:06.611+0000] {processor.py:830} INFO - Processing file /home/airflow/.local/lib/python3.12/site-packages/airflow/example_dags/example_bash_operator.py for tasks to queue
[2024-07-26T00:05:06.612+0000] {logging_mixin.py:188} INFO - [2024-07-26T00:05:06.612+0000] {dagbag.py:545} INFO - Filling up the DagBag from /home/airflow/.local/lib/python3.12/site-packages/airflow/example_dags/example_bash_operator.py
[2024-07-26T00:05:06.620+0000] {processor.py:840} INFO - DAG(s) 'example_bash_operator' retrieved from /home/airflow/.local/lib/python3.12/site-packages/airflow/example_dags/example_bash_operator.py
[2024-07-26T00:05:06.641+0000] {logging_mixin.py:188} INFO - [2024-07-26T00:05:06.641+0000] {dag.py:3089} INFO - Sync 1 DAGs
[2024-07-26T00:05:06.657+0000] {logging_mixin.py:188} INFO - [2024-07-26T00:05:06.657+0000] {dag.py:3947} INFO - Setting next_dagrun for example_bash_operator to 2024-07-25 00:00:00+00:00, run_after=2024-07-26 00:00:00+00:00
[2024-07-26T00:05:06.672+0000] {processor.py:183} INFO - Processing /home/airflow/.local/lib/python3.12/site-packages/airflow/example_dags/example_bash_operator.py took 0.066 seconds
[2024-07-26T00:05:37.080+0000] {processor.py:161} INFO - Started process (PID=13070) to work on /home/airflow/.local/lib/python3.12/site-packages/airflow/example_dags/example_bash_operator.py
[2024-07-26T00:05:37.081+0000] {processor.py:830} INFO - Processing file /home/airflow/.local/lib/python3.12/site-packages/airflow/example_dags/example_bash_operator.py for tasks to queue
[2024-07-26T00:05:37.082+0000] {logging_mixin.py:188} INFO - [2024-07-26T00:05:37.082+0000] {dagbag.py:545} INFO - Filling up the DagBag from /home/airflow/.local/lib/python3.12/site-packages/airflow/example_dags/example_bash_operator.py
[2024-07-26T00:05:37.090+0000] {processor.py:840} INFO - DAG(s) 'example_bash_operator' retrieved from /home/airflow/.local/lib/python3.12/site-packages/airflow/example_dags/example_bash_operator.py
[2024-07-26T00:05:37.110+0000] {logging_mixin.py:188} INFO - [2024-07-26T00:05:37.110+0000] {dag.py:3089} INFO - Sync 1 DAGs
[2024-07-26T00:05:37.127+0000] {logging_mixin.py:188} INFO - [2024-07-26T00:05:37.126+0000] {dag.py:3947} INFO - Setting next_dagrun for example_bash_operator to 2024-07-25 00:00:00+00:00, run_after=2024-07-26 00:00:00+00:00
[2024-07-26T00:05:37.140+0000] {processor.py:183} INFO - Processing /home/airflow/.local/lib/python3.12/site-packages/airflow/example_dags/example_bash_operator.py took 0.064 seconds
[2024-07-26T00:06:07.662+0000] {processor.py:161} INFO - Started process (PID=13129) to work on /home/airflow/.local/lib/python3.12/site-packages/airflow/example_dags/example_bash_operator.py
[2024-07-26T00:06:07.663+0000] {processor.py:830} INFO - Processing file /home/airflow/.local/lib/python3.12/site-packages/airflow/example_dags/example_bash_operator.py for tasks to queue
[2024-07-26T00:06:07.665+0000] {logging_mixin.py:188} INFO - [2024-07-26T00:06:07.664+0000] {dagbag.py:545} INFO - Filling up the DagBag from /home/airflow/.local/lib/python3.12/site-packages/airflow/example_dags/example_bash_operator.py
[2024-07-26T00:06:07.673+0000] {processor.py:840} INFO - DAG(s) 'example_bash_operator' retrieved from /home/airflow/.local/lib/python3.12/site-packages/airflow/example_dags/example_bash_operator.py
[2024-07-26T00:06:07.696+0000] {logging_mixin.py:188} INFO - [2024-07-26T00:06:07.696+0000] {dag.py:3089} INFO - Sync 1 DAGs
[2024-07-26T00:06:07.717+0000] {logging_mixin.py:188} INFO - [2024-07-26T00:06:07.716+0000] {dag.py:3947} INFO - Setting next_dagrun for example_bash_operator to 2024-07-25 00:00:00+00:00, run_after=2024-07-26 00:00:00+00:00
[2024-07-26T00:06:07.739+0000] {processor.py:183} INFO - Processing /home/airflow/.local/lib/python3.12/site-packages/airflow/example_dags/example_bash_operator.py took 0.083 seconds
[2024-07-26T00:06:38.111+0000] {processor.py:161} INFO - Started process (PID=13188) to work on /home/airflow/.local/lib/python3.12/site-packages/airflow/example_dags/example_bash_operator.py
[2024-07-26T00:06:38.112+0000] {processor.py:830} INFO - Processing file /home/airflow/.local/lib/python3.12/site-packages/airflow/example_dags/example_bash_operator.py for tasks to queue
[2024-07-26T00:06:38.114+0000] {logging_mixin.py:188} INFO - [2024-07-26T00:06:38.114+0000] {dagbag.py:545} INFO - Filling up the DagBag from /home/airflow/.local/lib/python3.12/site-packages/airflow/example_dags/example_bash_operator.py
[2024-07-26T00:06:38.121+0000] {processor.py:840} INFO - DAG(s) 'example_bash_operator' retrieved from /home/airflow/.local/lib/python3.12/site-packages/airflow/example_dags/example_bash_operator.py
[2024-07-26T00:06:38.141+0000] {logging_mixin.py:188} INFO - [2024-07-26T00:06:38.141+0000] {dag.py:3089} INFO - Sync 1 DAGs
[2024-07-26T00:06:38.160+0000] {logging_mixin.py:188} INFO - [2024-07-26T00:06:38.159+0000] {dag.py:3947} INFO - Setting next_dagrun for example_bash_operator to 2024-07-25 00:00:00+00:00, run_after=2024-07-26 00:00:00+00:00
[2024-07-26T00:06:38.174+0000] {processor.py:183} INFO - Processing /home/airflow/.local/lib/python3.12/site-packages/airflow/example_dags/example_bash_operator.py took 0.067 seconds
[2024-07-26T00:07:08.625+0000] {processor.py:161} INFO - Started process (PID=13247) to work on /home/airflow/.local/lib/python3.12/site-packages/airflow/example_dags/example_bash_operator.py
[2024-07-26T00:07:08.626+0000] {processor.py:830} INFO - Processing file /home/airflow/.local/lib/python3.12/site-packages/airflow/example_dags/example_bash_operator.py for tasks to queue
[2024-07-26T00:07:08.629+0000] {logging_mixin.py:188} INFO - [2024-07-26T00:07:08.628+0000] {dagbag.py:545} INFO - Filling up the DagBag from /home/airflow/.local/lib/python3.12/site-packages/airflow/example_dags/example_bash_operator.py
[2024-07-26T00:07:08.639+0000] {processor.py:840} INFO - DAG(s) 'example_bash_operator' retrieved from /home/airflow/.local/lib/python3.12/site-packages/airflow/example_dags/example_bash_operator.py
[2024-07-26T00:07:08.663+0000] {logging_mixin.py:188} INFO - [2024-07-26T00:07:08.662+0000] {dag.py:3089} INFO - Sync 1 DAGs
[2024-07-26T00:07:08.682+0000] {logging_mixin.py:188} INFO - [2024-07-26T00:07:08.682+0000] {dag.py:3947} INFO - Setting next_dagrun for example_bash_operator to 2024-07-25 00:00:00+00:00, run_after=2024-07-26 00:00:00+00:00
[2024-07-26T00:07:08.700+0000] {processor.py:183} INFO - Processing /home/airflow/.local/lib/python3.12/site-packages/airflow/example_dags/example_bash_operator.py took 0.079 seconds
[2024-07-26T00:07:39.069+0000] {processor.py:161} INFO - Started process (PID=13306) to work on /home/airflow/.local/lib/python3.12/site-packages/airflow/example_dags/example_bash_operator.py
[2024-07-26T00:07:39.070+0000] {processor.py:830} INFO - Processing file /home/airflow/.local/lib/python3.12/site-packages/airflow/example_dags/example_bash_operator.py for tasks to queue
[2024-07-26T00:07:39.072+0000] {logging_mixin.py:188} INFO - [2024-07-26T00:07:39.071+0000] {dagbag.py:545} INFO - Filling up the DagBag from /home/airflow/.local/lib/python3.12/site-packages/airflow/example_dags/example_bash_operator.py
[2024-07-26T00:07:39.080+0000] {processor.py:840} INFO - DAG(s) 'example_bash_operator' retrieved from /home/airflow/.local/lib/python3.12/site-packages/airflow/example_dags/example_bash_operator.py
[2024-07-26T00:07:39.102+0000] {logging_mixin.py:188} INFO - [2024-07-26T00:07:39.102+0000] {dag.py:3089} INFO - Sync 1 DAGs
[2024-07-26T00:07:39.122+0000] {logging_mixin.py:188} INFO - [2024-07-26T00:07:39.122+0000] {dag.py:3947} INFO - Setting next_dagrun for example_bash_operator to 2024-07-25 00:00:00+00:00, run_after=2024-07-26 00:00:00+00:00
[2024-07-26T00:07:39.138+0000] {processor.py:183} INFO - Processing /home/airflow/.local/lib/python3.12/site-packages/airflow/example_dags/example_bash_operator.py took 0.073 seconds
[2024-07-26T00:08:09.525+0000] {processor.py:161} INFO - Started process (PID=13365) to work on /home/airflow/.local/lib/python3.12/site-packages/airflow/example_dags/example_bash_operator.py
[2024-07-26T00:08:09.526+0000] {processor.py:830} INFO - Processing file /home/airflow/.local/lib/python3.12/site-packages/airflow/example_dags/example_bash_operator.py for tasks to queue
[2024-07-26T00:08:09.528+0000] {logging_mixin.py:188} INFO - [2024-07-26T00:08:09.527+0000] {dagbag.py:545} INFO - Filling up the DagBag from /home/airflow/.local/lib/python3.12/site-packages/airflow/example_dags/example_bash_operator.py
[2024-07-26T00:08:09.535+0000] {processor.py:840} INFO - DAG(s) 'example_bash_operator' retrieved from /home/airflow/.local/lib/python3.12/site-packages/airflow/example_dags/example_bash_operator.py
[2024-07-26T00:08:09.554+0000] {logging_mixin.py:188} INFO - [2024-07-26T00:08:09.553+0000] {dag.py:3089} INFO - Sync 1 DAGs
[2024-07-26T00:08:09.570+0000] {logging_mixin.py:188} INFO - [2024-07-26T00:08:09.570+0000] {dag.py:3947} INFO - Setting next_dagrun for example_bash_operator to 2024-07-25 00:00:00+00:00, run_after=2024-07-26 00:00:00+00:00
[2024-07-26T00:08:09.582+0000] {processor.py:183} INFO - Processing /home/airflow/.local/lib/python3.12/site-packages/airflow/example_dags/example_bash_operator.py took 0.061 seconds
[2024-07-26T00:08:40.078+0000] {processor.py:161} INFO - Started process (PID=13424) to work on /home/airflow/.local/lib/python3.12/site-packages/airflow/example_dags/example_bash_operator.py
[2024-07-26T00:08:40.079+0000] {processor.py:830} INFO - Processing file /home/airflow/.local/lib/python3.12/site-packages/airflow/example_dags/example_bash_operator.py for tasks to queue
[2024-07-26T00:08:40.080+0000] {logging_mixin.py:188} INFO - [2024-07-26T00:08:40.080+0000] {dagbag.py:545} INFO - Filling up the DagBag from /home/airflow/.local/lib/python3.12/site-packages/airflow/example_dags/example_bash_operator.py
[2024-07-26T00:08:40.087+0000] {processor.py:840} INFO - DAG(s) 'example_bash_operator' retrieved from /home/airflow/.local/lib/python3.12/site-packages/airflow/example_dags/example_bash_operator.py
[2024-07-26T00:08:40.105+0000] {logging_mixin.py:188} INFO - [2024-07-26T00:08:40.105+0000] {dag.py:3089} INFO - Sync 1 DAGs
[2024-07-26T00:08:40.120+0000] {logging_mixin.py:188} INFO - [2024-07-26T00:08:40.120+0000] {dag.py:3947} INFO - Setting next_dagrun for example_bash_operator to 2024-07-25 00:00:00+00:00, run_after=2024-07-26 00:00:00+00:00
[2024-07-26T00:08:40.135+0000] {processor.py:183} INFO - Processing /home/airflow/.local/lib/python3.12/site-packages/airflow/example_dags/example_bash_operator.py took 0.061 seconds
[2024-07-26T00:09:10.527+0000] {processor.py:161} INFO - Started process (PID=13483) to work on /home/airflow/.local/lib/python3.12/site-packages/airflow/example_dags/example_bash_operator.py
[2024-07-26T00:09:10.528+0000] {processor.py:830} INFO - Processing file /home/airflow/.local/lib/python3.12/site-packages/airflow/example_dags/example_bash_operator.py for tasks to queue
[2024-07-26T00:09:10.530+0000] {logging_mixin.py:188} INFO - [2024-07-26T00:09:10.529+0000] {dagbag.py:545} INFO - Filling up the DagBag from /home/airflow/.local/lib/python3.12/site-packages/airflow/example_dags/example_bash_operator.py
[2024-07-26T00:09:10.538+0000] {processor.py:840} INFO - DAG(s) 'example_bash_operator' retrieved from /home/airflow/.local/lib/python3.12/site-packages/airflow/example_dags/example_bash_operator.py
[2024-07-26T00:09:10.559+0000] {logging_mixin.py:188} INFO - [2024-07-26T00:09:10.559+0000] {dag.py:3089} INFO - Sync 1 DAGs
[2024-07-26T00:09:10.579+0000] {logging_mixin.py:188} INFO - [2024-07-26T00:09:10.578+0000] {dag.py:3947} INFO - Setting next_dagrun for example_bash_operator to 2024-07-25 00:00:00+00:00, run_after=2024-07-26 00:00:00+00:00
[2024-07-26T00:09:10.597+0000] {processor.py:183} INFO - Processing /home/airflow/.local/lib/python3.12/site-packages/airflow/example_dags/example_bash_operator.py took 0.074 seconds
[2024-07-26T00:09:41.036+0000] {processor.py:161} INFO - Started process (PID=13542) to work on /home/airflow/.local/lib/python3.12/site-packages/airflow/example_dags/example_bash_operator.py
[2024-07-26T00:09:41.037+0000] {processor.py:830} INFO - Processing file /home/airflow/.local/lib/python3.12/site-packages/airflow/example_dags/example_bash_operator.py for tasks to queue
[2024-07-26T00:09:41.039+0000] {logging_mixin.py:188} INFO - [2024-07-26T00:09:41.038+0000] {dagbag.py:545} INFO - Filling up the DagBag from /home/airflow/.local/lib/python3.12/site-packages/airflow/example_dags/example_bash_operator.py
[2024-07-26T00:09:41.047+0000] {processor.py:840} INFO - DAG(s) 'example_bash_operator' retrieved from /home/airflow/.local/lib/python3.12/site-packages/airflow/example_dags/example_bash_operator.py
[2024-07-26T00:09:41.072+0000] {logging_mixin.py:188} INFO - [2024-07-26T00:09:41.071+0000] {dag.py:3089} INFO - Sync 1 DAGs
[2024-07-26T00:09:41.091+0000] {logging_mixin.py:188} INFO - [2024-07-26T00:09:41.091+0000] {dag.py:3947} INFO - Setting next_dagrun for example_bash_operator to 2024-07-25 00:00:00+00:00, run_after=2024-07-26 00:00:00+00:00
[2024-07-26T00:09:41.108+0000] {processor.py:183} INFO - Processing /home/airflow/.local/lib/python3.12/site-packages/airflow/example_dags/example_bash_operator.py took 0.077 seconds
[2024-07-26T00:10:11.612+0000] {processor.py:161} INFO - Started process (PID=13601) to work on /home/airflow/.local/lib/python3.12/site-packages/airflow/example_dags/example_bash_operator.py
[2024-07-26T00:10:11.613+0000] {processor.py:830} INFO - Processing file /home/airflow/.local/lib/python3.12/site-packages/airflow/example_dags/example_bash_operator.py for tasks to queue
[2024-07-26T00:10:11.614+0000] {logging_mixin.py:188} INFO - [2024-07-26T00:10:11.614+0000] {dagbag.py:545} INFO - Filling up the DagBag from /home/airflow/.local/lib/python3.12/site-packages/airflow/example_dags/example_bash_operator.py
[2024-07-26T00:10:11.623+0000] {processor.py:840} INFO - DAG(s) 'example_bash_operator' retrieved from /home/airflow/.local/lib/python3.12/site-packages/airflow/example_dags/example_bash_operator.py
[2024-07-26T00:10:11.644+0000] {logging_mixin.py:188} INFO - [2024-07-26T00:10:11.644+0000] {dag.py:3089} INFO - Sync 1 DAGs
[2024-07-26T00:10:11.660+0000] {logging_mixin.py:188} INFO - [2024-07-26T00:10:11.660+0000] {dag.py:3947} INFO - Setting next_dagrun for example_bash_operator to 2024-07-25 00:00:00+00:00, run_after=2024-07-26 00:00:00+00:00
[2024-07-26T00:10:11.674+0000] {processor.py:183} INFO - Processing /home/airflow/.local/lib/python3.12/site-packages/airflow/example_dags/example_bash_operator.py took 0.066 seconds
[2024-07-26T00:10:42.080+0000] {processor.py:161} INFO - Started process (PID=13660) to work on /home/airflow/.local/lib/python3.12/site-packages/airflow/example_dags/example_bash_operator.py
[2024-07-26T00:10:42.081+0000] {processor.py:830} INFO - Processing file /home/airflow/.local/lib/python3.12/site-packages/airflow/example_dags/example_bash_operator.py for tasks to queue
[2024-07-26T00:10:42.082+0000] {logging_mixin.py:188} INFO - [2024-07-26T00:10:42.082+0000] {dagbag.py:545} INFO - Filling up the DagBag from /home/airflow/.local/lib/python3.12/site-packages/airflow/example_dags/example_bash_operator.py
[2024-07-26T00:10:42.090+0000] {processor.py:840} INFO - DAG(s) 'example_bash_operator' retrieved from /home/airflow/.local/lib/python3.12/site-packages/airflow/example_dags/example_bash_operator.py
[2024-07-26T00:10:42.108+0000] {logging_mixin.py:188} INFO - [2024-07-26T00:10:42.108+0000] {dag.py:3089} INFO - Sync 1 DAGs
[2024-07-26T00:10:42.124+0000] {logging_mixin.py:188} INFO - [2024-07-26T00:10:42.124+0000] {dag.py:3947} INFO - Setting next_dagrun for example_bash_operator to 2024-07-25 00:00:00+00:00, run_after=2024-07-26 00:00:00+00:00
[2024-07-26T00:10:42.139+0000] {processor.py:183} INFO - Processing /home/airflow/.local/lib/python3.12/site-packages/airflow/example_dags/example_bash_operator.py took 0.063 seconds
[2024-07-26T00:11:12.469+0000] {processor.py:161} INFO - Started process (PID=13719) to work on /home/airflow/.local/lib/python3.12/site-packages/airflow/example_dags/example_bash_operator.py
[2024-07-26T00:11:12.470+0000] {processor.py:830} INFO - Processing file /home/airflow/.local/lib/python3.12/site-packages/airflow/example_dags/example_bash_operator.py for tasks to queue
[2024-07-26T00:11:12.472+0000] {logging_mixin.py:188} INFO - [2024-07-26T00:11:12.471+0000] {dagbag.py:545} INFO - Filling up the DagBag from /home/airflow/.local/lib/python3.12/site-packages/airflow/example_dags/example_bash_operator.py
[2024-07-26T00:11:12.479+0000] {processor.py:840} INFO - DAG(s) 'example_bash_operator' retrieved from /home/airflow/.local/lib/python3.12/site-packages/airflow/example_dags/example_bash_operator.py
[2024-07-26T00:11:12.499+0000] {logging_mixin.py:188} INFO - [2024-07-26T00:11:12.499+0000] {dag.py:3089} INFO - Sync 1 DAGs
[2024-07-26T00:11:12.516+0000] {logging_mixin.py:188} INFO - [2024-07-26T00:11:12.516+0000] {dag.py:3947} INFO - Setting next_dagrun for example_bash_operator to 2024-07-25 00:00:00+00:00, run_after=2024-07-26 00:00:00+00:00
[2024-07-26T00:11:12.531+0000] {processor.py:183} INFO - Processing /home/airflow/.local/lib/python3.12/site-packages/airflow/example_dags/example_bash_operator.py took 0.066 seconds
[2024-07-26T00:11:42.965+0000] {processor.py:161} INFO - Started process (PID=13778) to work on /home/airflow/.local/lib/python3.12/site-packages/airflow/example_dags/example_bash_operator.py
[2024-07-26T00:11:42.966+0000] {processor.py:830} INFO - Processing file /home/airflow/.local/lib/python3.12/site-packages/airflow/example_dags/example_bash_operator.py for tasks to queue
[2024-07-26T00:11:42.967+0000] {logging_mixin.py:188} INFO - [2024-07-26T00:11:42.967+0000] {dagbag.py:545} INFO - Filling up the DagBag from /home/airflow/.local/lib/python3.12/site-packages/airflow/example_dags/example_bash_operator.py
[2024-07-26T00:11:42.975+0000] {processor.py:840} INFO - DAG(s) 'example_bash_operator' retrieved from /home/airflow/.local/lib/python3.12/site-packages/airflow/example_dags/example_bash_operator.py
[2024-07-26T00:11:42.995+0000] {logging_mixin.py:188} INFO - [2024-07-26T00:11:42.995+0000] {dag.py:3089} INFO - Sync 1 DAGs
[2024-07-26T00:11:43.012+0000] {logging_mixin.py:188} INFO - [2024-07-26T00:11:43.012+0000] {dag.py:3947} INFO - Setting next_dagrun for example_bash_operator to 2024-07-25 00:00:00+00:00, run_after=2024-07-26 00:00:00+00:00
[2024-07-26T00:11:43.027+0000] {processor.py:183} INFO - Processing /home/airflow/.local/lib/python3.12/site-packages/airflow/example_dags/example_bash_operator.py took 0.067 seconds
[2024-07-26T00:14:36.492+0000] {processor.py:161} INFO - Started process (PID=68) to work on /home/airflow/.local/lib/python3.12/site-packages/airflow/example_dags/example_bash_operator.py
[2024-07-26T00:14:36.493+0000] {processor.py:830} INFO - Processing file /home/airflow/.local/lib/python3.12/site-packages/airflow/example_dags/example_bash_operator.py for tasks to queue
[2024-07-26T00:14:36.495+0000] {logging_mixin.py:188} INFO - [2024-07-26T00:14:36.495+0000] {dagbag.py:545} INFO - Filling up the DagBag from /home/airflow/.local/lib/python3.12/site-packages/airflow/example_dags/example_bash_operator.py
[2024-07-26T00:14:36.507+0000] {processor.py:840} INFO - DAG(s) 'example_bash_operator' retrieved from /home/airflow/.local/lib/python3.12/site-packages/airflow/example_dags/example_bash_operator.py
[2024-07-26T00:14:36.528+0000] {logging_mixin.py:188} INFO - [2024-07-26T00:14:36.528+0000] {dag.py:3089} INFO - Sync 1 DAGs
[2024-07-26T00:14:36.555+0000] {logging_mixin.py:188} INFO - [2024-07-26T00:14:36.555+0000] {dag.py:3947} INFO - Setting next_dagrun for example_bash_operator to 2024-07-25 00:00:00+00:00, run_after=2024-07-26 00:00:00+00:00
[2024-07-26T00:14:36.577+0000] {processor.py:183} INFO - Processing /home/airflow/.local/lib/python3.12/site-packages/airflow/example_dags/example_bash_operator.py took 0.091 seconds
[2024-07-26T00:15:08.122+0000] {processor.py:161} INFO - Started process (PID=127) to work on /home/airflow/.local/lib/python3.12/site-packages/airflow/example_dags/example_bash_operator.py
[2024-07-26T00:15:08.123+0000] {processor.py:830} INFO - Processing file /home/airflow/.local/lib/python3.12/site-packages/airflow/example_dags/example_bash_operator.py for tasks to queue
[2024-07-26T00:15:08.124+0000] {logging_mixin.py:188} INFO - [2024-07-26T00:15:08.124+0000] {dagbag.py:545} INFO - Filling up the DagBag from /home/airflow/.local/lib/python3.12/site-packages/airflow/example_dags/example_bash_operator.py
[2024-07-26T00:15:08.131+0000] {processor.py:840} INFO - DAG(s) 'example_bash_operator' retrieved from /home/airflow/.local/lib/python3.12/site-packages/airflow/example_dags/example_bash_operator.py
[2024-07-26T00:15:08.220+0000] {logging_mixin.py:188} INFO - [2024-07-26T00:15:08.220+0000] {dag.py:3089} INFO - Sync 1 DAGs
[2024-07-26T00:15:08.234+0000] {logging_mixin.py:188} INFO - [2024-07-26T00:15:08.234+0000] {dag.py:3947} INFO - Setting next_dagrun for example_bash_operator to 2024-07-25 00:00:00+00:00, run_after=2024-07-26 00:00:00+00:00
[2024-07-26T00:15:08.249+0000] {processor.py:183} INFO - Processing /home/airflow/.local/lib/python3.12/site-packages/airflow/example_dags/example_bash_operator.py took 0.131 seconds
[2024-07-26T00:15:38.638+0000] {processor.py:161} INFO - Started process (PID=186) to work on /home/airflow/.local/lib/python3.12/site-packages/airflow/example_dags/example_bash_operator.py
[2024-07-26T00:15:38.639+0000] {processor.py:830} INFO - Processing file /home/airflow/.local/lib/python3.12/site-packages/airflow/example_dags/example_bash_operator.py for tasks to queue
[2024-07-26T00:15:38.640+0000] {logging_mixin.py:188} INFO - [2024-07-26T00:15:38.640+0000] {dagbag.py:545} INFO - Filling up the DagBag from /home/airflow/.local/lib/python3.12/site-packages/airflow/example_dags/example_bash_operator.py
[2024-07-26T00:15:38.649+0000] {processor.py:840} INFO - DAG(s) 'example_bash_operator' retrieved from /home/airflow/.local/lib/python3.12/site-packages/airflow/example_dags/example_bash_operator.py
[2024-07-26T00:15:38.672+0000] {logging_mixin.py:188} INFO - [2024-07-26T00:15:38.672+0000] {dag.py:3089} INFO - Sync 1 DAGs
[2024-07-26T00:15:38.691+0000] {logging_mixin.py:188} INFO - [2024-07-26T00:15:38.691+0000] {dag.py:3947} INFO - Setting next_dagrun for example_bash_operator to 2024-07-25 00:00:00+00:00, run_after=2024-07-26 00:00:00+00:00
[2024-07-26T00:15:38.709+0000] {processor.py:183} INFO - Processing /home/airflow/.local/lib/python3.12/site-packages/airflow/example_dags/example_bash_operator.py took 0.075 seconds
[2024-07-26T00:16:08.788+0000] {processor.py:161} INFO - Started process (PID=245) to work on /home/airflow/.local/lib/python3.12/site-packages/airflow/example_dags/example_bash_operator.py
[2024-07-26T00:16:08.788+0000] {processor.py:830} INFO - Processing file /home/airflow/.local/lib/python3.12/site-packages/airflow/example_dags/example_bash_operator.py for tasks to queue
[2024-07-26T00:16:08.790+0000] {logging_mixin.py:188} INFO - [2024-07-26T00:16:08.790+0000] {dagbag.py:545} INFO - Filling up the DagBag from /home/airflow/.local/lib/python3.12/site-packages/airflow/example_dags/example_bash_operator.py
[2024-07-26T00:16:08.797+0000] {processor.py:840} INFO - DAG(s) 'example_bash_operator' retrieved from /home/airflow/.local/lib/python3.12/site-packages/airflow/example_dags/example_bash_operator.py
[2024-07-26T00:16:08.817+0000] {logging_mixin.py:188} INFO - [2024-07-26T00:16:08.817+0000] {dag.py:3089} INFO - Sync 1 DAGs
[2024-07-26T00:16:08.834+0000] {logging_mixin.py:188} INFO - [2024-07-26T00:16:08.833+0000] {dag.py:3947} INFO - Setting next_dagrun for example_bash_operator to 2024-07-25 00:00:00+00:00, run_after=2024-07-26 00:00:00+00:00
[2024-07-26T00:16:08.847+0000] {processor.py:183} INFO - Processing /home/airflow/.local/lib/python3.12/site-packages/airflow/example_dags/example_bash_operator.py took 0.063 seconds
[2024-07-26T00:16:39.322+0000] {processor.py:161} INFO - Started process (PID=304) to work on /home/airflow/.local/lib/python3.12/site-packages/airflow/example_dags/example_bash_operator.py
[2024-07-26T00:16:39.323+0000] {processor.py:830} INFO - Processing file /home/airflow/.local/lib/python3.12/site-packages/airflow/example_dags/example_bash_operator.py for tasks to queue
[2024-07-26T00:16:39.325+0000] {logging_mixin.py:188} INFO - [2024-07-26T00:16:39.324+0000] {dagbag.py:545} INFO - Filling up the DagBag from /home/airflow/.local/lib/python3.12/site-packages/airflow/example_dags/example_bash_operator.py
[2024-07-26T00:16:39.333+0000] {processor.py:840} INFO - DAG(s) 'example_bash_operator' retrieved from /home/airflow/.local/lib/python3.12/site-packages/airflow/example_dags/example_bash_operator.py
[2024-07-26T00:16:39.354+0000] {logging_mixin.py:188} INFO - [2024-07-26T00:16:39.354+0000] {dag.py:3089} INFO - Sync 1 DAGs
[2024-07-26T00:16:39.373+0000] {logging_mixin.py:188} INFO - [2024-07-26T00:16:39.373+0000] {dag.py:3947} INFO - Setting next_dagrun for example_bash_operator to 2024-07-25 00:00:00+00:00, run_after=2024-07-26 00:00:00+00:00
[2024-07-26T00:16:39.390+0000] {processor.py:183} INFO - Processing /home/airflow/.local/lib/python3.12/site-packages/airflow/example_dags/example_bash_operator.py took 0.072 seconds
[2024-07-26T00:17:09.916+0000] {processor.py:161} INFO - Started process (PID=363) to work on /home/airflow/.local/lib/python3.12/site-packages/airflow/example_dags/example_bash_operator.py
[2024-07-26T00:17:09.916+0000] {processor.py:830} INFO - Processing file /home/airflow/.local/lib/python3.12/site-packages/airflow/example_dags/example_bash_operator.py for tasks to queue
[2024-07-26T00:17:09.918+0000] {logging_mixin.py:188} INFO - [2024-07-26T00:17:09.918+0000] {dagbag.py:545} INFO - Filling up the DagBag from /home/airflow/.local/lib/python3.12/site-packages/airflow/example_dags/example_bash_operator.py
[2024-07-26T00:17:09.927+0000] {processor.py:840} INFO - DAG(s) 'example_bash_operator' retrieved from /home/airflow/.local/lib/python3.12/site-packages/airflow/example_dags/example_bash_operator.py
[2024-07-26T00:17:09.951+0000] {logging_mixin.py:188} INFO - [2024-07-26T00:17:09.951+0000] {dag.py:3089} INFO - Sync 1 DAGs
[2024-07-26T00:17:09.975+0000] {logging_mixin.py:188} INFO - [2024-07-26T00:17:09.975+0000] {dag.py:3947} INFO - Setting next_dagrun for example_bash_operator to 2024-07-25 00:00:00+00:00, run_after=2024-07-26 00:00:00+00:00
[2024-07-26T00:17:09.991+0000] {processor.py:183} INFO - Processing /home/airflow/.local/lib/python3.12/site-packages/airflow/example_dags/example_bash_operator.py took 0.080 seconds
[2024-07-26T00:17:40.430+0000] {processor.py:161} INFO - Started process (PID=423) to work on /home/airflow/.local/lib/python3.12/site-packages/airflow/example_dags/example_bash_operator.py
[2024-07-26T00:17:40.431+0000] {processor.py:830} INFO - Processing file /home/airflow/.local/lib/python3.12/site-packages/airflow/example_dags/example_bash_operator.py for tasks to queue
[2024-07-26T00:17:40.432+0000] {logging_mixin.py:188} INFO - [2024-07-26T00:17:40.432+0000] {dagbag.py:545} INFO - Filling up the DagBag from /home/airflow/.local/lib/python3.12/site-packages/airflow/example_dags/example_bash_operator.py
[2024-07-26T00:17:40.440+0000] {processor.py:840} INFO - DAG(s) 'example_bash_operator' retrieved from /home/airflow/.local/lib/python3.12/site-packages/airflow/example_dags/example_bash_operator.py
[2024-07-26T00:17:40.462+0000] {logging_mixin.py:188} INFO - [2024-07-26T00:17:40.461+0000] {dag.py:3089} INFO - Sync 1 DAGs
[2024-07-26T00:17:40.480+0000] {logging_mixin.py:188} INFO - [2024-07-26T00:17:40.479+0000] {dag.py:3947} INFO - Setting next_dagrun for example_bash_operator to 2024-07-25 00:00:00+00:00, run_after=2024-07-26 00:00:00+00:00
[2024-07-26T00:17:40.493+0000] {processor.py:183} INFO - Processing /home/airflow/.local/lib/python3.12/site-packages/airflow/example_dags/example_bash_operator.py took 0.067 seconds
[2024-07-26T00:18:10.887+0000] {processor.py:161} INFO - Started process (PID=482) to work on /home/airflow/.local/lib/python3.12/site-packages/airflow/example_dags/example_bash_operator.py
[2024-07-26T00:18:10.888+0000] {processor.py:830} INFO - Processing file /home/airflow/.local/lib/python3.12/site-packages/airflow/example_dags/example_bash_operator.py for tasks to queue
[2024-07-26T00:18:10.890+0000] {logging_mixin.py:188} INFO - [2024-07-26T00:18:10.890+0000] {dagbag.py:545} INFO - Filling up the DagBag from /home/airflow/.local/lib/python3.12/site-packages/airflow/example_dags/example_bash_operator.py
[2024-07-26T00:18:10.898+0000] {processor.py:840} INFO - DAG(s) 'example_bash_operator' retrieved from /home/airflow/.local/lib/python3.12/site-packages/airflow/example_dags/example_bash_operator.py
[2024-07-26T00:18:10.918+0000] {logging_mixin.py:188} INFO - [2024-07-26T00:18:10.918+0000] {dag.py:3089} INFO - Sync 1 DAGs
[2024-07-26T00:18:10.935+0000] {logging_mixin.py:188} INFO - [2024-07-26T00:18:10.935+0000] {dag.py:3947} INFO - Setting next_dagrun for example_bash_operator to 2024-07-25 00:00:00+00:00, run_after=2024-07-26 00:00:00+00:00
[2024-07-26T00:18:10.950+0000] {processor.py:183} INFO - Processing /home/airflow/.local/lib/python3.12/site-packages/airflow/example_dags/example_bash_operator.py took 0.066 seconds
