[2024-07-26T00:00:00.674+0000] {processor.py:161} INFO - Started process (PID=12411) to work on /home/airflow/.local/lib/python3.12/site-packages/airflow/example_dags/example_sla_dag.py
[2024-07-26T00:00:00.675+0000] {processor.py:830} INFO - Processing file /home/airflow/.local/lib/python3.12/site-packages/airflow/example_dags/example_sla_dag.py for tasks to queue
[2024-07-26T00:00:00.676+0000] {logging_mixin.py:188} INFO - [2024-07-26T00:00:00.676+0000] {dagbag.py:545} INFO - Filling up the DagBag from /home/airflow/.local/lib/python3.12/site-packages/airflow/example_dags/example_sla_dag.py
[2024-07-26T00:00:00.682+0000] {processor.py:840} INFO - DAG(s) 'example_sla_dag' retrieved from /home/airflow/.local/lib/python3.12/site-packages/airflow/example_dags/example_sla_dag.py
[2024-07-26T00:00:00.698+0000] {logging_mixin.py:188} INFO - [2024-07-26T00:00:00.697+0000] {dag.py:3089} INFO - Sync 1 DAGs
[2024-07-26T00:00:00.716+0000] {logging_mixin.py:188} INFO - [2024-07-26T00:00:00.716+0000] {dag.py:3947} INFO - Setting next_dagrun for example_sla_dag to 2024-07-25 23:58:00+00:00, run_after=2024-07-26 00:00:00+00:00
[2024-07-26T00:00:00.733+0000] {processor.py:183} INFO - Processing /home/airflow/.local/lib/python3.12/site-packages/airflow/example_dags/example_sla_dag.py took 0.064 seconds
[2024-07-26T00:00:31.232+0000] {processor.py:161} INFO - Started process (PID=12470) to work on /home/airflow/.local/lib/python3.12/site-packages/airflow/example_dags/example_sla_dag.py
[2024-07-26T00:00:31.234+0000] {processor.py:830} INFO - Processing file /home/airflow/.local/lib/python3.12/site-packages/airflow/example_dags/example_sla_dag.py for tasks to queue
[2024-07-26T00:00:31.236+0000] {logging_mixin.py:188} INFO - [2024-07-26T00:00:31.235+0000] {dagbag.py:545} INFO - Filling up the DagBag from /home/airflow/.local/lib/python3.12/site-packages/airflow/example_dags/example_sla_dag.py
[2024-07-26T00:00:31.243+0000] {processor.py:840} INFO - DAG(s) 'example_sla_dag' retrieved from /home/airflow/.local/lib/python3.12/site-packages/airflow/example_dags/example_sla_dag.py
[2024-07-26T00:00:31.260+0000] {logging_mixin.py:188} INFO - [2024-07-26T00:00:31.260+0000] {dag.py:3089} INFO - Sync 1 DAGs
[2024-07-26T00:00:31.283+0000] {logging_mixin.py:188} INFO - [2024-07-26T00:00:31.282+0000] {dag.py:3947} INFO - Setting next_dagrun for example_sla_dag to 2024-07-25 23:58:00+00:00, run_after=2024-07-26 00:00:00+00:00
[2024-07-26T00:00:31.299+0000] {processor.py:183} INFO - Processing /home/airflow/.local/lib/python3.12/site-packages/airflow/example_dags/example_sla_dag.py took 0.072 seconds
[2024-07-26T00:01:01.590+0000] {processor.py:161} INFO - Started process (PID=12529) to work on /home/airflow/.local/lib/python3.12/site-packages/airflow/example_dags/example_sla_dag.py
[2024-07-26T00:01:01.591+0000] {processor.py:830} INFO - Processing file /home/airflow/.local/lib/python3.12/site-packages/airflow/example_dags/example_sla_dag.py for tasks to queue
[2024-07-26T00:01:01.592+0000] {logging_mixin.py:188} INFO - [2024-07-26T00:01:01.592+0000] {dagbag.py:545} INFO - Filling up the DagBag from /home/airflow/.local/lib/python3.12/site-packages/airflow/example_dags/example_sla_dag.py
[2024-07-26T00:01:01.597+0000] {processor.py:840} INFO - DAG(s) 'example_sla_dag' retrieved from /home/airflow/.local/lib/python3.12/site-packages/airflow/example_dags/example_sla_dag.py
[2024-07-26T00:01:01.612+0000] {logging_mixin.py:188} INFO - [2024-07-26T00:01:01.612+0000] {dag.py:3089} INFO - Sync 1 DAGs
[2024-07-26T00:01:01.628+0000] {logging_mixin.py:188} INFO - [2024-07-26T00:01:01.628+0000] {dag.py:3947} INFO - Setting next_dagrun for example_sla_dag to 2024-07-25 23:58:00+00:00, run_after=2024-07-26 00:00:00+00:00
[2024-07-26T00:01:01.643+0000] {processor.py:183} INFO - Processing /home/airflow/.local/lib/python3.12/site-packages/airflow/example_dags/example_sla_dag.py took 0.057 seconds
[2024-07-26T00:01:32.006+0000] {processor.py:161} INFO - Started process (PID=12588) to work on /home/airflow/.local/lib/python3.12/site-packages/airflow/example_dags/example_sla_dag.py
[2024-07-26T00:01:32.007+0000] {processor.py:830} INFO - Processing file /home/airflow/.local/lib/python3.12/site-packages/airflow/example_dags/example_sla_dag.py for tasks to queue
[2024-07-26T00:01:32.008+0000] {logging_mixin.py:188} INFO - [2024-07-26T00:01:32.008+0000] {dagbag.py:545} INFO - Filling up the DagBag from /home/airflow/.local/lib/python3.12/site-packages/airflow/example_dags/example_sla_dag.py
[2024-07-26T00:01:32.014+0000] {processor.py:840} INFO - DAG(s) 'example_sla_dag' retrieved from /home/airflow/.local/lib/python3.12/site-packages/airflow/example_dags/example_sla_dag.py
[2024-07-26T00:01:32.030+0000] {logging_mixin.py:188} INFO - [2024-07-26T00:01:32.030+0000] {dag.py:3089} INFO - Sync 1 DAGs
[2024-07-26T00:01:32.050+0000] {logging_mixin.py:188} INFO - [2024-07-26T00:01:32.050+0000] {dag.py:3947} INFO - Setting next_dagrun for example_sla_dag to 2024-07-25 23:58:00+00:00, run_after=2024-07-26 00:00:00+00:00
[2024-07-26T00:01:32.067+0000] {processor.py:183} INFO - Processing /home/airflow/.local/lib/python3.12/site-packages/airflow/example_dags/example_sla_dag.py took 0.066 seconds
[2024-07-26T00:02:02.382+0000] {processor.py:161} INFO - Started process (PID=12647) to work on /home/airflow/.local/lib/python3.12/site-packages/airflow/example_dags/example_sla_dag.py
[2024-07-26T00:02:02.383+0000] {processor.py:830} INFO - Processing file /home/airflow/.local/lib/python3.12/site-packages/airflow/example_dags/example_sla_dag.py for tasks to queue
[2024-07-26T00:02:02.384+0000] {logging_mixin.py:188} INFO - [2024-07-26T00:02:02.384+0000] {dagbag.py:545} INFO - Filling up the DagBag from /home/airflow/.local/lib/python3.12/site-packages/airflow/example_dags/example_sla_dag.py
[2024-07-26T00:02:02.390+0000] {processor.py:840} INFO - DAG(s) 'example_sla_dag' retrieved from /home/airflow/.local/lib/python3.12/site-packages/airflow/example_dags/example_sla_dag.py
[2024-07-26T00:02:02.407+0000] {logging_mixin.py:188} INFO - [2024-07-26T00:02:02.407+0000] {dag.py:3089} INFO - Sync 1 DAGs
[2024-07-26T00:02:02.426+0000] {logging_mixin.py:188} INFO - [2024-07-26T00:02:02.426+0000] {dag.py:3947} INFO - Setting next_dagrun for example_sla_dag to 2024-07-26 00:00:00+00:00, run_after=2024-07-26 00:02:00+00:00
[2024-07-26T00:02:02.444+0000] {processor.py:183} INFO - Processing /home/airflow/.local/lib/python3.12/site-packages/airflow/example_dags/example_sla_dag.py took 0.066 seconds
[2024-07-26T00:02:32.927+0000] {processor.py:161} INFO - Started process (PID=12706) to work on /home/airflow/.local/lib/python3.12/site-packages/airflow/example_dags/example_sla_dag.py
[2024-07-26T00:02:32.928+0000] {processor.py:830} INFO - Processing file /home/airflow/.local/lib/python3.12/site-packages/airflow/example_dags/example_sla_dag.py for tasks to queue
[2024-07-26T00:02:32.929+0000] {logging_mixin.py:188} INFO - [2024-07-26T00:02:32.929+0000] {dagbag.py:545} INFO - Filling up the DagBag from /home/airflow/.local/lib/python3.12/site-packages/airflow/example_dags/example_sla_dag.py
[2024-07-26T00:02:32.935+0000] {processor.py:840} INFO - DAG(s) 'example_sla_dag' retrieved from /home/airflow/.local/lib/python3.12/site-packages/airflow/example_dags/example_sla_dag.py
[2024-07-26T00:02:32.952+0000] {logging_mixin.py:188} INFO - [2024-07-26T00:02:32.951+0000] {dag.py:3089} INFO - Sync 1 DAGs
[2024-07-26T00:02:32.970+0000] {logging_mixin.py:188} INFO - [2024-07-26T00:02:32.970+0000] {dag.py:3947} INFO - Setting next_dagrun for example_sla_dag to 2024-07-26 00:00:00+00:00, run_after=2024-07-26 00:02:00+00:00
[2024-07-26T00:02:32.986+0000] {processor.py:183} INFO - Processing /home/airflow/.local/lib/python3.12/site-packages/airflow/example_dags/example_sla_dag.py took 0.064 seconds
[2024-07-26T00:03:03.277+0000] {processor.py:161} INFO - Started process (PID=12765) to work on /home/airflow/.local/lib/python3.12/site-packages/airflow/example_dags/example_sla_dag.py
[2024-07-26T00:03:03.278+0000] {processor.py:830} INFO - Processing file /home/airflow/.local/lib/python3.12/site-packages/airflow/example_dags/example_sla_dag.py for tasks to queue
[2024-07-26T00:03:03.279+0000] {logging_mixin.py:188} INFO - [2024-07-26T00:03:03.279+0000] {dagbag.py:545} INFO - Filling up the DagBag from /home/airflow/.local/lib/python3.12/site-packages/airflow/example_dags/example_sla_dag.py
[2024-07-26T00:03:03.284+0000] {processor.py:840} INFO - DAG(s) 'example_sla_dag' retrieved from /home/airflow/.local/lib/python3.12/site-packages/airflow/example_dags/example_sla_dag.py
[2024-07-26T00:03:03.299+0000] {logging_mixin.py:188} INFO - [2024-07-26T00:03:03.299+0000] {dag.py:3089} INFO - Sync 1 DAGs
[2024-07-26T00:03:03.316+0000] {logging_mixin.py:188} INFO - [2024-07-26T00:03:03.316+0000] {dag.py:3947} INFO - Setting next_dagrun for example_sla_dag to 2024-07-26 00:00:00+00:00, run_after=2024-07-26 00:02:00+00:00
[2024-07-26T00:03:03.331+0000] {processor.py:183} INFO - Processing /home/airflow/.local/lib/python3.12/site-packages/airflow/example_dags/example_sla_dag.py took 0.057 seconds
[2024-07-26T00:03:33.808+0000] {processor.py:161} INFO - Started process (PID=12824) to work on /home/airflow/.local/lib/python3.12/site-packages/airflow/example_dags/example_sla_dag.py
[2024-07-26T00:03:33.809+0000] {processor.py:830} INFO - Processing file /home/airflow/.local/lib/python3.12/site-packages/airflow/example_dags/example_sla_dag.py for tasks to queue
[2024-07-26T00:03:33.810+0000] {logging_mixin.py:188} INFO - [2024-07-26T00:03:33.810+0000] {dagbag.py:545} INFO - Filling up the DagBag from /home/airflow/.local/lib/python3.12/site-packages/airflow/example_dags/example_sla_dag.py
[2024-07-26T00:03:33.816+0000] {processor.py:840} INFO - DAG(s) 'example_sla_dag' retrieved from /home/airflow/.local/lib/python3.12/site-packages/airflow/example_dags/example_sla_dag.py
[2024-07-26T00:03:33.830+0000] {logging_mixin.py:188} INFO - [2024-07-26T00:03:33.829+0000] {dag.py:3089} INFO - Sync 1 DAGs
[2024-07-26T00:03:33.847+0000] {logging_mixin.py:188} INFO - [2024-07-26T00:03:33.846+0000] {dag.py:3947} INFO - Setting next_dagrun for example_sla_dag to 2024-07-26 00:00:00+00:00, run_after=2024-07-26 00:02:00+00:00
[2024-07-26T00:03:33.862+0000] {processor.py:183} INFO - Processing /home/airflow/.local/lib/python3.12/site-packages/airflow/example_dags/example_sla_dag.py took 0.058 seconds
[2024-07-26T00:04:04.235+0000] {processor.py:161} INFO - Started process (PID=12883) to work on /home/airflow/.local/lib/python3.12/site-packages/airflow/example_dags/example_sla_dag.py
[2024-07-26T00:04:04.236+0000] {processor.py:830} INFO - Processing file /home/airflow/.local/lib/python3.12/site-packages/airflow/example_dags/example_sla_dag.py for tasks to queue
[2024-07-26T00:04:04.237+0000] {logging_mixin.py:188} INFO - [2024-07-26T00:04:04.237+0000] {dagbag.py:545} INFO - Filling up the DagBag from /home/airflow/.local/lib/python3.12/site-packages/airflow/example_dags/example_sla_dag.py
[2024-07-26T00:04:04.242+0000] {processor.py:840} INFO - DAG(s) 'example_sla_dag' retrieved from /home/airflow/.local/lib/python3.12/site-packages/airflow/example_dags/example_sla_dag.py
[2024-07-26T00:04:04.257+0000] {logging_mixin.py:188} INFO - [2024-07-26T00:04:04.257+0000] {dag.py:3089} INFO - Sync 1 DAGs
[2024-07-26T00:04:04.272+0000] {logging_mixin.py:188} INFO - [2024-07-26T00:04:04.272+0000] {dag.py:3947} INFO - Setting next_dagrun for example_sla_dag to 2024-07-26 00:02:00+00:00, run_after=2024-07-26 00:04:00+00:00
[2024-07-26T00:04:04.287+0000] {processor.py:183} INFO - Processing /home/airflow/.local/lib/python3.12/site-packages/airflow/example_dags/example_sla_dag.py took 0.056 seconds
[2024-07-26T00:04:34.801+0000] {processor.py:161} INFO - Started process (PID=12942) to work on /home/airflow/.local/lib/python3.12/site-packages/airflow/example_dags/example_sla_dag.py
[2024-07-26T00:04:34.802+0000] {processor.py:830} INFO - Processing file /home/airflow/.local/lib/python3.12/site-packages/airflow/example_dags/example_sla_dag.py for tasks to queue
[2024-07-26T00:04:34.803+0000] {logging_mixin.py:188} INFO - [2024-07-26T00:04:34.803+0000] {dagbag.py:545} INFO - Filling up the DagBag from /home/airflow/.local/lib/python3.12/site-packages/airflow/example_dags/example_sla_dag.py
[2024-07-26T00:04:34.808+0000] {processor.py:840} INFO - DAG(s) 'example_sla_dag' retrieved from /home/airflow/.local/lib/python3.12/site-packages/airflow/example_dags/example_sla_dag.py
[2024-07-26T00:04:34.823+0000] {logging_mixin.py:188} INFO - [2024-07-26T00:04:34.823+0000] {dag.py:3089} INFO - Sync 1 DAGs
[2024-07-26T00:04:34.841+0000] {logging_mixin.py:188} INFO - [2024-07-26T00:04:34.841+0000] {dag.py:3947} INFO - Setting next_dagrun for example_sla_dag to 2024-07-26 00:02:00+00:00, run_after=2024-07-26 00:04:00+00:00
[2024-07-26T00:04:34.853+0000] {processor.py:183} INFO - Processing /home/airflow/.local/lib/python3.12/site-packages/airflow/example_dags/example_sla_dag.py took 0.056 seconds
[2024-07-26T00:05:05.121+0000] {processor.py:161} INFO - Started process (PID=13001) to work on /home/airflow/.local/lib/python3.12/site-packages/airflow/example_dags/example_sla_dag.py
[2024-07-26T00:05:05.122+0000] {processor.py:830} INFO - Processing file /home/airflow/.local/lib/python3.12/site-packages/airflow/example_dags/example_sla_dag.py for tasks to queue
[2024-07-26T00:05:05.124+0000] {logging_mixin.py:188} INFO - [2024-07-26T00:05:05.124+0000] {dagbag.py:545} INFO - Filling up the DagBag from /home/airflow/.local/lib/python3.12/site-packages/airflow/example_dags/example_sla_dag.py
[2024-07-26T00:05:05.130+0000] {processor.py:840} INFO - DAG(s) 'example_sla_dag' retrieved from /home/airflow/.local/lib/python3.12/site-packages/airflow/example_dags/example_sla_dag.py
[2024-07-26T00:05:05.144+0000] {logging_mixin.py:188} INFO - [2024-07-26T00:05:05.144+0000] {dag.py:3089} INFO - Sync 1 DAGs
[2024-07-26T00:05:05.161+0000] {logging_mixin.py:188} INFO - [2024-07-26T00:05:05.161+0000] {dag.py:3947} INFO - Setting next_dagrun for example_sla_dag to 2024-07-26 00:02:00+00:00, run_after=2024-07-26 00:04:00+00:00
[2024-07-26T00:05:05.176+0000] {processor.py:183} INFO - Processing /home/airflow/.local/lib/python3.12/site-packages/airflow/example_dags/example_sla_dag.py took 0.058 seconds
[2024-07-26T00:05:35.676+0000] {processor.py:161} INFO - Started process (PID=13060) to work on /home/airflow/.local/lib/python3.12/site-packages/airflow/example_dags/example_sla_dag.py
[2024-07-26T00:05:35.676+0000] {processor.py:830} INFO - Processing file /home/airflow/.local/lib/python3.12/site-packages/airflow/example_dags/example_sla_dag.py for tasks to queue
[2024-07-26T00:05:35.678+0000] {logging_mixin.py:188} INFO - [2024-07-26T00:05:35.678+0000] {dagbag.py:545} INFO - Filling up the DagBag from /home/airflow/.local/lib/python3.12/site-packages/airflow/example_dags/example_sla_dag.py
[2024-07-26T00:05:35.683+0000] {processor.py:840} INFO - DAG(s) 'example_sla_dag' retrieved from /home/airflow/.local/lib/python3.12/site-packages/airflow/example_dags/example_sla_dag.py
[2024-07-26T00:05:35.697+0000] {logging_mixin.py:188} INFO - [2024-07-26T00:05:35.697+0000] {dag.py:3089} INFO - Sync 1 DAGs
[2024-07-26T00:05:35.714+0000] {logging_mixin.py:188} INFO - [2024-07-26T00:05:35.714+0000] {dag.py:3947} INFO - Setting next_dagrun for example_sla_dag to 2024-07-26 00:02:00+00:00, run_after=2024-07-26 00:04:00+00:00
[2024-07-26T00:05:35.728+0000] {processor.py:183} INFO - Processing /home/airflow/.local/lib/python3.12/site-packages/airflow/example_dags/example_sla_dag.py took 0.056 seconds
[2024-07-26T00:06:06.182+0000] {processor.py:161} INFO - Started process (PID=13119) to work on /home/airflow/.local/lib/python3.12/site-packages/airflow/example_dags/example_sla_dag.py
[2024-07-26T00:06:06.183+0000] {processor.py:830} INFO - Processing file /home/airflow/.local/lib/python3.12/site-packages/airflow/example_dags/example_sla_dag.py for tasks to queue
[2024-07-26T00:06:06.185+0000] {logging_mixin.py:188} INFO - [2024-07-26T00:06:06.185+0000] {dagbag.py:545} INFO - Filling up the DagBag from /home/airflow/.local/lib/python3.12/site-packages/airflow/example_dags/example_sla_dag.py
[2024-07-26T00:06:06.191+0000] {processor.py:840} INFO - DAG(s) 'example_sla_dag' retrieved from /home/airflow/.local/lib/python3.12/site-packages/airflow/example_dags/example_sla_dag.py
[2024-07-26T00:06:06.208+0000] {logging_mixin.py:188} INFO - [2024-07-26T00:06:06.207+0000] {dag.py:3089} INFO - Sync 1 DAGs
[2024-07-26T00:06:06.227+0000] {logging_mixin.py:188} INFO - [2024-07-26T00:06:06.226+0000] {dag.py:3947} INFO - Setting next_dagrun for example_sla_dag to 2024-07-26 00:04:00+00:00, run_after=2024-07-26 00:06:00+00:00
[2024-07-26T00:06:06.241+0000] {processor.py:183} INFO - Processing /home/airflow/.local/lib/python3.12/site-packages/airflow/example_dags/example_sla_dag.py took 0.063 seconds
[2024-07-26T00:06:36.666+0000] {processor.py:161} INFO - Started process (PID=13178) to work on /home/airflow/.local/lib/python3.12/site-packages/airflow/example_dags/example_sla_dag.py
[2024-07-26T00:06:36.666+0000] {processor.py:830} INFO - Processing file /home/airflow/.local/lib/python3.12/site-packages/airflow/example_dags/example_sla_dag.py for tasks to queue
[2024-07-26T00:06:36.668+0000] {logging_mixin.py:188} INFO - [2024-07-26T00:06:36.668+0000] {dagbag.py:545} INFO - Filling up the DagBag from /home/airflow/.local/lib/python3.12/site-packages/airflow/example_dags/example_sla_dag.py
[2024-07-26T00:06:36.674+0000] {processor.py:840} INFO - DAG(s) 'example_sla_dag' retrieved from /home/airflow/.local/lib/python3.12/site-packages/airflow/example_dags/example_sla_dag.py
[2024-07-26T00:06:36.689+0000] {logging_mixin.py:188} INFO - [2024-07-26T00:06:36.689+0000] {dag.py:3089} INFO - Sync 1 DAGs
[2024-07-26T00:06:36.708+0000] {logging_mixin.py:188} INFO - [2024-07-26T00:06:36.708+0000] {dag.py:3947} INFO - Setting next_dagrun for example_sla_dag to 2024-07-26 00:04:00+00:00, run_after=2024-07-26 00:06:00+00:00
[2024-07-26T00:06:36.726+0000] {processor.py:183} INFO - Processing /home/airflow/.local/lib/python3.12/site-packages/airflow/example_dags/example_sla_dag.py took 0.064 seconds
[2024-07-26T00:07:07.130+0000] {processor.py:161} INFO - Started process (PID=13237) to work on /home/airflow/.local/lib/python3.12/site-packages/airflow/example_dags/example_sla_dag.py
[2024-07-26T00:07:07.131+0000] {processor.py:830} INFO - Processing file /home/airflow/.local/lib/python3.12/site-packages/airflow/example_dags/example_sla_dag.py for tasks to queue
[2024-07-26T00:07:07.132+0000] {logging_mixin.py:188} INFO - [2024-07-26T00:07:07.132+0000] {dagbag.py:545} INFO - Filling up the DagBag from /home/airflow/.local/lib/python3.12/site-packages/airflow/example_dags/example_sla_dag.py
[2024-07-26T00:07:07.138+0000] {processor.py:840} INFO - DAG(s) 'example_sla_dag' retrieved from /home/airflow/.local/lib/python3.12/site-packages/airflow/example_dags/example_sla_dag.py
[2024-07-26T00:07:07.154+0000] {logging_mixin.py:188} INFO - [2024-07-26T00:07:07.154+0000] {dag.py:3089} INFO - Sync 1 DAGs
[2024-07-26T00:07:07.172+0000] {logging_mixin.py:188} INFO - [2024-07-26T00:07:07.171+0000] {dag.py:3947} INFO - Setting next_dagrun for example_sla_dag to 2024-07-26 00:04:00+00:00, run_after=2024-07-26 00:06:00+00:00
[2024-07-26T00:07:07.189+0000] {processor.py:183} INFO - Processing /home/airflow/.local/lib/python3.12/site-packages/airflow/example_dags/example_sla_dag.py took 0.063 seconds
[2024-07-26T00:07:37.600+0000] {processor.py:161} INFO - Started process (PID=13296) to work on /home/airflow/.local/lib/python3.12/site-packages/airflow/example_dags/example_sla_dag.py
[2024-07-26T00:07:37.601+0000] {processor.py:830} INFO - Processing file /home/airflow/.local/lib/python3.12/site-packages/airflow/example_dags/example_sla_dag.py for tasks to queue
[2024-07-26T00:07:37.603+0000] {logging_mixin.py:188} INFO - [2024-07-26T00:07:37.603+0000] {dagbag.py:545} INFO - Filling up the DagBag from /home/airflow/.local/lib/python3.12/site-packages/airflow/example_dags/example_sla_dag.py
[2024-07-26T00:07:37.610+0000] {processor.py:840} INFO - DAG(s) 'example_sla_dag' retrieved from /home/airflow/.local/lib/python3.12/site-packages/airflow/example_dags/example_sla_dag.py
[2024-07-26T00:07:37.629+0000] {logging_mixin.py:188} INFO - [2024-07-26T00:07:37.629+0000] {dag.py:3089} INFO - Sync 1 DAGs
[2024-07-26T00:07:37.651+0000] {logging_mixin.py:188} INFO - [2024-07-26T00:07:37.651+0000] {dag.py:3947} INFO - Setting next_dagrun for example_sla_dag to 2024-07-26 00:04:00+00:00, run_after=2024-07-26 00:06:00+00:00
[2024-07-26T00:07:37.673+0000] {processor.py:183} INFO - Processing /home/airflow/.local/lib/python3.12/site-packages/airflow/example_dags/example_sla_dag.py took 0.078 seconds
[2024-07-26T00:08:08.090+0000] {processor.py:161} INFO - Started process (PID=13355) to work on /home/airflow/.local/lib/python3.12/site-packages/airflow/example_dags/example_sla_dag.py
[2024-07-26T00:08:08.091+0000] {processor.py:830} INFO - Processing file /home/airflow/.local/lib/python3.12/site-packages/airflow/example_dags/example_sla_dag.py for tasks to queue
[2024-07-26T00:08:08.093+0000] {logging_mixin.py:188} INFO - [2024-07-26T00:08:08.093+0000] {dagbag.py:545} INFO - Filling up the DagBag from /home/airflow/.local/lib/python3.12/site-packages/airflow/example_dags/example_sla_dag.py
[2024-07-26T00:08:08.100+0000] {processor.py:840} INFO - DAG(s) 'example_sla_dag' retrieved from /home/airflow/.local/lib/python3.12/site-packages/airflow/example_dags/example_sla_dag.py
[2024-07-26T00:08:08.117+0000] {logging_mixin.py:188} INFO - [2024-07-26T00:08:08.117+0000] {dag.py:3089} INFO - Sync 1 DAGs
[2024-07-26T00:08:08.137+0000] {logging_mixin.py:188} INFO - [2024-07-26T00:08:08.137+0000] {dag.py:3947} INFO - Setting next_dagrun for example_sla_dag to 2024-07-26 00:06:00+00:00, run_after=2024-07-26 00:08:00+00:00
[2024-07-26T00:08:08.154+0000] {processor.py:183} INFO - Processing /home/airflow/.local/lib/python3.12/site-packages/airflow/example_dags/example_sla_dag.py took 0.068 seconds
[2024-07-26T00:08:38.660+0000] {processor.py:161} INFO - Started process (PID=13414) to work on /home/airflow/.local/lib/python3.12/site-packages/airflow/example_dags/example_sla_dag.py
[2024-07-26T00:08:38.661+0000] {processor.py:830} INFO - Processing file /home/airflow/.local/lib/python3.12/site-packages/airflow/example_dags/example_sla_dag.py for tasks to queue
[2024-07-26T00:08:38.663+0000] {logging_mixin.py:188} INFO - [2024-07-26T00:08:38.662+0000] {dagbag.py:545} INFO - Filling up the DagBag from /home/airflow/.local/lib/python3.12/site-packages/airflow/example_dags/example_sla_dag.py
[2024-07-26T00:08:38.669+0000] {processor.py:840} INFO - DAG(s) 'example_sla_dag' retrieved from /home/airflow/.local/lib/python3.12/site-packages/airflow/example_dags/example_sla_dag.py
[2024-07-26T00:08:38.684+0000] {logging_mixin.py:188} INFO - [2024-07-26T00:08:38.684+0000] {dag.py:3089} INFO - Sync 1 DAGs
[2024-07-26T00:08:38.703+0000] {logging_mixin.py:188} INFO - [2024-07-26T00:08:38.703+0000] {dag.py:3947} INFO - Setting next_dagrun for example_sla_dag to 2024-07-26 00:06:00+00:00, run_after=2024-07-26 00:08:00+00:00
[2024-07-26T00:08:38.719+0000] {processor.py:183} INFO - Processing /home/airflow/.local/lib/python3.12/site-packages/airflow/example_dags/example_sla_dag.py took 0.063 seconds
[2024-07-26T00:09:09.090+0000] {processor.py:161} INFO - Started process (PID=13473) to work on /home/airflow/.local/lib/python3.12/site-packages/airflow/example_dags/example_sla_dag.py
[2024-07-26T00:09:09.091+0000] {processor.py:830} INFO - Processing file /home/airflow/.local/lib/python3.12/site-packages/airflow/example_dags/example_sla_dag.py for tasks to queue
[2024-07-26T00:09:09.093+0000] {logging_mixin.py:188} INFO - [2024-07-26T00:09:09.093+0000] {dagbag.py:545} INFO - Filling up the DagBag from /home/airflow/.local/lib/python3.12/site-packages/airflow/example_dags/example_sla_dag.py
[2024-07-26T00:09:09.099+0000] {processor.py:840} INFO - DAG(s) 'example_sla_dag' retrieved from /home/airflow/.local/lib/python3.12/site-packages/airflow/example_dags/example_sla_dag.py
[2024-07-26T00:09:09.114+0000] {logging_mixin.py:188} INFO - [2024-07-26T00:09:09.114+0000] {dag.py:3089} INFO - Sync 1 DAGs
[2024-07-26T00:09:09.133+0000] {logging_mixin.py:188} INFO - [2024-07-26T00:09:09.133+0000] {dag.py:3947} INFO - Setting next_dagrun for example_sla_dag to 2024-07-26 00:06:00+00:00, run_after=2024-07-26 00:08:00+00:00
[2024-07-26T00:09:09.149+0000] {processor.py:183} INFO - Processing /home/airflow/.local/lib/python3.12/site-packages/airflow/example_dags/example_sla_dag.py took 0.063 seconds
[2024-07-26T00:09:39.695+0000] {processor.py:161} INFO - Started process (PID=13532) to work on /home/airflow/.local/lib/python3.12/site-packages/airflow/example_dags/example_sla_dag.py
[2024-07-26T00:09:39.696+0000] {processor.py:830} INFO - Processing file /home/airflow/.local/lib/python3.12/site-packages/airflow/example_dags/example_sla_dag.py for tasks to queue
[2024-07-26T00:09:39.698+0000] {logging_mixin.py:188} INFO - [2024-07-26T00:09:39.697+0000] {dagbag.py:545} INFO - Filling up the DagBag from /home/airflow/.local/lib/python3.12/site-packages/airflow/example_dags/example_sla_dag.py
[2024-07-26T00:09:39.703+0000] {processor.py:840} INFO - DAG(s) 'example_sla_dag' retrieved from /home/airflow/.local/lib/python3.12/site-packages/airflow/example_dags/example_sla_dag.py
[2024-07-26T00:09:39.718+0000] {logging_mixin.py:188} INFO - [2024-07-26T00:09:39.718+0000] {dag.py:3089} INFO - Sync 1 DAGs
[2024-07-26T00:09:39.736+0000] {logging_mixin.py:188} INFO - [2024-07-26T00:09:39.736+0000] {dag.py:3947} INFO - Setting next_dagrun for example_sla_dag to 2024-07-26 00:06:00+00:00, run_after=2024-07-26 00:08:00+00:00
[2024-07-26T00:09:39.750+0000] {processor.py:183} INFO - Processing /home/airflow/.local/lib/python3.12/site-packages/airflow/example_dags/example_sla_dag.py took 0.058 seconds
[2024-07-26T00:10:10.183+0000] {processor.py:161} INFO - Started process (PID=13591) to work on /home/airflow/.local/lib/python3.12/site-packages/airflow/example_dags/example_sla_dag.py
[2024-07-26T00:10:10.184+0000] {processor.py:830} INFO - Processing file /home/airflow/.local/lib/python3.12/site-packages/airflow/example_dags/example_sla_dag.py for tasks to queue
[2024-07-26T00:10:10.186+0000] {logging_mixin.py:188} INFO - [2024-07-26T00:10:10.185+0000] {dagbag.py:545} INFO - Filling up the DagBag from /home/airflow/.local/lib/python3.12/site-packages/airflow/example_dags/example_sla_dag.py
[2024-07-26T00:10:10.192+0000] {processor.py:840} INFO - DAG(s) 'example_sla_dag' retrieved from /home/airflow/.local/lib/python3.12/site-packages/airflow/example_dags/example_sla_dag.py
[2024-07-26T00:10:10.208+0000] {logging_mixin.py:188} INFO - [2024-07-26T00:10:10.208+0000] {dag.py:3089} INFO - Sync 1 DAGs
[2024-07-26T00:10:10.226+0000] {logging_mixin.py:188} INFO - [2024-07-26T00:10:10.226+0000] {dag.py:3947} INFO - Setting next_dagrun for example_sla_dag to 2024-07-26 00:08:00+00:00, run_after=2024-07-26 00:10:00+00:00
[2024-07-26T00:10:10.240+0000] {processor.py:183} INFO - Processing /home/airflow/.local/lib/python3.12/site-packages/airflow/example_dags/example_sla_dag.py took 0.061 seconds
[2024-07-26T00:10:40.572+0000] {processor.py:161} INFO - Started process (PID=13650) to work on /home/airflow/.local/lib/python3.12/site-packages/airflow/example_dags/example_sla_dag.py
[2024-07-26T00:10:40.573+0000] {processor.py:830} INFO - Processing file /home/airflow/.local/lib/python3.12/site-packages/airflow/example_dags/example_sla_dag.py for tasks to queue
[2024-07-26T00:10:40.574+0000] {logging_mixin.py:188} INFO - [2024-07-26T00:10:40.574+0000] {dagbag.py:545} INFO - Filling up the DagBag from /home/airflow/.local/lib/python3.12/site-packages/airflow/example_dags/example_sla_dag.py
[2024-07-26T00:10:40.580+0000] {processor.py:840} INFO - DAG(s) 'example_sla_dag' retrieved from /home/airflow/.local/lib/python3.12/site-packages/airflow/example_dags/example_sla_dag.py
[2024-07-26T00:10:40.598+0000] {logging_mixin.py:188} INFO - [2024-07-26T00:10:40.598+0000] {dag.py:3089} INFO - Sync 1 DAGs
[2024-07-26T00:10:40.617+0000] {logging_mixin.py:188} INFO - [2024-07-26T00:10:40.617+0000] {dag.py:3947} INFO - Setting next_dagrun for example_sla_dag to 2024-07-26 00:08:00+00:00, run_after=2024-07-26 00:10:00+00:00
[2024-07-26T00:10:40.635+0000] {processor.py:183} INFO - Processing /home/airflow/.local/lib/python3.12/site-packages/airflow/example_dags/example_sla_dag.py took 0.068 seconds
[2024-07-26T00:11:11.114+0000] {processor.py:161} INFO - Started process (PID=13709) to work on /home/airflow/.local/lib/python3.12/site-packages/airflow/example_dags/example_sla_dag.py
[2024-07-26T00:11:11.115+0000] {processor.py:830} INFO - Processing file /home/airflow/.local/lib/python3.12/site-packages/airflow/example_dags/example_sla_dag.py for tasks to queue
[2024-07-26T00:11:11.117+0000] {logging_mixin.py:188} INFO - [2024-07-26T00:11:11.117+0000] {dagbag.py:545} INFO - Filling up the DagBag from /home/airflow/.local/lib/python3.12/site-packages/airflow/example_dags/example_sla_dag.py
[2024-07-26T00:11:11.123+0000] {processor.py:840} INFO - DAG(s) 'example_sla_dag' retrieved from /home/airflow/.local/lib/python3.12/site-packages/airflow/example_dags/example_sla_dag.py
[2024-07-26T00:11:11.138+0000] {logging_mixin.py:188} INFO - [2024-07-26T00:11:11.137+0000] {dag.py:3089} INFO - Sync 1 DAGs
[2024-07-26T00:11:11.157+0000] {logging_mixin.py:188} INFO - [2024-07-26T00:11:11.156+0000] {dag.py:3947} INFO - Setting next_dagrun for example_sla_dag to 2024-07-26 00:08:00+00:00, run_after=2024-07-26 00:10:00+00:00
[2024-07-26T00:11:11.175+0000] {processor.py:183} INFO - Processing /home/airflow/.local/lib/python3.12/site-packages/airflow/example_dags/example_sla_dag.py took 0.065 seconds
[2024-07-26T00:11:41.547+0000] {processor.py:161} INFO - Started process (PID=13768) to work on /home/airflow/.local/lib/python3.12/site-packages/airflow/example_dags/example_sla_dag.py
[2024-07-26T00:11:41.547+0000] {processor.py:830} INFO - Processing file /home/airflow/.local/lib/python3.12/site-packages/airflow/example_dags/example_sla_dag.py for tasks to queue
[2024-07-26T00:11:41.549+0000] {logging_mixin.py:188} INFO - [2024-07-26T00:11:41.549+0000] {dagbag.py:545} INFO - Filling up the DagBag from /home/airflow/.local/lib/python3.12/site-packages/airflow/example_dags/example_sla_dag.py
[2024-07-26T00:11:41.555+0000] {processor.py:840} INFO - DAG(s) 'example_sla_dag' retrieved from /home/airflow/.local/lib/python3.12/site-packages/airflow/example_dags/example_sla_dag.py
[2024-07-26T00:11:41.570+0000] {logging_mixin.py:188} INFO - [2024-07-26T00:11:41.570+0000] {dag.py:3089} INFO - Sync 1 DAGs
[2024-07-26T00:11:41.587+0000] {logging_mixin.py:188} INFO - [2024-07-26T00:11:41.587+0000] {dag.py:3947} INFO - Setting next_dagrun for example_sla_dag to 2024-07-26 00:08:00+00:00, run_after=2024-07-26 00:10:00+00:00
[2024-07-26T00:11:41.600+0000] {processor.py:183} INFO - Processing /home/airflow/.local/lib/python3.12/site-packages/airflow/example_dags/example_sla_dag.py took 0.057 seconds
[2024-07-26T00:14:36.065+0000] {processor.py:161} INFO - Started process (PID=60) to work on /home/airflow/.local/lib/python3.12/site-packages/airflow/example_dags/example_sla_dag.py
[2024-07-26T00:14:36.066+0000] {processor.py:830} INFO - Processing file /home/airflow/.local/lib/python3.12/site-packages/airflow/example_dags/example_sla_dag.py for tasks to queue
[2024-07-26T00:14:36.070+0000] {logging_mixin.py:188} INFO - [2024-07-26T00:14:36.069+0000] {dagbag.py:545} INFO - Filling up the DagBag from /home/airflow/.local/lib/python3.12/site-packages/airflow/example_dags/example_sla_dag.py
[2024-07-26T00:14:36.081+0000] {processor.py:840} INFO - DAG(s) 'example_sla_dag' retrieved from /home/airflow/.local/lib/python3.12/site-packages/airflow/example_dags/example_sla_dag.py
[2024-07-26T00:14:36.101+0000] {logging_mixin.py:188} INFO - [2024-07-26T00:14:36.100+0000] {dag.py:3089} INFO - Sync 1 DAGs
[2024-07-26T00:14:36.127+0000] {logging_mixin.py:188} INFO - [2024-07-26T00:14:36.127+0000] {dag.py:3947} INFO - Setting next_dagrun for example_sla_dag to 2024-07-26 00:12:00+00:00, run_after=2024-07-26 00:14:00+00:00
[2024-07-26T00:14:36.153+0000] {processor.py:183} INFO - Processing /home/airflow/.local/lib/python3.12/site-packages/airflow/example_dags/example_sla_dag.py took 0.097 seconds
[2024-07-26T00:15:07.549+0000] {processor.py:161} INFO - Started process (PID=119) to work on /home/airflow/.local/lib/python3.12/site-packages/airflow/example_dags/example_sla_dag.py
[2024-07-26T00:15:07.550+0000] {processor.py:830} INFO - Processing file /home/airflow/.local/lib/python3.12/site-packages/airflow/example_dags/example_sla_dag.py for tasks to queue
[2024-07-26T00:15:07.551+0000] {logging_mixin.py:188} INFO - [2024-07-26T00:15:07.551+0000] {dagbag.py:545} INFO - Filling up the DagBag from /home/airflow/.local/lib/python3.12/site-packages/airflow/example_dags/example_sla_dag.py
[2024-07-26T00:15:07.556+0000] {processor.py:840} INFO - DAG(s) 'example_sla_dag' retrieved from /home/airflow/.local/lib/python3.12/site-packages/airflow/example_dags/example_sla_dag.py
[2024-07-26T00:15:07.635+0000] {logging_mixin.py:188} INFO - [2024-07-26T00:15:07.635+0000] {dag.py:3089} INFO - Sync 1 DAGs
[2024-07-26T00:15:07.652+0000] {logging_mixin.py:188} INFO - [2024-07-26T00:15:07.652+0000] {dag.py:3947} INFO - Setting next_dagrun for example_sla_dag to 2024-07-26 00:12:00+00:00, run_after=2024-07-26 00:14:00+00:00
[2024-07-26T00:15:07.667+0000] {processor.py:183} INFO - Processing /home/airflow/.local/lib/python3.12/site-packages/airflow/example_dags/example_sla_dag.py took 0.122 seconds
[2024-07-26T00:15:38.288+0000] {processor.py:161} INFO - Started process (PID=178) to work on /home/airflow/.local/lib/python3.12/site-packages/airflow/example_dags/example_sla_dag.py
[2024-07-26T00:15:38.289+0000] {processor.py:830} INFO - Processing file /home/airflow/.local/lib/python3.12/site-packages/airflow/example_dags/example_sla_dag.py for tasks to queue
[2024-07-26T00:15:38.290+0000] {logging_mixin.py:188} INFO - [2024-07-26T00:15:38.290+0000] {dagbag.py:545} INFO - Filling up the DagBag from /home/airflow/.local/lib/python3.12/site-packages/airflow/example_dags/example_sla_dag.py
[2024-07-26T00:15:38.296+0000] {processor.py:840} INFO - DAG(s) 'example_sla_dag' retrieved from /home/airflow/.local/lib/python3.12/site-packages/airflow/example_dags/example_sla_dag.py
[2024-07-26T00:15:38.313+0000] {logging_mixin.py:188} INFO - [2024-07-26T00:15:38.313+0000] {dag.py:3089} INFO - Sync 1 DAGs
[2024-07-26T00:15:38.333+0000] {logging_mixin.py:188} INFO - [2024-07-26T00:15:38.333+0000] {dag.py:3947} INFO - Setting next_dagrun for example_sla_dag to 2024-07-26 00:12:00+00:00, run_after=2024-07-26 00:14:00+00:00
[2024-07-26T00:15:38.349+0000] {processor.py:183} INFO - Processing /home/airflow/.local/lib/python3.12/site-packages/airflow/example_dags/example_sla_dag.py took 0.066 seconds
[2024-07-26T00:16:08.402+0000] {processor.py:161} INFO - Started process (PID=237) to work on /home/airflow/.local/lib/python3.12/site-packages/airflow/example_dags/example_sla_dag.py
[2024-07-26T00:16:08.403+0000] {processor.py:830} INFO - Processing file /home/airflow/.local/lib/python3.12/site-packages/airflow/example_dags/example_sla_dag.py for tasks to queue
[2024-07-26T00:16:08.404+0000] {logging_mixin.py:188} INFO - [2024-07-26T00:16:08.404+0000] {dagbag.py:545} INFO - Filling up the DagBag from /home/airflow/.local/lib/python3.12/site-packages/airflow/example_dags/example_sla_dag.py
[2024-07-26T00:16:08.410+0000] {processor.py:840} INFO - DAG(s) 'example_sla_dag' retrieved from /home/airflow/.local/lib/python3.12/site-packages/airflow/example_dags/example_sla_dag.py
[2024-07-26T00:16:08.425+0000] {logging_mixin.py:188} INFO - [2024-07-26T00:16:08.424+0000] {dag.py:3089} INFO - Sync 1 DAGs
[2024-07-26T00:16:08.443+0000] {logging_mixin.py:188} INFO - [2024-07-26T00:16:08.442+0000] {dag.py:3947} INFO - Setting next_dagrun for example_sla_dag to 2024-07-26 00:14:00+00:00, run_after=2024-07-26 00:16:00+00:00
[2024-07-26T00:16:08.459+0000] {processor.py:183} INFO - Processing /home/airflow/.local/lib/python3.12/site-packages/airflow/example_dags/example_sla_dag.py took 0.061 seconds
[2024-07-26T00:16:38.982+0000] {processor.py:161} INFO - Started process (PID=296) to work on /home/airflow/.local/lib/python3.12/site-packages/airflow/example_dags/example_sla_dag.py
[2024-07-26T00:16:38.983+0000] {processor.py:830} INFO - Processing file /home/airflow/.local/lib/python3.12/site-packages/airflow/example_dags/example_sla_dag.py for tasks to queue
[2024-07-26T00:16:38.984+0000] {logging_mixin.py:188} INFO - [2024-07-26T00:16:38.984+0000] {dagbag.py:545} INFO - Filling up the DagBag from /home/airflow/.local/lib/python3.12/site-packages/airflow/example_dags/example_sla_dag.py
[2024-07-26T00:16:38.991+0000] {processor.py:840} INFO - DAG(s) 'example_sla_dag' retrieved from /home/airflow/.local/lib/python3.12/site-packages/airflow/example_dags/example_sla_dag.py
[2024-07-26T00:16:39.008+0000] {logging_mixin.py:188} INFO - [2024-07-26T00:16:39.008+0000] {dag.py:3089} INFO - Sync 1 DAGs
[2024-07-26T00:16:39.029+0000] {logging_mixin.py:188} INFO - [2024-07-26T00:16:39.029+0000] {dag.py:3947} INFO - Setting next_dagrun for example_sla_dag to 2024-07-26 00:14:00+00:00, run_after=2024-07-26 00:16:00+00:00
[2024-07-26T00:16:39.048+0000] {processor.py:183} INFO - Processing /home/airflow/.local/lib/python3.12/site-packages/airflow/example_dags/example_sla_dag.py took 0.071 seconds
[2024-07-26T00:17:09.575+0000] {processor.py:161} INFO - Started process (PID=355) to work on /home/airflow/.local/lib/python3.12/site-packages/airflow/example_dags/example_sla_dag.py
[2024-07-26T00:17:09.575+0000] {processor.py:830} INFO - Processing file /home/airflow/.local/lib/python3.12/site-packages/airflow/example_dags/example_sla_dag.py for tasks to queue
[2024-07-26T00:17:09.577+0000] {logging_mixin.py:188} INFO - [2024-07-26T00:17:09.576+0000] {dagbag.py:545} INFO - Filling up the DagBag from /home/airflow/.local/lib/python3.12/site-packages/airflow/example_dags/example_sla_dag.py
[2024-07-26T00:17:09.583+0000] {processor.py:840} INFO - DAG(s) 'example_sla_dag' retrieved from /home/airflow/.local/lib/python3.12/site-packages/airflow/example_dags/example_sla_dag.py
[2024-07-26T00:17:09.599+0000] {logging_mixin.py:188} INFO - [2024-07-26T00:17:09.599+0000] {dag.py:3089} INFO - Sync 1 DAGs
[2024-07-26T00:17:09.617+0000] {logging_mixin.py:188} INFO - [2024-07-26T00:17:09.617+0000] {dag.py:3947} INFO - Setting next_dagrun for example_sla_dag to 2024-07-26 00:14:00+00:00, run_after=2024-07-26 00:16:00+00:00
[2024-07-26T00:17:09.632+0000] {processor.py:183} INFO - Processing /home/airflow/.local/lib/python3.12/site-packages/airflow/example_dags/example_sla_dag.py took 0.062 seconds
[2024-07-26T00:17:40.087+0000] {processor.py:161} INFO - Started process (PID=415) to work on /home/airflow/.local/lib/python3.12/site-packages/airflow/example_dags/example_sla_dag.py
[2024-07-26T00:17:40.088+0000] {processor.py:830} INFO - Processing file /home/airflow/.local/lib/python3.12/site-packages/airflow/example_dags/example_sla_dag.py for tasks to queue
[2024-07-26T00:17:40.089+0000] {logging_mixin.py:188} INFO - [2024-07-26T00:17:40.089+0000] {dagbag.py:545} INFO - Filling up the DagBag from /home/airflow/.local/lib/python3.12/site-packages/airflow/example_dags/example_sla_dag.py
[2024-07-26T00:17:40.094+0000] {processor.py:840} INFO - DAG(s) 'example_sla_dag' retrieved from /home/airflow/.local/lib/python3.12/site-packages/airflow/example_dags/example_sla_dag.py
[2024-07-26T00:17:40.109+0000] {logging_mixin.py:188} INFO - [2024-07-26T00:17:40.109+0000] {dag.py:3089} INFO - Sync 1 DAGs
[2024-07-26T00:17:40.127+0000] {logging_mixin.py:188} INFO - [2024-07-26T00:17:40.127+0000] {dag.py:3947} INFO - Setting next_dagrun for example_sla_dag to 2024-07-26 00:14:00+00:00, run_after=2024-07-26 00:16:00+00:00
[2024-07-26T00:17:40.139+0000] {processor.py:183} INFO - Processing /home/airflow/.local/lib/python3.12/site-packages/airflow/example_dags/example_sla_dag.py took 0.057 seconds
[2024-07-26T00:18:10.562+0000] {processor.py:161} INFO - Started process (PID=474) to work on /home/airflow/.local/lib/python3.12/site-packages/airflow/example_dags/example_sla_dag.py
[2024-07-26T00:18:10.563+0000] {processor.py:830} INFO - Processing file /home/airflow/.local/lib/python3.12/site-packages/airflow/example_dags/example_sla_dag.py for tasks to queue
[2024-07-26T00:18:10.565+0000] {logging_mixin.py:188} INFO - [2024-07-26T00:18:10.564+0000] {dagbag.py:545} INFO - Filling up the DagBag from /home/airflow/.local/lib/python3.12/site-packages/airflow/example_dags/example_sla_dag.py
[2024-07-26T00:18:10.571+0000] {processor.py:840} INFO - DAG(s) 'example_sla_dag' retrieved from /home/airflow/.local/lib/python3.12/site-packages/airflow/example_dags/example_sla_dag.py
[2024-07-26T00:18:10.585+0000] {logging_mixin.py:188} INFO - [2024-07-26T00:18:10.585+0000] {dag.py:3089} INFO - Sync 1 DAGs
[2024-07-26T00:18:10.603+0000] {logging_mixin.py:188} INFO - [2024-07-26T00:18:10.603+0000] {dag.py:3947} INFO - Setting next_dagrun for example_sla_dag to 2024-07-26 00:16:00+00:00, run_after=2024-07-26 00:18:00+00:00
[2024-07-26T00:18:10.619+0000] {processor.py:183} INFO - Processing /home/airflow/.local/lib/python3.12/site-packages/airflow/example_dags/example_sla_dag.py took 0.061 seconds
