[2024-07-26T00:00:03.540+0000] {processor.py:161} INFO - Started process (PID=12432) to work on /home/airflow/.local/lib/python3.12/site-packages/airflow/example_dags/example_sensors.py
[2024-07-26T00:00:03.540+0000] {processor.py:830} INFO - Processing file /home/airflow/.local/lib/python3.12/site-packages/airflow/example_dags/example_sensors.py for tasks to queue
[2024-07-26T00:00:03.542+0000] {logging_mixin.py:188} INFO - [2024-07-26T00:00:03.541+0000] {dagbag.py:545} INFO - Filling up the DagBag from /home/airflow/.local/lib/python3.12/site-packages/airflow/example_dags/example_sensors.py
[2024-07-26T00:00:03.548+0000] {processor.py:840} INFO - DAG(s) 'example_sensors' retrieved from /home/airflow/.local/lib/python3.12/site-packages/airflow/example_dags/example_sensors.py
[2024-07-26T00:00:03.567+0000] {logging_mixin.py:188} INFO - [2024-07-26T00:00:03.567+0000] {dag.py:3089} INFO - Sync 1 DAGs
[2024-07-26T00:00:03.577+0000] {logging_mixin.py:188} INFO - [2024-07-26T00:00:03.577+0000] {dag.py:3947} INFO - Setting next_dagrun for example_sensors to None, run_after=None
[2024-07-26T00:00:03.591+0000] {processor.py:183} INFO - Processing /home/airflow/.local/lib/python3.12/site-packages/airflow/example_dags/example_sensors.py took 0.055 seconds
[2024-07-26T00:00:34.191+0000] {processor.py:161} INFO - Started process (PID=12491) to work on /home/airflow/.local/lib/python3.12/site-packages/airflow/example_dags/example_sensors.py
[2024-07-26T00:00:34.192+0000] {processor.py:830} INFO - Processing file /home/airflow/.local/lib/python3.12/site-packages/airflow/example_dags/example_sensors.py for tasks to queue
[2024-07-26T00:00:34.194+0000] {logging_mixin.py:188} INFO - [2024-07-26T00:00:34.194+0000] {dagbag.py:545} INFO - Filling up the DagBag from /home/airflow/.local/lib/python3.12/site-packages/airflow/example_dags/example_sensors.py
[2024-07-26T00:00:34.201+0000] {processor.py:840} INFO - DAG(s) 'example_sensors' retrieved from /home/airflow/.local/lib/python3.12/site-packages/airflow/example_dags/example_sensors.py
[2024-07-26T00:00:34.223+0000] {logging_mixin.py:188} INFO - [2024-07-26T00:00:34.223+0000] {dag.py:3089} INFO - Sync 1 DAGs
[2024-07-26T00:00:34.234+0000] {logging_mixin.py:188} INFO - [2024-07-26T00:00:34.234+0000] {dag.py:3947} INFO - Setting next_dagrun for example_sensors to None, run_after=None
[2024-07-26T00:00:34.252+0000] {processor.py:183} INFO - Processing /home/airflow/.local/lib/python3.12/site-packages/airflow/example_dags/example_sensors.py took 0.065 seconds
[2024-07-26T00:01:04.523+0000] {processor.py:161} INFO - Started process (PID=12550) to work on /home/airflow/.local/lib/python3.12/site-packages/airflow/example_dags/example_sensors.py
[2024-07-26T00:01:04.524+0000] {processor.py:830} INFO - Processing file /home/airflow/.local/lib/python3.12/site-packages/airflow/example_dags/example_sensors.py for tasks to queue
[2024-07-26T00:01:04.525+0000] {logging_mixin.py:188} INFO - [2024-07-26T00:01:04.525+0000] {dagbag.py:545} INFO - Filling up the DagBag from /home/airflow/.local/lib/python3.12/site-packages/airflow/example_dags/example_sensors.py
[2024-07-26T00:01:04.531+0000] {processor.py:840} INFO - DAG(s) 'example_sensors' retrieved from /home/airflow/.local/lib/python3.12/site-packages/airflow/example_dags/example_sensors.py
[2024-07-26T00:01:04.552+0000] {logging_mixin.py:188} INFO - [2024-07-26T00:01:04.551+0000] {dag.py:3089} INFO - Sync 1 DAGs
[2024-07-26T00:01:04.562+0000] {logging_mixin.py:188} INFO - [2024-07-26T00:01:04.561+0000] {dag.py:3947} INFO - Setting next_dagrun for example_sensors to None, run_after=None
[2024-07-26T00:01:04.578+0000] {processor.py:183} INFO - Processing /home/airflow/.local/lib/python3.12/site-packages/airflow/example_dags/example_sensors.py took 0.059 seconds
[2024-07-26T00:01:34.864+0000] {processor.py:161} INFO - Started process (PID=12609) to work on /home/airflow/.local/lib/python3.12/site-packages/airflow/example_dags/example_sensors.py
[2024-07-26T00:01:34.865+0000] {processor.py:830} INFO - Processing file /home/airflow/.local/lib/python3.12/site-packages/airflow/example_dags/example_sensors.py for tasks to queue
[2024-07-26T00:01:34.867+0000] {logging_mixin.py:188} INFO - [2024-07-26T00:01:34.866+0000] {dagbag.py:545} INFO - Filling up the DagBag from /home/airflow/.local/lib/python3.12/site-packages/airflow/example_dags/example_sensors.py
[2024-07-26T00:01:34.873+0000] {processor.py:840} INFO - DAG(s) 'example_sensors' retrieved from /home/airflow/.local/lib/python3.12/site-packages/airflow/example_dags/example_sensors.py
[2024-07-26T00:01:34.892+0000] {logging_mixin.py:188} INFO - [2024-07-26T00:01:34.892+0000] {dag.py:3089} INFO - Sync 1 DAGs
[2024-07-26T00:01:34.901+0000] {logging_mixin.py:188} INFO - [2024-07-26T00:01:34.901+0000] {dag.py:3947} INFO - Setting next_dagrun for example_sensors to None, run_after=None
[2024-07-26T00:01:34.920+0000] {processor.py:183} INFO - Processing /home/airflow/.local/lib/python3.12/site-packages/airflow/example_dags/example_sensors.py took 0.060 seconds
[2024-07-26T00:02:05.370+0000] {processor.py:161} INFO - Started process (PID=12668) to work on /home/airflow/.local/lib/python3.12/site-packages/airflow/example_dags/example_sensors.py
[2024-07-26T00:02:05.371+0000] {processor.py:830} INFO - Processing file /home/airflow/.local/lib/python3.12/site-packages/airflow/example_dags/example_sensors.py for tasks to queue
[2024-07-26T00:02:05.372+0000] {logging_mixin.py:188} INFO - [2024-07-26T00:02:05.372+0000] {dagbag.py:545} INFO - Filling up the DagBag from /home/airflow/.local/lib/python3.12/site-packages/airflow/example_dags/example_sensors.py
[2024-07-26T00:02:05.379+0000] {processor.py:840} INFO - DAG(s) 'example_sensors' retrieved from /home/airflow/.local/lib/python3.12/site-packages/airflow/example_dags/example_sensors.py
[2024-07-26T00:02:05.398+0000] {logging_mixin.py:188} INFO - [2024-07-26T00:02:05.398+0000] {dag.py:3089} INFO - Sync 1 DAGs
[2024-07-26T00:02:05.407+0000] {logging_mixin.py:188} INFO - [2024-07-26T00:02:05.407+0000] {dag.py:3947} INFO - Setting next_dagrun for example_sensors to None, run_after=None
[2024-07-26T00:02:05.422+0000] {processor.py:183} INFO - Processing /home/airflow/.local/lib/python3.12/site-packages/airflow/example_dags/example_sensors.py took 0.056 seconds
[2024-07-26T00:02:35.767+0000] {processor.py:161} INFO - Started process (PID=12727) to work on /home/airflow/.local/lib/python3.12/site-packages/airflow/example_dags/example_sensors.py
[2024-07-26T00:02:35.767+0000] {processor.py:830} INFO - Processing file /home/airflow/.local/lib/python3.12/site-packages/airflow/example_dags/example_sensors.py for tasks to queue
[2024-07-26T00:02:35.769+0000] {logging_mixin.py:188} INFO - [2024-07-26T00:02:35.769+0000] {dagbag.py:545} INFO - Filling up the DagBag from /home/airflow/.local/lib/python3.12/site-packages/airflow/example_dags/example_sensors.py
[2024-07-26T00:02:35.775+0000] {processor.py:840} INFO - DAG(s) 'example_sensors' retrieved from /home/airflow/.local/lib/python3.12/site-packages/airflow/example_dags/example_sensors.py
[2024-07-26T00:02:35.795+0000] {logging_mixin.py:188} INFO - [2024-07-26T00:02:35.795+0000] {dag.py:3089} INFO - Sync 1 DAGs
[2024-07-26T00:02:35.805+0000] {logging_mixin.py:188} INFO - [2024-07-26T00:02:35.805+0000] {dag.py:3947} INFO - Setting next_dagrun for example_sensors to None, run_after=None
[2024-07-26T00:02:35.820+0000] {processor.py:183} INFO - Processing /home/airflow/.local/lib/python3.12/site-packages/airflow/example_dags/example_sensors.py took 0.058 seconds
[2024-07-26T00:03:06.335+0000] {processor.py:161} INFO - Started process (PID=12786) to work on /home/airflow/.local/lib/python3.12/site-packages/airflow/example_dags/example_sensors.py
[2024-07-26T00:03:06.336+0000] {processor.py:830} INFO - Processing file /home/airflow/.local/lib/python3.12/site-packages/airflow/example_dags/example_sensors.py for tasks to queue
[2024-07-26T00:03:06.338+0000] {logging_mixin.py:188} INFO - [2024-07-26T00:03:06.338+0000] {dagbag.py:545} INFO - Filling up the DagBag from /home/airflow/.local/lib/python3.12/site-packages/airflow/example_dags/example_sensors.py
[2024-07-26T00:03:06.344+0000] {processor.py:840} INFO - DAG(s) 'example_sensors' retrieved from /home/airflow/.local/lib/python3.12/site-packages/airflow/example_dags/example_sensors.py
[2024-07-26T00:03:06.363+0000] {logging_mixin.py:188} INFO - [2024-07-26T00:03:06.362+0000] {dag.py:3089} INFO - Sync 1 DAGs
[2024-07-26T00:03:06.371+0000] {logging_mixin.py:188} INFO - [2024-07-26T00:03:06.371+0000] {dag.py:3947} INFO - Setting next_dagrun for example_sensors to None, run_after=None
[2024-07-26T00:03:06.385+0000] {processor.py:183} INFO - Processing /home/airflow/.local/lib/python3.12/site-packages/airflow/example_dags/example_sensors.py took 0.053 seconds
[2024-07-26T00:03:36.813+0000] {processor.py:161} INFO - Started process (PID=12845) to work on /home/airflow/.local/lib/python3.12/site-packages/airflow/example_dags/example_sensors.py
[2024-07-26T00:03:36.814+0000] {processor.py:830} INFO - Processing file /home/airflow/.local/lib/python3.12/site-packages/airflow/example_dags/example_sensors.py for tasks to queue
[2024-07-26T00:03:36.815+0000] {logging_mixin.py:188} INFO - [2024-07-26T00:03:36.815+0000] {dagbag.py:545} INFO - Filling up the DagBag from /home/airflow/.local/lib/python3.12/site-packages/airflow/example_dags/example_sensors.py
[2024-07-26T00:03:36.821+0000] {processor.py:840} INFO - DAG(s) 'example_sensors' retrieved from /home/airflow/.local/lib/python3.12/site-packages/airflow/example_dags/example_sensors.py
[2024-07-26T00:03:36.838+0000] {logging_mixin.py:188} INFO - [2024-07-26T00:03:36.838+0000] {dag.py:3089} INFO - Sync 1 DAGs
[2024-07-26T00:03:36.847+0000] {logging_mixin.py:188} INFO - [2024-07-26T00:03:36.847+0000] {dag.py:3947} INFO - Setting next_dagrun for example_sensors to None, run_after=None
[2024-07-26T00:03:36.860+0000] {processor.py:183} INFO - Processing /home/airflow/.local/lib/python3.12/site-packages/airflow/example_dags/example_sensors.py took 0.051 seconds
[2024-07-26T00:04:07.078+0000] {processor.py:161} INFO - Started process (PID=12904) to work on /home/airflow/.local/lib/python3.12/site-packages/airflow/example_dags/example_sensors.py
[2024-07-26T00:04:07.079+0000] {processor.py:830} INFO - Processing file /home/airflow/.local/lib/python3.12/site-packages/airflow/example_dags/example_sensors.py for tasks to queue
[2024-07-26T00:04:07.080+0000] {logging_mixin.py:188} INFO - [2024-07-26T00:04:07.080+0000] {dagbag.py:545} INFO - Filling up the DagBag from /home/airflow/.local/lib/python3.12/site-packages/airflow/example_dags/example_sensors.py
[2024-07-26T00:04:07.087+0000] {processor.py:840} INFO - DAG(s) 'example_sensors' retrieved from /home/airflow/.local/lib/python3.12/site-packages/airflow/example_dags/example_sensors.py
[2024-07-26T00:04:07.106+0000] {logging_mixin.py:188} INFO - [2024-07-26T00:04:07.106+0000] {dag.py:3089} INFO - Sync 1 DAGs
[2024-07-26T00:04:07.116+0000] {logging_mixin.py:188} INFO - [2024-07-26T00:04:07.116+0000] {dag.py:3947} INFO - Setting next_dagrun for example_sensors to None, run_after=None
[2024-07-26T00:04:07.132+0000] {processor.py:183} INFO - Processing /home/airflow/.local/lib/python3.12/site-packages/airflow/example_dags/example_sensors.py took 0.058 seconds
[2024-07-26T00:04:37.556+0000] {processor.py:161} INFO - Started process (PID=12963) to work on /home/airflow/.local/lib/python3.12/site-packages/airflow/example_dags/example_sensors.py
[2024-07-26T00:04:37.557+0000] {processor.py:830} INFO - Processing file /home/airflow/.local/lib/python3.12/site-packages/airflow/example_dags/example_sensors.py for tasks to queue
[2024-07-26T00:04:37.558+0000] {logging_mixin.py:188} INFO - [2024-07-26T00:04:37.558+0000] {dagbag.py:545} INFO - Filling up the DagBag from /home/airflow/.local/lib/python3.12/site-packages/airflow/example_dags/example_sensors.py
[2024-07-26T00:04:37.564+0000] {processor.py:840} INFO - DAG(s) 'example_sensors' retrieved from /home/airflow/.local/lib/python3.12/site-packages/airflow/example_dags/example_sensors.py
[2024-07-26T00:04:37.581+0000] {logging_mixin.py:188} INFO - [2024-07-26T00:04:37.581+0000] {dag.py:3089} INFO - Sync 1 DAGs
[2024-07-26T00:04:37.592+0000] {logging_mixin.py:188} INFO - [2024-07-26T00:04:37.591+0000] {dag.py:3947} INFO - Setting next_dagrun for example_sensors to None, run_after=None
[2024-07-26T00:04:37.605+0000] {processor.py:183} INFO - Processing /home/airflow/.local/lib/python3.12/site-packages/airflow/example_dags/example_sensors.py took 0.053 seconds
[2024-07-26T00:05:08.138+0000] {processor.py:161} INFO - Started process (PID=13022) to work on /home/airflow/.local/lib/python3.12/site-packages/airflow/example_dags/example_sensors.py
[2024-07-26T00:05:08.138+0000] {processor.py:830} INFO - Processing file /home/airflow/.local/lib/python3.12/site-packages/airflow/example_dags/example_sensors.py for tasks to queue
[2024-07-26T00:05:08.140+0000] {logging_mixin.py:188} INFO - [2024-07-26T00:05:08.140+0000] {dagbag.py:545} INFO - Filling up the DagBag from /home/airflow/.local/lib/python3.12/site-packages/airflow/example_dags/example_sensors.py
[2024-07-26T00:05:08.146+0000] {processor.py:840} INFO - DAG(s) 'example_sensors' retrieved from /home/airflow/.local/lib/python3.12/site-packages/airflow/example_dags/example_sensors.py
[2024-07-26T00:05:08.165+0000] {logging_mixin.py:188} INFO - [2024-07-26T00:05:08.164+0000] {dag.py:3089} INFO - Sync 1 DAGs
[2024-07-26T00:05:08.173+0000] {logging_mixin.py:188} INFO - [2024-07-26T00:05:08.173+0000] {dag.py:3947} INFO - Setting next_dagrun for example_sensors to None, run_after=None
[2024-07-26T00:05:08.188+0000] {processor.py:183} INFO - Processing /home/airflow/.local/lib/python3.12/site-packages/airflow/example_dags/example_sensors.py took 0.055 seconds
[2024-07-26T00:05:38.518+0000] {processor.py:161} INFO - Started process (PID=13081) to work on /home/airflow/.local/lib/python3.12/site-packages/airflow/example_dags/example_sensors.py
[2024-07-26T00:05:38.520+0000] {processor.py:830} INFO - Processing file /home/airflow/.local/lib/python3.12/site-packages/airflow/example_dags/example_sensors.py for tasks to queue
[2024-07-26T00:05:38.521+0000] {logging_mixin.py:188} INFO - [2024-07-26T00:05:38.521+0000] {dagbag.py:545} INFO - Filling up the DagBag from /home/airflow/.local/lib/python3.12/site-packages/airflow/example_dags/example_sensors.py
[2024-07-26T00:05:38.528+0000] {processor.py:840} INFO - DAG(s) 'example_sensors' retrieved from /home/airflow/.local/lib/python3.12/site-packages/airflow/example_dags/example_sensors.py
[2024-07-26T00:05:38.550+0000] {logging_mixin.py:188} INFO - [2024-07-26T00:05:38.550+0000] {dag.py:3089} INFO - Sync 1 DAGs
[2024-07-26T00:05:38.560+0000] {logging_mixin.py:188} INFO - [2024-07-26T00:05:38.560+0000] {dag.py:3947} INFO - Setting next_dagrun for example_sensors to None, run_after=None
[2024-07-26T00:05:38.577+0000] {processor.py:183} INFO - Processing /home/airflow/.local/lib/python3.12/site-packages/airflow/example_dags/example_sensors.py took 0.063 seconds
[2024-07-26T00:06:09.192+0000] {processor.py:161} INFO - Started process (PID=13140) to work on /home/airflow/.local/lib/python3.12/site-packages/airflow/example_dags/example_sensors.py
[2024-07-26T00:06:09.193+0000] {processor.py:830} INFO - Processing file /home/airflow/.local/lib/python3.12/site-packages/airflow/example_dags/example_sensors.py for tasks to queue
[2024-07-26T00:06:09.195+0000] {logging_mixin.py:188} INFO - [2024-07-26T00:06:09.194+0000] {dagbag.py:545} INFO - Filling up the DagBag from /home/airflow/.local/lib/python3.12/site-packages/airflow/example_dags/example_sensors.py
[2024-07-26T00:06:09.200+0000] {processor.py:840} INFO - DAG(s) 'example_sensors' retrieved from /home/airflow/.local/lib/python3.12/site-packages/airflow/example_dags/example_sensors.py
[2024-07-26T00:06:09.218+0000] {logging_mixin.py:188} INFO - [2024-07-26T00:06:09.218+0000] {dag.py:3089} INFO - Sync 1 DAGs
[2024-07-26T00:06:09.226+0000] {logging_mixin.py:188} INFO - [2024-07-26T00:06:09.226+0000] {dag.py:3947} INFO - Setting next_dagrun for example_sensors to None, run_after=None
[2024-07-26T00:06:09.241+0000] {processor.py:183} INFO - Processing /home/airflow/.local/lib/python3.12/site-packages/airflow/example_dags/example_sensors.py took 0.052 seconds
[2024-07-26T00:06:39.632+0000] {processor.py:161} INFO - Started process (PID=13199) to work on /home/airflow/.local/lib/python3.12/site-packages/airflow/example_dags/example_sensors.py
[2024-07-26T00:06:39.633+0000] {processor.py:830} INFO - Processing file /home/airflow/.local/lib/python3.12/site-packages/airflow/example_dags/example_sensors.py for tasks to queue
[2024-07-26T00:06:39.634+0000] {logging_mixin.py:188} INFO - [2024-07-26T00:06:39.634+0000] {dagbag.py:545} INFO - Filling up the DagBag from /home/airflow/.local/lib/python3.12/site-packages/airflow/example_dags/example_sensors.py
[2024-07-26T00:06:39.640+0000] {processor.py:840} INFO - DAG(s) 'example_sensors' retrieved from /home/airflow/.local/lib/python3.12/site-packages/airflow/example_dags/example_sensors.py
[2024-07-26T00:06:39.661+0000] {logging_mixin.py:188} INFO - [2024-07-26T00:06:39.661+0000] {dag.py:3089} INFO - Sync 1 DAGs
[2024-07-26T00:06:39.670+0000] {logging_mixin.py:188} INFO - [2024-07-26T00:06:39.670+0000] {dag.py:3947} INFO - Setting next_dagrun for example_sensors to None, run_after=None
[2024-07-26T00:06:39.684+0000] {processor.py:183} INFO - Processing /home/airflow/.local/lib/python3.12/site-packages/airflow/example_dags/example_sensors.py took 0.057 seconds
[2024-07-26T00:07:10.170+0000] {processor.py:161} INFO - Started process (PID=13258) to work on /home/airflow/.local/lib/python3.12/site-packages/airflow/example_dags/example_sensors.py
[2024-07-26T00:07:10.171+0000] {processor.py:830} INFO - Processing file /home/airflow/.local/lib/python3.12/site-packages/airflow/example_dags/example_sensors.py for tasks to queue
[2024-07-26T00:07:10.172+0000] {logging_mixin.py:188} INFO - [2024-07-26T00:07:10.172+0000] {dagbag.py:545} INFO - Filling up the DagBag from /home/airflow/.local/lib/python3.12/site-packages/airflow/example_dags/example_sensors.py
[2024-07-26T00:07:10.179+0000] {processor.py:840} INFO - DAG(s) 'example_sensors' retrieved from /home/airflow/.local/lib/python3.12/site-packages/airflow/example_dags/example_sensors.py
[2024-07-26T00:07:10.198+0000] {logging_mixin.py:188} INFO - [2024-07-26T00:07:10.198+0000] {dag.py:3089} INFO - Sync 1 DAGs
[2024-07-26T00:07:10.208+0000] {logging_mixin.py:188} INFO - [2024-07-26T00:07:10.208+0000] {dag.py:3947} INFO - Setting next_dagrun for example_sensors to None, run_after=None
[2024-07-26T00:07:10.222+0000] {processor.py:183} INFO - Processing /home/airflow/.local/lib/python3.12/site-packages/airflow/example_dags/example_sensors.py took 0.057 seconds
[2024-07-26T00:07:40.601+0000] {processor.py:161} INFO - Started process (PID=13317) to work on /home/airflow/.local/lib/python3.12/site-packages/airflow/example_dags/example_sensors.py
[2024-07-26T00:07:40.602+0000] {processor.py:830} INFO - Processing file /home/airflow/.local/lib/python3.12/site-packages/airflow/example_dags/example_sensors.py for tasks to queue
[2024-07-26T00:07:40.604+0000] {logging_mixin.py:188} INFO - [2024-07-26T00:07:40.603+0000] {dagbag.py:545} INFO - Filling up the DagBag from /home/airflow/.local/lib/python3.12/site-packages/airflow/example_dags/example_sensors.py
[2024-07-26T00:07:40.610+0000] {processor.py:840} INFO - DAG(s) 'example_sensors' retrieved from /home/airflow/.local/lib/python3.12/site-packages/airflow/example_dags/example_sensors.py
[2024-07-26T00:07:40.631+0000] {logging_mixin.py:188} INFO - [2024-07-26T00:07:40.631+0000] {dag.py:3089} INFO - Sync 1 DAGs
[2024-07-26T00:07:40.642+0000] {logging_mixin.py:188} INFO - [2024-07-26T00:07:40.642+0000] {dag.py:3947} INFO - Setting next_dagrun for example_sensors to None, run_after=None
[2024-07-26T00:07:40.662+0000] {processor.py:183} INFO - Processing /home/airflow/.local/lib/python3.12/site-packages/airflow/example_dags/example_sensors.py took 0.065 seconds
[2024-07-26T00:08:11.050+0000] {processor.py:161} INFO - Started process (PID=13376) to work on /home/airflow/.local/lib/python3.12/site-packages/airflow/example_dags/example_sensors.py
[2024-07-26T00:08:11.050+0000] {processor.py:830} INFO - Processing file /home/airflow/.local/lib/python3.12/site-packages/airflow/example_dags/example_sensors.py for tasks to queue
[2024-07-26T00:08:11.052+0000] {logging_mixin.py:188} INFO - [2024-07-26T00:08:11.052+0000] {dagbag.py:545} INFO - Filling up the DagBag from /home/airflow/.local/lib/python3.12/site-packages/airflow/example_dags/example_sensors.py
[2024-07-26T00:08:11.058+0000] {processor.py:840} INFO - DAG(s) 'example_sensors' retrieved from /home/airflow/.local/lib/python3.12/site-packages/airflow/example_dags/example_sensors.py
[2024-07-26T00:08:11.080+0000] {logging_mixin.py:188} INFO - [2024-07-26T00:08:11.079+0000] {dag.py:3089} INFO - Sync 1 DAGs
[2024-07-26T00:08:11.090+0000] {logging_mixin.py:188} INFO - [2024-07-26T00:08:11.090+0000] {dag.py:3947} INFO - Setting next_dagrun for example_sensors to None, run_after=None
[2024-07-26T00:08:11.106+0000] {processor.py:183} INFO - Processing /home/airflow/.local/lib/python3.12/site-packages/airflow/example_dags/example_sensors.py took 0.061 seconds
[2024-07-26T00:08:41.507+0000] {processor.py:161} INFO - Started process (PID=13435) to work on /home/airflow/.local/lib/python3.12/site-packages/airflow/example_dags/example_sensors.py
[2024-07-26T00:08:41.508+0000] {processor.py:830} INFO - Processing file /home/airflow/.local/lib/python3.12/site-packages/airflow/example_dags/example_sensors.py for tasks to queue
[2024-07-26T00:08:41.510+0000] {logging_mixin.py:188} INFO - [2024-07-26T00:08:41.510+0000] {dagbag.py:545} INFO - Filling up the DagBag from /home/airflow/.local/lib/python3.12/site-packages/airflow/example_dags/example_sensors.py
[2024-07-26T00:08:41.517+0000] {processor.py:840} INFO - DAG(s) 'example_sensors' retrieved from /home/airflow/.local/lib/python3.12/site-packages/airflow/example_dags/example_sensors.py
[2024-07-26T00:08:41.537+0000] {logging_mixin.py:188} INFO - [2024-07-26T00:08:41.537+0000] {dag.py:3089} INFO - Sync 1 DAGs
[2024-07-26T00:08:41.547+0000] {logging_mixin.py:188} INFO - [2024-07-26T00:08:41.547+0000] {dag.py:3947} INFO - Setting next_dagrun for example_sensors to None, run_after=None
[2024-07-26T00:08:41.563+0000] {processor.py:183} INFO - Processing /home/airflow/.local/lib/python3.12/site-packages/airflow/example_dags/example_sensors.py took 0.059 seconds
[2024-07-26T00:09:11.974+0000] {processor.py:161} INFO - Started process (PID=13494) to work on /home/airflow/.local/lib/python3.12/site-packages/airflow/example_dags/example_sensors.py
[2024-07-26T00:09:11.974+0000] {processor.py:830} INFO - Processing file /home/airflow/.local/lib/python3.12/site-packages/airflow/example_dags/example_sensors.py for tasks to queue
[2024-07-26T00:09:11.976+0000] {logging_mixin.py:188} INFO - [2024-07-26T00:09:11.976+0000] {dagbag.py:545} INFO - Filling up the DagBag from /home/airflow/.local/lib/python3.12/site-packages/airflow/example_dags/example_sensors.py
[2024-07-26T00:09:11.984+0000] {processor.py:840} INFO - DAG(s) 'example_sensors' retrieved from /home/airflow/.local/lib/python3.12/site-packages/airflow/example_dags/example_sensors.py
[2024-07-26T00:09:12.008+0000] {logging_mixin.py:188} INFO - [2024-07-26T00:09:12.008+0000] {dag.py:3089} INFO - Sync 1 DAGs
[2024-07-26T00:09:12.020+0000] {logging_mixin.py:188} INFO - [2024-07-26T00:09:12.019+0000] {dag.py:3947} INFO - Setting next_dagrun for example_sensors to None, run_after=None
[2024-07-26T00:09:12.039+0000] {processor.py:183} INFO - Processing /home/airflow/.local/lib/python3.12/site-packages/airflow/example_dags/example_sensors.py took 0.071 seconds
[2024-07-26T00:09:42.574+0000] {processor.py:161} INFO - Started process (PID=13553) to work on /home/airflow/.local/lib/python3.12/site-packages/airflow/example_dags/example_sensors.py
[2024-07-26T00:09:42.575+0000] {processor.py:830} INFO - Processing file /home/airflow/.local/lib/python3.12/site-packages/airflow/example_dags/example_sensors.py for tasks to queue
[2024-07-26T00:09:42.577+0000] {logging_mixin.py:188} INFO - [2024-07-26T00:09:42.576+0000] {dagbag.py:545} INFO - Filling up the DagBag from /home/airflow/.local/lib/python3.12/site-packages/airflow/example_dags/example_sensors.py
[2024-07-26T00:09:42.582+0000] {processor.py:840} INFO - DAG(s) 'example_sensors' retrieved from /home/airflow/.local/lib/python3.12/site-packages/airflow/example_dags/example_sensors.py
[2024-07-26T00:09:42.601+0000] {logging_mixin.py:188} INFO - [2024-07-26T00:09:42.601+0000] {dag.py:3089} INFO - Sync 1 DAGs
[2024-07-26T00:09:42.610+0000] {logging_mixin.py:188} INFO - [2024-07-26T00:09:42.609+0000] {dag.py:3947} INFO - Setting next_dagrun for example_sensors to None, run_after=None
[2024-07-26T00:09:42.626+0000] {processor.py:183} INFO - Processing /home/airflow/.local/lib/python3.12/site-packages/airflow/example_dags/example_sensors.py took 0.055 seconds
[2024-07-26T00:10:13.121+0000] {processor.py:161} INFO - Started process (PID=13612) to work on /home/airflow/.local/lib/python3.12/site-packages/airflow/example_dags/example_sensors.py
[2024-07-26T00:10:13.121+0000] {processor.py:830} INFO - Processing file /home/airflow/.local/lib/python3.12/site-packages/airflow/example_dags/example_sensors.py for tasks to queue
[2024-07-26T00:10:13.123+0000] {logging_mixin.py:188} INFO - [2024-07-26T00:10:13.123+0000] {dagbag.py:545} INFO - Filling up the DagBag from /home/airflow/.local/lib/python3.12/site-packages/airflow/example_dags/example_sensors.py
[2024-07-26T00:10:13.128+0000] {processor.py:840} INFO - DAG(s) 'example_sensors' retrieved from /home/airflow/.local/lib/python3.12/site-packages/airflow/example_dags/example_sensors.py
[2024-07-26T00:10:13.147+0000] {logging_mixin.py:188} INFO - [2024-07-26T00:10:13.147+0000] {dag.py:3089} INFO - Sync 1 DAGs
[2024-07-26T00:10:13.156+0000] {logging_mixin.py:188} INFO - [2024-07-26T00:10:13.156+0000] {dag.py:3947} INFO - Setting next_dagrun for example_sensors to None, run_after=None
[2024-07-26T00:10:13.170+0000] {processor.py:183} INFO - Processing /home/airflow/.local/lib/python3.12/site-packages/airflow/example_dags/example_sensors.py took 0.053 seconds
[2024-07-26T00:10:43.598+0000] {processor.py:161} INFO - Started process (PID=13671) to work on /home/airflow/.local/lib/python3.12/site-packages/airflow/example_dags/example_sensors.py
[2024-07-26T00:10:43.599+0000] {processor.py:830} INFO - Processing file /home/airflow/.local/lib/python3.12/site-packages/airflow/example_dags/example_sensors.py for tasks to queue
[2024-07-26T00:10:43.601+0000] {logging_mixin.py:188} INFO - [2024-07-26T00:10:43.600+0000] {dagbag.py:545} INFO - Filling up the DagBag from /home/airflow/.local/lib/python3.12/site-packages/airflow/example_dags/example_sensors.py
[2024-07-26T00:10:43.608+0000] {processor.py:840} INFO - DAG(s) 'example_sensors' retrieved from /home/airflow/.local/lib/python3.12/site-packages/airflow/example_dags/example_sensors.py
[2024-07-26T00:10:43.630+0000] {logging_mixin.py:188} INFO - [2024-07-26T00:10:43.630+0000] {dag.py:3089} INFO - Sync 1 DAGs
[2024-07-26T00:10:43.640+0000] {logging_mixin.py:188} INFO - [2024-07-26T00:10:43.640+0000] {dag.py:3947} INFO - Setting next_dagrun for example_sensors to None, run_after=None
[2024-07-26T00:10:43.656+0000] {processor.py:183} INFO - Processing /home/airflow/.local/lib/python3.12/site-packages/airflow/example_dags/example_sensors.py took 0.062 seconds
[2024-07-26T00:11:13.885+0000] {processor.py:161} INFO - Started process (PID=13730) to work on /home/airflow/.local/lib/python3.12/site-packages/airflow/example_dags/example_sensors.py
[2024-07-26T00:11:13.886+0000] {processor.py:830} INFO - Processing file /home/airflow/.local/lib/python3.12/site-packages/airflow/example_dags/example_sensors.py for tasks to queue
[2024-07-26T00:11:13.888+0000] {logging_mixin.py:188} INFO - [2024-07-26T00:11:13.888+0000] {dagbag.py:545} INFO - Filling up the DagBag from /home/airflow/.local/lib/python3.12/site-packages/airflow/example_dags/example_sensors.py
[2024-07-26T00:11:13.895+0000] {processor.py:840} INFO - DAG(s) 'example_sensors' retrieved from /home/airflow/.local/lib/python3.12/site-packages/airflow/example_dags/example_sensors.py
[2024-07-26T00:11:13.918+0000] {logging_mixin.py:188} INFO - [2024-07-26T00:11:13.917+0000] {dag.py:3089} INFO - Sync 1 DAGs
[2024-07-26T00:11:13.929+0000] {logging_mixin.py:188} INFO - [2024-07-26T00:11:13.929+0000] {dag.py:3947} INFO - Setting next_dagrun for example_sensors to None, run_after=None
[2024-07-26T00:11:13.943+0000] {processor.py:183} INFO - Processing /home/airflow/.local/lib/python3.12/site-packages/airflow/example_dags/example_sensors.py took 0.063 seconds
[2024-07-26T00:11:44.404+0000] {processor.py:161} INFO - Started process (PID=13789) to work on /home/airflow/.local/lib/python3.12/site-packages/airflow/example_dags/example_sensors.py
[2024-07-26T00:11:44.405+0000] {processor.py:830} INFO - Processing file /home/airflow/.local/lib/python3.12/site-packages/airflow/example_dags/example_sensors.py for tasks to queue
[2024-07-26T00:11:44.407+0000] {logging_mixin.py:188} INFO - [2024-07-26T00:11:44.407+0000] {dagbag.py:545} INFO - Filling up the DagBag from /home/airflow/.local/lib/python3.12/site-packages/airflow/example_dags/example_sensors.py
[2024-07-26T00:11:44.416+0000] {processor.py:840} INFO - DAG(s) 'example_sensors' retrieved from /home/airflow/.local/lib/python3.12/site-packages/airflow/example_dags/example_sensors.py
[2024-07-26T00:11:44.437+0000] {logging_mixin.py:188} INFO - [2024-07-26T00:11:44.437+0000] {dag.py:3089} INFO - Sync 1 DAGs
[2024-07-26T00:11:44.446+0000] {logging_mixin.py:188} INFO - [2024-07-26T00:11:44.446+0000] {dag.py:3947} INFO - Setting next_dagrun for example_sensors to None, run_after=None
[2024-07-26T00:11:44.462+0000] {processor.py:183} INFO - Processing /home/airflow/.local/lib/python3.12/site-packages/airflow/example_dags/example_sensors.py took 0.062 seconds
[2024-07-26T00:14:37.236+0000] {processor.py:161} INFO - Started process (PID=79) to work on /home/airflow/.local/lib/python3.12/site-packages/airflow/example_dags/example_sensors.py
[2024-07-26T00:14:37.237+0000] {processor.py:830} INFO - Processing file /home/airflow/.local/lib/python3.12/site-packages/airflow/example_dags/example_sensors.py for tasks to queue
[2024-07-26T00:14:37.238+0000] {logging_mixin.py:188} INFO - [2024-07-26T00:14:37.238+0000] {dagbag.py:545} INFO - Filling up the DagBag from /home/airflow/.local/lib/python3.12/site-packages/airflow/example_dags/example_sensors.py
[2024-07-26T00:14:37.246+0000] {processor.py:840} INFO - DAG(s) 'example_sensors' retrieved from /home/airflow/.local/lib/python3.12/site-packages/airflow/example_dags/example_sensors.py
[2024-07-26T00:14:37.260+0000] {logging_mixin.py:188} INFO - [2024-07-26T00:14:37.259+0000] {dag.py:3089} INFO - Sync 1 DAGs
[2024-07-26T00:14:37.273+0000] {logging_mixin.py:188} INFO - [2024-07-26T00:14:37.273+0000] {dag.py:3947} INFO - Setting next_dagrun for example_sensors to None, run_after=None
[2024-07-26T00:14:37.293+0000] {processor.py:183} INFO - Processing /home/airflow/.local/lib/python3.12/site-packages/airflow/example_dags/example_sensors.py took 0.061 seconds
[2024-07-26T00:15:08.919+0000] {processor.py:161} INFO - Started process (PID=138) to work on /home/airflow/.local/lib/python3.12/site-packages/airflow/example_dags/example_sensors.py
[2024-07-26T00:15:08.920+0000] {processor.py:830} INFO - Processing file /home/airflow/.local/lib/python3.12/site-packages/airflow/example_dags/example_sensors.py for tasks to queue
[2024-07-26T00:15:08.922+0000] {logging_mixin.py:188} INFO - [2024-07-26T00:15:08.922+0000] {dagbag.py:545} INFO - Filling up the DagBag from /home/airflow/.local/lib/python3.12/site-packages/airflow/example_dags/example_sensors.py
[2024-07-26T00:15:08.928+0000] {processor.py:840} INFO - DAG(s) 'example_sensors' retrieved from /home/airflow/.local/lib/python3.12/site-packages/airflow/example_dags/example_sensors.py
[2024-07-26T00:15:09.011+0000] {logging_mixin.py:188} INFO - [2024-07-26T00:15:09.011+0000] {dag.py:3089} INFO - Sync 1 DAGs
[2024-07-26T00:15:09.019+0000] {logging_mixin.py:188} INFO - [2024-07-26T00:15:09.019+0000] {dag.py:3947} INFO - Setting next_dagrun for example_sensors to None, run_after=None
[2024-07-26T00:15:09.034+0000] {processor.py:183} INFO - Processing /home/airflow/.local/lib/python3.12/site-packages/airflow/example_dags/example_sensors.py took 0.119 seconds
[2024-07-26T00:15:39.112+0000] {processor.py:161} INFO - Started process (PID=197) to work on /home/airflow/.local/lib/python3.12/site-packages/airflow/example_dags/example_sensors.py
[2024-07-26T00:15:39.114+0000] {processor.py:830} INFO - Processing file /home/airflow/.local/lib/python3.12/site-packages/airflow/example_dags/example_sensors.py for tasks to queue
[2024-07-26T00:15:39.115+0000] {logging_mixin.py:188} INFO - [2024-07-26T00:15:39.115+0000] {dagbag.py:545} INFO - Filling up the DagBag from /home/airflow/.local/lib/python3.12/site-packages/airflow/example_dags/example_sensors.py
[2024-07-26T00:15:39.122+0000] {processor.py:840} INFO - DAG(s) 'example_sensors' retrieved from /home/airflow/.local/lib/python3.12/site-packages/airflow/example_dags/example_sensors.py
[2024-07-26T00:15:39.142+0000] {logging_mixin.py:188} INFO - [2024-07-26T00:15:39.142+0000] {dag.py:3089} INFO - Sync 1 DAGs
[2024-07-26T00:15:39.152+0000] {logging_mixin.py:188} INFO - [2024-07-26T00:15:39.152+0000] {dag.py:3947} INFO - Setting next_dagrun for example_sensors to None, run_after=None
[2024-07-26T00:15:39.170+0000] {processor.py:183} INFO - Processing /home/airflow/.local/lib/python3.12/site-packages/airflow/example_dags/example_sensors.py took 0.062 seconds
[2024-07-26T00:16:09.242+0000] {processor.py:161} INFO - Started process (PID=256) to work on /home/airflow/.local/lib/python3.12/site-packages/airflow/example_dags/example_sensors.py
[2024-07-26T00:16:09.243+0000] {processor.py:830} INFO - Processing file /home/airflow/.local/lib/python3.12/site-packages/airflow/example_dags/example_sensors.py for tasks to queue
[2024-07-26T00:16:09.245+0000] {logging_mixin.py:188} INFO - [2024-07-26T00:16:09.244+0000] {dagbag.py:545} INFO - Filling up the DagBag from /home/airflow/.local/lib/python3.12/site-packages/airflow/example_dags/example_sensors.py
[2024-07-26T00:16:09.251+0000] {processor.py:840} INFO - DAG(s) 'example_sensors' retrieved from /home/airflow/.local/lib/python3.12/site-packages/airflow/example_dags/example_sensors.py
[2024-07-26T00:16:09.272+0000] {logging_mixin.py:188} INFO - [2024-07-26T00:16:09.272+0000] {dag.py:3089} INFO - Sync 1 DAGs
[2024-07-26T00:16:09.281+0000] {logging_mixin.py:188} INFO - [2024-07-26T00:16:09.281+0000] {dag.py:3947} INFO - Setting next_dagrun for example_sensors to None, run_after=None
[2024-07-26T00:16:09.297+0000] {processor.py:183} INFO - Processing /home/airflow/.local/lib/python3.12/site-packages/airflow/example_dags/example_sensors.py took 0.060 seconds
[2024-07-26T00:16:39.810+0000] {processor.py:161} INFO - Started process (PID=315) to work on /home/airflow/.local/lib/python3.12/site-packages/airflow/example_dags/example_sensors.py
[2024-07-26T00:16:39.810+0000] {processor.py:830} INFO - Processing file /home/airflow/.local/lib/python3.12/site-packages/airflow/example_dags/example_sensors.py for tasks to queue
[2024-07-26T00:16:39.812+0000] {logging_mixin.py:188} INFO - [2024-07-26T00:16:39.812+0000] {dagbag.py:545} INFO - Filling up the DagBag from /home/airflow/.local/lib/python3.12/site-packages/airflow/example_dags/example_sensors.py
[2024-07-26T00:16:39.818+0000] {processor.py:840} INFO - DAG(s) 'example_sensors' retrieved from /home/airflow/.local/lib/python3.12/site-packages/airflow/example_dags/example_sensors.py
[2024-07-26T00:16:39.839+0000] {logging_mixin.py:188} INFO - [2024-07-26T00:16:39.839+0000] {dag.py:3089} INFO - Sync 1 DAGs
[2024-07-26T00:16:39.849+0000] {logging_mixin.py:188} INFO - [2024-07-26T00:16:39.849+0000] {dag.py:3947} INFO - Setting next_dagrun for example_sensors to None, run_after=None
[2024-07-26T00:16:39.866+0000] {processor.py:183} INFO - Processing /home/airflow/.local/lib/python3.12/site-packages/airflow/example_dags/example_sensors.py took 0.060 seconds
[2024-07-26T00:17:10.390+0000] {processor.py:161} INFO - Started process (PID=374) to work on /home/airflow/.local/lib/python3.12/site-packages/airflow/example_dags/example_sensors.py
[2024-07-26T00:17:10.391+0000] {processor.py:830} INFO - Processing file /home/airflow/.local/lib/python3.12/site-packages/airflow/example_dags/example_sensors.py for tasks to queue
[2024-07-26T00:17:10.393+0000] {logging_mixin.py:188} INFO - [2024-07-26T00:17:10.393+0000] {dagbag.py:545} INFO - Filling up the DagBag from /home/airflow/.local/lib/python3.12/site-packages/airflow/example_dags/example_sensors.py
[2024-07-26T00:17:10.400+0000] {processor.py:840} INFO - DAG(s) 'example_sensors' retrieved from /home/airflow/.local/lib/python3.12/site-packages/airflow/example_dags/example_sensors.py
[2024-07-26T00:17:10.425+0000] {logging_mixin.py:188} INFO - [2024-07-26T00:17:10.424+0000] {dag.py:3089} INFO - Sync 1 DAGs
[2024-07-26T00:17:10.436+0000] {logging_mixin.py:188} INFO - [2024-07-26T00:17:10.436+0000] {dag.py:3947} INFO - Setting next_dagrun for example_sensors to None, run_after=None
[2024-07-26T00:17:10.454+0000] {processor.py:183} INFO - Processing /home/airflow/.local/lib/python3.12/site-packages/airflow/example_dags/example_sensors.py took 0.069 seconds
[2024-07-26T00:17:40.853+0000] {processor.py:161} INFO - Started process (PID=434) to work on /home/airflow/.local/lib/python3.12/site-packages/airflow/example_dags/example_sensors.py
[2024-07-26T00:17:40.853+0000] {processor.py:830} INFO - Processing file /home/airflow/.local/lib/python3.12/site-packages/airflow/example_dags/example_sensors.py for tasks to queue
[2024-07-26T00:17:40.855+0000] {logging_mixin.py:188} INFO - [2024-07-26T00:17:40.855+0000] {dagbag.py:545} INFO - Filling up the DagBag from /home/airflow/.local/lib/python3.12/site-packages/airflow/example_dags/example_sensors.py
[2024-07-26T00:17:40.861+0000] {processor.py:840} INFO - DAG(s) 'example_sensors' retrieved from /home/airflow/.local/lib/python3.12/site-packages/airflow/example_dags/example_sensors.py
[2024-07-26T00:17:40.880+0000] {logging_mixin.py:188} INFO - [2024-07-26T00:17:40.880+0000] {dag.py:3089} INFO - Sync 1 DAGs
[2024-07-26T00:17:40.891+0000] {logging_mixin.py:188} INFO - [2024-07-26T00:17:40.890+0000] {dag.py:3947} INFO - Setting next_dagrun for example_sensors to None, run_after=None
[2024-07-26T00:17:40.907+0000] {processor.py:183} INFO - Processing /home/airflow/.local/lib/python3.12/site-packages/airflow/example_dags/example_sensors.py took 0.058 seconds
[2024-07-26T00:18:11.317+0000] {processor.py:161} INFO - Started process (PID=493) to work on /home/airflow/.local/lib/python3.12/site-packages/airflow/example_dags/example_sensors.py
[2024-07-26T00:18:11.318+0000] {processor.py:830} INFO - Processing file /home/airflow/.local/lib/python3.12/site-packages/airflow/example_dags/example_sensors.py for tasks to queue
[2024-07-26T00:18:11.320+0000] {logging_mixin.py:188} INFO - [2024-07-26T00:18:11.320+0000] {dagbag.py:545} INFO - Filling up the DagBag from /home/airflow/.local/lib/python3.12/site-packages/airflow/example_dags/example_sensors.py
[2024-07-26T00:18:11.326+0000] {processor.py:840} INFO - DAG(s) 'example_sensors' retrieved from /home/airflow/.local/lib/python3.12/site-packages/airflow/example_dags/example_sensors.py
[2024-07-26T00:18:11.344+0000] {logging_mixin.py:188} INFO - [2024-07-26T00:18:11.344+0000] {dag.py:3089} INFO - Sync 1 DAGs
[2024-07-26T00:18:11.354+0000] {logging_mixin.py:188} INFO - [2024-07-26T00:18:11.354+0000] {dag.py:3947} INFO - Setting next_dagrun for example_sensors to None, run_after=None
[2024-07-26T00:18:11.370+0000] {processor.py:183} INFO - Processing /home/airflow/.local/lib/python3.12/site-packages/airflow/example_dags/example_sensors.py took 0.056 seconds
