[2024-07-26T00:00:27.128+0000] {processor.py:161} INFO - Started process (PID=12449) to work on /home/airflow/.local/lib/python3.12/site-packages/airflow/example_dags/example_task_group_decorator.py
[2024-07-26T00:00:27.129+0000] {processor.py:830} INFO - Processing file /home/airflow/.local/lib/python3.12/site-packages/airflow/example_dags/example_task_group_decorator.py for tasks to queue
[2024-07-26T00:00:27.131+0000] {logging_mixin.py:188} INFO - [2024-07-26T00:00:27.131+0000] {dagbag.py:545} INFO - Filling up the DagBag from /home/airflow/.local/lib/python3.12/site-packages/airflow/example_dags/example_task_group_decorator.py
[2024-07-26T00:00:27.142+0000] {processor.py:840} INFO - DAG(s) 'example_task_group_decorator' retrieved from /home/airflow/.local/lib/python3.12/site-packages/airflow/example_dags/example_task_group_decorator.py
[2024-07-26T00:00:27.163+0000] {logging_mixin.py:188} INFO - [2024-07-26T00:00:27.162+0000] {dag.py:3089} INFO - Sync 1 DAGs
[2024-07-26T00:00:27.180+0000] {logging_mixin.py:188} INFO - [2024-07-26T00:00:27.180+0000] {dag.py:3947} INFO - Setting next_dagrun for example_task_group_decorator to 2024-07-25 00:00:00+00:00, run_after=2024-07-26 00:00:00+00:00
[2024-07-26T00:00:27.195+0000] {processor.py:183} INFO - Processing /home/airflow/.local/lib/python3.12/site-packages/airflow/example_dags/example_task_group_decorator.py took 0.071 seconds
[2024-07-26T00:00:57.713+0000] {processor.py:161} INFO - Started process (PID=12508) to work on /home/airflow/.local/lib/python3.12/site-packages/airflow/example_dags/example_task_group_decorator.py
[2024-07-26T00:00:57.713+0000] {processor.py:830} INFO - Processing file /home/airflow/.local/lib/python3.12/site-packages/airflow/example_dags/example_task_group_decorator.py for tasks to queue
[2024-07-26T00:00:57.715+0000] {logging_mixin.py:188} INFO - [2024-07-26T00:00:57.715+0000] {dagbag.py:545} INFO - Filling up the DagBag from /home/airflow/.local/lib/python3.12/site-packages/airflow/example_dags/example_task_group_decorator.py
[2024-07-26T00:00:57.725+0000] {processor.py:840} INFO - DAG(s) 'example_task_group_decorator' retrieved from /home/airflow/.local/lib/python3.12/site-packages/airflow/example_dags/example_task_group_decorator.py
[2024-07-26T00:00:57.745+0000] {logging_mixin.py:188} INFO - [2024-07-26T00:00:57.745+0000] {dag.py:3089} INFO - Sync 1 DAGs
[2024-07-26T00:00:57.763+0000] {logging_mixin.py:188} INFO - [2024-07-26T00:00:57.763+0000] {dag.py:3947} INFO - Setting next_dagrun for example_task_group_decorator to 2024-07-25 00:00:00+00:00, run_after=2024-07-26 00:00:00+00:00
[2024-07-26T00:00:57.778+0000] {processor.py:183} INFO - Processing /home/airflow/.local/lib/python3.12/site-packages/airflow/example_dags/example_task_group_decorator.py took 0.070 seconds
[2024-07-26T00:01:28.037+0000] {processor.py:161} INFO - Started process (PID=12567) to work on /home/airflow/.local/lib/python3.12/site-packages/airflow/example_dags/example_task_group_decorator.py
[2024-07-26T00:01:28.038+0000] {processor.py:830} INFO - Processing file /home/airflow/.local/lib/python3.12/site-packages/airflow/example_dags/example_task_group_decorator.py for tasks to queue
[2024-07-26T00:01:28.040+0000] {logging_mixin.py:188} INFO - [2024-07-26T00:01:28.039+0000] {dagbag.py:545} INFO - Filling up the DagBag from /home/airflow/.local/lib/python3.12/site-packages/airflow/example_dags/example_task_group_decorator.py
[2024-07-26T00:01:28.049+0000] {processor.py:840} INFO - DAG(s) 'example_task_group_decorator' retrieved from /home/airflow/.local/lib/python3.12/site-packages/airflow/example_dags/example_task_group_decorator.py
[2024-07-26T00:01:28.068+0000] {logging_mixin.py:188} INFO - [2024-07-26T00:01:28.068+0000] {dag.py:3089} INFO - Sync 1 DAGs
[2024-07-26T00:01:28.084+0000] {logging_mixin.py:188} INFO - [2024-07-26T00:01:28.084+0000] {dag.py:3947} INFO - Setting next_dagrun for example_task_group_decorator to 2024-07-25 00:00:00+00:00, run_after=2024-07-26 00:00:00+00:00
[2024-07-26T00:01:28.110+0000] {processor.py:183} INFO - Processing /home/airflow/.local/lib/python3.12/site-packages/airflow/example_dags/example_task_group_decorator.py took 0.076 seconds
[2024-07-26T00:01:58.395+0000] {processor.py:161} INFO - Started process (PID=12626) to work on /home/airflow/.local/lib/python3.12/site-packages/airflow/example_dags/example_task_group_decorator.py
[2024-07-26T00:01:58.395+0000] {processor.py:830} INFO - Processing file /home/airflow/.local/lib/python3.12/site-packages/airflow/example_dags/example_task_group_decorator.py for tasks to queue
[2024-07-26T00:01:58.397+0000] {logging_mixin.py:188} INFO - [2024-07-26T00:01:58.397+0000] {dagbag.py:545} INFO - Filling up the DagBag from /home/airflow/.local/lib/python3.12/site-packages/airflow/example_dags/example_task_group_decorator.py
[2024-07-26T00:01:58.406+0000] {processor.py:840} INFO - DAG(s) 'example_task_group_decorator' retrieved from /home/airflow/.local/lib/python3.12/site-packages/airflow/example_dags/example_task_group_decorator.py
[2024-07-26T00:01:58.425+0000] {logging_mixin.py:188} INFO - [2024-07-26T00:01:58.425+0000] {dag.py:3089} INFO - Sync 1 DAGs
[2024-07-26T00:01:58.442+0000] {logging_mixin.py:188} INFO - [2024-07-26T00:01:58.442+0000] {dag.py:3947} INFO - Setting next_dagrun for example_task_group_decorator to 2024-07-25 00:00:00+00:00, run_after=2024-07-26 00:00:00+00:00
[2024-07-26T00:01:58.456+0000] {processor.py:183} INFO - Processing /home/airflow/.local/lib/python3.12/site-packages/airflow/example_dags/example_task_group_decorator.py took 0.065 seconds
[2024-07-26T00:02:28.857+0000] {processor.py:161} INFO - Started process (PID=12685) to work on /home/airflow/.local/lib/python3.12/site-packages/airflow/example_dags/example_task_group_decorator.py
[2024-07-26T00:02:28.857+0000] {processor.py:830} INFO - Processing file /home/airflow/.local/lib/python3.12/site-packages/airflow/example_dags/example_task_group_decorator.py for tasks to queue
[2024-07-26T00:02:28.859+0000] {logging_mixin.py:188} INFO - [2024-07-26T00:02:28.859+0000] {dagbag.py:545} INFO - Filling up the DagBag from /home/airflow/.local/lib/python3.12/site-packages/airflow/example_dags/example_task_group_decorator.py
[2024-07-26T00:02:28.868+0000] {processor.py:840} INFO - DAG(s) 'example_task_group_decorator' retrieved from /home/airflow/.local/lib/python3.12/site-packages/airflow/example_dags/example_task_group_decorator.py
[2024-07-26T00:02:28.889+0000] {logging_mixin.py:188} INFO - [2024-07-26T00:02:28.889+0000] {dag.py:3089} INFO - Sync 1 DAGs
[2024-07-26T00:02:28.905+0000] {logging_mixin.py:188} INFO - [2024-07-26T00:02:28.905+0000] {dag.py:3947} INFO - Setting next_dagrun for example_task_group_decorator to 2024-07-25 00:00:00+00:00, run_after=2024-07-26 00:00:00+00:00
[2024-07-26T00:02:28.919+0000] {processor.py:183} INFO - Processing /home/airflow/.local/lib/python3.12/site-packages/airflow/example_dags/example_task_group_decorator.py took 0.066 seconds
[2024-07-26T00:02:59.261+0000] {processor.py:161} INFO - Started process (PID=12744) to work on /home/airflow/.local/lib/python3.12/site-packages/airflow/example_dags/example_task_group_decorator.py
[2024-07-26T00:02:59.262+0000] {processor.py:830} INFO - Processing file /home/airflow/.local/lib/python3.12/site-packages/airflow/example_dags/example_task_group_decorator.py for tasks to queue
[2024-07-26T00:02:59.264+0000] {logging_mixin.py:188} INFO - [2024-07-26T00:02:59.264+0000] {dagbag.py:545} INFO - Filling up the DagBag from /home/airflow/.local/lib/python3.12/site-packages/airflow/example_dags/example_task_group_decorator.py
[2024-07-26T00:02:59.274+0000] {processor.py:840} INFO - DAG(s) 'example_task_group_decorator' retrieved from /home/airflow/.local/lib/python3.12/site-packages/airflow/example_dags/example_task_group_decorator.py
[2024-07-26T00:02:59.293+0000] {logging_mixin.py:188} INFO - [2024-07-26T00:02:59.293+0000] {dag.py:3089} INFO - Sync 1 DAGs
[2024-07-26T00:02:59.310+0000] {logging_mixin.py:188} INFO - [2024-07-26T00:02:59.310+0000] {dag.py:3947} INFO - Setting next_dagrun for example_task_group_decorator to 2024-07-25 00:00:00+00:00, run_after=2024-07-26 00:00:00+00:00
[2024-07-26T00:02:59.324+0000] {processor.py:183} INFO - Processing /home/airflow/.local/lib/python3.12/site-packages/airflow/example_dags/example_task_group_decorator.py took 0.067 seconds
[2024-07-26T00:03:29.813+0000] {processor.py:161} INFO - Started process (PID=12803) to work on /home/airflow/.local/lib/python3.12/site-packages/airflow/example_dags/example_task_group_decorator.py
[2024-07-26T00:03:29.814+0000] {processor.py:830} INFO - Processing file /home/airflow/.local/lib/python3.12/site-packages/airflow/example_dags/example_task_group_decorator.py for tasks to queue
[2024-07-26T00:03:29.816+0000] {logging_mixin.py:188} INFO - [2024-07-26T00:03:29.815+0000] {dagbag.py:545} INFO - Filling up the DagBag from /home/airflow/.local/lib/python3.12/site-packages/airflow/example_dags/example_task_group_decorator.py
[2024-07-26T00:03:29.826+0000] {processor.py:840} INFO - DAG(s) 'example_task_group_decorator' retrieved from /home/airflow/.local/lib/python3.12/site-packages/airflow/example_dags/example_task_group_decorator.py
[2024-07-26T00:03:29.846+0000] {logging_mixin.py:188} INFO - [2024-07-26T00:03:29.845+0000] {dag.py:3089} INFO - Sync 1 DAGs
[2024-07-26T00:03:29.861+0000] {logging_mixin.py:188} INFO - [2024-07-26T00:03:29.861+0000] {dag.py:3947} INFO - Setting next_dagrun for example_task_group_decorator to 2024-07-25 00:00:00+00:00, run_after=2024-07-26 00:00:00+00:00
[2024-07-26T00:03:29.885+0000] {processor.py:183} INFO - Processing /home/airflow/.local/lib/python3.12/site-packages/airflow/example_dags/example_task_group_decorator.py took 0.076 seconds
[2024-07-26T00:04:00.260+0000] {processor.py:161} INFO - Started process (PID=12862) to work on /home/airflow/.local/lib/python3.12/site-packages/airflow/example_dags/example_task_group_decorator.py
[2024-07-26T00:04:00.261+0000] {processor.py:830} INFO - Processing file /home/airflow/.local/lib/python3.12/site-packages/airflow/example_dags/example_task_group_decorator.py for tasks to queue
[2024-07-26T00:04:00.263+0000] {logging_mixin.py:188} INFO - [2024-07-26T00:04:00.262+0000] {dagbag.py:545} INFO - Filling up the DagBag from /home/airflow/.local/lib/python3.12/site-packages/airflow/example_dags/example_task_group_decorator.py
[2024-07-26T00:04:00.273+0000] {processor.py:840} INFO - DAG(s) 'example_task_group_decorator' retrieved from /home/airflow/.local/lib/python3.12/site-packages/airflow/example_dags/example_task_group_decorator.py
[2024-07-26T00:04:00.293+0000] {logging_mixin.py:188} INFO - [2024-07-26T00:04:00.292+0000] {dag.py:3089} INFO - Sync 1 DAGs
[2024-07-26T00:04:00.310+0000] {logging_mixin.py:188} INFO - [2024-07-26T00:04:00.310+0000] {dag.py:3947} INFO - Setting next_dagrun for example_task_group_decorator to 2024-07-25 00:00:00+00:00, run_after=2024-07-26 00:00:00+00:00
[2024-07-26T00:04:00.333+0000] {processor.py:183} INFO - Processing /home/airflow/.local/lib/python3.12/site-packages/airflow/example_dags/example_task_group_decorator.py took 0.077 seconds
[2024-07-26T00:04:30.656+0000] {processor.py:161} INFO - Started process (PID=12921) to work on /home/airflow/.local/lib/python3.12/site-packages/airflow/example_dags/example_task_group_decorator.py
[2024-07-26T00:04:30.656+0000] {processor.py:830} INFO - Processing file /home/airflow/.local/lib/python3.12/site-packages/airflow/example_dags/example_task_group_decorator.py for tasks to queue
[2024-07-26T00:04:30.659+0000] {logging_mixin.py:188} INFO - [2024-07-26T00:04:30.658+0000] {dagbag.py:545} INFO - Filling up the DagBag from /home/airflow/.local/lib/python3.12/site-packages/airflow/example_dags/example_task_group_decorator.py
[2024-07-26T00:04:30.673+0000] {processor.py:840} INFO - DAG(s) 'example_task_group_decorator' retrieved from /home/airflow/.local/lib/python3.12/site-packages/airflow/example_dags/example_task_group_decorator.py
[2024-07-26T00:04:30.692+0000] {logging_mixin.py:188} INFO - [2024-07-26T00:04:30.692+0000] {dag.py:3089} INFO - Sync 1 DAGs
[2024-07-26T00:04:30.708+0000] {logging_mixin.py:188} INFO - [2024-07-26T00:04:30.708+0000] {dag.py:3947} INFO - Setting next_dagrun for example_task_group_decorator to 2024-07-25 00:00:00+00:00, run_after=2024-07-26 00:00:00+00:00
[2024-07-26T00:04:30.723+0000] {processor.py:183} INFO - Processing /home/airflow/.local/lib/python3.12/site-packages/airflow/example_dags/example_task_group_decorator.py took 0.071 seconds
[2024-07-26T00:05:01.112+0000] {processor.py:161} INFO - Started process (PID=12980) to work on /home/airflow/.local/lib/python3.12/site-packages/airflow/example_dags/example_task_group_decorator.py
[2024-07-26T00:05:01.113+0000] {processor.py:830} INFO - Processing file /home/airflow/.local/lib/python3.12/site-packages/airflow/example_dags/example_task_group_decorator.py for tasks to queue
[2024-07-26T00:05:01.115+0000] {logging_mixin.py:188} INFO - [2024-07-26T00:05:01.115+0000] {dagbag.py:545} INFO - Filling up the DagBag from /home/airflow/.local/lib/python3.12/site-packages/airflow/example_dags/example_task_group_decorator.py
[2024-07-26T00:05:01.124+0000] {processor.py:840} INFO - DAG(s) 'example_task_group_decorator' retrieved from /home/airflow/.local/lib/python3.12/site-packages/airflow/example_dags/example_task_group_decorator.py
[2024-07-26T00:05:01.144+0000] {logging_mixin.py:188} INFO - [2024-07-26T00:05:01.144+0000] {dag.py:3089} INFO - Sync 1 DAGs
[2024-07-26T00:05:01.162+0000] {logging_mixin.py:188} INFO - [2024-07-26T00:05:01.161+0000] {dag.py:3947} INFO - Setting next_dagrun for example_task_group_decorator to 2024-07-25 00:00:00+00:00, run_after=2024-07-26 00:00:00+00:00
[2024-07-26T00:05:01.186+0000] {processor.py:183} INFO - Processing /home/airflow/.local/lib/python3.12/site-packages/airflow/example_dags/example_task_group_decorator.py took 0.078 seconds
[2024-07-26T00:05:31.621+0000] {processor.py:161} INFO - Started process (PID=13039) to work on /home/airflow/.local/lib/python3.12/site-packages/airflow/example_dags/example_task_group_decorator.py
[2024-07-26T00:05:31.622+0000] {processor.py:830} INFO - Processing file /home/airflow/.local/lib/python3.12/site-packages/airflow/example_dags/example_task_group_decorator.py for tasks to queue
[2024-07-26T00:05:31.624+0000] {logging_mixin.py:188} INFO - [2024-07-26T00:05:31.623+0000] {dagbag.py:545} INFO - Filling up the DagBag from /home/airflow/.local/lib/python3.12/site-packages/airflow/example_dags/example_task_group_decorator.py
[2024-07-26T00:05:31.633+0000] {processor.py:840} INFO - DAG(s) 'example_task_group_decorator' retrieved from /home/airflow/.local/lib/python3.12/site-packages/airflow/example_dags/example_task_group_decorator.py
[2024-07-26T00:05:31.653+0000] {logging_mixin.py:188} INFO - [2024-07-26T00:05:31.653+0000] {dag.py:3089} INFO - Sync 1 DAGs
[2024-07-26T00:05:31.669+0000] {logging_mixin.py:188} INFO - [2024-07-26T00:05:31.669+0000] {dag.py:3947} INFO - Setting next_dagrun for example_task_group_decorator to 2024-07-25 00:00:00+00:00, run_after=2024-07-26 00:00:00+00:00
[2024-07-26T00:05:31.685+0000] {processor.py:183} INFO - Processing /home/airflow/.local/lib/python3.12/site-packages/airflow/example_dags/example_task_group_decorator.py took 0.067 seconds
[2024-07-26T00:06:02.102+0000] {processor.py:161} INFO - Started process (PID=13098) to work on /home/airflow/.local/lib/python3.12/site-packages/airflow/example_dags/example_task_group_decorator.py
[2024-07-26T00:06:02.103+0000] {processor.py:830} INFO - Processing file /home/airflow/.local/lib/python3.12/site-packages/airflow/example_dags/example_task_group_decorator.py for tasks to queue
[2024-07-26T00:06:02.104+0000] {logging_mixin.py:188} INFO - [2024-07-26T00:06:02.104+0000] {dagbag.py:545} INFO - Filling up the DagBag from /home/airflow/.local/lib/python3.12/site-packages/airflow/example_dags/example_task_group_decorator.py
[2024-07-26T00:06:02.114+0000] {processor.py:840} INFO - DAG(s) 'example_task_group_decorator' retrieved from /home/airflow/.local/lib/python3.12/site-packages/airflow/example_dags/example_task_group_decorator.py
[2024-07-26T00:06:02.134+0000] {logging_mixin.py:188} INFO - [2024-07-26T00:06:02.134+0000] {dag.py:3089} INFO - Sync 1 DAGs
[2024-07-26T00:06:02.155+0000] {logging_mixin.py:188} INFO - [2024-07-26T00:06:02.155+0000] {dag.py:3947} INFO - Setting next_dagrun for example_task_group_decorator to 2024-07-25 00:00:00+00:00, run_after=2024-07-26 00:00:00+00:00
[2024-07-26T00:06:02.170+0000] {processor.py:183} INFO - Processing /home/airflow/.local/lib/python3.12/site-packages/airflow/example_dags/example_task_group_decorator.py took 0.072 seconds
[2024-07-26T00:06:32.656+0000] {processor.py:161} INFO - Started process (PID=13157) to work on /home/airflow/.local/lib/python3.12/site-packages/airflow/example_dags/example_task_group_decorator.py
[2024-07-26T00:06:32.657+0000] {processor.py:830} INFO - Processing file /home/airflow/.local/lib/python3.12/site-packages/airflow/example_dags/example_task_group_decorator.py for tasks to queue
[2024-07-26T00:06:32.659+0000] {logging_mixin.py:188} INFO - [2024-07-26T00:06:32.659+0000] {dagbag.py:545} INFO - Filling up the DagBag from /home/airflow/.local/lib/python3.12/site-packages/airflow/example_dags/example_task_group_decorator.py
[2024-07-26T00:06:32.669+0000] {processor.py:840} INFO - DAG(s) 'example_task_group_decorator' retrieved from /home/airflow/.local/lib/python3.12/site-packages/airflow/example_dags/example_task_group_decorator.py
[2024-07-26T00:06:32.689+0000] {logging_mixin.py:188} INFO - [2024-07-26T00:06:32.689+0000] {dag.py:3089} INFO - Sync 1 DAGs
[2024-07-26T00:06:32.706+0000] {logging_mixin.py:188} INFO - [2024-07-26T00:06:32.706+0000] {dag.py:3947} INFO - Setting next_dagrun for example_task_group_decorator to 2024-07-25 00:00:00+00:00, run_after=2024-07-26 00:00:00+00:00
[2024-07-26T00:06:32.721+0000] {processor.py:183} INFO - Processing /home/airflow/.local/lib/python3.12/site-packages/airflow/example_dags/example_task_group_decorator.py took 0.069 seconds
[2024-07-26T00:07:03.131+0000] {processor.py:161} INFO - Started process (PID=13216) to work on /home/airflow/.local/lib/python3.12/site-packages/airflow/example_dags/example_task_group_decorator.py
[2024-07-26T00:07:03.131+0000] {processor.py:830} INFO - Processing file /home/airflow/.local/lib/python3.12/site-packages/airflow/example_dags/example_task_group_decorator.py for tasks to queue
[2024-07-26T00:07:03.133+0000] {logging_mixin.py:188} INFO - [2024-07-26T00:07:03.133+0000] {dagbag.py:545} INFO - Filling up the DagBag from /home/airflow/.local/lib/python3.12/site-packages/airflow/example_dags/example_task_group_decorator.py
[2024-07-26T00:07:03.143+0000] {processor.py:840} INFO - DAG(s) 'example_task_group_decorator' retrieved from /home/airflow/.local/lib/python3.12/site-packages/airflow/example_dags/example_task_group_decorator.py
[2024-07-26T00:07:03.164+0000] {logging_mixin.py:188} INFO - [2024-07-26T00:07:03.164+0000] {dag.py:3089} INFO - Sync 1 DAGs
[2024-07-26T00:07:03.182+0000] {logging_mixin.py:188} INFO - [2024-07-26T00:07:03.182+0000] {dag.py:3947} INFO - Setting next_dagrun for example_task_group_decorator to 2024-07-25 00:00:00+00:00, run_after=2024-07-26 00:00:00+00:00
[2024-07-26T00:07:03.210+0000] {processor.py:183} INFO - Processing /home/airflow/.local/lib/python3.12/site-packages/airflow/example_dags/example_task_group_decorator.py took 0.084 seconds
[2024-07-26T00:07:33.632+0000] {processor.py:161} INFO - Started process (PID=13275) to work on /home/airflow/.local/lib/python3.12/site-packages/airflow/example_dags/example_task_group_decorator.py
[2024-07-26T00:07:33.633+0000] {processor.py:830} INFO - Processing file /home/airflow/.local/lib/python3.12/site-packages/airflow/example_dags/example_task_group_decorator.py for tasks to queue
[2024-07-26T00:07:33.635+0000] {logging_mixin.py:188} INFO - [2024-07-26T00:07:33.635+0000] {dagbag.py:545} INFO - Filling up the DagBag from /home/airflow/.local/lib/python3.12/site-packages/airflow/example_dags/example_task_group_decorator.py
[2024-07-26T00:07:33.646+0000] {processor.py:840} INFO - DAG(s) 'example_task_group_decorator' retrieved from /home/airflow/.local/lib/python3.12/site-packages/airflow/example_dags/example_task_group_decorator.py
[2024-07-26T00:07:33.665+0000] {logging_mixin.py:188} INFO - [2024-07-26T00:07:33.665+0000] {dag.py:3089} INFO - Sync 1 DAGs
[2024-07-26T00:07:33.682+0000] {logging_mixin.py:188} INFO - [2024-07-26T00:07:33.682+0000] {dag.py:3947} INFO - Setting next_dagrun for example_task_group_decorator to 2024-07-25 00:00:00+00:00, run_after=2024-07-26 00:00:00+00:00
[2024-07-26T00:07:33.697+0000] {processor.py:183} INFO - Processing /home/airflow/.local/lib/python3.12/site-packages/airflow/example_dags/example_task_group_decorator.py took 0.068 seconds
[2024-07-26T00:08:04.112+0000] {processor.py:161} INFO - Started process (PID=13334) to work on /home/airflow/.local/lib/python3.12/site-packages/airflow/example_dags/example_task_group_decorator.py
[2024-07-26T00:08:04.113+0000] {processor.py:830} INFO - Processing file /home/airflow/.local/lib/python3.12/site-packages/airflow/example_dags/example_task_group_decorator.py for tasks to queue
[2024-07-26T00:08:04.114+0000] {logging_mixin.py:188} INFO - [2024-07-26T00:08:04.114+0000] {dagbag.py:545} INFO - Filling up the DagBag from /home/airflow/.local/lib/python3.12/site-packages/airflow/example_dags/example_task_group_decorator.py
[2024-07-26T00:08:04.125+0000] {processor.py:840} INFO - DAG(s) 'example_task_group_decorator' retrieved from /home/airflow/.local/lib/python3.12/site-packages/airflow/example_dags/example_task_group_decorator.py
[2024-07-26T00:08:04.145+0000] {logging_mixin.py:188} INFO - [2024-07-26T00:08:04.145+0000] {dag.py:3089} INFO - Sync 1 DAGs
[2024-07-26T00:08:04.163+0000] {logging_mixin.py:188} INFO - [2024-07-26T00:08:04.163+0000] {dag.py:3947} INFO - Setting next_dagrun for example_task_group_decorator to 2024-07-25 00:00:00+00:00, run_after=2024-07-26 00:00:00+00:00
[2024-07-26T00:08:04.187+0000] {processor.py:183} INFO - Processing /home/airflow/.local/lib/python3.12/site-packages/airflow/example_dags/example_task_group_decorator.py took 0.079 seconds
[2024-07-26T00:08:34.561+0000] {processor.py:161} INFO - Started process (PID=13393) to work on /home/airflow/.local/lib/python3.12/site-packages/airflow/example_dags/example_task_group_decorator.py
[2024-07-26T00:08:34.561+0000] {processor.py:830} INFO - Processing file /home/airflow/.local/lib/python3.12/site-packages/airflow/example_dags/example_task_group_decorator.py for tasks to queue
[2024-07-26T00:08:34.563+0000] {logging_mixin.py:188} INFO - [2024-07-26T00:08:34.563+0000] {dagbag.py:545} INFO - Filling up the DagBag from /home/airflow/.local/lib/python3.12/site-packages/airflow/example_dags/example_task_group_decorator.py
[2024-07-26T00:08:34.573+0000] {processor.py:840} INFO - DAG(s) 'example_task_group_decorator' retrieved from /home/airflow/.local/lib/python3.12/site-packages/airflow/example_dags/example_task_group_decorator.py
[2024-07-26T00:08:34.592+0000] {logging_mixin.py:188} INFO - [2024-07-26T00:08:34.592+0000] {dag.py:3089} INFO - Sync 1 DAGs
[2024-07-26T00:08:34.608+0000] {logging_mixin.py:188} INFO - [2024-07-26T00:08:34.607+0000] {dag.py:3947} INFO - Setting next_dagrun for example_task_group_decorator to 2024-07-25 00:00:00+00:00, run_after=2024-07-26 00:00:00+00:00
[2024-07-26T00:08:34.622+0000] {processor.py:183} INFO - Processing /home/airflow/.local/lib/python3.12/site-packages/airflow/example_dags/example_task_group_decorator.py took 0.065 seconds
[2024-07-26T00:09:05.044+0000] {processor.py:161} INFO - Started process (PID=13452) to work on /home/airflow/.local/lib/python3.12/site-packages/airflow/example_dags/example_task_group_decorator.py
[2024-07-26T00:09:05.044+0000] {processor.py:830} INFO - Processing file /home/airflow/.local/lib/python3.12/site-packages/airflow/example_dags/example_task_group_decorator.py for tasks to queue
[2024-07-26T00:09:05.045+0000] {logging_mixin.py:188} INFO - [2024-07-26T00:09:05.045+0000] {dagbag.py:545} INFO - Filling up the DagBag from /home/airflow/.local/lib/python3.12/site-packages/airflow/example_dags/example_task_group_decorator.py
[2024-07-26T00:09:05.054+0000] {processor.py:840} INFO - DAG(s) 'example_task_group_decorator' retrieved from /home/airflow/.local/lib/python3.12/site-packages/airflow/example_dags/example_task_group_decorator.py
[2024-07-26T00:09:05.072+0000] {logging_mixin.py:188} INFO - [2024-07-26T00:09:05.072+0000] {dag.py:3089} INFO - Sync 1 DAGs
[2024-07-26T00:09:05.086+0000] {logging_mixin.py:188} INFO - [2024-07-26T00:09:05.086+0000] {dag.py:3947} INFO - Setting next_dagrun for example_task_group_decorator to 2024-07-25 00:00:00+00:00, run_after=2024-07-26 00:00:00+00:00
[2024-07-26T00:09:05.099+0000] {processor.py:183} INFO - Processing /home/airflow/.local/lib/python3.12/site-packages/airflow/example_dags/example_task_group_decorator.py took 0.059 seconds
[2024-07-26T00:09:35.590+0000] {processor.py:161} INFO - Started process (PID=13511) to work on /home/airflow/.local/lib/python3.12/site-packages/airflow/example_dags/example_task_group_decorator.py
[2024-07-26T00:09:35.591+0000] {processor.py:830} INFO - Processing file /home/airflow/.local/lib/python3.12/site-packages/airflow/example_dags/example_task_group_decorator.py for tasks to queue
[2024-07-26T00:09:35.593+0000] {logging_mixin.py:188} INFO - [2024-07-26T00:09:35.592+0000] {dagbag.py:545} INFO - Filling up the DagBag from /home/airflow/.local/lib/python3.12/site-packages/airflow/example_dags/example_task_group_decorator.py
[2024-07-26T00:09:35.603+0000] {processor.py:840} INFO - DAG(s) 'example_task_group_decorator' retrieved from /home/airflow/.local/lib/python3.12/site-packages/airflow/example_dags/example_task_group_decorator.py
[2024-07-26T00:09:35.623+0000] {logging_mixin.py:188} INFO - [2024-07-26T00:09:35.623+0000] {dag.py:3089} INFO - Sync 1 DAGs
[2024-07-26T00:09:35.639+0000] {logging_mixin.py:188} INFO - [2024-07-26T00:09:35.639+0000] {dag.py:3947} INFO - Setting next_dagrun for example_task_group_decorator to 2024-07-25 00:00:00+00:00, run_after=2024-07-26 00:00:00+00:00
[2024-07-26T00:09:35.665+0000] {processor.py:183} INFO - Processing /home/airflow/.local/lib/python3.12/site-packages/airflow/example_dags/example_task_group_decorator.py took 0.078 seconds
[2024-07-26T00:10:06.074+0000] {processor.py:161} INFO - Started process (PID=13570) to work on /home/airflow/.local/lib/python3.12/site-packages/airflow/example_dags/example_task_group_decorator.py
[2024-07-26T00:10:06.075+0000] {processor.py:830} INFO - Processing file /home/airflow/.local/lib/python3.12/site-packages/airflow/example_dags/example_task_group_decorator.py for tasks to queue
[2024-07-26T00:10:06.077+0000] {logging_mixin.py:188} INFO - [2024-07-26T00:10:06.076+0000] {dagbag.py:545} INFO - Filling up the DagBag from /home/airflow/.local/lib/python3.12/site-packages/airflow/example_dags/example_task_group_decorator.py
[2024-07-26T00:10:06.088+0000] {processor.py:840} INFO - DAG(s) 'example_task_group_decorator' retrieved from /home/airflow/.local/lib/python3.12/site-packages/airflow/example_dags/example_task_group_decorator.py
[2024-07-26T00:10:06.109+0000] {logging_mixin.py:188} INFO - [2024-07-26T00:10:06.109+0000] {dag.py:3089} INFO - Sync 1 DAGs
[2024-07-26T00:10:06.129+0000] {logging_mixin.py:188} INFO - [2024-07-26T00:10:06.129+0000] {dag.py:3947} INFO - Setting next_dagrun for example_task_group_decorator to 2024-07-25 00:00:00+00:00, run_after=2024-07-26 00:00:00+00:00
[2024-07-26T00:10:06.163+0000] {processor.py:183} INFO - Processing /home/airflow/.local/lib/python3.12/site-packages/airflow/example_dags/example_task_group_decorator.py took 0.093 seconds
[2024-07-26T00:10:36.587+0000] {processor.py:161} INFO - Started process (PID=13629) to work on /home/airflow/.local/lib/python3.12/site-packages/airflow/example_dags/example_task_group_decorator.py
[2024-07-26T00:10:36.588+0000] {processor.py:830} INFO - Processing file /home/airflow/.local/lib/python3.12/site-packages/airflow/example_dags/example_task_group_decorator.py for tasks to queue
[2024-07-26T00:10:36.589+0000] {logging_mixin.py:188} INFO - [2024-07-26T00:10:36.589+0000] {dagbag.py:545} INFO - Filling up the DagBag from /home/airflow/.local/lib/python3.12/site-packages/airflow/example_dags/example_task_group_decorator.py
[2024-07-26T00:10:36.598+0000] {processor.py:840} INFO - DAG(s) 'example_task_group_decorator' retrieved from /home/airflow/.local/lib/python3.12/site-packages/airflow/example_dags/example_task_group_decorator.py
[2024-07-26T00:10:36.617+0000] {logging_mixin.py:188} INFO - [2024-07-26T00:10:36.617+0000] {dag.py:3089} INFO - Sync 1 DAGs
[2024-07-26T00:10:36.635+0000] {logging_mixin.py:188} INFO - [2024-07-26T00:10:36.635+0000] {dag.py:3947} INFO - Setting next_dagrun for example_task_group_decorator to 2024-07-25 00:00:00+00:00, run_after=2024-07-26 00:00:00+00:00
[2024-07-26T00:10:36.660+0000] {processor.py:183} INFO - Processing /home/airflow/.local/lib/python3.12/site-packages/airflow/example_dags/example_task_group_decorator.py took 0.077 seconds
[2024-07-26T00:11:07.061+0000] {processor.py:161} INFO - Started process (PID=13688) to work on /home/airflow/.local/lib/python3.12/site-packages/airflow/example_dags/example_task_group_decorator.py
[2024-07-26T00:11:07.062+0000] {processor.py:830} INFO - Processing file /home/airflow/.local/lib/python3.12/site-packages/airflow/example_dags/example_task_group_decorator.py for tasks to queue
[2024-07-26T00:11:07.064+0000] {logging_mixin.py:188} INFO - [2024-07-26T00:11:07.063+0000] {dagbag.py:545} INFO - Filling up the DagBag from /home/airflow/.local/lib/python3.12/site-packages/airflow/example_dags/example_task_group_decorator.py
[2024-07-26T00:11:07.076+0000] {processor.py:840} INFO - DAG(s) 'example_task_group_decorator' retrieved from /home/airflow/.local/lib/python3.12/site-packages/airflow/example_dags/example_task_group_decorator.py
[2024-07-26T00:11:07.099+0000] {logging_mixin.py:188} INFO - [2024-07-26T00:11:07.099+0000] {dag.py:3089} INFO - Sync 1 DAGs
[2024-07-26T00:11:07.118+0000] {logging_mixin.py:188} INFO - [2024-07-26T00:11:07.117+0000] {dag.py:3947} INFO - Setting next_dagrun for example_task_group_decorator to 2024-07-25 00:00:00+00:00, run_after=2024-07-26 00:00:00+00:00
[2024-07-26T00:11:07.149+0000] {processor.py:183} INFO - Processing /home/airflow/.local/lib/python3.12/site-packages/airflow/example_dags/example_task_group_decorator.py took 0.094 seconds
[2024-07-26T00:11:37.461+0000] {processor.py:161} INFO - Started process (PID=13747) to work on /home/airflow/.local/lib/python3.12/site-packages/airflow/example_dags/example_task_group_decorator.py
[2024-07-26T00:11:37.462+0000] {processor.py:830} INFO - Processing file /home/airflow/.local/lib/python3.12/site-packages/airflow/example_dags/example_task_group_decorator.py for tasks to queue
[2024-07-26T00:11:37.463+0000] {logging_mixin.py:188} INFO - [2024-07-26T00:11:37.463+0000] {dagbag.py:545} INFO - Filling up the DagBag from /home/airflow/.local/lib/python3.12/site-packages/airflow/example_dags/example_task_group_decorator.py
[2024-07-26T00:11:37.473+0000] {processor.py:840} INFO - DAG(s) 'example_task_group_decorator' retrieved from /home/airflow/.local/lib/python3.12/site-packages/airflow/example_dags/example_task_group_decorator.py
[2024-07-26T00:11:37.497+0000] {logging_mixin.py:188} INFO - [2024-07-26T00:11:37.497+0000] {dag.py:3089} INFO - Sync 1 DAGs
[2024-07-26T00:11:37.514+0000] {logging_mixin.py:188} INFO - [2024-07-26T00:11:37.514+0000] {dag.py:3947} INFO - Setting next_dagrun for example_task_group_decorator to 2024-07-25 00:00:00+00:00, run_after=2024-07-26 00:00:00+00:00
[2024-07-26T00:11:37.529+0000] {processor.py:183} INFO - Processing /home/airflow/.local/lib/python3.12/site-packages/airflow/example_dags/example_task_group_decorator.py took 0.072 seconds
[2024-07-26T00:14:34.684+0000] {processor.py:161} INFO - Started process (PID=39) to work on /home/airflow/.local/lib/python3.12/site-packages/airflow/example_dags/example_task_group_decorator.py
[2024-07-26T00:14:34.685+0000] {processor.py:830} INFO - Processing file /home/airflow/.local/lib/python3.12/site-packages/airflow/example_dags/example_task_group_decorator.py for tasks to queue
[2024-07-26T00:14:34.687+0000] {logging_mixin.py:188} INFO - [2024-07-26T00:14:34.687+0000] {dagbag.py:545} INFO - Filling up the DagBag from /home/airflow/.local/lib/python3.12/site-packages/airflow/example_dags/example_task_group_decorator.py
[2024-07-26T00:14:34.702+0000] {processor.py:840} INFO - DAG(s) 'example_task_group_decorator' retrieved from /home/airflow/.local/lib/python3.12/site-packages/airflow/example_dags/example_task_group_decorator.py
[2024-07-26T00:14:34.724+0000] {logging_mixin.py:188} INFO - [2024-07-26T00:14:34.724+0000] {dag.py:3089} INFO - Sync 1 DAGs
[2024-07-26T00:14:34.747+0000] {logging_mixin.py:188} INFO - [2024-07-26T00:14:34.747+0000] {dag.py:3947} INFO - Setting next_dagrun for example_task_group_decorator to 2024-07-25 00:00:00+00:00, run_after=2024-07-26 00:00:00+00:00
[2024-07-26T00:14:34.764+0000] {processor.py:183} INFO - Processing /home/airflow/.local/lib/python3.12/site-packages/airflow/example_dags/example_task_group_decorator.py took 0.085 seconds
[2024-07-26T00:15:05.783+0000] {processor.py:161} INFO - Started process (PID=98) to work on /home/airflow/.local/lib/python3.12/site-packages/airflow/example_dags/example_task_group_decorator.py
[2024-07-26T00:15:05.784+0000] {processor.py:830} INFO - Processing file /home/airflow/.local/lib/python3.12/site-packages/airflow/example_dags/example_task_group_decorator.py for tasks to queue
[2024-07-26T00:15:05.786+0000] {logging_mixin.py:188} INFO - [2024-07-26T00:15:05.786+0000] {dagbag.py:545} INFO - Filling up the DagBag from /home/airflow/.local/lib/python3.12/site-packages/airflow/example_dags/example_task_group_decorator.py
[2024-07-26T00:15:05.798+0000] {processor.py:840} INFO - DAG(s) 'example_task_group_decorator' retrieved from /home/airflow/.local/lib/python3.12/site-packages/airflow/example_dags/example_task_group_decorator.py
[2024-07-26T00:15:05.895+0000] {logging_mixin.py:188} INFO - [2024-07-26T00:15:05.895+0000] {dag.py:3089} INFO - Sync 1 DAGs
[2024-07-26T00:15:05.912+0000] {logging_mixin.py:188} INFO - [2024-07-26T00:15:05.912+0000] {dag.py:3947} INFO - Setting next_dagrun for example_task_group_decorator to 2024-07-25 00:00:00+00:00, run_after=2024-07-26 00:00:00+00:00
[2024-07-26T00:15:05.930+0000] {processor.py:183} INFO - Processing /home/airflow/.local/lib/python3.12/site-packages/airflow/example_dags/example_task_group_decorator.py took 0.153 seconds
[2024-07-26T00:15:36.096+0000] {processor.py:161} INFO - Started process (PID=157) to work on /home/airflow/.local/lib/python3.12/site-packages/airflow/example_dags/example_task_group_decorator.py
[2024-07-26T00:15:36.097+0000] {processor.py:830} INFO - Processing file /home/airflow/.local/lib/python3.12/site-packages/airflow/example_dags/example_task_group_decorator.py for tasks to queue
[2024-07-26T00:15:36.099+0000] {logging_mixin.py:188} INFO - [2024-07-26T00:15:36.099+0000] {dagbag.py:545} INFO - Filling up the DagBag from /home/airflow/.local/lib/python3.12/site-packages/airflow/example_dags/example_task_group_decorator.py
[2024-07-26T00:15:36.112+0000] {processor.py:840} INFO - DAG(s) 'example_task_group_decorator' retrieved from /home/airflow/.local/lib/python3.12/site-packages/airflow/example_dags/example_task_group_decorator.py
[2024-07-26T00:15:36.136+0000] {logging_mixin.py:188} INFO - [2024-07-26T00:15:36.135+0000] {dag.py:3089} INFO - Sync 1 DAGs
[2024-07-26T00:15:36.155+0000] {logging_mixin.py:188} INFO - [2024-07-26T00:15:36.154+0000] {dag.py:3947} INFO - Setting next_dagrun for example_task_group_decorator to 2024-07-25 00:00:00+00:00, run_after=2024-07-26 00:00:00+00:00
[2024-07-26T00:15:36.172+0000] {processor.py:183} INFO - Processing /home/airflow/.local/lib/python3.12/site-packages/airflow/example_dags/example_task_group_decorator.py took 0.080 seconds
[2024-07-26T00:16:06.216+0000] {processor.py:161} INFO - Started process (PID=216) to work on /home/airflow/.local/lib/python3.12/site-packages/airflow/example_dags/example_task_group_decorator.py
[2024-07-26T00:16:06.216+0000] {processor.py:830} INFO - Processing file /home/airflow/.local/lib/python3.12/site-packages/airflow/example_dags/example_task_group_decorator.py for tasks to queue
[2024-07-26T00:16:06.218+0000] {logging_mixin.py:188} INFO - [2024-07-26T00:16:06.217+0000] {dagbag.py:545} INFO - Filling up the DagBag from /home/airflow/.local/lib/python3.12/site-packages/airflow/example_dags/example_task_group_decorator.py
[2024-07-26T00:16:06.227+0000] {processor.py:840} INFO - DAG(s) 'example_task_group_decorator' retrieved from /home/airflow/.local/lib/python3.12/site-packages/airflow/example_dags/example_task_group_decorator.py
[2024-07-26T00:16:06.247+0000] {logging_mixin.py:188} INFO - [2024-07-26T00:16:06.246+0000] {dag.py:3089} INFO - Sync 1 DAGs
[2024-07-26T00:16:06.262+0000] {logging_mixin.py:188} INFO - [2024-07-26T00:16:06.262+0000] {dag.py:3947} INFO - Setting next_dagrun for example_task_group_decorator to 2024-07-25 00:00:00+00:00, run_after=2024-07-26 00:00:00+00:00
[2024-07-26T00:16:06.278+0000] {processor.py:183} INFO - Processing /home/airflow/.local/lib/python3.12/site-packages/airflow/example_dags/example_task_group_decorator.py took 0.066 seconds
[2024-07-26T00:16:36.834+0000] {processor.py:161} INFO - Started process (PID=275) to work on /home/airflow/.local/lib/python3.12/site-packages/airflow/example_dags/example_task_group_decorator.py
[2024-07-26T00:16:36.835+0000] {processor.py:830} INFO - Processing file /home/airflow/.local/lib/python3.12/site-packages/airflow/example_dags/example_task_group_decorator.py for tasks to queue
[2024-07-26T00:16:36.837+0000] {logging_mixin.py:188} INFO - [2024-07-26T00:16:36.836+0000] {dagbag.py:545} INFO - Filling up the DagBag from /home/airflow/.local/lib/python3.12/site-packages/airflow/example_dags/example_task_group_decorator.py
[2024-07-26T00:16:36.849+0000] {processor.py:840} INFO - DAG(s) 'example_task_group_decorator' retrieved from /home/airflow/.local/lib/python3.12/site-packages/airflow/example_dags/example_task_group_decorator.py
[2024-07-26T00:16:36.872+0000] {logging_mixin.py:188} INFO - [2024-07-26T00:16:36.872+0000] {dag.py:3089} INFO - Sync 1 DAGs
[2024-07-26T00:16:36.893+0000] {logging_mixin.py:188} INFO - [2024-07-26T00:16:36.893+0000] {dag.py:3947} INFO - Setting next_dagrun for example_task_group_decorator to 2024-07-25 00:00:00+00:00, run_after=2024-07-26 00:00:00+00:00
[2024-07-26T00:16:36.910+0000] {processor.py:183} INFO - Processing /home/airflow/.local/lib/python3.12/site-packages/airflow/example_dags/example_task_group_decorator.py took 0.081 seconds
[2024-07-26T00:17:07.413+0000] {processor.py:161} INFO - Started process (PID=334) to work on /home/airflow/.local/lib/python3.12/site-packages/airflow/example_dags/example_task_group_decorator.py
[2024-07-26T00:17:07.414+0000] {processor.py:830} INFO - Processing file /home/airflow/.local/lib/python3.12/site-packages/airflow/example_dags/example_task_group_decorator.py for tasks to queue
[2024-07-26T00:17:07.416+0000] {logging_mixin.py:188} INFO - [2024-07-26T00:17:07.415+0000] {dagbag.py:545} INFO - Filling up the DagBag from /home/airflow/.local/lib/python3.12/site-packages/airflow/example_dags/example_task_group_decorator.py
[2024-07-26T00:17:07.425+0000] {processor.py:840} INFO - DAG(s) 'example_task_group_decorator' retrieved from /home/airflow/.local/lib/python3.12/site-packages/airflow/example_dags/example_task_group_decorator.py
[2024-07-26T00:17:07.447+0000] {logging_mixin.py:188} INFO - [2024-07-26T00:17:07.446+0000] {dag.py:3089} INFO - Sync 1 DAGs
[2024-07-26T00:17:07.463+0000] {logging_mixin.py:188} INFO - [2024-07-26T00:17:07.463+0000] {dag.py:3947} INFO - Setting next_dagrun for example_task_group_decorator to 2024-07-25 00:00:00+00:00, run_after=2024-07-26 00:00:00+00:00
[2024-07-26T00:17:07.477+0000] {processor.py:183} INFO - Processing /home/airflow/.local/lib/python3.12/site-packages/airflow/example_dags/example_task_group_decorator.py took 0.068 seconds
[2024-07-26T00:17:37.967+0000] {processor.py:161} INFO - Started process (PID=394) to work on /home/airflow/.local/lib/python3.12/site-packages/airflow/example_dags/example_task_group_decorator.py
[2024-07-26T00:17:37.968+0000] {processor.py:830} INFO - Processing file /home/airflow/.local/lib/python3.12/site-packages/airflow/example_dags/example_task_group_decorator.py for tasks to queue
[2024-07-26T00:17:37.969+0000] {logging_mixin.py:188} INFO - [2024-07-26T00:17:37.969+0000] {dagbag.py:545} INFO - Filling up the DagBag from /home/airflow/.local/lib/python3.12/site-packages/airflow/example_dags/example_task_group_decorator.py
[2024-07-26T00:17:37.979+0000] {processor.py:840} INFO - DAG(s) 'example_task_group_decorator' retrieved from /home/airflow/.local/lib/python3.12/site-packages/airflow/example_dags/example_task_group_decorator.py
[2024-07-26T00:17:38.000+0000] {logging_mixin.py:188} INFO - [2024-07-26T00:17:38.000+0000] {dag.py:3089} INFO - Sync 1 DAGs
[2024-07-26T00:17:38.017+0000] {logging_mixin.py:188} INFO - [2024-07-26T00:17:38.017+0000] {dag.py:3947} INFO - Setting next_dagrun for example_task_group_decorator to 2024-07-25 00:00:00+00:00, run_after=2024-07-26 00:00:00+00:00
[2024-07-26T00:17:38.032+0000] {processor.py:183} INFO - Processing /home/airflow/.local/lib/python3.12/site-packages/airflow/example_dags/example_task_group_decorator.py took 0.070 seconds
[2024-07-26T00:18:08.431+0000] {processor.py:161} INFO - Started process (PID=453) to work on /home/airflow/.local/lib/python3.12/site-packages/airflow/example_dags/example_task_group_decorator.py
[2024-07-26T00:18:08.432+0000] {processor.py:830} INFO - Processing file /home/airflow/.local/lib/python3.12/site-packages/airflow/example_dags/example_task_group_decorator.py for tasks to queue
[2024-07-26T00:18:08.434+0000] {logging_mixin.py:188} INFO - [2024-07-26T00:18:08.433+0000] {dagbag.py:545} INFO - Filling up the DagBag from /home/airflow/.local/lib/python3.12/site-packages/airflow/example_dags/example_task_group_decorator.py
[2024-07-26T00:18:08.444+0000] {processor.py:840} INFO - DAG(s) 'example_task_group_decorator' retrieved from /home/airflow/.local/lib/python3.12/site-packages/airflow/example_dags/example_task_group_decorator.py
[2024-07-26T00:18:08.467+0000] {logging_mixin.py:188} INFO - [2024-07-26T00:18:08.467+0000] {dag.py:3089} INFO - Sync 1 DAGs
[2024-07-26T00:18:08.486+0000] {logging_mixin.py:188} INFO - [2024-07-26T00:18:08.485+0000] {dag.py:3947} INFO - Setting next_dagrun for example_task_group_decorator to 2024-07-25 00:00:00+00:00, run_after=2024-07-26 00:00:00+00:00
[2024-07-26T00:18:08.501+0000] {processor.py:183} INFO - Processing /home/airflow/.local/lib/python3.12/site-packages/airflow/example_dags/example_task_group_decorator.py took 0.074 seconds
