[2024-07-26T00:00:00.582+0000] {processor.py:161} INFO - Started process (PID=12410) to work on /home/airflow/.local/lib/python3.12/site-packages/airflow/example_dags/example_external_task_marker_dag.py
[2024-07-26T00:00:00.583+0000] {processor.py:830} INFO - Processing file /home/airflow/.local/lib/python3.12/site-packages/airflow/example_dags/example_external_task_marker_dag.py for tasks to queue
[2024-07-26T00:00:00.585+0000] {logging_mixin.py:188} INFO - [2024-07-26T00:00:00.585+0000] {dagbag.py:545} INFO - Filling up the DagBag from /home/airflow/.local/lib/python3.12/site-packages/airflow/example_dags/example_external_task_marker_dag.py
[2024-07-26T00:00:00.590+0000] {processor.py:840} INFO - DAG(s) 'example_external_task_marker_child', 'example_external_task_marker_parent' retrieved from /home/airflow/.local/lib/python3.12/site-packages/airflow/example_dags/example_external_task_marker_dag.py
[2024-07-26T00:00:00.610+0000] {logging_mixin.py:188} INFO - [2024-07-26T00:00:00.610+0000] {dag.py:3089} INFO - Sync 2 DAGs
[2024-07-26T00:00:00.622+0000] {logging_mixin.py:188} INFO - [2024-07-26T00:00:00.621+0000] {dag.py:3947} INFO - Setting next_dagrun for example_external_task_marker_child to None, run_after=None
[2024-07-26T00:00:00.625+0000] {logging_mixin.py:188} INFO - [2024-07-26T00:00:00.625+0000] {dag.py:3947} INFO - Setting next_dagrun for example_external_task_marker_parent to None, run_after=None
[2024-07-26T00:00:00.639+0000] {processor.py:183} INFO - Processing /home/airflow/.local/lib/python3.12/site-packages/airflow/example_dags/example_external_task_marker_dag.py took 0.061 seconds
[2024-07-26T00:00:31.222+0000] {processor.py:161} INFO - Started process (PID=12469) to work on /home/airflow/.local/lib/python3.12/site-packages/airflow/example_dags/example_external_task_marker_dag.py
[2024-07-26T00:00:31.223+0000] {processor.py:830} INFO - Processing file /home/airflow/.local/lib/python3.12/site-packages/airflow/example_dags/example_external_task_marker_dag.py for tasks to queue
[2024-07-26T00:00:31.224+0000] {logging_mixin.py:188} INFO - [2024-07-26T00:00:31.224+0000] {dagbag.py:545} INFO - Filling up the DagBag from /home/airflow/.local/lib/python3.12/site-packages/airflow/example_dags/example_external_task_marker_dag.py
[2024-07-26T00:00:31.229+0000] {processor.py:840} INFO - DAG(s) 'example_external_task_marker_parent', 'example_external_task_marker_child' retrieved from /home/airflow/.local/lib/python3.12/site-packages/airflow/example_dags/example_external_task_marker_dag.py
[2024-07-26T00:00:31.251+0000] {logging_mixin.py:188} INFO - [2024-07-26T00:00:31.251+0000] {dag.py:3089} INFO - Sync 2 DAGs
[2024-07-26T00:00:31.263+0000] {logging_mixin.py:188} INFO - [2024-07-26T00:00:31.262+0000] {dag.py:3947} INFO - Setting next_dagrun for example_external_task_marker_child to None, run_after=None
[2024-07-26T00:00:31.267+0000] {logging_mixin.py:188} INFO - [2024-07-26T00:00:31.266+0000] {dag.py:3947} INFO - Setting next_dagrun for example_external_task_marker_parent to None, run_after=None
[2024-07-26T00:00:31.283+0000] {processor.py:183} INFO - Processing /home/airflow/.local/lib/python3.12/site-packages/airflow/example_dags/example_external_task_marker_dag.py took 0.066 seconds
[2024-07-26T00:01:01.576+0000] {processor.py:161} INFO - Started process (PID=12528) to work on /home/airflow/.local/lib/python3.12/site-packages/airflow/example_dags/example_external_task_marker_dag.py
[2024-07-26T00:01:01.577+0000] {processor.py:830} INFO - Processing file /home/airflow/.local/lib/python3.12/site-packages/airflow/example_dags/example_external_task_marker_dag.py for tasks to queue
[2024-07-26T00:01:01.579+0000] {logging_mixin.py:188} INFO - [2024-07-26T00:01:01.578+0000] {dagbag.py:545} INFO - Filling up the DagBag from /home/airflow/.local/lib/python3.12/site-packages/airflow/example_dags/example_external_task_marker_dag.py
[2024-07-26T00:01:01.583+0000] {processor.py:840} INFO - DAG(s) 'example_external_task_marker_parent', 'example_external_task_marker_child' retrieved from /home/airflow/.local/lib/python3.12/site-packages/airflow/example_dags/example_external_task_marker_dag.py
[2024-07-26T00:01:01.600+0000] {logging_mixin.py:188} INFO - [2024-07-26T00:01:01.600+0000] {dag.py:3089} INFO - Sync 2 DAGs
[2024-07-26T00:01:01.609+0000] {logging_mixin.py:188} INFO - [2024-07-26T00:01:01.608+0000] {dag.py:3947} INFO - Setting next_dagrun for example_external_task_marker_child to None, run_after=None
[2024-07-26T00:01:01.611+0000] {logging_mixin.py:188} INFO - [2024-07-26T00:01:01.611+0000] {dag.py:3947} INFO - Setting next_dagrun for example_external_task_marker_parent to None, run_after=None
[2024-07-26T00:01:01.623+0000] {processor.py:183} INFO - Processing /home/airflow/.local/lib/python3.12/site-packages/airflow/example_dags/example_external_task_marker_dag.py took 0.051 seconds
[2024-07-26T00:01:31.922+0000] {processor.py:161} INFO - Started process (PID=12587) to work on /home/airflow/.local/lib/python3.12/site-packages/airflow/example_dags/example_external_task_marker_dag.py
[2024-07-26T00:01:31.923+0000] {processor.py:830} INFO - Processing file /home/airflow/.local/lib/python3.12/site-packages/airflow/example_dags/example_external_task_marker_dag.py for tasks to queue
[2024-07-26T00:01:31.925+0000] {logging_mixin.py:188} INFO - [2024-07-26T00:01:31.924+0000] {dagbag.py:545} INFO - Filling up the DagBag from /home/airflow/.local/lib/python3.12/site-packages/airflow/example_dags/example_external_task_marker_dag.py
[2024-07-26T00:01:31.929+0000] {processor.py:840} INFO - DAG(s) 'example_external_task_marker_parent', 'example_external_task_marker_child' retrieved from /home/airflow/.local/lib/python3.12/site-packages/airflow/example_dags/example_external_task_marker_dag.py
[2024-07-26T00:01:31.949+0000] {logging_mixin.py:188} INFO - [2024-07-26T00:01:31.948+0000] {dag.py:3089} INFO - Sync 2 DAGs
[2024-07-26T00:01:31.959+0000] {logging_mixin.py:188} INFO - [2024-07-26T00:01:31.959+0000] {dag.py:3947} INFO - Setting next_dagrun for example_external_task_marker_child to None, run_after=None
[2024-07-26T00:01:31.963+0000] {logging_mixin.py:188} INFO - [2024-07-26T00:01:31.963+0000] {dag.py:3947} INFO - Setting next_dagrun for example_external_task_marker_parent to None, run_after=None
[2024-07-26T00:01:31.976+0000] {processor.py:183} INFO - Processing /home/airflow/.local/lib/python3.12/site-packages/airflow/example_dags/example_external_task_marker_dag.py took 0.058 seconds
[2024-07-26T00:02:02.364+0000] {processor.py:161} INFO - Started process (PID=12646) to work on /home/airflow/.local/lib/python3.12/site-packages/airflow/example_dags/example_external_task_marker_dag.py
[2024-07-26T00:02:02.365+0000] {processor.py:830} INFO - Processing file /home/airflow/.local/lib/python3.12/site-packages/airflow/example_dags/example_external_task_marker_dag.py for tasks to queue
[2024-07-26T00:02:02.367+0000] {logging_mixin.py:188} INFO - [2024-07-26T00:02:02.367+0000] {dagbag.py:545} INFO - Filling up the DagBag from /home/airflow/.local/lib/python3.12/site-packages/airflow/example_dags/example_external_task_marker_dag.py
[2024-07-26T00:02:02.372+0000] {processor.py:840} INFO - DAG(s) 'example_external_task_marker_parent', 'example_external_task_marker_child' retrieved from /home/airflow/.local/lib/python3.12/site-packages/airflow/example_dags/example_external_task_marker_dag.py
[2024-07-26T00:02:02.392+0000] {logging_mixin.py:188} INFO - [2024-07-26T00:02:02.392+0000] {dag.py:3089} INFO - Sync 2 DAGs
[2024-07-26T00:02:02.404+0000] {logging_mixin.py:188} INFO - [2024-07-26T00:02:02.404+0000] {dag.py:3947} INFO - Setting next_dagrun for example_external_task_marker_child to None, run_after=None
[2024-07-26T00:02:02.407+0000] {logging_mixin.py:188} INFO - [2024-07-26T00:02:02.407+0000] {dag.py:3947} INFO - Setting next_dagrun for example_external_task_marker_parent to None, run_after=None
[2024-07-26T00:02:02.422+0000] {processor.py:183} INFO - Processing /home/airflow/.local/lib/python3.12/site-packages/airflow/example_dags/example_external_task_marker_dag.py took 0.063 seconds
[2024-07-26T00:02:32.914+0000] {processor.py:161} INFO - Started process (PID=12705) to work on /home/airflow/.local/lib/python3.12/site-packages/airflow/example_dags/example_external_task_marker_dag.py
[2024-07-26T00:02:32.915+0000] {processor.py:830} INFO - Processing file /home/airflow/.local/lib/python3.12/site-packages/airflow/example_dags/example_external_task_marker_dag.py for tasks to queue
[2024-07-26T00:02:32.917+0000] {logging_mixin.py:188} INFO - [2024-07-26T00:02:32.917+0000] {dagbag.py:545} INFO - Filling up the DagBag from /home/airflow/.local/lib/python3.12/site-packages/airflow/example_dags/example_external_task_marker_dag.py
[2024-07-26T00:02:32.923+0000] {processor.py:840} INFO - DAG(s) 'example_external_task_marker_child', 'example_external_task_marker_parent' retrieved from /home/airflow/.local/lib/python3.12/site-packages/airflow/example_dags/example_external_task_marker_dag.py
[2024-07-26T00:02:32.942+0000] {logging_mixin.py:188} INFO - [2024-07-26T00:02:32.942+0000] {dag.py:3089} INFO - Sync 2 DAGs
[2024-07-26T00:02:32.954+0000] {logging_mixin.py:188} INFO - [2024-07-26T00:02:32.954+0000] {dag.py:3947} INFO - Setting next_dagrun for example_external_task_marker_child to None, run_after=None
[2024-07-26T00:02:32.957+0000] {logging_mixin.py:188} INFO - [2024-07-26T00:02:32.957+0000] {dag.py:3947} INFO - Setting next_dagrun for example_external_task_marker_parent to None, run_after=None
[2024-07-26T00:02:32.972+0000] {processor.py:183} INFO - Processing /home/airflow/.local/lib/python3.12/site-packages/airflow/example_dags/example_external_task_marker_dag.py took 0.062 seconds
[2024-07-26T00:03:03.262+0000] {processor.py:161} INFO - Started process (PID=12764) to work on /home/airflow/.local/lib/python3.12/site-packages/airflow/example_dags/example_external_task_marker_dag.py
[2024-07-26T00:03:03.262+0000] {processor.py:830} INFO - Processing file /home/airflow/.local/lib/python3.12/site-packages/airflow/example_dags/example_external_task_marker_dag.py for tasks to queue
[2024-07-26T00:03:03.264+0000] {logging_mixin.py:188} INFO - [2024-07-26T00:03:03.264+0000] {dagbag.py:545} INFO - Filling up the DagBag from /home/airflow/.local/lib/python3.12/site-packages/airflow/example_dags/example_external_task_marker_dag.py
[2024-07-26T00:03:03.268+0000] {processor.py:840} INFO - DAG(s) 'example_external_task_marker_child', 'example_external_task_marker_parent' retrieved from /home/airflow/.local/lib/python3.12/site-packages/airflow/example_dags/example_external_task_marker_dag.py
[2024-07-26T00:03:03.285+0000] {logging_mixin.py:188} INFO - [2024-07-26T00:03:03.285+0000] {dag.py:3089} INFO - Sync 2 DAGs
[2024-07-26T00:03:03.295+0000] {logging_mixin.py:188} INFO - [2024-07-26T00:03:03.294+0000] {dag.py:3947} INFO - Setting next_dagrun for example_external_task_marker_child to None, run_after=None
[2024-07-26T00:03:03.298+0000] {logging_mixin.py:188} INFO - [2024-07-26T00:03:03.298+0000] {dag.py:3947} INFO - Setting next_dagrun for example_external_task_marker_parent to None, run_after=None
[2024-07-26T00:03:03.312+0000] {processor.py:183} INFO - Processing /home/airflow/.local/lib/python3.12/site-packages/airflow/example_dags/example_external_task_marker_dag.py took 0.054 seconds
[2024-07-26T00:03:33.792+0000] {processor.py:161} INFO - Started process (PID=12823) to work on /home/airflow/.local/lib/python3.12/site-packages/airflow/example_dags/example_external_task_marker_dag.py
[2024-07-26T00:03:33.792+0000] {processor.py:830} INFO - Processing file /home/airflow/.local/lib/python3.12/site-packages/airflow/example_dags/example_external_task_marker_dag.py for tasks to queue
[2024-07-26T00:03:33.794+0000] {logging_mixin.py:188} INFO - [2024-07-26T00:03:33.794+0000] {dagbag.py:545} INFO - Filling up the DagBag from /home/airflow/.local/lib/python3.12/site-packages/airflow/example_dags/example_external_task_marker_dag.py
[2024-07-26T00:03:33.798+0000] {processor.py:840} INFO - DAG(s) 'example_external_task_marker_child', 'example_external_task_marker_parent' retrieved from /home/airflow/.local/lib/python3.12/site-packages/airflow/example_dags/example_external_task_marker_dag.py
[2024-07-26T00:03:33.815+0000] {logging_mixin.py:188} INFO - [2024-07-26T00:03:33.815+0000] {dag.py:3089} INFO - Sync 2 DAGs
[2024-07-26T00:03:33.824+0000] {logging_mixin.py:188} INFO - [2024-07-26T00:03:33.824+0000] {dag.py:3947} INFO - Setting next_dagrun for example_external_task_marker_child to None, run_after=None
[2024-07-26T00:03:33.827+0000] {logging_mixin.py:188} INFO - [2024-07-26T00:03:33.827+0000] {dag.py:3947} INFO - Setting next_dagrun for example_external_task_marker_parent to None, run_after=None
[2024-07-26T00:03:33.839+0000] {processor.py:183} INFO - Processing /home/airflow/.local/lib/python3.12/site-packages/airflow/example_dags/example_external_task_marker_dag.py took 0.052 seconds
[2024-07-26T00:04:04.220+0000] {processor.py:161} INFO - Started process (PID=12882) to work on /home/airflow/.local/lib/python3.12/site-packages/airflow/example_dags/example_external_task_marker_dag.py
[2024-07-26T00:04:04.221+0000] {processor.py:830} INFO - Processing file /home/airflow/.local/lib/python3.12/site-packages/airflow/example_dags/example_external_task_marker_dag.py for tasks to queue
[2024-07-26T00:04:04.222+0000] {logging_mixin.py:188} INFO - [2024-07-26T00:04:04.222+0000] {dagbag.py:545} INFO - Filling up the DagBag from /home/airflow/.local/lib/python3.12/site-packages/airflow/example_dags/example_external_task_marker_dag.py
[2024-07-26T00:04:04.227+0000] {processor.py:840} INFO - DAG(s) 'example_external_task_marker_parent', 'example_external_task_marker_child' retrieved from /home/airflow/.local/lib/python3.12/site-packages/airflow/example_dags/example_external_task_marker_dag.py
[2024-07-26T00:04:04.244+0000] {logging_mixin.py:188} INFO - [2024-07-26T00:04:04.244+0000] {dag.py:3089} INFO - Sync 2 DAGs
[2024-07-26T00:04:04.254+0000] {logging_mixin.py:188} INFO - [2024-07-26T00:04:04.254+0000] {dag.py:3947} INFO - Setting next_dagrun for example_external_task_marker_child to None, run_after=None
[2024-07-26T00:04:04.257+0000] {logging_mixin.py:188} INFO - [2024-07-26T00:04:04.257+0000] {dag.py:3947} INFO - Setting next_dagrun for example_external_task_marker_parent to None, run_after=None
[2024-07-26T00:04:04.269+0000] {processor.py:183} INFO - Processing /home/airflow/.local/lib/python3.12/site-packages/airflow/example_dags/example_external_task_marker_dag.py took 0.053 seconds
[2024-07-26T00:04:34.729+0000] {processor.py:161} INFO - Started process (PID=12941) to work on /home/airflow/.local/lib/python3.12/site-packages/airflow/example_dags/example_external_task_marker_dag.py
[2024-07-26T00:04:34.730+0000] {processor.py:830} INFO - Processing file /home/airflow/.local/lib/python3.12/site-packages/airflow/example_dags/example_external_task_marker_dag.py for tasks to queue
[2024-07-26T00:04:34.731+0000] {logging_mixin.py:188} INFO - [2024-07-26T00:04:34.731+0000] {dagbag.py:545} INFO - Filling up the DagBag from /home/airflow/.local/lib/python3.12/site-packages/airflow/example_dags/example_external_task_marker_dag.py
[2024-07-26T00:04:34.735+0000] {processor.py:840} INFO - DAG(s) 'example_external_task_marker_parent', 'example_external_task_marker_child' retrieved from /home/airflow/.local/lib/python3.12/site-packages/airflow/example_dags/example_external_task_marker_dag.py
[2024-07-26T00:04:34.751+0000] {logging_mixin.py:188} INFO - [2024-07-26T00:04:34.751+0000] {dag.py:3089} INFO - Sync 2 DAGs
[2024-07-26T00:04:34.760+0000] {logging_mixin.py:188} INFO - [2024-07-26T00:04:34.760+0000] {dag.py:3947} INFO - Setting next_dagrun for example_external_task_marker_child to None, run_after=None
[2024-07-26T00:04:34.762+0000] {logging_mixin.py:188} INFO - [2024-07-26T00:04:34.762+0000] {dag.py:3947} INFO - Setting next_dagrun for example_external_task_marker_parent to None, run_after=None
[2024-07-26T00:04:34.774+0000] {processor.py:183} INFO - Processing /home/airflow/.local/lib/python3.12/site-packages/airflow/example_dags/example_external_task_marker_dag.py took 0.049 seconds
[2024-07-26T00:05:05.106+0000] {processor.py:161} INFO - Started process (PID=13000) to work on /home/airflow/.local/lib/python3.12/site-packages/airflow/example_dags/example_external_task_marker_dag.py
[2024-07-26T00:05:05.107+0000] {processor.py:830} INFO - Processing file /home/airflow/.local/lib/python3.12/site-packages/airflow/example_dags/example_external_task_marker_dag.py for tasks to queue
[2024-07-26T00:05:05.109+0000] {logging_mixin.py:188} INFO - [2024-07-26T00:05:05.109+0000] {dagbag.py:545} INFO - Filling up the DagBag from /home/airflow/.local/lib/python3.12/site-packages/airflow/example_dags/example_external_task_marker_dag.py
[2024-07-26T00:05:05.113+0000] {processor.py:840} INFO - DAG(s) 'example_external_task_marker_parent', 'example_external_task_marker_child' retrieved from /home/airflow/.local/lib/python3.12/site-packages/airflow/example_dags/example_external_task_marker_dag.py
[2024-07-26T00:05:05.131+0000] {logging_mixin.py:188} INFO - [2024-07-26T00:05:05.131+0000] {dag.py:3089} INFO - Sync 2 DAGs
[2024-07-26T00:05:05.140+0000] {logging_mixin.py:188} INFO - [2024-07-26T00:05:05.139+0000] {dag.py:3947} INFO - Setting next_dagrun for example_external_task_marker_child to None, run_after=None
[2024-07-26T00:05:05.143+0000] {logging_mixin.py:188} INFO - [2024-07-26T00:05:05.143+0000] {dag.py:3947} INFO - Setting next_dagrun for example_external_task_marker_parent to None, run_after=None
[2024-07-26T00:05:05.154+0000] {processor.py:183} INFO - Processing /home/airflow/.local/lib/python3.12/site-packages/airflow/example_dags/example_external_task_marker_dag.py took 0.052 seconds
[2024-07-26T00:05:35.595+0000] {processor.py:161} INFO - Started process (PID=13059) to work on /home/airflow/.local/lib/python3.12/site-packages/airflow/example_dags/example_external_task_marker_dag.py
[2024-07-26T00:05:35.596+0000] {processor.py:830} INFO - Processing file /home/airflow/.local/lib/python3.12/site-packages/airflow/example_dags/example_external_task_marker_dag.py for tasks to queue
[2024-07-26T00:05:35.597+0000] {logging_mixin.py:188} INFO - [2024-07-26T00:05:35.597+0000] {dagbag.py:545} INFO - Filling up the DagBag from /home/airflow/.local/lib/python3.12/site-packages/airflow/example_dags/example_external_task_marker_dag.py
[2024-07-26T00:05:35.602+0000] {processor.py:840} INFO - DAG(s) 'example_external_task_marker_child', 'example_external_task_marker_parent' retrieved from /home/airflow/.local/lib/python3.12/site-packages/airflow/example_dags/example_external_task_marker_dag.py
[2024-07-26T00:05:35.617+0000] {logging_mixin.py:188} INFO - [2024-07-26T00:05:35.617+0000] {dag.py:3089} INFO - Sync 2 DAGs
[2024-07-26T00:05:35.628+0000] {logging_mixin.py:188} INFO - [2024-07-26T00:05:35.627+0000] {dag.py:3947} INFO - Setting next_dagrun for example_external_task_marker_child to None, run_after=None
[2024-07-26T00:05:35.632+0000] {logging_mixin.py:188} INFO - [2024-07-26T00:05:35.631+0000] {dag.py:3947} INFO - Setting next_dagrun for example_external_task_marker_parent to None, run_after=None
[2024-07-26T00:05:35.644+0000] {processor.py:183} INFO - Processing /home/airflow/.local/lib/python3.12/site-packages/airflow/example_dags/example_external_task_marker_dag.py took 0.053 seconds
[2024-07-26T00:06:06.101+0000] {processor.py:161} INFO - Started process (PID=13118) to work on /home/airflow/.local/lib/python3.12/site-packages/airflow/example_dags/example_external_task_marker_dag.py
[2024-07-26T00:06:06.102+0000] {processor.py:830} INFO - Processing file /home/airflow/.local/lib/python3.12/site-packages/airflow/example_dags/example_external_task_marker_dag.py for tasks to queue
[2024-07-26T00:06:06.103+0000] {logging_mixin.py:188} INFO - [2024-07-26T00:06:06.103+0000] {dagbag.py:545} INFO - Filling up the DagBag from /home/airflow/.local/lib/python3.12/site-packages/airflow/example_dags/example_external_task_marker_dag.py
[2024-07-26T00:06:06.108+0000] {processor.py:840} INFO - DAG(s) 'example_external_task_marker_parent', 'example_external_task_marker_child' retrieved from /home/airflow/.local/lib/python3.12/site-packages/airflow/example_dags/example_external_task_marker_dag.py
[2024-07-26T00:06:06.127+0000] {logging_mixin.py:188} INFO - [2024-07-26T00:06:06.127+0000] {dag.py:3089} INFO - Sync 2 DAGs
[2024-07-26T00:06:06.138+0000] {logging_mixin.py:188} INFO - [2024-07-26T00:06:06.138+0000] {dag.py:3947} INFO - Setting next_dagrun for example_external_task_marker_child to None, run_after=None
[2024-07-26T00:06:06.141+0000] {logging_mixin.py:188} INFO - [2024-07-26T00:06:06.141+0000] {dag.py:3947} INFO - Setting next_dagrun for example_external_task_marker_parent to None, run_after=None
[2024-07-26T00:06:06.153+0000] {processor.py:183} INFO - Processing /home/airflow/.local/lib/python3.12/site-packages/airflow/example_dags/example_external_task_marker_dag.py took 0.057 seconds
[2024-07-26T00:06:36.648+0000] {processor.py:161} INFO - Started process (PID=13177) to work on /home/airflow/.local/lib/python3.12/site-packages/airflow/example_dags/example_external_task_marker_dag.py
[2024-07-26T00:06:36.649+0000] {processor.py:830} INFO - Processing file /home/airflow/.local/lib/python3.12/site-packages/airflow/example_dags/example_external_task_marker_dag.py for tasks to queue
[2024-07-26T00:06:36.650+0000] {logging_mixin.py:188} INFO - [2024-07-26T00:06:36.650+0000] {dagbag.py:545} INFO - Filling up the DagBag from /home/airflow/.local/lib/python3.12/site-packages/airflow/example_dags/example_external_task_marker_dag.py
[2024-07-26T00:06:36.655+0000] {processor.py:840} INFO - DAG(s) 'example_external_task_marker_child', 'example_external_task_marker_parent' retrieved from /home/airflow/.local/lib/python3.12/site-packages/airflow/example_dags/example_external_task_marker_dag.py
[2024-07-26T00:06:36.674+0000] {logging_mixin.py:188} INFO - [2024-07-26T00:06:36.674+0000] {dag.py:3089} INFO - Sync 2 DAGs
[2024-07-26T00:06:36.685+0000] {logging_mixin.py:188} INFO - [2024-07-26T00:06:36.685+0000] {dag.py:3947} INFO - Setting next_dagrun for example_external_task_marker_child to None, run_after=None
[2024-07-26T00:06:36.688+0000] {logging_mixin.py:188} INFO - [2024-07-26T00:06:36.688+0000] {dag.py:3947} INFO - Setting next_dagrun for example_external_task_marker_parent to None, run_after=None
[2024-07-26T00:06:36.702+0000] {processor.py:183} INFO - Processing /home/airflow/.local/lib/python3.12/site-packages/airflow/example_dags/example_external_task_marker_dag.py took 0.058 seconds
[2024-07-26T00:07:07.119+0000] {processor.py:161} INFO - Started process (PID=13236) to work on /home/airflow/.local/lib/python3.12/site-packages/airflow/example_dags/example_external_task_marker_dag.py
[2024-07-26T00:07:07.119+0000] {processor.py:830} INFO - Processing file /home/airflow/.local/lib/python3.12/site-packages/airflow/example_dags/example_external_task_marker_dag.py for tasks to queue
[2024-07-26T00:07:07.121+0000] {logging_mixin.py:188} INFO - [2024-07-26T00:07:07.120+0000] {dagbag.py:545} INFO - Filling up the DagBag from /home/airflow/.local/lib/python3.12/site-packages/airflow/example_dags/example_external_task_marker_dag.py
[2024-07-26T00:07:07.124+0000] {processor.py:840} INFO - DAG(s) 'example_external_task_marker_parent', 'example_external_task_marker_child' retrieved from /home/airflow/.local/lib/python3.12/site-packages/airflow/example_dags/example_external_task_marker_dag.py
[2024-07-26T00:07:07.143+0000] {logging_mixin.py:188} INFO - [2024-07-26T00:07:07.143+0000] {dag.py:3089} INFO - Sync 2 DAGs
[2024-07-26T00:07:07.153+0000] {logging_mixin.py:188} INFO - [2024-07-26T00:07:07.153+0000] {dag.py:3947} INFO - Setting next_dagrun for example_external_task_marker_child to None, run_after=None
[2024-07-26T00:07:07.156+0000] {logging_mixin.py:188} INFO - [2024-07-26T00:07:07.156+0000] {dag.py:3947} INFO - Setting next_dagrun for example_external_task_marker_parent to None, run_after=None
[2024-07-26T00:07:07.171+0000] {processor.py:183} INFO - Processing /home/airflow/.local/lib/python3.12/site-packages/airflow/example_dags/example_external_task_marker_dag.py took 0.056 seconds
[2024-07-26T00:07:37.587+0000] {processor.py:161} INFO - Started process (PID=13295) to work on /home/airflow/.local/lib/python3.12/site-packages/airflow/example_dags/example_external_task_marker_dag.py
[2024-07-26T00:07:37.588+0000] {processor.py:830} INFO - Processing file /home/airflow/.local/lib/python3.12/site-packages/airflow/example_dags/example_external_task_marker_dag.py for tasks to queue
[2024-07-26T00:07:37.590+0000] {logging_mixin.py:188} INFO - [2024-07-26T00:07:37.590+0000] {dagbag.py:545} INFO - Filling up the DagBag from /home/airflow/.local/lib/python3.12/site-packages/airflow/example_dags/example_external_task_marker_dag.py
[2024-07-26T00:07:37.596+0000] {processor.py:840} INFO - DAG(s) 'example_external_task_marker_child', 'example_external_task_marker_parent' retrieved from /home/airflow/.local/lib/python3.12/site-packages/airflow/example_dags/example_external_task_marker_dag.py
[2024-07-26T00:07:37.618+0000] {logging_mixin.py:188} INFO - [2024-07-26T00:07:37.618+0000] {dag.py:3089} INFO - Sync 2 DAGs
[2024-07-26T00:07:37.630+0000] {logging_mixin.py:188} INFO - [2024-07-26T00:07:37.630+0000] {dag.py:3947} INFO - Setting next_dagrun for example_external_task_marker_child to None, run_after=None
[2024-07-26T00:07:37.634+0000] {logging_mixin.py:188} INFO - [2024-07-26T00:07:37.634+0000] {dag.py:3947} INFO - Setting next_dagrun for example_external_task_marker_parent to None, run_after=None
[2024-07-26T00:07:37.653+0000] {processor.py:183} INFO - Processing /home/airflow/.local/lib/python3.12/site-packages/airflow/example_dags/example_external_task_marker_dag.py took 0.072 seconds
[2024-07-26T00:08:08.074+0000] {processor.py:161} INFO - Started process (PID=13354) to work on /home/airflow/.local/lib/python3.12/site-packages/airflow/example_dags/example_external_task_marker_dag.py
[2024-07-26T00:08:08.075+0000] {processor.py:830} INFO - Processing file /home/airflow/.local/lib/python3.12/site-packages/airflow/example_dags/example_external_task_marker_dag.py for tasks to queue
[2024-07-26T00:08:08.076+0000] {logging_mixin.py:188} INFO - [2024-07-26T00:08:08.076+0000] {dagbag.py:545} INFO - Filling up the DagBag from /home/airflow/.local/lib/python3.12/site-packages/airflow/example_dags/example_external_task_marker_dag.py
[2024-07-26T00:08:08.081+0000] {processor.py:840} INFO - DAG(s) 'example_external_task_marker_child', 'example_external_task_marker_parent' retrieved from /home/airflow/.local/lib/python3.12/site-packages/airflow/example_dags/example_external_task_marker_dag.py
[2024-07-26T00:08:08.101+0000] {logging_mixin.py:188} INFO - [2024-07-26T00:08:08.101+0000] {dag.py:3089} INFO - Sync 2 DAGs
[2024-07-26T00:08:08.113+0000] {logging_mixin.py:188} INFO - [2024-07-26T00:08:08.113+0000] {dag.py:3947} INFO - Setting next_dagrun for example_external_task_marker_child to None, run_after=None
[2024-07-26T00:08:08.116+0000] {logging_mixin.py:188} INFO - [2024-07-26T00:08:08.116+0000] {dag.py:3947} INFO - Setting next_dagrun for example_external_task_marker_parent to None, run_after=None
[2024-07-26T00:08:08.132+0000] {processor.py:183} INFO - Processing /home/airflow/.local/lib/python3.12/site-packages/airflow/example_dags/example_external_task_marker_dag.py took 0.062 seconds
[2024-07-26T00:08:38.575+0000] {processor.py:161} INFO - Started process (PID=13413) to work on /home/airflow/.local/lib/python3.12/site-packages/airflow/example_dags/example_external_task_marker_dag.py
[2024-07-26T00:08:38.575+0000] {processor.py:830} INFO - Processing file /home/airflow/.local/lib/python3.12/site-packages/airflow/example_dags/example_external_task_marker_dag.py for tasks to queue
[2024-07-26T00:08:38.577+0000] {logging_mixin.py:188} INFO - [2024-07-26T00:08:38.577+0000] {dagbag.py:545} INFO - Filling up the DagBag from /home/airflow/.local/lib/python3.12/site-packages/airflow/example_dags/example_external_task_marker_dag.py
[2024-07-26T00:08:38.582+0000] {processor.py:840} INFO - DAG(s) 'example_external_task_marker_child', 'example_external_task_marker_parent' retrieved from /home/airflow/.local/lib/python3.12/site-packages/airflow/example_dags/example_external_task_marker_dag.py
[2024-07-26T00:08:38.601+0000] {logging_mixin.py:188} INFO - [2024-07-26T00:08:38.601+0000] {dag.py:3089} INFO - Sync 2 DAGs
[2024-07-26T00:08:38.611+0000] {logging_mixin.py:188} INFO - [2024-07-26T00:08:38.611+0000] {dag.py:3947} INFO - Setting next_dagrun for example_external_task_marker_child to None, run_after=None
[2024-07-26T00:08:38.615+0000] {logging_mixin.py:188} INFO - [2024-07-26T00:08:38.615+0000] {dag.py:3947} INFO - Setting next_dagrun for example_external_task_marker_parent to None, run_after=None
[2024-07-26T00:08:38.630+0000] {processor.py:183} INFO - Processing /home/airflow/.local/lib/python3.12/site-packages/airflow/example_dags/example_external_task_marker_dag.py took 0.060 seconds
[2024-07-26T00:09:09.074+0000] {processor.py:161} INFO - Started process (PID=13472) to work on /home/airflow/.local/lib/python3.12/site-packages/airflow/example_dags/example_external_task_marker_dag.py
[2024-07-26T00:09:09.075+0000] {processor.py:830} INFO - Processing file /home/airflow/.local/lib/python3.12/site-packages/airflow/example_dags/example_external_task_marker_dag.py for tasks to queue
[2024-07-26T00:09:09.077+0000] {logging_mixin.py:188} INFO - [2024-07-26T00:09:09.077+0000] {dagbag.py:545} INFO - Filling up the DagBag from /home/airflow/.local/lib/python3.12/site-packages/airflow/example_dags/example_external_task_marker_dag.py
[2024-07-26T00:09:09.083+0000] {processor.py:840} INFO - DAG(s) 'example_external_task_marker_child', 'example_external_task_marker_parent' retrieved from /home/airflow/.local/lib/python3.12/site-packages/airflow/example_dags/example_external_task_marker_dag.py
[2024-07-26T00:09:09.102+0000] {logging_mixin.py:188} INFO - [2024-07-26T00:09:09.102+0000] {dag.py:3089} INFO - Sync 2 DAGs
[2024-07-26T00:09:09.113+0000] {logging_mixin.py:188} INFO - [2024-07-26T00:09:09.113+0000] {dag.py:3947} INFO - Setting next_dagrun for example_external_task_marker_child to None, run_after=None
[2024-07-26T00:09:09.116+0000] {logging_mixin.py:188} INFO - [2024-07-26T00:09:09.116+0000] {dag.py:3947} INFO - Setting next_dagrun for example_external_task_marker_parent to None, run_after=None
[2024-07-26T00:09:09.128+0000] {processor.py:183} INFO - Processing /home/airflow/.local/lib/python3.12/site-packages/airflow/example_dags/example_external_task_marker_dag.py took 0.059 seconds
[2024-07-26T00:09:39.610+0000] {processor.py:161} INFO - Started process (PID=13531) to work on /home/airflow/.local/lib/python3.12/site-packages/airflow/example_dags/example_external_task_marker_dag.py
[2024-07-26T00:09:39.611+0000] {processor.py:830} INFO - Processing file /home/airflow/.local/lib/python3.12/site-packages/airflow/example_dags/example_external_task_marker_dag.py for tasks to queue
[2024-07-26T00:09:39.612+0000] {logging_mixin.py:188} INFO - [2024-07-26T00:09:39.612+0000] {dagbag.py:545} INFO - Filling up the DagBag from /home/airflow/.local/lib/python3.12/site-packages/airflow/example_dags/example_external_task_marker_dag.py
[2024-07-26T00:09:39.617+0000] {processor.py:840} INFO - DAG(s) 'example_external_task_marker_parent', 'example_external_task_marker_child' retrieved from /home/airflow/.local/lib/python3.12/site-packages/airflow/example_dags/example_external_task_marker_dag.py
[2024-07-26T00:09:39.639+0000] {logging_mixin.py:188} INFO - [2024-07-26T00:09:39.639+0000] {dag.py:3089} INFO - Sync 2 DAGs
[2024-07-26T00:09:39.652+0000] {logging_mixin.py:188} INFO - [2024-07-26T00:09:39.652+0000] {dag.py:3947} INFO - Setting next_dagrun for example_external_task_marker_child to None, run_after=None
[2024-07-26T00:09:39.655+0000] {logging_mixin.py:188} INFO - [2024-07-26T00:09:39.655+0000] {dag.py:3947} INFO - Setting next_dagrun for example_external_task_marker_parent to None, run_after=None
[2024-07-26T00:09:39.666+0000] {processor.py:183} INFO - Processing /home/airflow/.local/lib/python3.12/site-packages/airflow/example_dags/example_external_task_marker_dag.py took 0.061 seconds
[2024-07-26T00:10:10.100+0000] {processor.py:161} INFO - Started process (PID=13590) to work on /home/airflow/.local/lib/python3.12/site-packages/airflow/example_dags/example_external_task_marker_dag.py
[2024-07-26T00:10:10.101+0000] {processor.py:830} INFO - Processing file /home/airflow/.local/lib/python3.12/site-packages/airflow/example_dags/example_external_task_marker_dag.py for tasks to queue
[2024-07-26T00:10:10.103+0000] {logging_mixin.py:188} INFO - [2024-07-26T00:10:10.102+0000] {dagbag.py:545} INFO - Filling up the DagBag from /home/airflow/.local/lib/python3.12/site-packages/airflow/example_dags/example_external_task_marker_dag.py
[2024-07-26T00:10:10.107+0000] {processor.py:840} INFO - DAG(s) 'example_external_task_marker_child', 'example_external_task_marker_parent' retrieved from /home/airflow/.local/lib/python3.12/site-packages/airflow/example_dags/example_external_task_marker_dag.py
[2024-07-26T00:10:10.126+0000] {logging_mixin.py:188} INFO - [2024-07-26T00:10:10.126+0000] {dag.py:3089} INFO - Sync 2 DAGs
[2024-07-26T00:10:10.136+0000] {logging_mixin.py:188} INFO - [2024-07-26T00:10:10.136+0000] {dag.py:3947} INFO - Setting next_dagrun for example_external_task_marker_child to None, run_after=None
[2024-07-26T00:10:10.139+0000] {logging_mixin.py:188} INFO - [2024-07-26T00:10:10.139+0000] {dag.py:3947} INFO - Setting next_dagrun for example_external_task_marker_parent to None, run_after=None
[2024-07-26T00:10:10.153+0000] {processor.py:183} INFO - Processing /home/airflow/.local/lib/python3.12/site-packages/airflow/example_dags/example_external_task_marker_dag.py took 0.057 seconds
[2024-07-26T00:10:40.556+0000] {processor.py:161} INFO - Started process (PID=13649) to work on /home/airflow/.local/lib/python3.12/site-packages/airflow/example_dags/example_external_task_marker_dag.py
[2024-07-26T00:10:40.557+0000] {processor.py:830} INFO - Processing file /home/airflow/.local/lib/python3.12/site-packages/airflow/example_dags/example_external_task_marker_dag.py for tasks to queue
[2024-07-26T00:10:40.559+0000] {logging_mixin.py:188} INFO - [2024-07-26T00:10:40.558+0000] {dagbag.py:545} INFO - Filling up the DagBag from /home/airflow/.local/lib/python3.12/site-packages/airflow/example_dags/example_external_task_marker_dag.py
[2024-07-26T00:10:40.564+0000] {processor.py:840} INFO - DAG(s) 'example_external_task_marker_parent', 'example_external_task_marker_child' retrieved from /home/airflow/.local/lib/python3.12/site-packages/airflow/example_dags/example_external_task_marker_dag.py
[2024-07-26T00:10:40.584+0000] {logging_mixin.py:188} INFO - [2024-07-26T00:10:40.583+0000] {dag.py:3089} INFO - Sync 2 DAGs
[2024-07-26T00:10:40.595+0000] {logging_mixin.py:188} INFO - [2024-07-26T00:10:40.595+0000] {dag.py:3947} INFO - Setting next_dagrun for example_external_task_marker_child to None, run_after=None
[2024-07-26T00:10:40.599+0000] {logging_mixin.py:188} INFO - [2024-07-26T00:10:40.598+0000] {dag.py:3947} INFO - Setting next_dagrun for example_external_task_marker_parent to None, run_after=None
[2024-07-26T00:10:40.614+0000] {processor.py:183} INFO - Processing /home/airflow/.local/lib/python3.12/site-packages/airflow/example_dags/example_external_task_marker_dag.py took 0.062 seconds
[2024-07-26T00:11:11.103+0000] {processor.py:161} INFO - Started process (PID=13708) to work on /home/airflow/.local/lib/python3.12/site-packages/airflow/example_dags/example_external_task_marker_dag.py
[2024-07-26T00:11:11.104+0000] {processor.py:830} INFO - Processing file /home/airflow/.local/lib/python3.12/site-packages/airflow/example_dags/example_external_task_marker_dag.py for tasks to queue
[2024-07-26T00:11:11.105+0000] {logging_mixin.py:188} INFO - [2024-07-26T00:11:11.105+0000] {dagbag.py:545} INFO - Filling up the DagBag from /home/airflow/.local/lib/python3.12/site-packages/airflow/example_dags/example_external_task_marker_dag.py
[2024-07-26T00:11:11.110+0000] {processor.py:840} INFO - DAG(s) 'example_external_task_marker_child', 'example_external_task_marker_parent' retrieved from /home/airflow/.local/lib/python3.12/site-packages/airflow/example_dags/example_external_task_marker_dag.py
[2024-07-26T00:11:11.129+0000] {logging_mixin.py:188} INFO - [2024-07-26T00:11:11.128+0000] {dag.py:3089} INFO - Sync 2 DAGs
[2024-07-26T00:11:11.139+0000] {logging_mixin.py:188} INFO - [2024-07-26T00:11:11.139+0000] {dag.py:3947} INFO - Setting next_dagrun for example_external_task_marker_child to None, run_after=None
[2024-07-26T00:11:11.142+0000] {logging_mixin.py:188} INFO - [2024-07-26T00:11:11.142+0000] {dag.py:3947} INFO - Setting next_dagrun for example_external_task_marker_parent to None, run_after=None
[2024-07-26T00:11:11.157+0000] {processor.py:183} INFO - Processing /home/airflow/.local/lib/python3.12/site-packages/airflow/example_dags/example_external_task_marker_dag.py took 0.059 seconds
[2024-07-26T00:11:41.468+0000] {processor.py:161} INFO - Started process (PID=13767) to work on /home/airflow/.local/lib/python3.12/site-packages/airflow/example_dags/example_external_task_marker_dag.py
[2024-07-26T00:11:41.469+0000] {processor.py:830} INFO - Processing file /home/airflow/.local/lib/python3.12/site-packages/airflow/example_dags/example_external_task_marker_dag.py for tasks to queue
[2024-07-26T00:11:41.471+0000] {logging_mixin.py:188} INFO - [2024-07-26T00:11:41.470+0000] {dagbag.py:545} INFO - Filling up the DagBag from /home/airflow/.local/lib/python3.12/site-packages/airflow/example_dags/example_external_task_marker_dag.py
[2024-07-26T00:11:41.475+0000] {processor.py:840} INFO - DAG(s) 'example_external_task_marker_child', 'example_external_task_marker_parent' retrieved from /home/airflow/.local/lib/python3.12/site-packages/airflow/example_dags/example_external_task_marker_dag.py
[2024-07-26T00:11:41.493+0000] {logging_mixin.py:188} INFO - [2024-07-26T00:11:41.493+0000] {dag.py:3089} INFO - Sync 2 DAGs
[2024-07-26T00:11:41.503+0000] {logging_mixin.py:188} INFO - [2024-07-26T00:11:41.503+0000] {dag.py:3947} INFO - Setting next_dagrun for example_external_task_marker_child to None, run_after=None
[2024-07-26T00:11:41.506+0000] {logging_mixin.py:188} INFO - [2024-07-26T00:11:41.506+0000] {dag.py:3947} INFO - Setting next_dagrun for example_external_task_marker_parent to None, run_after=None
[2024-07-26T00:11:41.519+0000] {processor.py:183} INFO - Processing /home/airflow/.local/lib/python3.12/site-packages/airflow/example_dags/example_external_task_marker_dag.py took 0.055 seconds
[2024-07-26T00:14:36.011+0000] {processor.py:161} INFO - Started process (PID=59) to work on /home/airflow/.local/lib/python3.12/site-packages/airflow/example_dags/example_external_task_marker_dag.py
[2024-07-26T00:14:36.012+0000] {processor.py:830} INFO - Processing file /home/airflow/.local/lib/python3.12/site-packages/airflow/example_dags/example_external_task_marker_dag.py for tasks to queue
[2024-07-26T00:14:36.015+0000] {logging_mixin.py:188} INFO - [2024-07-26T00:14:36.014+0000] {dagbag.py:545} INFO - Filling up the DagBag from /home/airflow/.local/lib/python3.12/site-packages/airflow/example_dags/example_external_task_marker_dag.py
[2024-07-26T00:14:36.028+0000] {processor.py:840} INFO - DAG(s) 'example_external_task_marker_parent', 'example_external_task_marker_child' retrieved from /home/airflow/.local/lib/python3.12/site-packages/airflow/example_dags/example_external_task_marker_dag.py
[2024-07-26T00:14:36.044+0000] {logging_mixin.py:188} INFO - [2024-07-26T00:14:36.044+0000] {dag.py:3089} INFO - Sync 2 DAGs
[2024-07-26T00:14:36.066+0000] {logging_mixin.py:188} INFO - [2024-07-26T00:14:36.066+0000] {dag.py:3947} INFO - Setting next_dagrun for example_external_task_marker_child to None, run_after=None
[2024-07-26T00:14:36.071+0000] {logging_mixin.py:188} INFO - [2024-07-26T00:14:36.070+0000] {dag.py:3947} INFO - Setting next_dagrun for example_external_task_marker_parent to None, run_after=None
[2024-07-26T00:14:36.094+0000] {processor.py:183} INFO - Processing /home/airflow/.local/lib/python3.12/site-packages/airflow/example_dags/example_external_task_marker_dag.py took 0.091 seconds
[2024-07-26T00:15:07.467+0000] {processor.py:161} INFO - Started process (PID=118) to work on /home/airflow/.local/lib/python3.12/site-packages/airflow/example_dags/example_external_task_marker_dag.py
[2024-07-26T00:15:07.468+0000] {processor.py:830} INFO - Processing file /home/airflow/.local/lib/python3.12/site-packages/airflow/example_dags/example_external_task_marker_dag.py for tasks to queue
[2024-07-26T00:15:07.470+0000] {logging_mixin.py:188} INFO - [2024-07-26T00:15:07.470+0000] {dagbag.py:545} INFO - Filling up the DagBag from /home/airflow/.local/lib/python3.12/site-packages/airflow/example_dags/example_external_task_marker_dag.py
[2024-07-26T00:15:07.474+0000] {processor.py:840} INFO - DAG(s) 'example_external_task_marker_child', 'example_external_task_marker_parent' retrieved from /home/airflow/.local/lib/python3.12/site-packages/airflow/example_dags/example_external_task_marker_dag.py
[2024-07-26T00:15:07.563+0000] {logging_mixin.py:188} INFO - [2024-07-26T00:15:07.563+0000] {dag.py:3089} INFO - Sync 2 DAGs
[2024-07-26T00:15:07.571+0000] {logging_mixin.py:188} INFO - [2024-07-26T00:15:07.571+0000] {dag.py:3947} INFO - Setting next_dagrun for example_external_task_marker_child to None, run_after=None
[2024-07-26T00:15:07.574+0000] {logging_mixin.py:188} INFO - [2024-07-26T00:15:07.574+0000] {dag.py:3947} INFO - Setting next_dagrun for example_external_task_marker_parent to None, run_after=None
[2024-07-26T00:15:07.590+0000] {processor.py:183} INFO - Processing /home/airflow/.local/lib/python3.12/site-packages/airflow/example_dags/example_external_task_marker_dag.py took 0.126 seconds
[2024-07-26T00:15:38.246+0000] {processor.py:161} INFO - Started process (PID=177) to work on /home/airflow/.local/lib/python3.12/site-packages/airflow/example_dags/example_external_task_marker_dag.py
[2024-07-26T00:15:38.248+0000] {processor.py:830} INFO - Processing file /home/airflow/.local/lib/python3.12/site-packages/airflow/example_dags/example_external_task_marker_dag.py for tasks to queue
[2024-07-26T00:15:38.249+0000] {logging_mixin.py:188} INFO - [2024-07-26T00:15:38.249+0000] {dagbag.py:545} INFO - Filling up the DagBag from /home/airflow/.local/lib/python3.12/site-packages/airflow/example_dags/example_external_task_marker_dag.py
[2024-07-26T00:15:38.254+0000] {processor.py:840} INFO - DAG(s) 'example_external_task_marker_child', 'example_external_task_marker_parent' retrieved from /home/airflow/.local/lib/python3.12/site-packages/airflow/example_dags/example_external_task_marker_dag.py
[2024-07-26T00:15:38.274+0000] {logging_mixin.py:188} INFO - [2024-07-26T00:15:38.274+0000] {dag.py:3089} INFO - Sync 2 DAGs
[2024-07-26T00:15:38.285+0000] {logging_mixin.py:188} INFO - [2024-07-26T00:15:38.285+0000] {dag.py:3947} INFO - Setting next_dagrun for example_external_task_marker_child to None, run_after=None
[2024-07-26T00:15:38.288+0000] {logging_mixin.py:188} INFO - [2024-07-26T00:15:38.288+0000] {dag.py:3947} INFO - Setting next_dagrun for example_external_task_marker_parent to None, run_after=None
[2024-07-26T00:15:38.304+0000] {processor.py:183} INFO - Processing /home/airflow/.local/lib/python3.12/site-packages/airflow/example_dags/example_external_task_marker_dag.py took 0.063 seconds
[2024-07-26T00:16:08.389+0000] {processor.py:161} INFO - Started process (PID=236) to work on /home/airflow/.local/lib/python3.12/site-packages/airflow/example_dags/example_external_task_marker_dag.py
[2024-07-26T00:16:08.389+0000] {processor.py:830} INFO - Processing file /home/airflow/.local/lib/python3.12/site-packages/airflow/example_dags/example_external_task_marker_dag.py for tasks to queue
[2024-07-26T00:16:08.391+0000] {logging_mixin.py:188} INFO - [2024-07-26T00:16:08.391+0000] {dagbag.py:545} INFO - Filling up the DagBag from /home/airflow/.local/lib/python3.12/site-packages/airflow/example_dags/example_external_task_marker_dag.py
[2024-07-26T00:16:08.395+0000] {processor.py:840} INFO - DAG(s) 'example_external_task_marker_child', 'example_external_task_marker_parent' retrieved from /home/airflow/.local/lib/python3.12/site-packages/airflow/example_dags/example_external_task_marker_dag.py
[2024-07-26T00:16:08.412+0000] {logging_mixin.py:188} INFO - [2024-07-26T00:16:08.412+0000] {dag.py:3089} INFO - Sync 2 DAGs
[2024-07-26T00:16:08.422+0000] {logging_mixin.py:188} INFO - [2024-07-26T00:16:08.422+0000] {dag.py:3947} INFO - Setting next_dagrun for example_external_task_marker_child to None, run_after=None
[2024-07-26T00:16:08.425+0000] {logging_mixin.py:188} INFO - [2024-07-26T00:16:08.425+0000] {dag.py:3947} INFO - Setting next_dagrun for example_external_task_marker_parent to None, run_after=None
[2024-07-26T00:16:08.438+0000] {processor.py:183} INFO - Processing /home/airflow/.local/lib/python3.12/site-packages/airflow/example_dags/example_external_task_marker_dag.py took 0.053 seconds
[2024-07-26T00:16:38.916+0000] {processor.py:161} INFO - Started process (PID=295) to work on /home/airflow/.local/lib/python3.12/site-packages/airflow/example_dags/example_external_task_marker_dag.py
[2024-07-26T00:16:38.916+0000] {processor.py:830} INFO - Processing file /home/airflow/.local/lib/python3.12/site-packages/airflow/example_dags/example_external_task_marker_dag.py for tasks to queue
[2024-07-26T00:16:38.918+0000] {logging_mixin.py:188} INFO - [2024-07-26T00:16:38.918+0000] {dagbag.py:545} INFO - Filling up the DagBag from /home/airflow/.local/lib/python3.12/site-packages/airflow/example_dags/example_external_task_marker_dag.py
[2024-07-26T00:16:38.922+0000] {processor.py:840} INFO - DAG(s) 'example_external_task_marker_child', 'example_external_task_marker_parent' retrieved from /home/airflow/.local/lib/python3.12/site-packages/airflow/example_dags/example_external_task_marker_dag.py
[2024-07-26T00:16:38.942+0000] {logging_mixin.py:188} INFO - [2024-07-26T00:16:38.942+0000] {dag.py:3089} INFO - Sync 2 DAGs
[2024-07-26T00:16:38.953+0000] {logging_mixin.py:188} INFO - [2024-07-26T00:16:38.952+0000] {dag.py:3947} INFO - Setting next_dagrun for example_external_task_marker_child to None, run_after=None
[2024-07-26T00:16:38.957+0000] {logging_mixin.py:188} INFO - [2024-07-26T00:16:38.956+0000] {dag.py:3947} INFO - Setting next_dagrun for example_external_task_marker_parent to None, run_after=None
[2024-07-26T00:16:38.974+0000] {processor.py:183} INFO - Processing /home/airflow/.local/lib/python3.12/site-packages/airflow/example_dags/example_external_task_marker_dag.py took 0.063 seconds
[2024-07-26T00:17:09.520+0000] {processor.py:161} INFO - Started process (PID=354) to work on /home/airflow/.local/lib/python3.12/site-packages/airflow/example_dags/example_external_task_marker_dag.py
[2024-07-26T00:17:09.521+0000] {processor.py:830} INFO - Processing file /home/airflow/.local/lib/python3.12/site-packages/airflow/example_dags/example_external_task_marker_dag.py for tasks to queue
[2024-07-26T00:17:09.523+0000] {logging_mixin.py:188} INFO - [2024-07-26T00:17:09.523+0000] {dagbag.py:545} INFO - Filling up the DagBag from /home/airflow/.local/lib/python3.12/site-packages/airflow/example_dags/example_external_task_marker_dag.py
[2024-07-26T00:17:09.528+0000] {processor.py:840} INFO - DAG(s) 'example_external_task_marker_child', 'example_external_task_marker_parent' retrieved from /home/airflow/.local/lib/python3.12/site-packages/airflow/example_dags/example_external_task_marker_dag.py
[2024-07-26T00:17:09.547+0000] {logging_mixin.py:188} INFO - [2024-07-26T00:17:09.547+0000] {dag.py:3089} INFO - Sync 2 DAGs
[2024-07-26T00:17:09.557+0000] {logging_mixin.py:188} INFO - [2024-07-26T00:17:09.557+0000] {dag.py:3947} INFO - Setting next_dagrun for example_external_task_marker_child to None, run_after=None
[2024-07-26T00:17:09.561+0000] {logging_mixin.py:188} INFO - [2024-07-26T00:17:09.560+0000] {dag.py:3947} INFO - Setting next_dagrun for example_external_task_marker_parent to None, run_after=None
[2024-07-26T00:17:09.574+0000] {processor.py:183} INFO - Processing /home/airflow/.local/lib/python3.12/site-packages/airflow/example_dags/example_external_task_marker_dag.py took 0.058 seconds
[2024-07-26T00:17:40.009+0000] {processor.py:161} INFO - Started process (PID=414) to work on /home/airflow/.local/lib/python3.12/site-packages/airflow/example_dags/example_external_task_marker_dag.py
[2024-07-26T00:17:40.010+0000] {processor.py:830} INFO - Processing file /home/airflow/.local/lib/python3.12/site-packages/airflow/example_dags/example_external_task_marker_dag.py for tasks to queue
[2024-07-26T00:17:40.011+0000] {logging_mixin.py:188} INFO - [2024-07-26T00:17:40.011+0000] {dagbag.py:545} INFO - Filling up the DagBag from /home/airflow/.local/lib/python3.12/site-packages/airflow/example_dags/example_external_task_marker_dag.py
[2024-07-26T00:17:40.015+0000] {processor.py:840} INFO - DAG(s) 'example_external_task_marker_child', 'example_external_task_marker_parent' retrieved from /home/airflow/.local/lib/python3.12/site-packages/airflow/example_dags/example_external_task_marker_dag.py
[2024-07-26T00:17:40.032+0000] {logging_mixin.py:188} INFO - [2024-07-26T00:17:40.032+0000] {dag.py:3089} INFO - Sync 2 DAGs
[2024-07-26T00:17:40.042+0000] {logging_mixin.py:188} INFO - [2024-07-26T00:17:40.042+0000] {dag.py:3947} INFO - Setting next_dagrun for example_external_task_marker_child to None, run_after=None
[2024-07-26T00:17:40.046+0000] {logging_mixin.py:188} INFO - [2024-07-26T00:17:40.045+0000] {dag.py:3947} INFO - Setting next_dagrun for example_external_task_marker_parent to None, run_after=None
[2024-07-26T00:17:40.058+0000] {processor.py:183} INFO - Processing /home/airflow/.local/lib/python3.12/site-packages/airflow/example_dags/example_external_task_marker_dag.py took 0.053 seconds
[2024-07-26T00:18:10.501+0000] {processor.py:161} INFO - Started process (PID=473) to work on /home/airflow/.local/lib/python3.12/site-packages/airflow/example_dags/example_external_task_marker_dag.py
[2024-07-26T00:18:10.501+0000] {processor.py:830} INFO - Processing file /home/airflow/.local/lib/python3.12/site-packages/airflow/example_dags/example_external_task_marker_dag.py for tasks to queue
[2024-07-26T00:18:10.503+0000] {logging_mixin.py:188} INFO - [2024-07-26T00:18:10.502+0000] {dagbag.py:545} INFO - Filling up the DagBag from /home/airflow/.local/lib/python3.12/site-packages/airflow/example_dags/example_external_task_marker_dag.py
[2024-07-26T00:18:10.507+0000] {processor.py:840} INFO - DAG(s) 'example_external_task_marker_parent', 'example_external_task_marker_child' retrieved from /home/airflow/.local/lib/python3.12/site-packages/airflow/example_dags/example_external_task_marker_dag.py
[2024-07-26T00:18:10.526+0000] {logging_mixin.py:188} INFO - [2024-07-26T00:18:10.526+0000] {dag.py:3089} INFO - Sync 2 DAGs
[2024-07-26T00:18:10.535+0000] {logging_mixin.py:188} INFO - [2024-07-26T00:18:10.535+0000] {dag.py:3947} INFO - Setting next_dagrun for example_external_task_marker_child to None, run_after=None
[2024-07-26T00:18:10.538+0000] {logging_mixin.py:188} INFO - [2024-07-26T00:18:10.538+0000] {dag.py:3947} INFO - Setting next_dagrun for example_external_task_marker_parent to None, run_after=None
[2024-07-26T00:18:10.553+0000] {processor.py:183} INFO - Processing /home/airflow/.local/lib/python3.12/site-packages/airflow/example_dags/example_external_task_marker_dag.py took 0.056 seconds
