[2024-07-26T00:00:02.416+0000] {processor.py:161} INFO - Started process (PID=12428) to work on /home/airflow/.local/lib/python3.12/site-packages/airflow/example_dags/example_latest_only.py
[2024-07-26T00:00:02.417+0000] {processor.py:830} INFO - Processing file /home/airflow/.local/lib/python3.12/site-packages/airflow/example_dags/example_latest_only.py for tasks to queue
[2024-07-26T00:00:02.418+0000] {logging_mixin.py:188} INFO - [2024-07-26T00:00:02.418+0000] {dagbag.py:545} INFO - Filling up the DagBag from /home/airflow/.local/lib/python3.12/site-packages/airflow/example_dags/example_latest_only.py
[2024-07-26T00:00:02.422+0000] {processor.py:840} INFO - DAG(s) 'latest_only' retrieved from /home/airflow/.local/lib/python3.12/site-packages/airflow/example_dags/example_latest_only.py
[2024-07-26T00:00:02.437+0000] {logging_mixin.py:188} INFO - [2024-07-26T00:00:02.436+0000] {dag.py:3089} INFO - Sync 1 DAGs
[2024-07-26T00:00:02.453+0000] {logging_mixin.py:188} INFO - [2024-07-26T00:00:02.452+0000] {dag.py:3947} INFO - Setting next_dagrun for latest_only to 2024-07-25 20:00:00+00:00, run_after=2024-07-26 00:00:00+00:00
[2024-07-26T00:00:02.468+0000] {processor.py:183} INFO - Processing /home/airflow/.local/lib/python3.12/site-packages/airflow/example_dags/example_latest_only.py took 0.056 seconds
[2024-07-26T00:00:32.962+0000] {processor.py:161} INFO - Started process (PID=12487) to work on /home/airflow/.local/lib/python3.12/site-packages/airflow/example_dags/example_latest_only.py
[2024-07-26T00:00:32.963+0000] {processor.py:830} INFO - Processing file /home/airflow/.local/lib/python3.12/site-packages/airflow/example_dags/example_latest_only.py for tasks to queue
[2024-07-26T00:00:32.964+0000] {logging_mixin.py:188} INFO - [2024-07-26T00:00:32.964+0000] {dagbag.py:545} INFO - Filling up the DagBag from /home/airflow/.local/lib/python3.12/site-packages/airflow/example_dags/example_latest_only.py
[2024-07-26T00:00:32.968+0000] {processor.py:840} INFO - DAG(s) 'latest_only' retrieved from /home/airflow/.local/lib/python3.12/site-packages/airflow/example_dags/example_latest_only.py
[2024-07-26T00:00:32.981+0000] {logging_mixin.py:188} INFO - [2024-07-26T00:00:32.981+0000] {dag.py:3089} INFO - Sync 1 DAGs
[2024-07-26T00:00:32.998+0000] {logging_mixin.py:188} INFO - [2024-07-26T00:00:32.997+0000] {dag.py:3947} INFO - Setting next_dagrun for latest_only to 2024-07-25 20:00:00+00:00, run_after=2024-07-26 00:00:00+00:00
[2024-07-26T00:00:33.010+0000] {processor.py:183} INFO - Processing /home/airflow/.local/lib/python3.12/site-packages/airflow/example_dags/example_latest_only.py took 0.052 seconds
[2024-07-26T00:01:03.341+0000] {processor.py:161} INFO - Started process (PID=12546) to work on /home/airflow/.local/lib/python3.12/site-packages/airflow/example_dags/example_latest_only.py
[2024-07-26T00:01:03.342+0000] {processor.py:830} INFO - Processing file /home/airflow/.local/lib/python3.12/site-packages/airflow/example_dags/example_latest_only.py for tasks to queue
[2024-07-26T00:01:03.343+0000] {logging_mixin.py:188} INFO - [2024-07-26T00:01:03.343+0000] {dagbag.py:545} INFO - Filling up the DagBag from /home/airflow/.local/lib/python3.12/site-packages/airflow/example_dags/example_latest_only.py
[2024-07-26T00:01:03.347+0000] {processor.py:840} INFO - DAG(s) 'latest_only' retrieved from /home/airflow/.local/lib/python3.12/site-packages/airflow/example_dags/example_latest_only.py
[2024-07-26T00:01:03.360+0000] {logging_mixin.py:188} INFO - [2024-07-26T00:01:03.360+0000] {dag.py:3089} INFO - Sync 1 DAGs
[2024-07-26T00:01:03.376+0000] {logging_mixin.py:188} INFO - [2024-07-26T00:01:03.376+0000] {dag.py:3947} INFO - Setting next_dagrun for latest_only to 2024-07-25 20:00:00+00:00, run_after=2024-07-26 00:00:00+00:00
[2024-07-26T00:01:03.390+0000] {processor.py:183} INFO - Processing /home/airflow/.local/lib/python3.12/site-packages/airflow/example_dags/example_latest_only.py took 0.054 seconds
[2024-07-26T00:01:33.648+0000] {processor.py:161} INFO - Started process (PID=12605) to work on /home/airflow/.local/lib/python3.12/site-packages/airflow/example_dags/example_latest_only.py
[2024-07-26T00:01:33.649+0000] {processor.py:830} INFO - Processing file /home/airflow/.local/lib/python3.12/site-packages/airflow/example_dags/example_latest_only.py for tasks to queue
[2024-07-26T00:01:33.650+0000] {logging_mixin.py:188} INFO - [2024-07-26T00:01:33.650+0000] {dagbag.py:545} INFO - Filling up the DagBag from /home/airflow/.local/lib/python3.12/site-packages/airflow/example_dags/example_latest_only.py
[2024-07-26T00:01:33.654+0000] {processor.py:840} INFO - DAG(s) 'latest_only' retrieved from /home/airflow/.local/lib/python3.12/site-packages/airflow/example_dags/example_latest_only.py
[2024-07-26T00:01:33.669+0000] {logging_mixin.py:188} INFO - [2024-07-26T00:01:33.668+0000] {dag.py:3089} INFO - Sync 1 DAGs
[2024-07-26T00:01:33.684+0000] {logging_mixin.py:188} INFO - [2024-07-26T00:01:33.684+0000] {dag.py:3947} INFO - Setting next_dagrun for latest_only to 2024-07-25 20:00:00+00:00, run_after=2024-07-26 00:00:00+00:00
[2024-07-26T00:01:33.698+0000] {processor.py:183} INFO - Processing /home/airflow/.local/lib/python3.12/site-packages/airflow/example_dags/example_latest_only.py took 0.054 seconds
[2024-07-26T00:02:04.143+0000] {processor.py:161} INFO - Started process (PID=12664) to work on /home/airflow/.local/lib/python3.12/site-packages/airflow/example_dags/example_latest_only.py
[2024-07-26T00:02:04.144+0000] {processor.py:830} INFO - Processing file /home/airflow/.local/lib/python3.12/site-packages/airflow/example_dags/example_latest_only.py for tasks to queue
[2024-07-26T00:02:04.145+0000] {logging_mixin.py:188} INFO - [2024-07-26T00:02:04.145+0000] {dagbag.py:545} INFO - Filling up the DagBag from /home/airflow/.local/lib/python3.12/site-packages/airflow/example_dags/example_latest_only.py
[2024-07-26T00:02:04.149+0000] {processor.py:840} INFO - DAG(s) 'latest_only' retrieved from /home/airflow/.local/lib/python3.12/site-packages/airflow/example_dags/example_latest_only.py
[2024-07-26T00:02:04.164+0000] {logging_mixin.py:188} INFO - [2024-07-26T00:02:04.164+0000] {dag.py:3089} INFO - Sync 1 DAGs
[2024-07-26T00:02:04.180+0000] {logging_mixin.py:188} INFO - [2024-07-26T00:02:04.180+0000] {dag.py:3947} INFO - Setting next_dagrun for latest_only to 2024-07-25 20:00:00+00:00, run_after=2024-07-26 00:00:00+00:00
[2024-07-26T00:02:04.194+0000] {processor.py:183} INFO - Processing /home/airflow/.local/lib/python3.12/site-packages/airflow/example_dags/example_latest_only.py took 0.055 seconds
[2024-07-26T00:02:34.562+0000] {processor.py:161} INFO - Started process (PID=12723) to work on /home/airflow/.local/lib/python3.12/site-packages/airflow/example_dags/example_latest_only.py
[2024-07-26T00:02:34.563+0000] {processor.py:830} INFO - Processing file /home/airflow/.local/lib/python3.12/site-packages/airflow/example_dags/example_latest_only.py for tasks to queue
[2024-07-26T00:02:34.565+0000] {logging_mixin.py:188} INFO - [2024-07-26T00:02:34.565+0000] {dagbag.py:545} INFO - Filling up the DagBag from /home/airflow/.local/lib/python3.12/site-packages/airflow/example_dags/example_latest_only.py
[2024-07-26T00:02:34.568+0000] {processor.py:840} INFO - DAG(s) 'latest_only' retrieved from /home/airflow/.local/lib/python3.12/site-packages/airflow/example_dags/example_latest_only.py
[2024-07-26T00:02:34.582+0000] {logging_mixin.py:188} INFO - [2024-07-26T00:02:34.582+0000] {dag.py:3089} INFO - Sync 1 DAGs
[2024-07-26T00:02:34.598+0000] {logging_mixin.py:188} INFO - [2024-07-26T00:02:34.597+0000] {dag.py:3947} INFO - Setting next_dagrun for latest_only to 2024-07-25 20:00:00+00:00, run_after=2024-07-26 00:00:00+00:00
[2024-07-26T00:02:34.613+0000] {processor.py:183} INFO - Processing /home/airflow/.local/lib/python3.12/site-packages/airflow/example_dags/example_latest_only.py took 0.056 seconds
[2024-07-26T00:03:05.094+0000] {processor.py:161} INFO - Started process (PID=12782) to work on /home/airflow/.local/lib/python3.12/site-packages/airflow/example_dags/example_latest_only.py
[2024-07-26T00:03:05.095+0000] {processor.py:830} INFO - Processing file /home/airflow/.local/lib/python3.12/site-packages/airflow/example_dags/example_latest_only.py for tasks to queue
[2024-07-26T00:03:05.097+0000] {logging_mixin.py:188} INFO - [2024-07-26T00:03:05.096+0000] {dagbag.py:545} INFO - Filling up the DagBag from /home/airflow/.local/lib/python3.12/site-packages/airflow/example_dags/example_latest_only.py
[2024-07-26T00:03:05.100+0000] {processor.py:840} INFO - DAG(s) 'latest_only' retrieved from /home/airflow/.local/lib/python3.12/site-packages/airflow/example_dags/example_latest_only.py
[2024-07-26T00:03:05.116+0000] {logging_mixin.py:188} INFO - [2024-07-26T00:03:05.116+0000] {dag.py:3089} INFO - Sync 1 DAGs
[2024-07-26T00:03:05.133+0000] {logging_mixin.py:188} INFO - [2024-07-26T00:03:05.133+0000] {dag.py:3947} INFO - Setting next_dagrun for latest_only to 2024-07-25 20:00:00+00:00, run_after=2024-07-26 00:00:00+00:00
[2024-07-26T00:03:05.149+0000] {processor.py:183} INFO - Processing /home/airflow/.local/lib/python3.12/site-packages/airflow/example_dags/example_latest_only.py took 0.060 seconds
[2024-07-26T00:03:35.603+0000] {processor.py:161} INFO - Started process (PID=12841) to work on /home/airflow/.local/lib/python3.12/site-packages/airflow/example_dags/example_latest_only.py
[2024-07-26T00:03:35.604+0000] {processor.py:830} INFO - Processing file /home/airflow/.local/lib/python3.12/site-packages/airflow/example_dags/example_latest_only.py for tasks to queue
[2024-07-26T00:03:35.606+0000] {logging_mixin.py:188} INFO - [2024-07-26T00:03:35.605+0000] {dagbag.py:545} INFO - Filling up the DagBag from /home/airflow/.local/lib/python3.12/site-packages/airflow/example_dags/example_latest_only.py
[2024-07-26T00:03:35.609+0000] {processor.py:840} INFO - DAG(s) 'latest_only' retrieved from /home/airflow/.local/lib/python3.12/site-packages/airflow/example_dags/example_latest_only.py
[2024-07-26T00:03:35.626+0000] {logging_mixin.py:188} INFO - [2024-07-26T00:03:35.625+0000] {dag.py:3089} INFO - Sync 1 DAGs
[2024-07-26T00:03:35.644+0000] {logging_mixin.py:188} INFO - [2024-07-26T00:03:35.644+0000] {dag.py:3947} INFO - Setting next_dagrun for latest_only to 2024-07-25 20:00:00+00:00, run_after=2024-07-26 00:00:00+00:00
[2024-07-26T00:03:35.662+0000] {processor.py:183} INFO - Processing /home/airflow/.local/lib/python3.12/site-packages/airflow/example_dags/example_latest_only.py took 0.063 seconds
[2024-07-26T00:04:05.964+0000] {processor.py:161} INFO - Started process (PID=12900) to work on /home/airflow/.local/lib/python3.12/site-packages/airflow/example_dags/example_latest_only.py
[2024-07-26T00:04:05.964+0000] {processor.py:830} INFO - Processing file /home/airflow/.local/lib/python3.12/site-packages/airflow/example_dags/example_latest_only.py for tasks to queue
[2024-07-26T00:04:05.966+0000] {logging_mixin.py:188} INFO - [2024-07-26T00:04:05.965+0000] {dagbag.py:545} INFO - Filling up the DagBag from /home/airflow/.local/lib/python3.12/site-packages/airflow/example_dags/example_latest_only.py
[2024-07-26T00:04:05.969+0000] {processor.py:840} INFO - DAG(s) 'latest_only' retrieved from /home/airflow/.local/lib/python3.12/site-packages/airflow/example_dags/example_latest_only.py
[2024-07-26T00:04:05.984+0000] {logging_mixin.py:188} INFO - [2024-07-26T00:04:05.984+0000] {dag.py:3089} INFO - Sync 1 DAGs
[2024-07-26T00:04:06.002+0000] {logging_mixin.py:188} INFO - [2024-07-26T00:04:06.002+0000] {dag.py:3947} INFO - Setting next_dagrun for latest_only to 2024-07-25 20:00:00+00:00, run_after=2024-07-26 00:00:00+00:00
[2024-07-26T00:04:06.021+0000] {processor.py:183} INFO - Processing /home/airflow/.local/lib/python3.12/site-packages/airflow/example_dags/example_latest_only.py took 0.062 seconds
[2024-07-26T00:04:36.439+0000] {processor.py:161} INFO - Started process (PID=12959) to work on /home/airflow/.local/lib/python3.12/site-packages/airflow/example_dags/example_latest_only.py
[2024-07-26T00:04:36.440+0000] {processor.py:830} INFO - Processing file /home/airflow/.local/lib/python3.12/site-packages/airflow/example_dags/example_latest_only.py for tasks to queue
[2024-07-26T00:04:36.442+0000] {logging_mixin.py:188} INFO - [2024-07-26T00:04:36.441+0000] {dagbag.py:545} INFO - Filling up the DagBag from /home/airflow/.local/lib/python3.12/site-packages/airflow/example_dags/example_latest_only.py
[2024-07-26T00:04:36.445+0000] {processor.py:840} INFO - DAG(s) 'latest_only' retrieved from /home/airflow/.local/lib/python3.12/site-packages/airflow/example_dags/example_latest_only.py
[2024-07-26T00:04:36.463+0000] {logging_mixin.py:188} INFO - [2024-07-26T00:04:36.462+0000] {dag.py:3089} INFO - Sync 1 DAGs
[2024-07-26T00:04:36.480+0000] {logging_mixin.py:188} INFO - [2024-07-26T00:04:36.480+0000] {dag.py:3947} INFO - Setting next_dagrun for latest_only to 2024-07-25 20:00:00+00:00, run_after=2024-07-26 00:00:00+00:00
[2024-07-26T00:04:36.497+0000] {processor.py:183} INFO - Processing /home/airflow/.local/lib/python3.12/site-packages/airflow/example_dags/example_latest_only.py took 0.062 seconds
[2024-07-26T00:05:06.933+0000] {processor.py:161} INFO - Started process (PID=13018) to work on /home/airflow/.local/lib/python3.12/site-packages/airflow/example_dags/example_latest_only.py
[2024-07-26T00:05:06.934+0000] {processor.py:830} INFO - Processing file /home/airflow/.local/lib/python3.12/site-packages/airflow/example_dags/example_latest_only.py for tasks to queue
[2024-07-26T00:05:06.936+0000] {logging_mixin.py:188} INFO - [2024-07-26T00:05:06.935+0000] {dagbag.py:545} INFO - Filling up the DagBag from /home/airflow/.local/lib/python3.12/site-packages/airflow/example_dags/example_latest_only.py
[2024-07-26T00:05:06.939+0000] {processor.py:840} INFO - DAG(s) 'latest_only' retrieved from /home/airflow/.local/lib/python3.12/site-packages/airflow/example_dags/example_latest_only.py
[2024-07-26T00:05:06.954+0000] {logging_mixin.py:188} INFO - [2024-07-26T00:05:06.954+0000] {dag.py:3089} INFO - Sync 1 DAGs
[2024-07-26T00:05:06.971+0000] {logging_mixin.py:188} INFO - [2024-07-26T00:05:06.971+0000] {dag.py:3947} INFO - Setting next_dagrun for latest_only to 2024-07-25 20:00:00+00:00, run_after=2024-07-26 00:00:00+00:00
[2024-07-26T00:05:06.987+0000] {processor.py:183} INFO - Processing /home/airflow/.local/lib/python3.12/site-packages/airflow/example_dags/example_latest_only.py took 0.058 seconds
[2024-07-26T00:05:37.396+0000] {processor.py:161} INFO - Started process (PID=13077) to work on /home/airflow/.local/lib/python3.12/site-packages/airflow/example_dags/example_latest_only.py
[2024-07-26T00:05:37.397+0000] {processor.py:830} INFO - Processing file /home/airflow/.local/lib/python3.12/site-packages/airflow/example_dags/example_latest_only.py for tasks to queue
[2024-07-26T00:05:37.398+0000] {logging_mixin.py:188} INFO - [2024-07-26T00:05:37.398+0000] {dagbag.py:545} INFO - Filling up the DagBag from /home/airflow/.local/lib/python3.12/site-packages/airflow/example_dags/example_latest_only.py
[2024-07-26T00:05:37.402+0000] {processor.py:840} INFO - DAG(s) 'latest_only' retrieved from /home/airflow/.local/lib/python3.12/site-packages/airflow/example_dags/example_latest_only.py
[2024-07-26T00:05:37.416+0000] {logging_mixin.py:188} INFO - [2024-07-26T00:05:37.416+0000] {dag.py:3089} INFO - Sync 1 DAGs
[2024-07-26T00:05:37.433+0000] {logging_mixin.py:188} INFO - [2024-07-26T00:05:37.433+0000] {dag.py:3947} INFO - Setting next_dagrun for latest_only to 2024-07-25 20:00:00+00:00, run_after=2024-07-26 00:00:00+00:00
[2024-07-26T00:05:37.447+0000] {processor.py:183} INFO - Processing /home/airflow/.local/lib/python3.12/site-packages/airflow/example_dags/example_latest_only.py took 0.055 seconds
[2024-07-26T00:06:08.011+0000] {processor.py:161} INFO - Started process (PID=13136) to work on /home/airflow/.local/lib/python3.12/site-packages/airflow/example_dags/example_latest_only.py
[2024-07-26T00:06:08.012+0000] {processor.py:830} INFO - Processing file /home/airflow/.local/lib/python3.12/site-packages/airflow/example_dags/example_latest_only.py for tasks to queue
[2024-07-26T00:06:08.014+0000] {logging_mixin.py:188} INFO - [2024-07-26T00:06:08.014+0000] {dagbag.py:545} INFO - Filling up the DagBag from /home/airflow/.local/lib/python3.12/site-packages/airflow/example_dags/example_latest_only.py
[2024-07-26T00:06:08.018+0000] {processor.py:840} INFO - DAG(s) 'latest_only' retrieved from /home/airflow/.local/lib/python3.12/site-packages/airflow/example_dags/example_latest_only.py
[2024-07-26T00:06:08.031+0000] {logging_mixin.py:188} INFO - [2024-07-26T00:06:08.031+0000] {dag.py:3089} INFO - Sync 1 DAGs
[2024-07-26T00:06:08.047+0000] {logging_mixin.py:188} INFO - [2024-07-26T00:06:08.047+0000] {dag.py:3947} INFO - Setting next_dagrun for latest_only to 2024-07-25 20:00:00+00:00, run_after=2024-07-26 00:00:00+00:00
[2024-07-26T00:06:08.060+0000] {processor.py:183} INFO - Processing /home/airflow/.local/lib/python3.12/site-packages/airflow/example_dags/example_latest_only.py took 0.053 seconds
[2024-07-26T00:06:38.435+0000] {processor.py:161} INFO - Started process (PID=13195) to work on /home/airflow/.local/lib/python3.12/site-packages/airflow/example_dags/example_latest_only.py
[2024-07-26T00:06:38.436+0000] {processor.py:830} INFO - Processing file /home/airflow/.local/lib/python3.12/site-packages/airflow/example_dags/example_latest_only.py for tasks to queue
[2024-07-26T00:06:38.437+0000] {logging_mixin.py:188} INFO - [2024-07-26T00:06:38.437+0000] {dagbag.py:545} INFO - Filling up the DagBag from /home/airflow/.local/lib/python3.12/site-packages/airflow/example_dags/example_latest_only.py
[2024-07-26T00:06:38.440+0000] {processor.py:840} INFO - DAG(s) 'latest_only' retrieved from /home/airflow/.local/lib/python3.12/site-packages/airflow/example_dags/example_latest_only.py
[2024-07-26T00:06:38.454+0000] {logging_mixin.py:188} INFO - [2024-07-26T00:06:38.454+0000] {dag.py:3089} INFO - Sync 1 DAGs
[2024-07-26T00:06:38.470+0000] {logging_mixin.py:188} INFO - [2024-07-26T00:06:38.469+0000] {dag.py:3947} INFO - Setting next_dagrun for latest_only to 2024-07-25 20:00:00+00:00, run_after=2024-07-26 00:00:00+00:00
[2024-07-26T00:06:38.483+0000] {processor.py:183} INFO - Processing /home/airflow/.local/lib/python3.12/site-packages/airflow/example_dags/example_latest_only.py took 0.052 seconds
[2024-07-26T00:07:08.905+0000] {processor.py:161} INFO - Started process (PID=13254) to work on /home/airflow/.local/lib/python3.12/site-packages/airflow/example_dags/example_latest_only.py
[2024-07-26T00:07:08.905+0000] {processor.py:830} INFO - Processing file /home/airflow/.local/lib/python3.12/site-packages/airflow/example_dags/example_latest_only.py for tasks to queue
[2024-07-26T00:07:08.907+0000] {logging_mixin.py:188} INFO - [2024-07-26T00:07:08.907+0000] {dagbag.py:545} INFO - Filling up the DagBag from /home/airflow/.local/lib/python3.12/site-packages/airflow/example_dags/example_latest_only.py
[2024-07-26T00:07:08.910+0000] {processor.py:840} INFO - DAG(s) 'latest_only' retrieved from /home/airflow/.local/lib/python3.12/site-packages/airflow/example_dags/example_latest_only.py
[2024-07-26T00:07:08.928+0000] {logging_mixin.py:188} INFO - [2024-07-26T00:07:08.927+0000] {dag.py:3089} INFO - Sync 1 DAGs
[2024-07-26T00:07:08.947+0000] {logging_mixin.py:188} INFO - [2024-07-26T00:07:08.946+0000] {dag.py:3947} INFO - Setting next_dagrun for latest_only to 2024-07-25 20:00:00+00:00, run_after=2024-07-26 00:00:00+00:00
[2024-07-26T00:07:08.964+0000] {processor.py:183} INFO - Processing /home/airflow/.local/lib/python3.12/site-packages/airflow/example_dags/example_latest_only.py took 0.064 seconds
[2024-07-26T00:07:39.377+0000] {processor.py:161} INFO - Started process (PID=13313) to work on /home/airflow/.local/lib/python3.12/site-packages/airflow/example_dags/example_latest_only.py
[2024-07-26T00:07:39.377+0000] {processor.py:830} INFO - Processing file /home/airflow/.local/lib/python3.12/site-packages/airflow/example_dags/example_latest_only.py for tasks to queue
[2024-07-26T00:07:39.379+0000] {logging_mixin.py:188} INFO - [2024-07-26T00:07:39.379+0000] {dagbag.py:545} INFO - Filling up the DagBag from /home/airflow/.local/lib/python3.12/site-packages/airflow/example_dags/example_latest_only.py
[2024-07-26T00:07:39.382+0000] {processor.py:840} INFO - DAG(s) 'latest_only' retrieved from /home/airflow/.local/lib/python3.12/site-packages/airflow/example_dags/example_latest_only.py
[2024-07-26T00:07:39.396+0000] {logging_mixin.py:188} INFO - [2024-07-26T00:07:39.396+0000] {dag.py:3089} INFO - Sync 1 DAGs
[2024-07-26T00:07:39.412+0000] {logging_mixin.py:188} INFO - [2024-07-26T00:07:39.412+0000] {dag.py:3947} INFO - Setting next_dagrun for latest_only to 2024-07-25 20:00:00+00:00, run_after=2024-07-26 00:00:00+00:00
[2024-07-26T00:07:39.424+0000] {processor.py:183} INFO - Processing /home/airflow/.local/lib/python3.12/site-packages/airflow/example_dags/example_latest_only.py took 0.051 seconds
[2024-07-26T00:08:09.845+0000] {processor.py:161} INFO - Started process (PID=13372) to work on /home/airflow/.local/lib/python3.12/site-packages/airflow/example_dags/example_latest_only.py
[2024-07-26T00:08:09.846+0000] {processor.py:830} INFO - Processing file /home/airflow/.local/lib/python3.12/site-packages/airflow/example_dags/example_latest_only.py for tasks to queue
[2024-07-26T00:08:09.848+0000] {logging_mixin.py:188} INFO - [2024-07-26T00:08:09.848+0000] {dagbag.py:545} INFO - Filling up the DagBag from /home/airflow/.local/lib/python3.12/site-packages/airflow/example_dags/example_latest_only.py
[2024-07-26T00:08:09.852+0000] {processor.py:840} INFO - DAG(s) 'latest_only' retrieved from /home/airflow/.local/lib/python3.12/site-packages/airflow/example_dags/example_latest_only.py
[2024-07-26T00:08:09.868+0000] {logging_mixin.py:188} INFO - [2024-07-26T00:08:09.868+0000] {dag.py:3089} INFO - Sync 1 DAGs
[2024-07-26T00:08:09.886+0000] {logging_mixin.py:188} INFO - [2024-07-26T00:08:09.886+0000] {dag.py:3947} INFO - Setting next_dagrun for latest_only to 2024-07-25 20:00:00+00:00, run_after=2024-07-26 00:00:00+00:00
[2024-07-26T00:08:09.903+0000] {processor.py:183} INFO - Processing /home/airflow/.local/lib/python3.12/site-packages/airflow/example_dags/example_latest_only.py took 0.063 seconds
[2024-07-26T00:08:40.396+0000] {processor.py:161} INFO - Started process (PID=13431) to work on /home/airflow/.local/lib/python3.12/site-packages/airflow/example_dags/example_latest_only.py
[2024-07-26T00:08:40.397+0000] {processor.py:830} INFO - Processing file /home/airflow/.local/lib/python3.12/site-packages/airflow/example_dags/example_latest_only.py for tasks to queue
[2024-07-26T00:08:40.398+0000] {logging_mixin.py:188} INFO - [2024-07-26T00:08:40.398+0000] {dagbag.py:545} INFO - Filling up the DagBag from /home/airflow/.local/lib/python3.12/site-packages/airflow/example_dags/example_latest_only.py
[2024-07-26T00:08:40.401+0000] {processor.py:840} INFO - DAG(s) 'latest_only' retrieved from /home/airflow/.local/lib/python3.12/site-packages/airflow/example_dags/example_latest_only.py
[2024-07-26T00:08:40.418+0000] {logging_mixin.py:188} INFO - [2024-07-26T00:08:40.418+0000] {dag.py:3089} INFO - Sync 1 DAGs
[2024-07-26T00:08:40.436+0000] {logging_mixin.py:188} INFO - [2024-07-26T00:08:40.436+0000] {dag.py:3947} INFO - Setting next_dagrun for latest_only to 2024-07-25 20:00:00+00:00, run_after=2024-07-26 00:00:00+00:00
[2024-07-26T00:08:40.454+0000] {processor.py:183} INFO - Processing /home/airflow/.local/lib/python3.12/site-packages/airflow/example_dags/example_latest_only.py took 0.063 seconds
[2024-07-26T00:09:10.834+0000] {processor.py:161} INFO - Started process (PID=13490) to work on /home/airflow/.local/lib/python3.12/site-packages/airflow/example_dags/example_latest_only.py
[2024-07-26T00:09:10.835+0000] {processor.py:830} INFO - Processing file /home/airflow/.local/lib/python3.12/site-packages/airflow/example_dags/example_latest_only.py for tasks to queue
[2024-07-26T00:09:10.837+0000] {logging_mixin.py:188} INFO - [2024-07-26T00:09:10.837+0000] {dagbag.py:545} INFO - Filling up the DagBag from /home/airflow/.local/lib/python3.12/site-packages/airflow/example_dags/example_latest_only.py
[2024-07-26T00:09:10.840+0000] {processor.py:840} INFO - DAG(s) 'latest_only' retrieved from /home/airflow/.local/lib/python3.12/site-packages/airflow/example_dags/example_latest_only.py
[2024-07-26T00:09:10.855+0000] {logging_mixin.py:188} INFO - [2024-07-26T00:09:10.855+0000] {dag.py:3089} INFO - Sync 1 DAGs
[2024-07-26T00:09:10.873+0000] {logging_mixin.py:188} INFO - [2024-07-26T00:09:10.873+0000] {dag.py:3947} INFO - Setting next_dagrun for latest_only to 2024-07-25 20:00:00+00:00, run_after=2024-07-26 00:00:00+00:00
[2024-07-26T00:09:10.890+0000] {processor.py:183} INFO - Processing /home/airflow/.local/lib/python3.12/site-packages/airflow/example_dags/example_latest_only.py took 0.061 seconds
[2024-07-26T00:09:41.375+0000] {processor.py:161} INFO - Started process (PID=13549) to work on /home/airflow/.local/lib/python3.12/site-packages/airflow/example_dags/example_latest_only.py
[2024-07-26T00:09:41.376+0000] {processor.py:830} INFO - Processing file /home/airflow/.local/lib/python3.12/site-packages/airflow/example_dags/example_latest_only.py for tasks to queue
[2024-07-26T00:09:41.378+0000] {logging_mixin.py:188} INFO - [2024-07-26T00:09:41.377+0000] {dagbag.py:545} INFO - Filling up the DagBag from /home/airflow/.local/lib/python3.12/site-packages/airflow/example_dags/example_latest_only.py
[2024-07-26T00:09:41.380+0000] {processor.py:840} INFO - DAG(s) 'latest_only' retrieved from /home/airflow/.local/lib/python3.12/site-packages/airflow/example_dags/example_latest_only.py
[2024-07-26T00:09:41.396+0000] {logging_mixin.py:188} INFO - [2024-07-26T00:09:41.395+0000] {dag.py:3089} INFO - Sync 1 DAGs
[2024-07-26T00:09:41.412+0000] {logging_mixin.py:188} INFO - [2024-07-26T00:09:41.412+0000] {dag.py:3947} INFO - Setting next_dagrun for latest_only to 2024-07-25 20:00:00+00:00, run_after=2024-07-26 00:00:00+00:00
[2024-07-26T00:09:41.426+0000] {processor.py:183} INFO - Processing /home/airflow/.local/lib/python3.12/site-packages/airflow/example_dags/example_latest_only.py took 0.055 seconds
[2024-07-26T00:10:11.941+0000] {processor.py:161} INFO - Started process (PID=13608) to work on /home/airflow/.local/lib/python3.12/site-packages/airflow/example_dags/example_latest_only.py
[2024-07-26T00:10:11.941+0000] {processor.py:830} INFO - Processing file /home/airflow/.local/lib/python3.12/site-packages/airflow/example_dags/example_latest_only.py for tasks to queue
[2024-07-26T00:10:11.943+0000] {logging_mixin.py:188} INFO - [2024-07-26T00:10:11.943+0000] {dagbag.py:545} INFO - Filling up the DagBag from /home/airflow/.local/lib/python3.12/site-packages/airflow/example_dags/example_latest_only.py
[2024-07-26T00:10:11.946+0000] {processor.py:840} INFO - DAG(s) 'latest_only' retrieved from /home/airflow/.local/lib/python3.12/site-packages/airflow/example_dags/example_latest_only.py
[2024-07-26T00:10:11.961+0000] {logging_mixin.py:188} INFO - [2024-07-26T00:10:11.960+0000] {dag.py:3089} INFO - Sync 1 DAGs
[2024-07-26T00:10:11.977+0000] {logging_mixin.py:188} INFO - [2024-07-26T00:10:11.976+0000] {dag.py:3947} INFO - Setting next_dagrun for latest_only to 2024-07-25 20:00:00+00:00, run_after=2024-07-26 00:00:00+00:00
[2024-07-26T00:10:11.991+0000] {processor.py:183} INFO - Processing /home/airflow/.local/lib/python3.12/site-packages/airflow/example_dags/example_latest_only.py took 0.054 seconds
[2024-07-26T00:10:42.389+0000] {processor.py:161} INFO - Started process (PID=13667) to work on /home/airflow/.local/lib/python3.12/site-packages/airflow/example_dags/example_latest_only.py
[2024-07-26T00:10:42.389+0000] {processor.py:830} INFO - Processing file /home/airflow/.local/lib/python3.12/site-packages/airflow/example_dags/example_latest_only.py for tasks to queue
[2024-07-26T00:10:42.391+0000] {logging_mixin.py:188} INFO - [2024-07-26T00:10:42.391+0000] {dagbag.py:545} INFO - Filling up the DagBag from /home/airflow/.local/lib/python3.12/site-packages/airflow/example_dags/example_latest_only.py
[2024-07-26T00:10:42.394+0000] {processor.py:840} INFO - DAG(s) 'latest_only' retrieved from /home/airflow/.local/lib/python3.12/site-packages/airflow/example_dags/example_latest_only.py
[2024-07-26T00:10:42.409+0000] {logging_mixin.py:188} INFO - [2024-07-26T00:10:42.409+0000] {dag.py:3089} INFO - Sync 1 DAGs
[2024-07-26T00:10:42.425+0000] {logging_mixin.py:188} INFO - [2024-07-26T00:10:42.425+0000] {dag.py:3947} INFO - Setting next_dagrun for latest_only to 2024-07-25 20:00:00+00:00, run_after=2024-07-26 00:00:00+00:00
[2024-07-26T00:10:42.438+0000] {processor.py:183} INFO - Processing /home/airflow/.local/lib/python3.12/site-packages/airflow/example_dags/example_latest_only.py took 0.052 seconds
[2024-07-26T00:11:12.769+0000] {processor.py:161} INFO - Started process (PID=13726) to work on /home/airflow/.local/lib/python3.12/site-packages/airflow/example_dags/example_latest_only.py
[2024-07-26T00:11:12.770+0000] {processor.py:830} INFO - Processing file /home/airflow/.local/lib/python3.12/site-packages/airflow/example_dags/example_latest_only.py for tasks to queue
[2024-07-26T00:11:12.771+0000] {logging_mixin.py:188} INFO - [2024-07-26T00:11:12.771+0000] {dagbag.py:545} INFO - Filling up the DagBag from /home/airflow/.local/lib/python3.12/site-packages/airflow/example_dags/example_latest_only.py
[2024-07-26T00:11:12.774+0000] {processor.py:840} INFO - DAG(s) 'latest_only' retrieved from /home/airflow/.local/lib/python3.12/site-packages/airflow/example_dags/example_latest_only.py
[2024-07-26T00:11:12.788+0000] {logging_mixin.py:188} INFO - [2024-07-26T00:11:12.787+0000] {dag.py:3089} INFO - Sync 1 DAGs
[2024-07-26T00:11:12.803+0000] {logging_mixin.py:188} INFO - [2024-07-26T00:11:12.803+0000] {dag.py:3947} INFO - Setting next_dagrun for latest_only to 2024-07-25 20:00:00+00:00, run_after=2024-07-26 00:00:00+00:00
[2024-07-26T00:11:12.818+0000] {processor.py:183} INFO - Processing /home/airflow/.local/lib/python3.12/site-packages/airflow/example_dags/example_latest_only.py took 0.053 seconds
[2024-07-26T00:11:43.298+0000] {processor.py:161} INFO - Started process (PID=13785) to work on /home/airflow/.local/lib/python3.12/site-packages/airflow/example_dags/example_latest_only.py
[2024-07-26T00:11:43.298+0000] {processor.py:830} INFO - Processing file /home/airflow/.local/lib/python3.12/site-packages/airflow/example_dags/example_latest_only.py for tasks to queue
[2024-07-26T00:11:43.300+0000] {logging_mixin.py:188} INFO - [2024-07-26T00:11:43.300+0000] {dagbag.py:545} INFO - Filling up the DagBag from /home/airflow/.local/lib/python3.12/site-packages/airflow/example_dags/example_latest_only.py
[2024-07-26T00:11:43.304+0000] {processor.py:840} INFO - DAG(s) 'latest_only' retrieved from /home/airflow/.local/lib/python3.12/site-packages/airflow/example_dags/example_latest_only.py
[2024-07-26T00:11:43.320+0000] {logging_mixin.py:188} INFO - [2024-07-26T00:11:43.320+0000] {dag.py:3089} INFO - Sync 1 DAGs
[2024-07-26T00:11:43.338+0000] {logging_mixin.py:188} INFO - [2024-07-26T00:11:43.338+0000] {dag.py:3947} INFO - Setting next_dagrun for latest_only to 2024-07-25 20:00:00+00:00, run_after=2024-07-26 00:00:00+00:00
[2024-07-26T00:11:43.361+0000] {processor.py:183} INFO - Processing /home/airflow/.local/lib/python3.12/site-packages/airflow/example_dags/example_latest_only.py took 0.067 seconds
[2024-07-26T00:14:37.035+0000] {processor.py:161} INFO - Started process (PID=75) to work on /home/airflow/.local/lib/python3.12/site-packages/airflow/example_dags/example_latest_only.py
[2024-07-26T00:14:37.036+0000] {processor.py:830} INFO - Processing file /home/airflow/.local/lib/python3.12/site-packages/airflow/example_dags/example_latest_only.py for tasks to queue
[2024-07-26T00:14:37.040+0000] {logging_mixin.py:188} INFO - [2024-07-26T00:14:37.040+0000] {dagbag.py:545} INFO - Filling up the DagBag from /home/airflow/.local/lib/python3.12/site-packages/airflow/example_dags/example_latest_only.py
[2024-07-26T00:14:37.054+0000] {processor.py:840} INFO - DAG(s) 'latest_only' retrieved from /home/airflow/.local/lib/python3.12/site-packages/airflow/example_dags/example_latest_only.py
[2024-07-26T00:14:37.073+0000] {logging_mixin.py:188} INFO - [2024-07-26T00:14:37.072+0000] {dag.py:3089} INFO - Sync 1 DAGs
[2024-07-26T00:14:37.093+0000] {logging_mixin.py:188} INFO - [2024-07-26T00:14:37.092+0000] {dag.py:3947} INFO - Setting next_dagrun for latest_only to 2024-07-25 20:00:00+00:00, run_after=2024-07-26 00:00:00+00:00
[2024-07-26T00:14:37.112+0000] {processor.py:183} INFO - Processing /home/airflow/.local/lib/python3.12/site-packages/airflow/example_dags/example_latest_only.py took 0.084 seconds
[2024-07-26T00:15:08.640+0000] {processor.py:161} INFO - Started process (PID=134) to work on /home/airflow/.local/lib/python3.12/site-packages/airflow/example_dags/example_latest_only.py
[2024-07-26T00:15:08.640+0000] {processor.py:830} INFO - Processing file /home/airflow/.local/lib/python3.12/site-packages/airflow/example_dags/example_latest_only.py for tasks to queue
[2024-07-26T00:15:08.642+0000] {logging_mixin.py:188} INFO - [2024-07-26T00:15:08.642+0000] {dagbag.py:545} INFO - Filling up the DagBag from /home/airflow/.local/lib/python3.12/site-packages/airflow/example_dags/example_latest_only.py
[2024-07-26T00:15:08.645+0000] {processor.py:840} INFO - DAG(s) 'latest_only' retrieved from /home/airflow/.local/lib/python3.12/site-packages/airflow/example_dags/example_latest_only.py
[2024-07-26T00:15:08.726+0000] {logging_mixin.py:188} INFO - [2024-07-26T00:15:08.726+0000] {dag.py:3089} INFO - Sync 1 DAGs
[2024-07-26T00:15:08.741+0000] {logging_mixin.py:188} INFO - [2024-07-26T00:15:08.741+0000] {dag.py:3947} INFO - Setting next_dagrun for latest_only to 2024-07-25 20:00:00+00:00, run_after=2024-07-26 00:00:00+00:00
[2024-07-26T00:15:08.758+0000] {processor.py:183} INFO - Processing /home/airflow/.local/lib/python3.12/site-packages/airflow/example_dags/example_latest_only.py took 0.123 seconds
[2024-07-26T00:15:38.945+0000] {processor.py:161} INFO - Started process (PID=193) to work on /home/airflow/.local/lib/python3.12/site-packages/airflow/example_dags/example_latest_only.py
[2024-07-26T00:15:38.947+0000] {processor.py:830} INFO - Processing file /home/airflow/.local/lib/python3.12/site-packages/airflow/example_dags/example_latest_only.py for tasks to queue
[2024-07-26T00:15:38.948+0000] {logging_mixin.py:188} INFO - [2024-07-26T00:15:38.948+0000] {dagbag.py:545} INFO - Filling up the DagBag from /home/airflow/.local/lib/python3.12/site-packages/airflow/example_dags/example_latest_only.py
[2024-07-26T00:15:38.952+0000] {processor.py:840} INFO - DAG(s) 'latest_only' retrieved from /home/airflow/.local/lib/python3.12/site-packages/airflow/example_dags/example_latest_only.py
[2024-07-26T00:15:38.969+0000] {logging_mixin.py:188} INFO - [2024-07-26T00:15:38.968+0000] {dag.py:3089} INFO - Sync 1 DAGs
[2024-07-26T00:15:38.987+0000] {logging_mixin.py:188} INFO - [2024-07-26T00:15:38.987+0000] {dag.py:3947} INFO - Setting next_dagrun for latest_only to 2024-07-25 20:00:00+00:00, run_after=2024-07-26 00:00:00+00:00
[2024-07-26T00:15:39.005+0000] {processor.py:183} INFO - Processing /home/airflow/.local/lib/python3.12/site-packages/airflow/example_dags/example_latest_only.py took 0.064 seconds
[2024-07-26T00:16:09.085+0000] {processor.py:161} INFO - Started process (PID=252) to work on /home/airflow/.local/lib/python3.12/site-packages/airflow/example_dags/example_latest_only.py
[2024-07-26T00:16:09.086+0000] {processor.py:830} INFO - Processing file /home/airflow/.local/lib/python3.12/site-packages/airflow/example_dags/example_latest_only.py for tasks to queue
[2024-07-26T00:16:09.088+0000] {logging_mixin.py:188} INFO - [2024-07-26T00:16:09.087+0000] {dagbag.py:545} INFO - Filling up the DagBag from /home/airflow/.local/lib/python3.12/site-packages/airflow/example_dags/example_latest_only.py
[2024-07-26T00:16:09.091+0000] {processor.py:840} INFO - DAG(s) 'latest_only' retrieved from /home/airflow/.local/lib/python3.12/site-packages/airflow/example_dags/example_latest_only.py
[2024-07-26T00:16:09.107+0000] {logging_mixin.py:188} INFO - [2024-07-26T00:16:09.107+0000] {dag.py:3089} INFO - Sync 1 DAGs
[2024-07-26T00:16:09.123+0000] {logging_mixin.py:188} INFO - [2024-07-26T00:16:09.122+0000] {dag.py:3947} INFO - Setting next_dagrun for latest_only to 2024-07-25 20:00:00+00:00, run_after=2024-07-26 00:00:00+00:00
[2024-07-26T00:16:09.139+0000] {processor.py:183} INFO - Processing /home/airflow/.local/lib/python3.12/site-packages/airflow/example_dags/example_latest_only.py took 0.058 seconds
[2024-07-26T00:16:39.658+0000] {processor.py:161} INFO - Started process (PID=311) to work on /home/airflow/.local/lib/python3.12/site-packages/airflow/example_dags/example_latest_only.py
[2024-07-26T00:16:39.658+0000] {processor.py:830} INFO - Processing file /home/airflow/.local/lib/python3.12/site-packages/airflow/example_dags/example_latest_only.py for tasks to queue
[2024-07-26T00:16:39.660+0000] {logging_mixin.py:188} INFO - [2024-07-26T00:16:39.660+0000] {dagbag.py:545} INFO - Filling up the DagBag from /home/airflow/.local/lib/python3.12/site-packages/airflow/example_dags/example_latest_only.py
[2024-07-26T00:16:39.664+0000] {processor.py:840} INFO - DAG(s) 'latest_only' retrieved from /home/airflow/.local/lib/python3.12/site-packages/airflow/example_dags/example_latest_only.py
[2024-07-26T00:16:39.679+0000] {logging_mixin.py:188} INFO - [2024-07-26T00:16:39.679+0000] {dag.py:3089} INFO - Sync 1 DAGs
[2024-07-26T00:16:39.694+0000] {logging_mixin.py:188} INFO - [2024-07-26T00:16:39.694+0000] {dag.py:3947} INFO - Setting next_dagrun for latest_only to 2024-07-25 20:00:00+00:00, run_after=2024-07-26 00:00:00+00:00
[2024-07-26T00:16:39.709+0000] {processor.py:183} INFO - Processing /home/airflow/.local/lib/python3.12/site-packages/airflow/example_dags/example_latest_only.py took 0.055 seconds
[2024-07-26T00:17:10.212+0000] {processor.py:161} INFO - Started process (PID=370) to work on /home/airflow/.local/lib/python3.12/site-packages/airflow/example_dags/example_latest_only.py
[2024-07-26T00:17:10.213+0000] {processor.py:830} INFO - Processing file /home/airflow/.local/lib/python3.12/site-packages/airflow/example_dags/example_latest_only.py for tasks to queue
[2024-07-26T00:17:10.214+0000] {logging_mixin.py:188} INFO - [2024-07-26T00:17:10.214+0000] {dagbag.py:545} INFO - Filling up the DagBag from /home/airflow/.local/lib/python3.12/site-packages/airflow/example_dags/example_latest_only.py
[2024-07-26T00:17:10.218+0000] {processor.py:840} INFO - DAG(s) 'latest_only' retrieved from /home/airflow/.local/lib/python3.12/site-packages/airflow/example_dags/example_latest_only.py
[2024-07-26T00:17:10.233+0000] {logging_mixin.py:188} INFO - [2024-07-26T00:17:10.233+0000] {dag.py:3089} INFO - Sync 1 DAGs
[2024-07-26T00:17:10.252+0000] {logging_mixin.py:188} INFO - [2024-07-26T00:17:10.252+0000] {dag.py:3947} INFO - Setting next_dagrun for latest_only to 2024-07-25 20:00:00+00:00, run_after=2024-07-26 00:00:00+00:00
[2024-07-26T00:17:10.272+0000] {processor.py:183} INFO - Processing /home/airflow/.local/lib/python3.12/site-packages/airflow/example_dags/example_latest_only.py took 0.064 seconds
[2024-07-26T00:17:40.702+0000] {processor.py:161} INFO - Started process (PID=430) to work on /home/airflow/.local/lib/python3.12/site-packages/airflow/example_dags/example_latest_only.py
[2024-07-26T00:17:40.702+0000] {processor.py:830} INFO - Processing file /home/airflow/.local/lib/python3.12/site-packages/airflow/example_dags/example_latest_only.py for tasks to queue
[2024-07-26T00:17:40.704+0000] {logging_mixin.py:188} INFO - [2024-07-26T00:17:40.703+0000] {dagbag.py:545} INFO - Filling up the DagBag from /home/airflow/.local/lib/python3.12/site-packages/airflow/example_dags/example_latest_only.py
[2024-07-26T00:17:40.707+0000] {processor.py:840} INFO - DAG(s) 'latest_only' retrieved from /home/airflow/.local/lib/python3.12/site-packages/airflow/example_dags/example_latest_only.py
[2024-07-26T00:17:40.723+0000] {logging_mixin.py:188} INFO - [2024-07-26T00:17:40.722+0000] {dag.py:3089} INFO - Sync 1 DAGs
[2024-07-26T00:17:40.740+0000] {logging_mixin.py:188} INFO - [2024-07-26T00:17:40.740+0000] {dag.py:3947} INFO - Setting next_dagrun for latest_only to 2024-07-25 20:00:00+00:00, run_after=2024-07-26 00:00:00+00:00
[2024-07-26T00:17:40.754+0000] {processor.py:183} INFO - Processing /home/airflow/.local/lib/python3.12/site-packages/airflow/example_dags/example_latest_only.py took 0.056 seconds
[2024-07-26T00:18:11.156+0000] {processor.py:161} INFO - Started process (PID=489) to work on /home/airflow/.local/lib/python3.12/site-packages/airflow/example_dags/example_latest_only.py
[2024-07-26T00:18:11.157+0000] {processor.py:830} INFO - Processing file /home/airflow/.local/lib/python3.12/site-packages/airflow/example_dags/example_latest_only.py for tasks to queue
[2024-07-26T00:18:11.159+0000] {logging_mixin.py:188} INFO - [2024-07-26T00:18:11.158+0000] {dagbag.py:545} INFO - Filling up the DagBag from /home/airflow/.local/lib/python3.12/site-packages/airflow/example_dags/example_latest_only.py
[2024-07-26T00:18:11.162+0000] {processor.py:840} INFO - DAG(s) 'latest_only' retrieved from /home/airflow/.local/lib/python3.12/site-packages/airflow/example_dags/example_latest_only.py
[2024-07-26T00:18:11.179+0000] {logging_mixin.py:188} INFO - [2024-07-26T00:18:11.179+0000] {dag.py:3089} INFO - Sync 1 DAGs
[2024-07-26T00:18:11.197+0000] {logging_mixin.py:188} INFO - [2024-07-26T00:18:11.197+0000] {dag.py:3947} INFO - Setting next_dagrun for latest_only to 2024-07-25 20:00:00+00:00, run_after=2024-07-26 00:00:00+00:00
[2024-07-26T00:18:11.214+0000] {processor.py:183} INFO - Processing /home/airflow/.local/lib/python3.12/site-packages/airflow/example_dags/example_latest_only.py took 0.062 seconds
