[2024-07-26T00:00:29.680+0000] {processor.py:161} INFO - Started process (PID=12458) to work on /home/airflow/.local/lib/python3.12/site-packages/airflow/example_dags/example_xcom.py
[2024-07-26T00:00:29.681+0000] {processor.py:830} INFO - Processing file /home/airflow/.local/lib/python3.12/site-packages/airflow/example_dags/example_xcom.py for tasks to queue
[2024-07-26T00:00:29.683+0000] {logging_mixin.py:188} INFO - [2024-07-26T00:00:29.683+0000] {dagbag.py:545} INFO - Filling up the DagBag from /home/airflow/.local/lib/python3.12/site-packages/airflow/example_dags/example_xcom.py
[2024-07-26T00:00:29.689+0000] {processor.py:840} INFO - DAG(s) 'example_xcom' retrieved from /home/airflow/.local/lib/python3.12/site-packages/airflow/example_dags/example_xcom.py
[2024-07-26T00:00:29.707+0000] {logging_mixin.py:188} INFO - [2024-07-26T00:00:29.707+0000] {dag.py:3089} INFO - Sync 1 DAGs
[2024-07-26T00:00:29.726+0000] {logging_mixin.py:188} INFO - [2024-07-26T00:00:29.726+0000] {dag.py:3947} INFO - Setting next_dagrun for example_xcom to 2021-01-01 00:00:00+00:00, run_after=2021-01-01 00:00:00+00:00
[2024-07-26T00:00:29.745+0000] {processor.py:183} INFO - Processing /home/airflow/.local/lib/python3.12/site-packages/airflow/example_dags/example_xcom.py took 0.069 seconds
[2024-07-26T00:01:00.130+0000] {processor.py:161} INFO - Started process (PID=12517) to work on /home/airflow/.local/lib/python3.12/site-packages/airflow/example_dags/example_xcom.py
[2024-07-26T00:01:00.131+0000] {processor.py:830} INFO - Processing file /home/airflow/.local/lib/python3.12/site-packages/airflow/example_dags/example_xcom.py for tasks to queue
[2024-07-26T00:01:00.132+0000] {logging_mixin.py:188} INFO - [2024-07-26T00:01:00.132+0000] {dagbag.py:545} INFO - Filling up the DagBag from /home/airflow/.local/lib/python3.12/site-packages/airflow/example_dags/example_xcom.py
[2024-07-26T00:01:00.137+0000] {processor.py:840} INFO - DAG(s) 'example_xcom' retrieved from /home/airflow/.local/lib/python3.12/site-packages/airflow/example_dags/example_xcom.py
[2024-07-26T00:01:00.152+0000] {logging_mixin.py:188} INFO - [2024-07-26T00:01:00.152+0000] {dag.py:3089} INFO - Sync 1 DAGs
[2024-07-26T00:01:00.168+0000] {logging_mixin.py:188} INFO - [2024-07-26T00:01:00.168+0000] {dag.py:3947} INFO - Setting next_dagrun for example_xcom to 2021-01-01 00:00:00+00:00, run_after=2021-01-01 00:00:00+00:00
[2024-07-26T00:01:00.183+0000] {processor.py:183} INFO - Processing /home/airflow/.local/lib/python3.12/site-packages/airflow/example_dags/example_xcom.py took 0.057 seconds
[2024-07-26T00:01:30.448+0000] {processor.py:161} INFO - Started process (PID=12576) to work on /home/airflow/.local/lib/python3.12/site-packages/airflow/example_dags/example_xcom.py
[2024-07-26T00:01:30.449+0000] {processor.py:830} INFO - Processing file /home/airflow/.local/lib/python3.12/site-packages/airflow/example_dags/example_xcom.py for tasks to queue
[2024-07-26T00:01:30.451+0000] {logging_mixin.py:188} INFO - [2024-07-26T00:01:30.450+0000] {dagbag.py:545} INFO - Filling up the DagBag from /home/airflow/.local/lib/python3.12/site-packages/airflow/example_dags/example_xcom.py
[2024-07-26T00:01:30.456+0000] {processor.py:840} INFO - DAG(s) 'example_xcom' retrieved from /home/airflow/.local/lib/python3.12/site-packages/airflow/example_dags/example_xcom.py
[2024-07-26T00:01:30.472+0000] {logging_mixin.py:188} INFO - [2024-07-26T00:01:30.472+0000] {dag.py:3089} INFO - Sync 1 DAGs
[2024-07-26T00:01:30.488+0000] {logging_mixin.py:188} INFO - [2024-07-26T00:01:30.488+0000] {dag.py:3947} INFO - Setting next_dagrun for example_xcom to 2021-01-01 00:00:00+00:00, run_after=2021-01-01 00:00:00+00:00
[2024-07-26T00:01:30.502+0000] {processor.py:183} INFO - Processing /home/airflow/.local/lib/python3.12/site-packages/airflow/example_dags/example_xcom.py took 0.058 seconds
[2024-07-26T00:02:00.896+0000] {processor.py:161} INFO - Started process (PID=12635) to work on /home/airflow/.local/lib/python3.12/site-packages/airflow/example_dags/example_xcom.py
[2024-07-26T00:02:00.897+0000] {processor.py:830} INFO - Processing file /home/airflow/.local/lib/python3.12/site-packages/airflow/example_dags/example_xcom.py for tasks to queue
[2024-07-26T00:02:00.898+0000] {logging_mixin.py:188} INFO - [2024-07-26T00:02:00.898+0000] {dagbag.py:545} INFO - Filling up the DagBag from /home/airflow/.local/lib/python3.12/site-packages/airflow/example_dags/example_xcom.py
[2024-07-26T00:02:00.903+0000] {processor.py:840} INFO - DAG(s) 'example_xcom' retrieved from /home/airflow/.local/lib/python3.12/site-packages/airflow/example_dags/example_xcom.py
[2024-07-26T00:02:00.920+0000] {logging_mixin.py:188} INFO - [2024-07-26T00:02:00.919+0000] {dag.py:3089} INFO - Sync 1 DAGs
[2024-07-26T00:02:00.937+0000] {logging_mixin.py:188} INFO - [2024-07-26T00:02:00.937+0000] {dag.py:3947} INFO - Setting next_dagrun for example_xcom to 2021-01-01 00:00:00+00:00, run_after=2021-01-01 00:00:00+00:00
[2024-07-26T00:02:00.953+0000] {processor.py:183} INFO - Processing /home/airflow/.local/lib/python3.12/site-packages/airflow/example_dags/example_xcom.py took 0.061 seconds
[2024-07-26T00:02:31.359+0000] {processor.py:161} INFO - Started process (PID=12694) to work on /home/airflow/.local/lib/python3.12/site-packages/airflow/example_dags/example_xcom.py
[2024-07-26T00:02:31.360+0000] {processor.py:830} INFO - Processing file /home/airflow/.local/lib/python3.12/site-packages/airflow/example_dags/example_xcom.py for tasks to queue
[2024-07-26T00:02:31.362+0000] {logging_mixin.py:188} INFO - [2024-07-26T00:02:31.361+0000] {dagbag.py:545} INFO - Filling up the DagBag from /home/airflow/.local/lib/python3.12/site-packages/airflow/example_dags/example_xcom.py
[2024-07-26T00:02:31.367+0000] {processor.py:840} INFO - DAG(s) 'example_xcom' retrieved from /home/airflow/.local/lib/python3.12/site-packages/airflow/example_dags/example_xcom.py
[2024-07-26T00:02:31.382+0000] {logging_mixin.py:188} INFO - [2024-07-26T00:02:31.381+0000] {dag.py:3089} INFO - Sync 1 DAGs
[2024-07-26T00:02:31.399+0000] {logging_mixin.py:188} INFO - [2024-07-26T00:02:31.398+0000] {dag.py:3947} INFO - Setting next_dagrun for example_xcom to 2021-01-01 00:00:00+00:00, run_after=2021-01-01 00:00:00+00:00
[2024-07-26T00:02:31.415+0000] {processor.py:183} INFO - Processing /home/airflow/.local/lib/python3.12/site-packages/airflow/example_dags/example_xcom.py took 0.060 seconds
[2024-07-26T00:03:01.797+0000] {processor.py:161} INFO - Started process (PID=12753) to work on /home/airflow/.local/lib/python3.12/site-packages/airflow/example_dags/example_xcom.py
[2024-07-26T00:03:01.798+0000] {processor.py:830} INFO - Processing file /home/airflow/.local/lib/python3.12/site-packages/airflow/example_dags/example_xcom.py for tasks to queue
[2024-07-26T00:03:01.799+0000] {logging_mixin.py:188} INFO - [2024-07-26T00:03:01.799+0000] {dagbag.py:545} INFO - Filling up the DagBag from /home/airflow/.local/lib/python3.12/site-packages/airflow/example_dags/example_xcom.py
[2024-07-26T00:03:01.805+0000] {processor.py:840} INFO - DAG(s) 'example_xcom' retrieved from /home/airflow/.local/lib/python3.12/site-packages/airflow/example_dags/example_xcom.py
[2024-07-26T00:03:01.823+0000] {logging_mixin.py:188} INFO - [2024-07-26T00:03:01.822+0000] {dag.py:3089} INFO - Sync 1 DAGs
[2024-07-26T00:03:01.839+0000] {logging_mixin.py:188} INFO - [2024-07-26T00:03:01.838+0000] {dag.py:3947} INFO - Setting next_dagrun for example_xcom to 2021-01-01 00:00:00+00:00, run_after=2021-01-01 00:00:00+00:00
[2024-07-26T00:03:01.854+0000] {processor.py:183} INFO - Processing /home/airflow/.local/lib/python3.12/site-packages/airflow/example_dags/example_xcom.py took 0.061 seconds
[2024-07-26T00:03:32.335+0000] {processor.py:161} INFO - Started process (PID=12812) to work on /home/airflow/.local/lib/python3.12/site-packages/airflow/example_dags/example_xcom.py
[2024-07-26T00:03:32.336+0000] {processor.py:830} INFO - Processing file /home/airflow/.local/lib/python3.12/site-packages/airflow/example_dags/example_xcom.py for tasks to queue
[2024-07-26T00:03:32.338+0000] {logging_mixin.py:188} INFO - [2024-07-26T00:03:32.338+0000] {dagbag.py:545} INFO - Filling up the DagBag from /home/airflow/.local/lib/python3.12/site-packages/airflow/example_dags/example_xcom.py
[2024-07-26T00:03:32.343+0000] {processor.py:840} INFO - DAG(s) 'example_xcom' retrieved from /home/airflow/.local/lib/python3.12/site-packages/airflow/example_dags/example_xcom.py
[2024-07-26T00:03:32.360+0000] {logging_mixin.py:188} INFO - [2024-07-26T00:03:32.360+0000] {dag.py:3089} INFO - Sync 1 DAGs
[2024-07-26T00:03:32.375+0000] {logging_mixin.py:188} INFO - [2024-07-26T00:03:32.375+0000] {dag.py:3947} INFO - Setting next_dagrun for example_xcom to 2021-01-01 00:00:00+00:00, run_after=2021-01-01 00:00:00+00:00
[2024-07-26T00:03:32.389+0000] {processor.py:183} INFO - Processing /home/airflow/.local/lib/python3.12/site-packages/airflow/example_dags/example_xcom.py took 0.058 seconds
[2024-07-26T00:04:02.722+0000] {processor.py:161} INFO - Started process (PID=12871) to work on /home/airflow/.local/lib/python3.12/site-packages/airflow/example_dags/example_xcom.py
[2024-07-26T00:04:02.723+0000] {processor.py:830} INFO - Processing file /home/airflow/.local/lib/python3.12/site-packages/airflow/example_dags/example_xcom.py for tasks to queue
[2024-07-26T00:04:02.725+0000] {logging_mixin.py:188} INFO - [2024-07-26T00:04:02.724+0000] {dagbag.py:545} INFO - Filling up the DagBag from /home/airflow/.local/lib/python3.12/site-packages/airflow/example_dags/example_xcom.py
[2024-07-26T00:04:02.731+0000] {processor.py:840} INFO - DAG(s) 'example_xcom' retrieved from /home/airflow/.local/lib/python3.12/site-packages/airflow/example_dags/example_xcom.py
[2024-07-26T00:04:02.749+0000] {logging_mixin.py:188} INFO - [2024-07-26T00:04:02.749+0000] {dag.py:3089} INFO - Sync 1 DAGs
[2024-07-26T00:04:02.767+0000] {logging_mixin.py:188} INFO - [2024-07-26T00:04:02.767+0000] {dag.py:3947} INFO - Setting next_dagrun for example_xcom to 2021-01-01 00:00:00+00:00, run_after=2021-01-01 00:00:00+00:00
[2024-07-26T00:04:02.780+0000] {processor.py:183} INFO - Processing /home/airflow/.local/lib/python3.12/site-packages/airflow/example_dags/example_xcom.py took 0.063 seconds
[2024-07-26T00:04:33.206+0000] {processor.py:161} INFO - Started process (PID=12930) to work on /home/airflow/.local/lib/python3.12/site-packages/airflow/example_dags/example_xcom.py
[2024-07-26T00:04:33.207+0000] {processor.py:830} INFO - Processing file /home/airflow/.local/lib/python3.12/site-packages/airflow/example_dags/example_xcom.py for tasks to queue
[2024-07-26T00:04:33.209+0000] {logging_mixin.py:188} INFO - [2024-07-26T00:04:33.209+0000] {dagbag.py:545} INFO - Filling up the DagBag from /home/airflow/.local/lib/python3.12/site-packages/airflow/example_dags/example_xcom.py
[2024-07-26T00:04:33.215+0000] {processor.py:840} INFO - DAG(s) 'example_xcom' retrieved from /home/airflow/.local/lib/python3.12/site-packages/airflow/example_dags/example_xcom.py
[2024-07-26T00:04:33.232+0000] {logging_mixin.py:188} INFO - [2024-07-26T00:04:33.232+0000] {dag.py:3089} INFO - Sync 1 DAGs
[2024-07-26T00:04:33.249+0000] {logging_mixin.py:188} INFO - [2024-07-26T00:04:33.249+0000] {dag.py:3947} INFO - Setting next_dagrun for example_xcom to 2021-01-01 00:00:00+00:00, run_after=2021-01-01 00:00:00+00:00
[2024-07-26T00:04:33.265+0000] {processor.py:183} INFO - Processing /home/airflow/.local/lib/python3.12/site-packages/airflow/example_dags/example_xcom.py took 0.063 seconds
[2024-07-26T00:05:03.631+0000] {processor.py:161} INFO - Started process (PID=12989) to work on /home/airflow/.local/lib/python3.12/site-packages/airflow/example_dags/example_xcom.py
[2024-07-26T00:05:03.632+0000] {processor.py:830} INFO - Processing file /home/airflow/.local/lib/python3.12/site-packages/airflow/example_dags/example_xcom.py for tasks to queue
[2024-07-26T00:05:03.634+0000] {logging_mixin.py:188} INFO - [2024-07-26T00:05:03.633+0000] {dagbag.py:545} INFO - Filling up the DagBag from /home/airflow/.local/lib/python3.12/site-packages/airflow/example_dags/example_xcom.py
[2024-07-26T00:05:03.640+0000] {processor.py:840} INFO - DAG(s) 'example_xcom' retrieved from /home/airflow/.local/lib/python3.12/site-packages/airflow/example_dags/example_xcom.py
[2024-07-26T00:05:03.657+0000] {logging_mixin.py:188} INFO - [2024-07-26T00:05:03.657+0000] {dag.py:3089} INFO - Sync 1 DAGs
[2024-07-26T00:05:03.673+0000] {logging_mixin.py:188} INFO - [2024-07-26T00:05:03.673+0000] {dag.py:3947} INFO - Setting next_dagrun for example_xcom to 2021-01-01 00:00:00+00:00, run_after=2021-01-01 00:00:00+00:00
[2024-07-26T00:05:03.687+0000] {processor.py:183} INFO - Processing /home/airflow/.local/lib/python3.12/site-packages/airflow/example_dags/example_xcom.py took 0.061 seconds
[2024-07-26T00:05:34.114+0000] {processor.py:161} INFO - Started process (PID=13048) to work on /home/airflow/.local/lib/python3.12/site-packages/airflow/example_dags/example_xcom.py
[2024-07-26T00:05:34.115+0000] {processor.py:830} INFO - Processing file /home/airflow/.local/lib/python3.12/site-packages/airflow/example_dags/example_xcom.py for tasks to queue
[2024-07-26T00:05:34.116+0000] {logging_mixin.py:188} INFO - [2024-07-26T00:05:34.116+0000] {dagbag.py:545} INFO - Filling up the DagBag from /home/airflow/.local/lib/python3.12/site-packages/airflow/example_dags/example_xcom.py
[2024-07-26T00:05:34.121+0000] {processor.py:840} INFO - DAG(s) 'example_xcom' retrieved from /home/airflow/.local/lib/python3.12/site-packages/airflow/example_dags/example_xcom.py
[2024-07-26T00:05:34.138+0000] {logging_mixin.py:188} INFO - [2024-07-26T00:05:34.138+0000] {dag.py:3089} INFO - Sync 1 DAGs
[2024-07-26T00:05:34.152+0000] {logging_mixin.py:188} INFO - [2024-07-26T00:05:34.152+0000] {dag.py:3947} INFO - Setting next_dagrun for example_xcom to 2021-01-01 00:00:00+00:00, run_after=2021-01-01 00:00:00+00:00
[2024-07-26T00:05:34.166+0000] {processor.py:183} INFO - Processing /home/airflow/.local/lib/python3.12/site-packages/airflow/example_dags/example_xcom.py took 0.056 seconds
[2024-07-26T00:06:04.639+0000] {processor.py:161} INFO - Started process (PID=13107) to work on /home/airflow/.local/lib/python3.12/site-packages/airflow/example_dags/example_xcom.py
[2024-07-26T00:06:04.640+0000] {processor.py:830} INFO - Processing file /home/airflow/.local/lib/python3.12/site-packages/airflow/example_dags/example_xcom.py for tasks to queue
[2024-07-26T00:06:04.642+0000] {logging_mixin.py:188} INFO - [2024-07-26T00:06:04.641+0000] {dagbag.py:545} INFO - Filling up the DagBag from /home/airflow/.local/lib/python3.12/site-packages/airflow/example_dags/example_xcom.py
[2024-07-26T00:06:04.647+0000] {processor.py:840} INFO - DAG(s) 'example_xcom' retrieved from /home/airflow/.local/lib/python3.12/site-packages/airflow/example_dags/example_xcom.py
[2024-07-26T00:06:04.664+0000] {logging_mixin.py:188} INFO - [2024-07-26T00:06:04.664+0000] {dag.py:3089} INFO - Sync 1 DAGs
[2024-07-26T00:06:04.678+0000] {logging_mixin.py:188} INFO - [2024-07-26T00:06:04.678+0000] {dag.py:3947} INFO - Setting next_dagrun for example_xcom to 2021-01-01 00:00:00+00:00, run_after=2021-01-01 00:00:00+00:00
[2024-07-26T00:06:04.691+0000] {processor.py:183} INFO - Processing /home/airflow/.local/lib/python3.12/site-packages/airflow/example_dags/example_xcom.py took 0.056 seconds
[2024-07-26T00:06:35.178+0000] {processor.py:161} INFO - Started process (PID=13166) to work on /home/airflow/.local/lib/python3.12/site-packages/airflow/example_dags/example_xcom.py
[2024-07-26T00:06:35.178+0000] {processor.py:830} INFO - Processing file /home/airflow/.local/lib/python3.12/site-packages/airflow/example_dags/example_xcom.py for tasks to queue
[2024-07-26T00:06:35.180+0000] {logging_mixin.py:188} INFO - [2024-07-26T00:06:35.180+0000] {dagbag.py:545} INFO - Filling up the DagBag from /home/airflow/.local/lib/python3.12/site-packages/airflow/example_dags/example_xcom.py
[2024-07-26T00:06:35.185+0000] {processor.py:840} INFO - DAG(s) 'example_xcom' retrieved from /home/airflow/.local/lib/python3.12/site-packages/airflow/example_dags/example_xcom.py
[2024-07-26T00:06:35.200+0000] {logging_mixin.py:188} INFO - [2024-07-26T00:06:35.200+0000] {dag.py:3089} INFO - Sync 1 DAGs
[2024-07-26T00:06:35.217+0000] {logging_mixin.py:188} INFO - [2024-07-26T00:06:35.217+0000] {dag.py:3947} INFO - Setting next_dagrun for example_xcom to 2021-01-01 00:00:00+00:00, run_after=2021-01-01 00:00:00+00:00
[2024-07-26T00:06:35.231+0000] {processor.py:183} INFO - Processing /home/airflow/.local/lib/python3.12/site-packages/airflow/example_dags/example_xcom.py took 0.058 seconds
[2024-07-26T00:07:05.634+0000] {processor.py:161} INFO - Started process (PID=13225) to work on /home/airflow/.local/lib/python3.12/site-packages/airflow/example_dags/example_xcom.py
[2024-07-26T00:07:05.635+0000] {processor.py:830} INFO - Processing file /home/airflow/.local/lib/python3.12/site-packages/airflow/example_dags/example_xcom.py for tasks to queue
[2024-07-26T00:07:05.636+0000] {logging_mixin.py:188} INFO - [2024-07-26T00:07:05.636+0000] {dagbag.py:545} INFO - Filling up the DagBag from /home/airflow/.local/lib/python3.12/site-packages/airflow/example_dags/example_xcom.py
[2024-07-26T00:07:05.642+0000] {processor.py:840} INFO - DAG(s) 'example_xcom' retrieved from /home/airflow/.local/lib/python3.12/site-packages/airflow/example_dags/example_xcom.py
[2024-07-26T00:07:05.659+0000] {logging_mixin.py:188} INFO - [2024-07-26T00:07:05.659+0000] {dag.py:3089} INFO - Sync 1 DAGs
[2024-07-26T00:07:05.676+0000] {logging_mixin.py:188} INFO - [2024-07-26T00:07:05.676+0000] {dag.py:3947} INFO - Setting next_dagrun for example_xcom to 2021-01-01 00:00:00+00:00, run_after=2021-01-01 00:00:00+00:00
[2024-07-26T00:07:05.694+0000] {processor.py:183} INFO - Processing /home/airflow/.local/lib/python3.12/site-packages/airflow/example_dags/example_xcom.py took 0.064 seconds
[2024-07-26T00:07:36.064+0000] {processor.py:161} INFO - Started process (PID=13284) to work on /home/airflow/.local/lib/python3.12/site-packages/airflow/example_dags/example_xcom.py
[2024-07-26T00:07:36.065+0000] {processor.py:830} INFO - Processing file /home/airflow/.local/lib/python3.12/site-packages/airflow/example_dags/example_xcom.py for tasks to queue
[2024-07-26T00:07:36.066+0000] {logging_mixin.py:188} INFO - [2024-07-26T00:07:36.066+0000] {dagbag.py:545} INFO - Filling up the DagBag from /home/airflow/.local/lib/python3.12/site-packages/airflow/example_dags/example_xcom.py
[2024-07-26T00:07:36.072+0000] {processor.py:840} INFO - DAG(s) 'example_xcom' retrieved from /home/airflow/.local/lib/python3.12/site-packages/airflow/example_dags/example_xcom.py
[2024-07-26T00:07:36.091+0000] {logging_mixin.py:188} INFO - [2024-07-26T00:07:36.090+0000] {dag.py:3089} INFO - Sync 1 DAGs
[2024-07-26T00:07:36.108+0000] {logging_mixin.py:188} INFO - [2024-07-26T00:07:36.108+0000] {dag.py:3947} INFO - Setting next_dagrun for example_xcom to 2021-01-01 00:00:00+00:00, run_after=2021-01-01 00:00:00+00:00
[2024-07-26T00:07:36.125+0000] {processor.py:183} INFO - Processing /home/airflow/.local/lib/python3.12/site-packages/airflow/example_dags/example_xcom.py took 0.066 seconds
[2024-07-26T00:08:06.623+0000] {processor.py:161} INFO - Started process (PID=13343) to work on /home/airflow/.local/lib/python3.12/site-packages/airflow/example_dags/example_xcom.py
[2024-07-26T00:08:06.624+0000] {processor.py:830} INFO - Processing file /home/airflow/.local/lib/python3.12/site-packages/airflow/example_dags/example_xcom.py for tasks to queue
[2024-07-26T00:08:06.625+0000] {logging_mixin.py:188} INFO - [2024-07-26T00:08:06.625+0000] {dagbag.py:545} INFO - Filling up the DagBag from /home/airflow/.local/lib/python3.12/site-packages/airflow/example_dags/example_xcom.py
[2024-07-26T00:08:06.631+0000] {processor.py:840} INFO - DAG(s) 'example_xcom' retrieved from /home/airflow/.local/lib/python3.12/site-packages/airflow/example_dags/example_xcom.py
[2024-07-26T00:08:06.647+0000] {logging_mixin.py:188} INFO - [2024-07-26T00:08:06.647+0000] {dag.py:3089} INFO - Sync 1 DAGs
[2024-07-26T00:08:06.663+0000] {logging_mixin.py:188} INFO - [2024-07-26T00:08:06.662+0000] {dag.py:3947} INFO - Setting next_dagrun for example_xcom to 2021-01-01 00:00:00+00:00, run_after=2021-01-01 00:00:00+00:00
[2024-07-26T00:08:06.676+0000] {processor.py:183} INFO - Processing /home/airflow/.local/lib/python3.12/site-packages/airflow/example_dags/example_xcom.py took 0.058 seconds
[2024-07-26T00:08:37.075+0000] {processor.py:161} INFO - Started process (PID=13402) to work on /home/airflow/.local/lib/python3.12/site-packages/airflow/example_dags/example_xcom.py
[2024-07-26T00:08:37.076+0000] {processor.py:830} INFO - Processing file /home/airflow/.local/lib/python3.12/site-packages/airflow/example_dags/example_xcom.py for tasks to queue
[2024-07-26T00:08:37.077+0000] {logging_mixin.py:188} INFO - [2024-07-26T00:08:37.077+0000] {dagbag.py:545} INFO - Filling up the DagBag from /home/airflow/.local/lib/python3.12/site-packages/airflow/example_dags/example_xcom.py
[2024-07-26T00:08:37.083+0000] {processor.py:840} INFO - DAG(s) 'example_xcom' retrieved from /home/airflow/.local/lib/python3.12/site-packages/airflow/example_dags/example_xcom.py
[2024-07-26T00:08:37.102+0000] {logging_mixin.py:188} INFO - [2024-07-26T00:08:37.101+0000] {dag.py:3089} INFO - Sync 1 DAGs
[2024-07-26T00:08:37.119+0000] {logging_mixin.py:188} INFO - [2024-07-26T00:08:37.119+0000] {dag.py:3947} INFO - Setting next_dagrun for example_xcom to 2021-01-01 00:00:00+00:00, run_after=2021-01-01 00:00:00+00:00
[2024-07-26T00:08:37.135+0000] {processor.py:183} INFO - Processing /home/airflow/.local/lib/python3.12/site-packages/airflow/example_dags/example_xcom.py took 0.064 seconds
[2024-07-26T00:09:07.532+0000] {processor.py:161} INFO - Started process (PID=13461) to work on /home/airflow/.local/lib/python3.12/site-packages/airflow/example_dags/example_xcom.py
[2024-07-26T00:09:07.533+0000] {processor.py:830} INFO - Processing file /home/airflow/.local/lib/python3.12/site-packages/airflow/example_dags/example_xcom.py for tasks to queue
[2024-07-26T00:09:07.534+0000] {logging_mixin.py:188} INFO - [2024-07-26T00:09:07.534+0000] {dagbag.py:545} INFO - Filling up the DagBag from /home/airflow/.local/lib/python3.12/site-packages/airflow/example_dags/example_xcom.py
[2024-07-26T00:09:07.540+0000] {processor.py:840} INFO - DAG(s) 'example_xcom' retrieved from /home/airflow/.local/lib/python3.12/site-packages/airflow/example_dags/example_xcom.py
[2024-07-26T00:09:07.557+0000] {logging_mixin.py:188} INFO - [2024-07-26T00:09:07.557+0000] {dag.py:3089} INFO - Sync 1 DAGs
[2024-07-26T00:09:07.573+0000] {logging_mixin.py:188} INFO - [2024-07-26T00:09:07.572+0000] {dag.py:3947} INFO - Setting next_dagrun for example_xcom to 2021-01-01 00:00:00+00:00, run_after=2021-01-01 00:00:00+00:00
[2024-07-26T00:09:07.586+0000] {processor.py:183} INFO - Processing /home/airflow/.local/lib/python3.12/site-packages/airflow/example_dags/example_xcom.py took 0.058 seconds
[2024-07-26T00:09:38.125+0000] {processor.py:161} INFO - Started process (PID=13520) to work on /home/airflow/.local/lib/python3.12/site-packages/airflow/example_dags/example_xcom.py
[2024-07-26T00:09:38.126+0000] {processor.py:830} INFO - Processing file /home/airflow/.local/lib/python3.12/site-packages/airflow/example_dags/example_xcom.py for tasks to queue
[2024-07-26T00:09:38.128+0000] {logging_mixin.py:188} INFO - [2024-07-26T00:09:38.127+0000] {dagbag.py:545} INFO - Filling up the DagBag from /home/airflow/.local/lib/python3.12/site-packages/airflow/example_dags/example_xcom.py
[2024-07-26T00:09:38.135+0000] {processor.py:840} INFO - DAG(s) 'example_xcom' retrieved from /home/airflow/.local/lib/python3.12/site-packages/airflow/example_dags/example_xcom.py
[2024-07-26T00:09:38.154+0000] {logging_mixin.py:188} INFO - [2024-07-26T00:09:38.153+0000] {dag.py:3089} INFO - Sync 1 DAGs
[2024-07-26T00:09:38.173+0000] {logging_mixin.py:188} INFO - [2024-07-26T00:09:38.172+0000] {dag.py:3947} INFO - Setting next_dagrun for example_xcom to 2021-01-01 00:00:00+00:00, run_after=2021-01-01 00:00:00+00:00
[2024-07-26T00:09:38.190+0000] {processor.py:183} INFO - Processing /home/airflow/.local/lib/python3.12/site-packages/airflow/example_dags/example_xcom.py took 0.070 seconds
[2024-07-26T00:10:08.622+0000] {processor.py:161} INFO - Started process (PID=13579) to work on /home/airflow/.local/lib/python3.12/site-packages/airflow/example_dags/example_xcom.py
[2024-07-26T00:10:08.622+0000] {processor.py:830} INFO - Processing file /home/airflow/.local/lib/python3.12/site-packages/airflow/example_dags/example_xcom.py for tasks to queue
[2024-07-26T00:10:08.624+0000] {logging_mixin.py:188} INFO - [2024-07-26T00:10:08.624+0000] {dagbag.py:545} INFO - Filling up the DagBag from /home/airflow/.local/lib/python3.12/site-packages/airflow/example_dags/example_xcom.py
[2024-07-26T00:10:08.629+0000] {processor.py:840} INFO - DAG(s) 'example_xcom' retrieved from /home/airflow/.local/lib/python3.12/site-packages/airflow/example_dags/example_xcom.py
[2024-07-26T00:10:08.647+0000] {logging_mixin.py:188} INFO - [2024-07-26T00:10:08.647+0000] {dag.py:3089} INFO - Sync 1 DAGs
[2024-07-26T00:10:08.665+0000] {logging_mixin.py:188} INFO - [2024-07-26T00:10:08.665+0000] {dag.py:3947} INFO - Setting next_dagrun for example_xcom to 2021-01-01 00:00:00+00:00, run_after=2021-01-01 00:00:00+00:00
[2024-07-26T00:10:08.680+0000] {processor.py:183} INFO - Processing /home/airflow/.local/lib/python3.12/site-packages/airflow/example_dags/example_xcom.py took 0.063 seconds
[2024-07-26T00:10:39.103+0000] {processor.py:161} INFO - Started process (PID=13638) to work on /home/airflow/.local/lib/python3.12/site-packages/airflow/example_dags/example_xcom.py
[2024-07-26T00:10:39.104+0000] {processor.py:830} INFO - Processing file /home/airflow/.local/lib/python3.12/site-packages/airflow/example_dags/example_xcom.py for tasks to queue
[2024-07-26T00:10:39.106+0000] {logging_mixin.py:188} INFO - [2024-07-26T00:10:39.105+0000] {dagbag.py:545} INFO - Filling up the DagBag from /home/airflow/.local/lib/python3.12/site-packages/airflow/example_dags/example_xcom.py
[2024-07-26T00:10:39.111+0000] {processor.py:840} INFO - DAG(s) 'example_xcom' retrieved from /home/airflow/.local/lib/python3.12/site-packages/airflow/example_dags/example_xcom.py
[2024-07-26T00:10:39.126+0000] {logging_mixin.py:188} INFO - [2024-07-26T00:10:39.126+0000] {dag.py:3089} INFO - Sync 1 DAGs
[2024-07-26T00:10:39.143+0000] {logging_mixin.py:188} INFO - [2024-07-26T00:10:39.143+0000] {dag.py:3947} INFO - Setting next_dagrun for example_xcom to 2021-01-01 00:00:00+00:00, run_after=2021-01-01 00:00:00+00:00
[2024-07-26T00:10:39.156+0000] {processor.py:183} INFO - Processing /home/airflow/.local/lib/python3.12/site-packages/airflow/example_dags/example_xcom.py took 0.056 seconds
[2024-07-26T00:11:09.632+0000] {processor.py:161} INFO - Started process (PID=13697) to work on /home/airflow/.local/lib/python3.12/site-packages/airflow/example_dags/example_xcom.py
[2024-07-26T00:11:09.633+0000] {processor.py:830} INFO - Processing file /home/airflow/.local/lib/python3.12/site-packages/airflow/example_dags/example_xcom.py for tasks to queue
[2024-07-26T00:11:09.634+0000] {logging_mixin.py:188} INFO - [2024-07-26T00:11:09.634+0000] {dagbag.py:545} INFO - Filling up the DagBag from /home/airflow/.local/lib/python3.12/site-packages/airflow/example_dags/example_xcom.py
[2024-07-26T00:11:09.640+0000] {processor.py:840} INFO - DAG(s) 'example_xcom' retrieved from /home/airflow/.local/lib/python3.12/site-packages/airflow/example_dags/example_xcom.py
[2024-07-26T00:11:09.657+0000] {logging_mixin.py:188} INFO - [2024-07-26T00:11:09.656+0000] {dag.py:3089} INFO - Sync 1 DAGs
[2024-07-26T00:11:09.673+0000] {logging_mixin.py:188} INFO - [2024-07-26T00:11:09.672+0000] {dag.py:3947} INFO - Setting next_dagrun for example_xcom to 2021-01-01 00:00:00+00:00, run_after=2021-01-01 00:00:00+00:00
[2024-07-26T00:11:09.687+0000] {processor.py:183} INFO - Processing /home/airflow/.local/lib/python3.12/site-packages/airflow/example_dags/example_xcom.py took 0.059 seconds
[2024-07-26T00:11:39.981+0000] {processor.py:161} INFO - Started process (PID=13756) to work on /home/airflow/.local/lib/python3.12/site-packages/airflow/example_dags/example_xcom.py
[2024-07-26T00:11:39.981+0000] {processor.py:830} INFO - Processing file /home/airflow/.local/lib/python3.12/site-packages/airflow/example_dags/example_xcom.py for tasks to queue
[2024-07-26T00:11:39.983+0000] {logging_mixin.py:188} INFO - [2024-07-26T00:11:39.982+0000] {dagbag.py:545} INFO - Filling up the DagBag from /home/airflow/.local/lib/python3.12/site-packages/airflow/example_dags/example_xcom.py
[2024-07-26T00:11:39.988+0000] {processor.py:840} INFO - DAG(s) 'example_xcom' retrieved from /home/airflow/.local/lib/python3.12/site-packages/airflow/example_dags/example_xcom.py
[2024-07-26T00:11:40.004+0000] {logging_mixin.py:188} INFO - [2024-07-26T00:11:40.003+0000] {dag.py:3089} INFO - Sync 1 DAGs
[2024-07-26T00:11:40.019+0000] {logging_mixin.py:188} INFO - [2024-07-26T00:11:40.018+0000] {dag.py:3947} INFO - Setting next_dagrun for example_xcom to 2021-01-01 00:00:00+00:00, run_after=2021-01-01 00:00:00+00:00
[2024-07-26T00:11:40.034+0000] {processor.py:183} INFO - Processing /home/airflow/.local/lib/python3.12/site-packages/airflow/example_dags/example_xcom.py took 0.058 seconds
[2024-07-26T00:14:35.401+0000] {processor.py:161} INFO - Started process (PID=48) to work on /home/airflow/.local/lib/python3.12/site-packages/airflow/example_dags/example_xcom.py
[2024-07-26T00:14:35.401+0000] {processor.py:830} INFO - Processing file /home/airflow/.local/lib/python3.12/site-packages/airflow/example_dags/example_xcom.py for tasks to queue
[2024-07-26T00:14:35.404+0000] {logging_mixin.py:188} INFO - [2024-07-26T00:14:35.403+0000] {dagbag.py:545} INFO - Filling up the DagBag from /home/airflow/.local/lib/python3.12/site-packages/airflow/example_dags/example_xcom.py
[2024-07-26T00:14:35.416+0000] {processor.py:840} INFO - DAG(s) 'example_xcom' retrieved from /home/airflow/.local/lib/python3.12/site-packages/airflow/example_dags/example_xcom.py
[2024-07-26T00:14:35.428+0000] {logging_mixin.py:188} INFO - [2024-07-26T00:14:35.428+0000] {dag.py:3089} INFO - Sync 1 DAGs
[2024-07-26T00:14:35.447+0000] {logging_mixin.py:188} INFO - [2024-07-26T00:14:35.447+0000] {dag.py:3947} INFO - Setting next_dagrun for example_xcom to 2021-01-01 00:00:00+00:00, run_after=2021-01-01 00:00:00+00:00
[2024-07-26T00:14:35.463+0000] {processor.py:183} INFO - Processing /home/airflow/.local/lib/python3.12/site-packages/airflow/example_dags/example_xcom.py took 0.067 seconds
[2024-07-26T00:15:06.643+0000] {processor.py:161} INFO - Started process (PID=107) to work on /home/airflow/.local/lib/python3.12/site-packages/airflow/example_dags/example_xcom.py
[2024-07-26T00:15:06.644+0000] {processor.py:830} INFO - Processing file /home/airflow/.local/lib/python3.12/site-packages/airflow/example_dags/example_xcom.py for tasks to queue
[2024-07-26T00:15:06.646+0000] {logging_mixin.py:188} INFO - [2024-07-26T00:15:06.646+0000] {dagbag.py:545} INFO - Filling up the DagBag from /home/airflow/.local/lib/python3.12/site-packages/airflow/example_dags/example_xcom.py
[2024-07-26T00:15:06.652+0000] {processor.py:840} INFO - DAG(s) 'example_xcom' retrieved from /home/airflow/.local/lib/python3.12/site-packages/airflow/example_dags/example_xcom.py
[2024-07-26T00:15:06.737+0000] {logging_mixin.py:188} INFO - [2024-07-26T00:15:06.737+0000] {dag.py:3089} INFO - Sync 1 DAGs
[2024-07-26T00:15:06.752+0000] {logging_mixin.py:188} INFO - [2024-07-26T00:15:06.752+0000] {dag.py:3947} INFO - Setting next_dagrun for example_xcom to 2021-01-01 00:00:00+00:00, run_after=2021-01-01 00:00:00+00:00
[2024-07-26T00:15:06.767+0000] {processor.py:183} INFO - Processing /home/airflow/.local/lib/python3.12/site-packages/airflow/example_dags/example_xcom.py took 0.130 seconds
[2024-07-26T00:15:37.610+0000] {processor.py:161} INFO - Started process (PID=166) to work on /home/airflow/.local/lib/python3.12/site-packages/airflow/example_dags/example_xcom.py
[2024-07-26T00:15:37.611+0000] {processor.py:830} INFO - Processing file /home/airflow/.local/lib/python3.12/site-packages/airflow/example_dags/example_xcom.py for tasks to queue
[2024-07-26T00:15:37.613+0000] {logging_mixin.py:188} INFO - [2024-07-26T00:15:37.612+0000] {dagbag.py:545} INFO - Filling up the DagBag from /home/airflow/.local/lib/python3.12/site-packages/airflow/example_dags/example_xcom.py
[2024-07-26T00:15:37.619+0000] {processor.py:840} INFO - DAG(s) 'example_xcom' retrieved from /home/airflow/.local/lib/python3.12/site-packages/airflow/example_dags/example_xcom.py
[2024-07-26T00:15:37.638+0000] {logging_mixin.py:188} INFO - [2024-07-26T00:15:37.638+0000] {dag.py:3089} INFO - Sync 1 DAGs
[2024-07-26T00:15:37.658+0000] {logging_mixin.py:188} INFO - [2024-07-26T00:15:37.657+0000] {dag.py:3947} INFO - Setting next_dagrun for example_xcom to 2021-01-01 00:00:00+00:00, run_after=2021-01-01 00:00:00+00:00
[2024-07-26T00:15:37.677+0000] {processor.py:183} INFO - Processing /home/airflow/.local/lib/python3.12/site-packages/airflow/example_dags/example_xcom.py took 0.072 seconds
[2024-07-26T00:16:07.799+0000] {processor.py:161} INFO - Started process (PID=225) to work on /home/airflow/.local/lib/python3.12/site-packages/airflow/example_dags/example_xcom.py
[2024-07-26T00:16:07.800+0000] {processor.py:830} INFO - Processing file /home/airflow/.local/lib/python3.12/site-packages/airflow/example_dags/example_xcom.py for tasks to queue
[2024-07-26T00:16:07.801+0000] {logging_mixin.py:188} INFO - [2024-07-26T00:16:07.801+0000] {dagbag.py:545} INFO - Filling up the DagBag from /home/airflow/.local/lib/python3.12/site-packages/airflow/example_dags/example_xcom.py
[2024-07-26T00:16:07.807+0000] {processor.py:840} INFO - DAG(s) 'example_xcom' retrieved from /home/airflow/.local/lib/python3.12/site-packages/airflow/example_dags/example_xcom.py
[2024-07-26T00:16:07.822+0000] {logging_mixin.py:188} INFO - [2024-07-26T00:16:07.822+0000] {dag.py:3089} INFO - Sync 1 DAGs
[2024-07-26T00:16:07.838+0000] {logging_mixin.py:188} INFO - [2024-07-26T00:16:07.837+0000] {dag.py:3947} INFO - Setting next_dagrun for example_xcom to 2021-01-01 00:00:00+00:00, run_after=2021-01-01 00:00:00+00:00
[2024-07-26T00:16:07.852+0000] {processor.py:183} INFO - Processing /home/airflow/.local/lib/python3.12/site-packages/airflow/example_dags/example_xcom.py took 0.057 seconds
[2024-07-26T00:16:38.467+0000] {processor.py:161} INFO - Started process (PID=284) to work on /home/airflow/.local/lib/python3.12/site-packages/airflow/example_dags/example_xcom.py
[2024-07-26T00:16:38.468+0000] {processor.py:830} INFO - Processing file /home/airflow/.local/lib/python3.12/site-packages/airflow/example_dags/example_xcom.py for tasks to queue
[2024-07-26T00:16:38.469+0000] {logging_mixin.py:188} INFO - [2024-07-26T00:16:38.469+0000] {dagbag.py:545} INFO - Filling up the DagBag from /home/airflow/.local/lib/python3.12/site-packages/airflow/example_dags/example_xcom.py
[2024-07-26T00:16:38.474+0000] {processor.py:840} INFO - DAG(s) 'example_xcom' retrieved from /home/airflow/.local/lib/python3.12/site-packages/airflow/example_dags/example_xcom.py
[2024-07-26T00:16:38.488+0000] {logging_mixin.py:188} INFO - [2024-07-26T00:16:38.488+0000] {dag.py:3089} INFO - Sync 1 DAGs
[2024-07-26T00:16:38.503+0000] {logging_mixin.py:188} INFO - [2024-07-26T00:16:38.503+0000] {dag.py:3947} INFO - Setting next_dagrun for example_xcom to 2021-01-01 00:00:00+00:00, run_after=2021-01-01 00:00:00+00:00
[2024-07-26T00:16:38.519+0000] {processor.py:183} INFO - Processing /home/airflow/.local/lib/python3.12/site-packages/airflow/example_dags/example_xcom.py took 0.056 seconds
[2024-07-26T00:17:08.947+0000] {processor.py:161} INFO - Started process (PID=343) to work on /home/airflow/.local/lib/python3.12/site-packages/airflow/example_dags/example_xcom.py
[2024-07-26T00:17:08.948+0000] {processor.py:830} INFO - Processing file /home/airflow/.local/lib/python3.12/site-packages/airflow/example_dags/example_xcom.py for tasks to queue
[2024-07-26T00:17:08.949+0000] {logging_mixin.py:188} INFO - [2024-07-26T00:17:08.949+0000] {dagbag.py:545} INFO - Filling up the DagBag from /home/airflow/.local/lib/python3.12/site-packages/airflow/example_dags/example_xcom.py
[2024-07-26T00:17:08.954+0000] {processor.py:840} INFO - DAG(s) 'example_xcom' retrieved from /home/airflow/.local/lib/python3.12/site-packages/airflow/example_dags/example_xcom.py
[2024-07-26T00:17:08.969+0000] {logging_mixin.py:188} INFO - [2024-07-26T00:17:08.969+0000] {dag.py:3089} INFO - Sync 1 DAGs
[2024-07-26T00:17:08.986+0000] {logging_mixin.py:188} INFO - [2024-07-26T00:17:08.986+0000] {dag.py:3947} INFO - Setting next_dagrun for example_xcom to 2021-01-01 00:00:00+00:00, run_after=2021-01-01 00:00:00+00:00
[2024-07-26T00:17:09.000+0000] {processor.py:183} INFO - Processing /home/airflow/.local/lib/python3.12/site-packages/airflow/example_dags/example_xcom.py took 0.057 seconds
[2024-07-26T00:17:39.534+0000] {processor.py:161} INFO - Started process (PID=403) to work on /home/airflow/.local/lib/python3.12/site-packages/airflow/example_dags/example_xcom.py
[2024-07-26T00:17:39.535+0000] {processor.py:830} INFO - Processing file /home/airflow/.local/lib/python3.12/site-packages/airflow/example_dags/example_xcom.py for tasks to queue
[2024-07-26T00:17:39.536+0000] {logging_mixin.py:188} INFO - [2024-07-26T00:17:39.536+0000] {dagbag.py:545} INFO - Filling up the DagBag from /home/airflow/.local/lib/python3.12/site-packages/airflow/example_dags/example_xcom.py
[2024-07-26T00:17:39.542+0000] {processor.py:840} INFO - DAG(s) 'example_xcom' retrieved from /home/airflow/.local/lib/python3.12/site-packages/airflow/example_dags/example_xcom.py
[2024-07-26T00:17:39.557+0000] {logging_mixin.py:188} INFO - [2024-07-26T00:17:39.557+0000] {dag.py:3089} INFO - Sync 1 DAGs
[2024-07-26T00:17:39.574+0000] {logging_mixin.py:188} INFO - [2024-07-26T00:17:39.573+0000] {dag.py:3947} INFO - Setting next_dagrun for example_xcom to 2021-01-01 00:00:00+00:00, run_after=2021-01-01 00:00:00+00:00
[2024-07-26T00:17:39.592+0000] {processor.py:183} INFO - Processing /home/airflow/.local/lib/python3.12/site-packages/airflow/example_dags/example_xcom.py took 0.062 seconds
[2024-07-26T00:18:09.986+0000] {processor.py:161} INFO - Started process (PID=462) to work on /home/airflow/.local/lib/python3.12/site-packages/airflow/example_dags/example_xcom.py
[2024-07-26T00:18:09.987+0000] {processor.py:830} INFO - Processing file /home/airflow/.local/lib/python3.12/site-packages/airflow/example_dags/example_xcom.py for tasks to queue
[2024-07-26T00:18:09.988+0000] {logging_mixin.py:188} INFO - [2024-07-26T00:18:09.988+0000] {dagbag.py:545} INFO - Filling up the DagBag from /home/airflow/.local/lib/python3.12/site-packages/airflow/example_dags/example_xcom.py
[2024-07-26T00:18:09.993+0000] {processor.py:840} INFO - DAG(s) 'example_xcom' retrieved from /home/airflow/.local/lib/python3.12/site-packages/airflow/example_dags/example_xcom.py
[2024-07-26T00:18:10.008+0000] {logging_mixin.py:188} INFO - [2024-07-26T00:18:10.008+0000] {dag.py:3089} INFO - Sync 1 DAGs
[2024-07-26T00:18:10.022+0000] {logging_mixin.py:188} INFO - [2024-07-26T00:18:10.022+0000] {dag.py:3947} INFO - Setting next_dagrun for example_xcom to 2021-01-01 00:00:00+00:00, run_after=2021-01-01 00:00:00+00:00
[2024-07-26T00:18:10.037+0000] {processor.py:183} INFO - Processing /home/airflow/.local/lib/python3.12/site-packages/airflow/example_dags/example_xcom.py took 0.055 seconds
