[2024-07-26T00:00:01.977+0000] {processor.py:161} INFO - Started process (PID=12419) to work on /home/airflow/.local/lib/python3.12/site-packages/airflow/example_dags/example_kubernetes_executor.py
[2024-07-26T00:00:01.978+0000] {processor.py:830} INFO - Processing file /home/airflow/.local/lib/python3.12/site-packages/airflow/example_dags/example_kubernetes_executor.py for tasks to queue
[2024-07-26T00:00:01.980+0000] {logging_mixin.py:188} INFO - [2024-07-26T00:00:01.979+0000] {dagbag.py:545} INFO - Filling up the DagBag from /home/airflow/.local/lib/python3.12/site-packages/airflow/example_dags/example_kubernetes_executor.py
[2024-07-26T00:00:01.990+0000] {processor.py:840} INFO - DAG(s) 'example_kubernetes_executor' retrieved from /home/airflow/.local/lib/python3.12/site-packages/airflow/example_dags/example_kubernetes_executor.py
[2024-07-26T00:00:02.019+0000] {logging_mixin.py:188} INFO - [2024-07-26T00:00:02.019+0000] {dag.py:3089} INFO - Sync 1 DAGs
[2024-07-26T00:00:02.030+0000] {logging_mixin.py:188} INFO - [2024-07-26T00:00:02.029+0000] {dag.py:3947} INFO - Setting next_dagrun for example_kubernetes_executor to None, run_after=None
[2024-07-26T00:00:02.048+0000] {processor.py:183} INFO - Processing /home/airflow/.local/lib/python3.12/site-packages/airflow/example_dags/example_kubernetes_executor.py took 0.075 seconds
[2024-07-26T00:00:32.546+0000] {processor.py:161} INFO - Started process (PID=12478) to work on /home/airflow/.local/lib/python3.12/site-packages/airflow/example_dags/example_kubernetes_executor.py
[2024-07-26T00:00:32.547+0000] {processor.py:830} INFO - Processing file /home/airflow/.local/lib/python3.12/site-packages/airflow/example_dags/example_kubernetes_executor.py for tasks to queue
[2024-07-26T00:00:32.549+0000] {logging_mixin.py:188} INFO - [2024-07-26T00:00:32.549+0000] {dagbag.py:545} INFO - Filling up the DagBag from /home/airflow/.local/lib/python3.12/site-packages/airflow/example_dags/example_kubernetes_executor.py
[2024-07-26T00:00:32.560+0000] {processor.py:840} INFO - DAG(s) 'example_kubernetes_executor' retrieved from /home/airflow/.local/lib/python3.12/site-packages/airflow/example_dags/example_kubernetes_executor.py
[2024-07-26T00:00:32.591+0000] {logging_mixin.py:188} INFO - [2024-07-26T00:00:32.591+0000] {dag.py:3089} INFO - Sync 1 DAGs
[2024-07-26T00:00:32.602+0000] {logging_mixin.py:188} INFO - [2024-07-26T00:00:32.601+0000] {dag.py:3947} INFO - Setting next_dagrun for example_kubernetes_executor to None, run_after=None
[2024-07-26T00:00:32.621+0000] {processor.py:183} INFO - Processing /home/airflow/.local/lib/python3.12/site-packages/airflow/example_dags/example_kubernetes_executor.py took 0.079 seconds
[2024-07-26T00:01:02.839+0000] {processor.py:161} INFO - Started process (PID=12537) to work on /home/airflow/.local/lib/python3.12/site-packages/airflow/example_dags/example_kubernetes_executor.py
[2024-07-26T00:01:02.840+0000] {processor.py:830} INFO - Processing file /home/airflow/.local/lib/python3.12/site-packages/airflow/example_dags/example_kubernetes_executor.py for tasks to queue
[2024-07-26T00:01:02.841+0000] {logging_mixin.py:188} INFO - [2024-07-26T00:01:02.841+0000] {dagbag.py:545} INFO - Filling up the DagBag from /home/airflow/.local/lib/python3.12/site-packages/airflow/example_dags/example_kubernetes_executor.py
[2024-07-26T00:01:02.851+0000] {processor.py:840} INFO - DAG(s) 'example_kubernetes_executor' retrieved from /home/airflow/.local/lib/python3.12/site-packages/airflow/example_dags/example_kubernetes_executor.py
[2024-07-26T00:01:02.882+0000] {logging_mixin.py:188} INFO - [2024-07-26T00:01:02.881+0000] {dag.py:3089} INFO - Sync 1 DAGs
[2024-07-26T00:01:02.892+0000] {logging_mixin.py:188} INFO - [2024-07-26T00:01:02.892+0000] {dag.py:3947} INFO - Setting next_dagrun for example_kubernetes_executor to None, run_after=None
[2024-07-26T00:01:02.910+0000] {processor.py:183} INFO - Processing /home/airflow/.local/lib/python3.12/site-packages/airflow/example_dags/example_kubernetes_executor.py took 0.075 seconds
[2024-07-26T00:01:33.262+0000] {processor.py:161} INFO - Started process (PID=12596) to work on /home/airflow/.local/lib/python3.12/site-packages/airflow/example_dags/example_kubernetes_executor.py
[2024-07-26T00:01:33.263+0000] {processor.py:830} INFO - Processing file /home/airflow/.local/lib/python3.12/site-packages/airflow/example_dags/example_kubernetes_executor.py for tasks to queue
[2024-07-26T00:01:33.264+0000] {logging_mixin.py:188} INFO - [2024-07-26T00:01:33.264+0000] {dagbag.py:545} INFO - Filling up the DagBag from /home/airflow/.local/lib/python3.12/site-packages/airflow/example_dags/example_kubernetes_executor.py
[2024-07-26T00:01:33.272+0000] {processor.py:840} INFO - DAG(s) 'example_kubernetes_executor' retrieved from /home/airflow/.local/lib/python3.12/site-packages/airflow/example_dags/example_kubernetes_executor.py
[2024-07-26T00:01:33.299+0000] {logging_mixin.py:188} INFO - [2024-07-26T00:01:33.299+0000] {dag.py:3089} INFO - Sync 1 DAGs
[2024-07-26T00:01:33.308+0000] {logging_mixin.py:188} INFO - [2024-07-26T00:01:33.308+0000] {dag.py:3947} INFO - Setting next_dagrun for example_kubernetes_executor to None, run_after=None
[2024-07-26T00:01:33.325+0000] {processor.py:183} INFO - Processing /home/airflow/.local/lib/python3.12/site-packages/airflow/example_dags/example_kubernetes_executor.py took 0.066 seconds
[2024-07-26T00:02:03.715+0000] {processor.py:161} INFO - Started process (PID=12655) to work on /home/airflow/.local/lib/python3.12/site-packages/airflow/example_dags/example_kubernetes_executor.py
[2024-07-26T00:02:03.715+0000] {processor.py:830} INFO - Processing file /home/airflow/.local/lib/python3.12/site-packages/airflow/example_dags/example_kubernetes_executor.py for tasks to queue
[2024-07-26T00:02:03.717+0000] {logging_mixin.py:188} INFO - [2024-07-26T00:02:03.716+0000] {dagbag.py:545} INFO - Filling up the DagBag from /home/airflow/.local/lib/python3.12/site-packages/airflow/example_dags/example_kubernetes_executor.py
[2024-07-26T00:02:03.726+0000] {processor.py:840} INFO - DAG(s) 'example_kubernetes_executor' retrieved from /home/airflow/.local/lib/python3.12/site-packages/airflow/example_dags/example_kubernetes_executor.py
[2024-07-26T00:02:03.756+0000] {logging_mixin.py:188} INFO - [2024-07-26T00:02:03.756+0000] {dag.py:3089} INFO - Sync 1 DAGs
[2024-07-26T00:02:03.766+0000] {logging_mixin.py:188} INFO - [2024-07-26T00:02:03.766+0000] {dag.py:3947} INFO - Setting next_dagrun for example_kubernetes_executor to None, run_after=None
[2024-07-26T00:02:03.786+0000] {processor.py:183} INFO - Processing /home/airflow/.local/lib/python3.12/site-packages/airflow/example_dags/example_kubernetes_executor.py took 0.075 seconds
[2024-07-26T00:02:34.184+0000] {processor.py:161} INFO - Started process (PID=12714) to work on /home/airflow/.local/lib/python3.12/site-packages/airflow/example_dags/example_kubernetes_executor.py
[2024-07-26T00:02:34.185+0000] {processor.py:830} INFO - Processing file /home/airflow/.local/lib/python3.12/site-packages/airflow/example_dags/example_kubernetes_executor.py for tasks to queue
[2024-07-26T00:02:34.187+0000] {logging_mixin.py:188} INFO - [2024-07-26T00:02:34.186+0000] {dagbag.py:545} INFO - Filling up the DagBag from /home/airflow/.local/lib/python3.12/site-packages/airflow/example_dags/example_kubernetes_executor.py
[2024-07-26T00:02:34.195+0000] {processor.py:840} INFO - DAG(s) 'example_kubernetes_executor' retrieved from /home/airflow/.local/lib/python3.12/site-packages/airflow/example_dags/example_kubernetes_executor.py
[2024-07-26T00:02:34.223+0000] {logging_mixin.py:188} INFO - [2024-07-26T00:02:34.222+0000] {dag.py:3089} INFO - Sync 1 DAGs
[2024-07-26T00:02:34.231+0000] {logging_mixin.py:188} INFO - [2024-07-26T00:02:34.231+0000] {dag.py:3947} INFO - Setting next_dagrun for example_kubernetes_executor to None, run_after=None
[2024-07-26T00:02:34.246+0000] {processor.py:183} INFO - Processing /home/airflow/.local/lib/python3.12/site-packages/airflow/example_dags/example_kubernetes_executor.py took 0.066 seconds
[2024-07-26T00:03:04.624+0000] {processor.py:161} INFO - Started process (PID=12773) to work on /home/airflow/.local/lib/python3.12/site-packages/airflow/example_dags/example_kubernetes_executor.py
[2024-07-26T00:03:04.625+0000] {processor.py:830} INFO - Processing file /home/airflow/.local/lib/python3.12/site-packages/airflow/example_dags/example_kubernetes_executor.py for tasks to queue
[2024-07-26T00:03:04.627+0000] {logging_mixin.py:188} INFO - [2024-07-26T00:03:04.627+0000] {dagbag.py:545} INFO - Filling up the DagBag from /home/airflow/.local/lib/python3.12/site-packages/airflow/example_dags/example_kubernetes_executor.py
[2024-07-26T00:03:04.637+0000] {processor.py:840} INFO - DAG(s) 'example_kubernetes_executor' retrieved from /home/airflow/.local/lib/python3.12/site-packages/airflow/example_dags/example_kubernetes_executor.py
[2024-07-26T00:03:04.669+0000] {logging_mixin.py:188} INFO - [2024-07-26T00:03:04.669+0000] {dag.py:3089} INFO - Sync 1 DAGs
[2024-07-26T00:03:04.679+0000] {logging_mixin.py:188} INFO - [2024-07-26T00:03:04.679+0000] {dag.py:3947} INFO - Setting next_dagrun for example_kubernetes_executor to None, run_after=None
[2024-07-26T00:03:04.698+0000] {processor.py:183} INFO - Processing /home/airflow/.local/lib/python3.12/site-packages/airflow/example_dags/example_kubernetes_executor.py took 0.078 seconds
[2024-07-26T00:03:35.123+0000] {processor.py:161} INFO - Started process (PID=12832) to work on /home/airflow/.local/lib/python3.12/site-packages/airflow/example_dags/example_kubernetes_executor.py
[2024-07-26T00:03:35.123+0000] {processor.py:830} INFO - Processing file /home/airflow/.local/lib/python3.12/site-packages/airflow/example_dags/example_kubernetes_executor.py for tasks to queue
[2024-07-26T00:03:35.125+0000] {logging_mixin.py:188} INFO - [2024-07-26T00:03:35.124+0000] {dagbag.py:545} INFO - Filling up the DagBag from /home/airflow/.local/lib/python3.12/site-packages/airflow/example_dags/example_kubernetes_executor.py
[2024-07-26T00:03:35.133+0000] {processor.py:840} INFO - DAG(s) 'example_kubernetes_executor' retrieved from /home/airflow/.local/lib/python3.12/site-packages/airflow/example_dags/example_kubernetes_executor.py
[2024-07-26T00:03:35.161+0000] {logging_mixin.py:188} INFO - [2024-07-26T00:03:35.161+0000] {dag.py:3089} INFO - Sync 1 DAGs
[2024-07-26T00:03:35.170+0000] {logging_mixin.py:188} INFO - [2024-07-26T00:03:35.170+0000] {dag.py:3947} INFO - Setting next_dagrun for example_kubernetes_executor to None, run_after=None
[2024-07-26T00:03:35.188+0000] {processor.py:183} INFO - Processing /home/airflow/.local/lib/python3.12/site-packages/airflow/example_dags/example_kubernetes_executor.py took 0.069 seconds
[2024-07-26T00:04:05.549+0000] {processor.py:161} INFO - Started process (PID=12891) to work on /home/airflow/.local/lib/python3.12/site-packages/airflow/example_dags/example_kubernetes_executor.py
[2024-07-26T00:04:05.550+0000] {processor.py:830} INFO - Processing file /home/airflow/.local/lib/python3.12/site-packages/airflow/example_dags/example_kubernetes_executor.py for tasks to queue
[2024-07-26T00:04:05.551+0000] {logging_mixin.py:188} INFO - [2024-07-26T00:04:05.551+0000] {dagbag.py:545} INFO - Filling up the DagBag from /home/airflow/.local/lib/python3.12/site-packages/airflow/example_dags/example_kubernetes_executor.py
[2024-07-26T00:04:05.560+0000] {processor.py:840} INFO - DAG(s) 'example_kubernetes_executor' retrieved from /home/airflow/.local/lib/python3.12/site-packages/airflow/example_dags/example_kubernetes_executor.py
[2024-07-26T00:04:05.590+0000] {logging_mixin.py:188} INFO - [2024-07-26T00:04:05.590+0000] {dag.py:3089} INFO - Sync 1 DAGs
[2024-07-26T00:04:05.600+0000] {logging_mixin.py:188} INFO - [2024-07-26T00:04:05.600+0000] {dag.py:3947} INFO - Setting next_dagrun for example_kubernetes_executor to None, run_after=None
[2024-07-26T00:04:05.616+0000] {processor.py:183} INFO - Processing /home/airflow/.local/lib/python3.12/site-packages/airflow/example_dags/example_kubernetes_executor.py took 0.072 seconds
[2024-07-26T00:04:36.042+0000] {processor.py:161} INFO - Started process (PID=12950) to work on /home/airflow/.local/lib/python3.12/site-packages/airflow/example_dags/example_kubernetes_executor.py
[2024-07-26T00:04:36.043+0000] {processor.py:830} INFO - Processing file /home/airflow/.local/lib/python3.12/site-packages/airflow/example_dags/example_kubernetes_executor.py for tasks to queue
[2024-07-26T00:04:36.044+0000] {logging_mixin.py:188} INFO - [2024-07-26T00:04:36.044+0000] {dagbag.py:545} INFO - Filling up the DagBag from /home/airflow/.local/lib/python3.12/site-packages/airflow/example_dags/example_kubernetes_executor.py
[2024-07-26T00:04:36.052+0000] {processor.py:840} INFO - DAG(s) 'example_kubernetes_executor' retrieved from /home/airflow/.local/lib/python3.12/site-packages/airflow/example_dags/example_kubernetes_executor.py
[2024-07-26T00:04:36.078+0000] {logging_mixin.py:188} INFO - [2024-07-26T00:04:36.078+0000] {dag.py:3089} INFO - Sync 1 DAGs
[2024-07-26T00:04:36.087+0000] {logging_mixin.py:188} INFO - [2024-07-26T00:04:36.087+0000] {dag.py:3947} INFO - Setting next_dagrun for example_kubernetes_executor to None, run_after=None
[2024-07-26T00:04:36.102+0000] {processor.py:183} INFO - Processing /home/airflow/.local/lib/python3.12/site-packages/airflow/example_dags/example_kubernetes_executor.py took 0.064 seconds
[2024-07-26T00:05:06.435+0000] {processor.py:161} INFO - Started process (PID=13009) to work on /home/airflow/.local/lib/python3.12/site-packages/airflow/example_dags/example_kubernetes_executor.py
[2024-07-26T00:05:06.436+0000] {processor.py:830} INFO - Processing file /home/airflow/.local/lib/python3.12/site-packages/airflow/example_dags/example_kubernetes_executor.py for tasks to queue
[2024-07-26T00:05:06.437+0000] {logging_mixin.py:188} INFO - [2024-07-26T00:05:06.437+0000] {dagbag.py:545} INFO - Filling up the DagBag from /home/airflow/.local/lib/python3.12/site-packages/airflow/example_dags/example_kubernetes_executor.py
[2024-07-26T00:05:06.446+0000] {processor.py:840} INFO - DAG(s) 'example_kubernetes_executor' retrieved from /home/airflow/.local/lib/python3.12/site-packages/airflow/example_dags/example_kubernetes_executor.py
[2024-07-26T00:05:06.474+0000] {logging_mixin.py:188} INFO - [2024-07-26T00:05:06.474+0000] {dag.py:3089} INFO - Sync 1 DAGs
[2024-07-26T00:05:06.485+0000] {logging_mixin.py:188} INFO - [2024-07-26T00:05:06.485+0000] {dag.py:3947} INFO - Setting next_dagrun for example_kubernetes_executor to None, run_after=None
[2024-07-26T00:05:06.501+0000] {processor.py:183} INFO - Processing /home/airflow/.local/lib/python3.12/site-packages/airflow/example_dags/example_kubernetes_executor.py took 0.070 seconds
[2024-07-26T00:05:36.910+0000] {processor.py:161} INFO - Started process (PID=13068) to work on /home/airflow/.local/lib/python3.12/site-packages/airflow/example_dags/example_kubernetes_executor.py
[2024-07-26T00:05:36.911+0000] {processor.py:830} INFO - Processing file /home/airflow/.local/lib/python3.12/site-packages/airflow/example_dags/example_kubernetes_executor.py for tasks to queue
[2024-07-26T00:05:36.912+0000] {logging_mixin.py:188} INFO - [2024-07-26T00:05:36.912+0000] {dagbag.py:545} INFO - Filling up the DagBag from /home/airflow/.local/lib/python3.12/site-packages/airflow/example_dags/example_kubernetes_executor.py
[2024-07-26T00:05:36.921+0000] {processor.py:840} INFO - DAG(s) 'example_kubernetes_executor' retrieved from /home/airflow/.local/lib/python3.12/site-packages/airflow/example_dags/example_kubernetes_executor.py
[2024-07-26T00:05:36.950+0000] {logging_mixin.py:188} INFO - [2024-07-26T00:05:36.950+0000] {dag.py:3089} INFO - Sync 1 DAGs
[2024-07-26T00:05:36.961+0000] {logging_mixin.py:188} INFO - [2024-07-26T00:05:36.961+0000] {dag.py:3947} INFO - Setting next_dagrun for example_kubernetes_executor to None, run_after=None
[2024-07-26T00:05:36.976+0000] {processor.py:183} INFO - Processing /home/airflow/.local/lib/python3.12/site-packages/airflow/example_dags/example_kubernetes_executor.py took 0.070 seconds
[2024-07-26T00:06:07.445+0000] {processor.py:161} INFO - Started process (PID=13127) to work on /home/airflow/.local/lib/python3.12/site-packages/airflow/example_dags/example_kubernetes_executor.py
[2024-07-26T00:06:07.446+0000] {processor.py:830} INFO - Processing file /home/airflow/.local/lib/python3.12/site-packages/airflow/example_dags/example_kubernetes_executor.py for tasks to queue
[2024-07-26T00:06:07.447+0000] {logging_mixin.py:188} INFO - [2024-07-26T00:06:07.447+0000] {dagbag.py:545} INFO - Filling up the DagBag from /home/airflow/.local/lib/python3.12/site-packages/airflow/example_dags/example_kubernetes_executor.py
[2024-07-26T00:06:07.458+0000] {processor.py:840} INFO - DAG(s) 'example_kubernetes_executor' retrieved from /home/airflow/.local/lib/python3.12/site-packages/airflow/example_dags/example_kubernetes_executor.py
[2024-07-26T00:06:07.491+0000] {logging_mixin.py:188} INFO - [2024-07-26T00:06:07.491+0000] {dag.py:3089} INFO - Sync 1 DAGs
[2024-07-26T00:06:07.503+0000] {logging_mixin.py:188} INFO - [2024-07-26T00:06:07.503+0000] {dag.py:3947} INFO - Setting next_dagrun for example_kubernetes_executor to None, run_after=None
[2024-07-26T00:06:07.531+0000] {processor.py:183} INFO - Processing /home/airflow/.local/lib/python3.12/site-packages/airflow/example_dags/example_kubernetes_executor.py took 0.091 seconds
[2024-07-26T00:06:37.926+0000] {processor.py:161} INFO - Started process (PID=13186) to work on /home/airflow/.local/lib/python3.12/site-packages/airflow/example_dags/example_kubernetes_executor.py
[2024-07-26T00:06:37.926+0000] {processor.py:830} INFO - Processing file /home/airflow/.local/lib/python3.12/site-packages/airflow/example_dags/example_kubernetes_executor.py for tasks to queue
[2024-07-26T00:06:37.928+0000] {logging_mixin.py:188} INFO - [2024-07-26T00:06:37.928+0000] {dagbag.py:545} INFO - Filling up the DagBag from /home/airflow/.local/lib/python3.12/site-packages/airflow/example_dags/example_kubernetes_executor.py
[2024-07-26T00:06:37.937+0000] {processor.py:840} INFO - DAG(s) 'example_kubernetes_executor' retrieved from /home/airflow/.local/lib/python3.12/site-packages/airflow/example_dags/example_kubernetes_executor.py
[2024-07-26T00:06:37.966+0000] {logging_mixin.py:188} INFO - [2024-07-26T00:06:37.965+0000] {dag.py:3089} INFO - Sync 1 DAGs
[2024-07-26T00:06:37.976+0000] {logging_mixin.py:188} INFO - [2024-07-26T00:06:37.976+0000] {dag.py:3947} INFO - Setting next_dagrun for example_kubernetes_executor to None, run_after=None
[2024-07-26T00:06:37.995+0000] {processor.py:183} INFO - Processing /home/airflow/.local/lib/python3.12/site-packages/airflow/example_dags/example_kubernetes_executor.py took 0.073 seconds
[2024-07-26T00:07:08.446+0000] {processor.py:161} INFO - Started process (PID=13245) to work on /home/airflow/.local/lib/python3.12/site-packages/airflow/example_dags/example_kubernetes_executor.py
[2024-07-26T00:07:08.447+0000] {processor.py:830} INFO - Processing file /home/airflow/.local/lib/python3.12/site-packages/airflow/example_dags/example_kubernetes_executor.py for tasks to queue
[2024-07-26T00:07:08.448+0000] {logging_mixin.py:188} INFO - [2024-07-26T00:07:08.448+0000] {dagbag.py:545} INFO - Filling up the DagBag from /home/airflow/.local/lib/python3.12/site-packages/airflow/example_dags/example_kubernetes_executor.py
[2024-07-26T00:07:08.459+0000] {processor.py:840} INFO - DAG(s) 'example_kubernetes_executor' retrieved from /home/airflow/.local/lib/python3.12/site-packages/airflow/example_dags/example_kubernetes_executor.py
[2024-07-26T00:07:08.489+0000] {logging_mixin.py:188} INFO - [2024-07-26T00:07:08.489+0000] {dag.py:3089} INFO - Sync 1 DAGs
[2024-07-26T00:07:08.499+0000] {logging_mixin.py:188} INFO - [2024-07-26T00:07:08.499+0000] {dag.py:3947} INFO - Setting next_dagrun for example_kubernetes_executor to None, run_after=None
[2024-07-26T00:07:08.517+0000] {processor.py:183} INFO - Processing /home/airflow/.local/lib/python3.12/site-packages/airflow/example_dags/example_kubernetes_executor.py took 0.075 seconds
[2024-07-26T00:07:38.974+0000] {processor.py:161} INFO - Started process (PID=13304) to work on /home/airflow/.local/lib/python3.12/site-packages/airflow/example_dags/example_kubernetes_executor.py
[2024-07-26T00:07:38.974+0000] {processor.py:830} INFO - Processing file /home/airflow/.local/lib/python3.12/site-packages/airflow/example_dags/example_kubernetes_executor.py for tasks to queue
[2024-07-26T00:07:38.977+0000] {logging_mixin.py:188} INFO - [2024-07-26T00:07:38.976+0000] {dagbag.py:545} INFO - Filling up the DagBag from /home/airflow/.local/lib/python3.12/site-packages/airflow/example_dags/example_kubernetes_executor.py
[2024-07-26T00:07:38.987+0000] {processor.py:840} INFO - DAG(s) 'example_kubernetes_executor' retrieved from /home/airflow/.local/lib/python3.12/site-packages/airflow/example_dags/example_kubernetes_executor.py
[2024-07-26T00:07:39.016+0000] {logging_mixin.py:188} INFO - [2024-07-26T00:07:39.016+0000] {dag.py:3089} INFO - Sync 1 DAGs
[2024-07-26T00:07:39.026+0000] {logging_mixin.py:188} INFO - [2024-07-26T00:07:39.025+0000] {dag.py:3947} INFO - Setting next_dagrun for example_kubernetes_executor to None, run_after=None
[2024-07-26T00:07:39.041+0000] {processor.py:183} INFO - Processing /home/airflow/.local/lib/python3.12/site-packages/airflow/example_dags/example_kubernetes_executor.py took 0.072 seconds
[2024-07-26T00:08:09.352+0000] {processor.py:161} INFO - Started process (PID=13363) to work on /home/airflow/.local/lib/python3.12/site-packages/airflow/example_dags/example_kubernetes_executor.py
[2024-07-26T00:08:09.353+0000] {processor.py:830} INFO - Processing file /home/airflow/.local/lib/python3.12/site-packages/airflow/example_dags/example_kubernetes_executor.py for tasks to queue
[2024-07-26T00:08:09.354+0000] {logging_mixin.py:188} INFO - [2024-07-26T00:08:09.354+0000] {dagbag.py:545} INFO - Filling up the DagBag from /home/airflow/.local/lib/python3.12/site-packages/airflow/example_dags/example_kubernetes_executor.py
[2024-07-26T00:08:09.364+0000] {processor.py:840} INFO - DAG(s) 'example_kubernetes_executor' retrieved from /home/airflow/.local/lib/python3.12/site-packages/airflow/example_dags/example_kubernetes_executor.py
[2024-07-26T00:08:09.392+0000] {logging_mixin.py:188} INFO - [2024-07-26T00:08:09.392+0000] {dag.py:3089} INFO - Sync 1 DAGs
[2024-07-26T00:08:09.402+0000] {logging_mixin.py:188} INFO - [2024-07-26T00:08:09.402+0000] {dag.py:3947} INFO - Setting next_dagrun for example_kubernetes_executor to None, run_after=None
[2024-07-26T00:08:09.419+0000] {processor.py:183} INFO - Processing /home/airflow/.local/lib/python3.12/site-packages/airflow/example_dags/example_kubernetes_executor.py took 0.071 seconds
[2024-07-26T00:08:39.919+0000] {processor.py:161} INFO - Started process (PID=13422) to work on /home/airflow/.local/lib/python3.12/site-packages/airflow/example_dags/example_kubernetes_executor.py
[2024-07-26T00:08:39.920+0000] {processor.py:830} INFO - Processing file /home/airflow/.local/lib/python3.12/site-packages/airflow/example_dags/example_kubernetes_executor.py for tasks to queue
[2024-07-26T00:08:39.922+0000] {logging_mixin.py:188} INFO - [2024-07-26T00:08:39.921+0000] {dagbag.py:545} INFO - Filling up the DagBag from /home/airflow/.local/lib/python3.12/site-packages/airflow/example_dags/example_kubernetes_executor.py
[2024-07-26T00:08:39.932+0000] {processor.py:840} INFO - DAG(s) 'example_kubernetes_executor' retrieved from /home/airflow/.local/lib/python3.12/site-packages/airflow/example_dags/example_kubernetes_executor.py
[2024-07-26T00:08:39.959+0000] {logging_mixin.py:188} INFO - [2024-07-26T00:08:39.959+0000] {dag.py:3089} INFO - Sync 1 DAGs
[2024-07-26T00:08:39.969+0000] {logging_mixin.py:188} INFO - [2024-07-26T00:08:39.969+0000] {dag.py:3947} INFO - Setting next_dagrun for example_kubernetes_executor to None, run_after=None
[2024-07-26T00:08:39.983+0000] {processor.py:183} INFO - Processing /home/airflow/.local/lib/python3.12/site-packages/airflow/example_dags/example_kubernetes_executor.py took 0.069 seconds
[2024-07-26T00:09:10.408+0000] {processor.py:161} INFO - Started process (PID=13481) to work on /home/airflow/.local/lib/python3.12/site-packages/airflow/example_dags/example_kubernetes_executor.py
[2024-07-26T00:09:10.409+0000] {processor.py:830} INFO - Processing file /home/airflow/.local/lib/python3.12/site-packages/airflow/example_dags/example_kubernetes_executor.py for tasks to queue
[2024-07-26T00:09:10.411+0000] {logging_mixin.py:188} INFO - [2024-07-26T00:09:10.410+0000] {dagbag.py:545} INFO - Filling up the DagBag from /home/airflow/.local/lib/python3.12/site-packages/airflow/example_dags/example_kubernetes_executor.py
[2024-07-26T00:09:10.421+0000] {processor.py:840} INFO - DAG(s) 'example_kubernetes_executor' retrieved from /home/airflow/.local/lib/python3.12/site-packages/airflow/example_dags/example_kubernetes_executor.py
[2024-07-26T00:09:10.454+0000] {logging_mixin.py:188} INFO - [2024-07-26T00:09:10.453+0000] {dag.py:3089} INFO - Sync 1 DAGs
[2024-07-26T00:09:10.472+0000] {logging_mixin.py:188} INFO - [2024-07-26T00:09:10.472+0000] {dag.py:3947} INFO - Setting next_dagrun for example_kubernetes_executor to None, run_after=None
[2024-07-26T00:09:10.498+0000] {processor.py:183} INFO - Processing /home/airflow/.local/lib/python3.12/site-packages/airflow/example_dags/example_kubernetes_executor.py took 0.095 seconds
[2024-07-26T00:09:40.941+0000] {processor.py:161} INFO - Started process (PID=13540) to work on /home/airflow/.local/lib/python3.12/site-packages/airflow/example_dags/example_kubernetes_executor.py
[2024-07-26T00:09:40.941+0000] {processor.py:830} INFO - Processing file /home/airflow/.local/lib/python3.12/site-packages/airflow/example_dags/example_kubernetes_executor.py for tasks to queue
[2024-07-26T00:09:40.943+0000] {logging_mixin.py:188} INFO - [2024-07-26T00:09:40.942+0000] {dagbag.py:545} INFO - Filling up the DagBag from /home/airflow/.local/lib/python3.12/site-packages/airflow/example_dags/example_kubernetes_executor.py
[2024-07-26T00:09:40.952+0000] {processor.py:840} INFO - DAG(s) 'example_kubernetes_executor' retrieved from /home/airflow/.local/lib/python3.12/site-packages/airflow/example_dags/example_kubernetes_executor.py
[2024-07-26T00:09:40.981+0000] {logging_mixin.py:188} INFO - [2024-07-26T00:09:40.980+0000] {dag.py:3089} INFO - Sync 1 DAGs
[2024-07-26T00:09:40.990+0000] {logging_mixin.py:188} INFO - [2024-07-26T00:09:40.990+0000] {dag.py:3947} INFO - Setting next_dagrun for example_kubernetes_executor to None, run_after=None
[2024-07-26T00:09:41.007+0000] {processor.py:183} INFO - Processing /home/airflow/.local/lib/python3.12/site-packages/airflow/example_dags/example_kubernetes_executor.py took 0.071 seconds
[2024-07-26T00:10:11.432+0000] {processor.py:161} INFO - Started process (PID=13599) to work on /home/airflow/.local/lib/python3.12/site-packages/airflow/example_dags/example_kubernetes_executor.py
[2024-07-26T00:10:11.432+0000] {processor.py:830} INFO - Processing file /home/airflow/.local/lib/python3.12/site-packages/airflow/example_dags/example_kubernetes_executor.py for tasks to queue
[2024-07-26T00:10:11.434+0000] {logging_mixin.py:188} INFO - [2024-07-26T00:10:11.434+0000] {dagbag.py:545} INFO - Filling up the DagBag from /home/airflow/.local/lib/python3.12/site-packages/airflow/example_dags/example_kubernetes_executor.py
[2024-07-26T00:10:11.443+0000] {processor.py:840} INFO - DAG(s) 'example_kubernetes_executor' retrieved from /home/airflow/.local/lib/python3.12/site-packages/airflow/example_dags/example_kubernetes_executor.py
[2024-07-26T00:10:11.472+0000] {logging_mixin.py:188} INFO - [2024-07-26T00:10:11.471+0000] {dag.py:3089} INFO - Sync 1 DAGs
[2024-07-26T00:10:11.483+0000] {logging_mixin.py:188} INFO - [2024-07-26T00:10:11.483+0000] {dag.py:3947} INFO - Setting next_dagrun for example_kubernetes_executor to None, run_after=None
[2024-07-26T00:10:11.500+0000] {processor.py:183} INFO - Processing /home/airflow/.local/lib/python3.12/site-packages/airflow/example_dags/example_kubernetes_executor.py took 0.073 seconds
[2024-07-26T00:10:41.907+0000] {processor.py:161} INFO - Started process (PID=13658) to work on /home/airflow/.local/lib/python3.12/site-packages/airflow/example_dags/example_kubernetes_executor.py
[2024-07-26T00:10:41.908+0000] {processor.py:830} INFO - Processing file /home/airflow/.local/lib/python3.12/site-packages/airflow/example_dags/example_kubernetes_executor.py for tasks to queue
[2024-07-26T00:10:41.909+0000] {logging_mixin.py:188} INFO - [2024-07-26T00:10:41.909+0000] {dagbag.py:545} INFO - Filling up the DagBag from /home/airflow/.local/lib/python3.12/site-packages/airflow/example_dags/example_kubernetes_executor.py
[2024-07-26T00:10:41.918+0000] {processor.py:840} INFO - DAG(s) 'example_kubernetes_executor' retrieved from /home/airflow/.local/lib/python3.12/site-packages/airflow/example_dags/example_kubernetes_executor.py
[2024-07-26T00:10:41.946+0000] {logging_mixin.py:188} INFO - [2024-07-26T00:10:41.946+0000] {dag.py:3089} INFO - Sync 1 DAGs
[2024-07-26T00:10:41.955+0000] {logging_mixin.py:188} INFO - [2024-07-26T00:10:41.955+0000] {dag.py:3947} INFO - Setting next_dagrun for example_kubernetes_executor to None, run_after=None
[2024-07-26T00:10:41.971+0000] {processor.py:183} INFO - Processing /home/airflow/.local/lib/python3.12/site-packages/airflow/example_dags/example_kubernetes_executor.py took 0.067 seconds
[2024-07-26T00:11:12.380+0000] {processor.py:161} INFO - Started process (PID=13717) to work on /home/airflow/.local/lib/python3.12/site-packages/airflow/example_dags/example_kubernetes_executor.py
[2024-07-26T00:11:12.380+0000] {processor.py:830} INFO - Processing file /home/airflow/.local/lib/python3.12/site-packages/airflow/example_dags/example_kubernetes_executor.py for tasks to queue
[2024-07-26T00:11:12.382+0000] {logging_mixin.py:188} INFO - [2024-07-26T00:11:12.382+0000] {dagbag.py:545} INFO - Filling up the DagBag from /home/airflow/.local/lib/python3.12/site-packages/airflow/example_dags/example_kubernetes_executor.py
[2024-07-26T00:11:12.393+0000] {processor.py:840} INFO - DAG(s) 'example_kubernetes_executor' retrieved from /home/airflow/.local/lib/python3.12/site-packages/airflow/example_dags/example_kubernetes_executor.py
[2024-07-26T00:11:12.420+0000] {logging_mixin.py:188} INFO - [2024-07-26T00:11:12.420+0000] {dag.py:3089} INFO - Sync 1 DAGs
[2024-07-26T00:11:12.429+0000] {logging_mixin.py:188} INFO - [2024-07-26T00:11:12.429+0000] {dag.py:3947} INFO - Setting next_dagrun for example_kubernetes_executor to None, run_after=None
[2024-07-26T00:11:12.444+0000] {processor.py:183} INFO - Processing /home/airflow/.local/lib/python3.12/site-packages/airflow/example_dags/example_kubernetes_executor.py took 0.068 seconds
[2024-07-26T00:11:42.788+0000] {processor.py:161} INFO - Started process (PID=13776) to work on /home/airflow/.local/lib/python3.12/site-packages/airflow/example_dags/example_kubernetes_executor.py
[2024-07-26T00:11:42.788+0000] {processor.py:830} INFO - Processing file /home/airflow/.local/lib/python3.12/site-packages/airflow/example_dags/example_kubernetes_executor.py for tasks to queue
[2024-07-26T00:11:42.790+0000] {logging_mixin.py:188} INFO - [2024-07-26T00:11:42.789+0000] {dagbag.py:545} INFO - Filling up the DagBag from /home/airflow/.local/lib/python3.12/site-packages/airflow/example_dags/example_kubernetes_executor.py
[2024-07-26T00:11:42.799+0000] {processor.py:840} INFO - DAG(s) 'example_kubernetes_executor' retrieved from /home/airflow/.local/lib/python3.12/site-packages/airflow/example_dags/example_kubernetes_executor.py
[2024-07-26T00:11:42.828+0000] {logging_mixin.py:188} INFO - [2024-07-26T00:11:42.828+0000] {dag.py:3089} INFO - Sync 1 DAGs
[2024-07-26T00:11:42.838+0000] {logging_mixin.py:188} INFO - [2024-07-26T00:11:42.837+0000] {dag.py:3947} INFO - Setting next_dagrun for example_kubernetes_executor to None, run_after=None
[2024-07-26T00:11:42.853+0000] {processor.py:183} INFO - Processing /home/airflow/.local/lib/python3.12/site-packages/airflow/example_dags/example_kubernetes_executor.py took 0.070 seconds
[2024-07-26T00:14:36.378+0000] {processor.py:161} INFO - Started process (PID=66) to work on /home/airflow/.local/lib/python3.12/site-packages/airflow/example_dags/example_kubernetes_executor.py
[2024-07-26T00:14:36.380+0000] {processor.py:830} INFO - Processing file /home/airflow/.local/lib/python3.12/site-packages/airflow/example_dags/example_kubernetes_executor.py for tasks to queue
[2024-07-26T00:14:36.382+0000] {logging_mixin.py:188} INFO - [2024-07-26T00:14:36.382+0000] {dagbag.py:545} INFO - Filling up the DagBag from /home/airflow/.local/lib/python3.12/site-packages/airflow/example_dags/example_kubernetes_executor.py
[2024-07-26T00:14:36.395+0000] {processor.py:840} INFO - DAG(s) 'example_kubernetes_executor' retrieved from /home/airflow/.local/lib/python3.12/site-packages/airflow/example_dags/example_kubernetes_executor.py
[2024-07-26T00:14:36.412+0000] {logging_mixin.py:188} INFO - [2024-07-26T00:14:36.411+0000] {dag.py:3089} INFO - Sync 1 DAGs
[2024-07-26T00:14:36.435+0000] {logging_mixin.py:188} INFO - [2024-07-26T00:14:36.435+0000] {dag.py:3947} INFO - Setting next_dagrun for example_kubernetes_executor to None, run_after=None
[2024-07-26T00:14:36.462+0000] {processor.py:183} INFO - Processing /home/airflow/.local/lib/python3.12/site-packages/airflow/example_dags/example_kubernetes_executor.py took 0.089 seconds
[2024-07-26T00:15:07.964+0000] {processor.py:161} INFO - Started process (PID=125) to work on /home/airflow/.local/lib/python3.12/site-packages/airflow/example_dags/example_kubernetes_executor.py
[2024-07-26T00:15:07.965+0000] {processor.py:830} INFO - Processing file /home/airflow/.local/lib/python3.12/site-packages/airflow/example_dags/example_kubernetes_executor.py for tasks to queue
[2024-07-26T00:15:07.966+0000] {logging_mixin.py:188} INFO - [2024-07-26T00:15:07.966+0000] {dagbag.py:545} INFO - Filling up the DagBag from /home/airflow/.local/lib/python3.12/site-packages/airflow/example_dags/example_kubernetes_executor.py
[2024-07-26T00:15:07.975+0000] {processor.py:840} INFO - DAG(s) 'example_kubernetes_executor' retrieved from /home/airflow/.local/lib/python3.12/site-packages/airflow/example_dags/example_kubernetes_executor.py
[2024-07-26T00:15:08.073+0000] {logging_mixin.py:188} INFO - [2024-07-26T00:15:08.073+0000] {dag.py:3089} INFO - Sync 1 DAGs
[2024-07-26T00:15:08.082+0000] {logging_mixin.py:188} INFO - [2024-07-26T00:15:08.082+0000] {dag.py:3947} INFO - Setting next_dagrun for example_kubernetes_executor to None, run_after=None
[2024-07-26T00:15:08.098+0000] {processor.py:183} INFO - Processing /home/airflow/.local/lib/python3.12/site-packages/airflow/example_dags/example_kubernetes_executor.py took 0.137 seconds
[2024-07-26T00:15:38.539+0000] {processor.py:161} INFO - Started process (PID=184) to work on /home/airflow/.local/lib/python3.12/site-packages/airflow/example_dags/example_kubernetes_executor.py
[2024-07-26T00:15:38.540+0000] {processor.py:830} INFO - Processing file /home/airflow/.local/lib/python3.12/site-packages/airflow/example_dags/example_kubernetes_executor.py for tasks to queue
[2024-07-26T00:15:38.542+0000] {logging_mixin.py:188} INFO - [2024-07-26T00:15:38.541+0000] {dagbag.py:545} INFO - Filling up the DagBag from /home/airflow/.local/lib/python3.12/site-packages/airflow/example_dags/example_kubernetes_executor.py
[2024-07-26T00:15:38.552+0000] {processor.py:840} INFO - DAG(s) 'example_kubernetes_executor' retrieved from /home/airflow/.local/lib/python3.12/site-packages/airflow/example_dags/example_kubernetes_executor.py
[2024-07-26T00:15:38.584+0000] {logging_mixin.py:188} INFO - [2024-07-26T00:15:38.584+0000] {dag.py:3089} INFO - Sync 1 DAGs
[2024-07-26T00:15:38.595+0000] {logging_mixin.py:188} INFO - [2024-07-26T00:15:38.594+0000] {dag.py:3947} INFO - Setting next_dagrun for example_kubernetes_executor to None, run_after=None
[2024-07-26T00:15:38.611+0000] {processor.py:183} INFO - Processing /home/airflow/.local/lib/python3.12/site-packages/airflow/example_dags/example_kubernetes_executor.py took 0.076 seconds
[2024-07-26T00:16:08.702+0000] {processor.py:161} INFO - Started process (PID=243) to work on /home/airflow/.local/lib/python3.12/site-packages/airflow/example_dags/example_kubernetes_executor.py
[2024-07-26T00:16:08.702+0000] {processor.py:830} INFO - Processing file /home/airflow/.local/lib/python3.12/site-packages/airflow/example_dags/example_kubernetes_executor.py for tasks to queue
[2024-07-26T00:16:08.703+0000] {logging_mixin.py:188} INFO - [2024-07-26T00:16:08.703+0000] {dagbag.py:545} INFO - Filling up the DagBag from /home/airflow/.local/lib/python3.12/site-packages/airflow/example_dags/example_kubernetes_executor.py
[2024-07-26T00:16:08.711+0000] {processor.py:840} INFO - DAG(s) 'example_kubernetes_executor' retrieved from /home/airflow/.local/lib/python3.12/site-packages/airflow/example_dags/example_kubernetes_executor.py
[2024-07-26T00:16:08.738+0000] {logging_mixin.py:188} INFO - [2024-07-26T00:16:08.738+0000] {dag.py:3089} INFO - Sync 1 DAGs
[2024-07-26T00:16:08.746+0000] {logging_mixin.py:188} INFO - [2024-07-26T00:16:08.746+0000] {dag.py:3947} INFO - Setting next_dagrun for example_kubernetes_executor to None, run_after=None
[2024-07-26T00:16:08.763+0000] {processor.py:183} INFO - Processing /home/airflow/.local/lib/python3.12/site-packages/airflow/example_dags/example_kubernetes_executor.py took 0.065 seconds
[2024-07-26T00:16:39.225+0000] {processor.py:161} INFO - Started process (PID=302) to work on /home/airflow/.local/lib/python3.12/site-packages/airflow/example_dags/example_kubernetes_executor.py
[2024-07-26T00:16:39.226+0000] {processor.py:830} INFO - Processing file /home/airflow/.local/lib/python3.12/site-packages/airflow/example_dags/example_kubernetes_executor.py for tasks to queue
[2024-07-26T00:16:39.228+0000] {logging_mixin.py:188} INFO - [2024-07-26T00:16:39.228+0000] {dagbag.py:545} INFO - Filling up the DagBag from /home/airflow/.local/lib/python3.12/site-packages/airflow/example_dags/example_kubernetes_executor.py
[2024-07-26T00:16:39.236+0000] {processor.py:840} INFO - DAG(s) 'example_kubernetes_executor' retrieved from /home/airflow/.local/lib/python3.12/site-packages/airflow/example_dags/example_kubernetes_executor.py
[2024-07-26T00:16:39.266+0000] {logging_mixin.py:188} INFO - [2024-07-26T00:16:39.266+0000] {dag.py:3089} INFO - Sync 1 DAGs
[2024-07-26T00:16:39.276+0000] {logging_mixin.py:188} INFO - [2024-07-26T00:16:39.276+0000] {dag.py:3947} INFO - Setting next_dagrun for example_kubernetes_executor to None, run_after=None
[2024-07-26T00:16:39.293+0000] {processor.py:183} INFO - Processing /home/airflow/.local/lib/python3.12/site-packages/airflow/example_dags/example_kubernetes_executor.py took 0.072 seconds
[2024-07-26T00:17:09.817+0000] {processor.py:161} INFO - Started process (PID=361) to work on /home/airflow/.local/lib/python3.12/site-packages/airflow/example_dags/example_kubernetes_executor.py
[2024-07-26T00:17:09.818+0000] {processor.py:830} INFO - Processing file /home/airflow/.local/lib/python3.12/site-packages/airflow/example_dags/example_kubernetes_executor.py for tasks to queue
[2024-07-26T00:17:09.819+0000] {logging_mixin.py:188} INFO - [2024-07-26T00:17:09.819+0000] {dagbag.py:545} INFO - Filling up the DagBag from /home/airflow/.local/lib/python3.12/site-packages/airflow/example_dags/example_kubernetes_executor.py
[2024-07-26T00:17:09.828+0000] {processor.py:840} INFO - DAG(s) 'example_kubernetes_executor' retrieved from /home/airflow/.local/lib/python3.12/site-packages/airflow/example_dags/example_kubernetes_executor.py
[2024-07-26T00:17:09.860+0000] {logging_mixin.py:188} INFO - [2024-07-26T00:17:09.860+0000] {dag.py:3089} INFO - Sync 1 DAGs
[2024-07-26T00:17:09.872+0000] {logging_mixin.py:188} INFO - [2024-07-26T00:17:09.872+0000] {dag.py:3947} INFO - Setting next_dagrun for example_kubernetes_executor to None, run_after=None
[2024-07-26T00:17:09.889+0000] {processor.py:183} INFO - Processing /home/airflow/.local/lib/python3.12/site-packages/airflow/example_dags/example_kubernetes_executor.py took 0.076 seconds
[2024-07-26T00:17:40.337+0000] {processor.py:161} INFO - Started process (PID=421) to work on /home/airflow/.local/lib/python3.12/site-packages/airflow/example_dags/example_kubernetes_executor.py
[2024-07-26T00:17:40.338+0000] {processor.py:830} INFO - Processing file /home/airflow/.local/lib/python3.12/site-packages/airflow/example_dags/example_kubernetes_executor.py for tasks to queue
[2024-07-26T00:17:40.340+0000] {logging_mixin.py:188} INFO - [2024-07-26T00:17:40.339+0000] {dagbag.py:545} INFO - Filling up the DagBag from /home/airflow/.local/lib/python3.12/site-packages/airflow/example_dags/example_kubernetes_executor.py
[2024-07-26T00:17:40.348+0000] {processor.py:840} INFO - DAG(s) 'example_kubernetes_executor' retrieved from /home/airflow/.local/lib/python3.12/site-packages/airflow/example_dags/example_kubernetes_executor.py
[2024-07-26T00:17:40.379+0000] {logging_mixin.py:188} INFO - [2024-07-26T00:17:40.379+0000] {dag.py:3089} INFO - Sync 1 DAGs
[2024-07-26T00:17:40.390+0000] {logging_mixin.py:188} INFO - [2024-07-26T00:17:40.390+0000] {dag.py:3947} INFO - Setting next_dagrun for example_kubernetes_executor to None, run_after=None
[2024-07-26T00:17:40.406+0000] {processor.py:183} INFO - Processing /home/airflow/.local/lib/python3.12/site-packages/airflow/example_dags/example_kubernetes_executor.py took 0.073 seconds
[2024-07-26T00:18:10.796+0000] {processor.py:161} INFO - Started process (PID=480) to work on /home/airflow/.local/lib/python3.12/site-packages/airflow/example_dags/example_kubernetes_executor.py
[2024-07-26T00:18:10.797+0000] {processor.py:830} INFO - Processing file /home/airflow/.local/lib/python3.12/site-packages/airflow/example_dags/example_kubernetes_executor.py for tasks to queue
[2024-07-26T00:18:10.798+0000] {logging_mixin.py:188} INFO - [2024-07-26T00:18:10.798+0000] {dagbag.py:545} INFO - Filling up the DagBag from /home/airflow/.local/lib/python3.12/site-packages/airflow/example_dags/example_kubernetes_executor.py
[2024-07-26T00:18:10.808+0000] {processor.py:840} INFO - DAG(s) 'example_kubernetes_executor' retrieved from /home/airflow/.local/lib/python3.12/site-packages/airflow/example_dags/example_kubernetes_executor.py
[2024-07-26T00:18:10.836+0000] {logging_mixin.py:188} INFO - [2024-07-26T00:18:10.836+0000] {dag.py:3089} INFO - Sync 1 DAGs
[2024-07-26T00:18:10.845+0000] {logging_mixin.py:188} INFO - [2024-07-26T00:18:10.845+0000] {dag.py:3947} INFO - Setting next_dagrun for example_kubernetes_executor to None, run_after=None
[2024-07-26T00:18:10.862+0000] {processor.py:183} INFO - Processing /home/airflow/.local/lib/python3.12/site-packages/airflow/example_dags/example_kubernetes_executor.py took 0.069 seconds
