[2024-07-26T00:00:29.811+0000] {processor.py:161} INFO - Started process (PID=12461) to work on /home/airflow/.local/lib/python3.12/site-packages/airflow/example_dags/example_subdag_operator.py
[2024-07-26T00:00:29.812+0000] {processor.py:830} INFO - Processing file /home/airflow/.local/lib/python3.12/site-packages/airflow/example_dags/example_subdag_operator.py for tasks to queue
[2024-07-26T00:00:29.814+0000] {logging_mixin.py:188} INFO - [2024-07-26T00:00:29.814+0000] {dagbag.py:545} INFO - Filling up the DagBag from /home/airflow/.local/lib/python3.12/site-packages/airflow/example_dags/example_subdag_operator.py
[2024-07-26T00:00:29.832+0000] {processor.py:840} INFO - DAG(s) 'example_subdag_operator.section-1', 'example_subdag_operator.section-2', 'example_subdag_operator' retrieved from /home/airflow/.local/lib/python3.12/site-packages/airflow/example_dags/example_subdag_operator.py
[2024-07-26T00:00:29.846+0000] {logging_mixin.py:188} INFO - [2024-07-26T00:00:29.846+0000] {dag.py:3089} INFO - Sync 3 DAGs
[2024-07-26T00:00:29.865+0000] {logging_mixin.py:188} INFO - [2024-07-26T00:00:29.865+0000] {dag.py:3947} INFO - Setting next_dagrun for example_subdag_operator to 2022-01-01 00:00:00+00:00, run_after=2022-01-01 00:00:00+00:00
[2024-07-26T00:00:29.869+0000] {logging_mixin.py:188} INFO - [2024-07-26T00:00:29.869+0000] {dag.py:3947} INFO - Setting next_dagrun for example_subdag_operator.section-1 to None, run_after=None
[2024-07-26T00:00:29.871+0000] {logging_mixin.py:188} INFO - [2024-07-26T00:00:29.871+0000] {dag.py:3947} INFO - Setting next_dagrun for example_subdag_operator.section-2 to None, run_after=None
[2024-07-26T00:00:29.877+0000] {logging_mixin.py:188} INFO - [2024-07-26T00:00:29.877+0000] {dag.py:3089} INFO - Sync 2 DAGs
[2024-07-26T00:00:29.882+0000] {logging_mixin.py:188} INFO - [2024-07-26T00:00:29.882+0000] {dag.py:3947} INFO - Setting next_dagrun for example_subdag_operator.section-1 to None, run_after=None
[2024-07-26T00:00:29.883+0000] {logging_mixin.py:188} INFO - [2024-07-26T00:00:29.883+0000] {dag.py:3947} INFO - Setting next_dagrun for example_subdag_operator.section-2 to None, run_after=None
[2024-07-26T00:00:29.893+0000] {processor.py:183} INFO - Processing /home/airflow/.local/lib/python3.12/site-packages/airflow/example_dags/example_subdag_operator.py took 0.087 seconds
[2024-07-26T00:01:00.240+0000] {processor.py:161} INFO - Started process (PID=12520) to work on /home/airflow/.local/lib/python3.12/site-packages/airflow/example_dags/example_subdag_operator.py
[2024-07-26T00:01:00.241+0000] {processor.py:830} INFO - Processing file /home/airflow/.local/lib/python3.12/site-packages/airflow/example_dags/example_subdag_operator.py for tasks to queue
[2024-07-26T00:01:00.242+0000] {logging_mixin.py:188} INFO - [2024-07-26T00:01:00.242+0000] {dagbag.py:545} INFO - Filling up the DagBag from /home/airflow/.local/lib/python3.12/site-packages/airflow/example_dags/example_subdag_operator.py
[2024-07-26T00:01:00.259+0000] {processor.py:840} INFO - DAG(s) 'example_subdag_operator.section-1', 'example_subdag_operator.section-2', 'example_subdag_operator' retrieved from /home/airflow/.local/lib/python3.12/site-packages/airflow/example_dags/example_subdag_operator.py
[2024-07-26T00:01:00.270+0000] {logging_mixin.py:188} INFO - [2024-07-26T00:01:00.270+0000] {dag.py:3089} INFO - Sync 3 DAGs
[2024-07-26T00:01:00.284+0000] {logging_mixin.py:188} INFO - [2024-07-26T00:01:00.284+0000] {dag.py:3947} INFO - Setting next_dagrun for example_subdag_operator to 2022-01-01 00:00:00+00:00, run_after=2022-01-01 00:00:00+00:00
[2024-07-26T00:01:00.287+0000] {logging_mixin.py:188} INFO - [2024-07-26T00:01:00.286+0000] {dag.py:3947} INFO - Setting next_dagrun for example_subdag_operator.section-1 to None, run_after=None
[2024-07-26T00:01:00.287+0000] {logging_mixin.py:188} INFO - [2024-07-26T00:01:00.287+0000] {dag.py:3947} INFO - Setting next_dagrun for example_subdag_operator.section-2 to None, run_after=None
[2024-07-26T00:01:00.292+0000] {logging_mixin.py:188} INFO - [2024-07-26T00:01:00.292+0000] {dag.py:3089} INFO - Sync 2 DAGs
[2024-07-26T00:01:00.296+0000] {logging_mixin.py:188} INFO - [2024-07-26T00:01:00.296+0000] {dag.py:3947} INFO - Setting next_dagrun for example_subdag_operator.section-1 to None, run_after=None
[2024-07-26T00:01:00.296+0000] {logging_mixin.py:188} INFO - [2024-07-26T00:01:00.296+0000] {dag.py:3947} INFO - Setting next_dagrun for example_subdag_operator.section-2 to None, run_after=None
[2024-07-26T00:01:00.304+0000] {processor.py:183} INFO - Processing /home/airflow/.local/lib/python3.12/site-packages/airflow/example_dags/example_subdag_operator.py took 0.068 seconds
[2024-07-26T00:01:30.557+0000] {processor.py:161} INFO - Started process (PID=12579) to work on /home/airflow/.local/lib/python3.12/site-packages/airflow/example_dags/example_subdag_operator.py
[2024-07-26T00:01:30.558+0000] {processor.py:830} INFO - Processing file /home/airflow/.local/lib/python3.12/site-packages/airflow/example_dags/example_subdag_operator.py for tasks to queue
[2024-07-26T00:01:30.560+0000] {logging_mixin.py:188} INFO - [2024-07-26T00:01:30.559+0000] {dagbag.py:545} INFO - Filling up the DagBag from /home/airflow/.local/lib/python3.12/site-packages/airflow/example_dags/example_subdag_operator.py
[2024-07-26T00:01:30.577+0000] {processor.py:840} INFO - DAG(s) 'example_subdag_operator.section-1', 'example_subdag_operator.section-2', 'example_subdag_operator' retrieved from /home/airflow/.local/lib/python3.12/site-packages/airflow/example_dags/example_subdag_operator.py
[2024-07-26T00:01:30.589+0000] {logging_mixin.py:188} INFO - [2024-07-26T00:01:30.588+0000] {dag.py:3089} INFO - Sync 3 DAGs
[2024-07-26T00:01:30.605+0000] {logging_mixin.py:188} INFO - [2024-07-26T00:01:30.605+0000] {dag.py:3947} INFO - Setting next_dagrun for example_subdag_operator to 2022-01-01 00:00:00+00:00, run_after=2022-01-01 00:00:00+00:00
[2024-07-26T00:01:30.608+0000] {logging_mixin.py:188} INFO - [2024-07-26T00:01:30.607+0000] {dag.py:3947} INFO - Setting next_dagrun for example_subdag_operator.section-1 to None, run_after=None
[2024-07-26T00:01:30.609+0000] {logging_mixin.py:188} INFO - [2024-07-26T00:01:30.609+0000] {dag.py:3947} INFO - Setting next_dagrun for example_subdag_operator.section-2 to None, run_after=None
[2024-07-26T00:01:30.614+0000] {logging_mixin.py:188} INFO - [2024-07-26T00:01:30.614+0000] {dag.py:3089} INFO - Sync 2 DAGs
[2024-07-26T00:01:30.618+0000] {logging_mixin.py:188} INFO - [2024-07-26T00:01:30.618+0000] {dag.py:3947} INFO - Setting next_dagrun for example_subdag_operator.section-1 to None, run_after=None
[2024-07-26T00:01:30.619+0000] {logging_mixin.py:188} INFO - [2024-07-26T00:01:30.619+0000] {dag.py:3947} INFO - Setting next_dagrun for example_subdag_operator.section-2 to None, run_after=None
[2024-07-26T00:01:30.627+0000] {processor.py:183} INFO - Processing /home/airflow/.local/lib/python3.12/site-packages/airflow/example_dags/example_subdag_operator.py took 0.074 seconds
[2024-07-26T00:02:01.007+0000] {processor.py:161} INFO - Started process (PID=12638) to work on /home/airflow/.local/lib/python3.12/site-packages/airflow/example_dags/example_subdag_operator.py
[2024-07-26T00:02:01.008+0000] {processor.py:830} INFO - Processing file /home/airflow/.local/lib/python3.12/site-packages/airflow/example_dags/example_subdag_operator.py for tasks to queue
[2024-07-26T00:02:01.009+0000] {logging_mixin.py:188} INFO - [2024-07-26T00:02:01.009+0000] {dagbag.py:545} INFO - Filling up the DagBag from /home/airflow/.local/lib/python3.12/site-packages/airflow/example_dags/example_subdag_operator.py
[2024-07-26T00:02:01.025+0000] {processor.py:840} INFO - DAG(s) 'example_subdag_operator.section-1', 'example_subdag_operator.section-2', 'example_subdag_operator' retrieved from /home/airflow/.local/lib/python3.12/site-packages/airflow/example_dags/example_subdag_operator.py
[2024-07-26T00:02:01.036+0000] {logging_mixin.py:188} INFO - [2024-07-26T00:02:01.036+0000] {dag.py:3089} INFO - Sync 3 DAGs
[2024-07-26T00:02:01.051+0000] {logging_mixin.py:188} INFO - [2024-07-26T00:02:01.051+0000] {dag.py:3947} INFO - Setting next_dagrun for example_subdag_operator to 2022-01-01 00:00:00+00:00, run_after=2022-01-01 00:00:00+00:00
[2024-07-26T00:02:01.054+0000] {logging_mixin.py:188} INFO - [2024-07-26T00:02:01.054+0000] {dag.py:3947} INFO - Setting next_dagrun for example_subdag_operator.section-1 to None, run_after=None
[2024-07-26T00:02:01.055+0000] {logging_mixin.py:188} INFO - [2024-07-26T00:02:01.055+0000] {dag.py:3947} INFO - Setting next_dagrun for example_subdag_operator.section-2 to None, run_after=None
[2024-07-26T00:02:01.060+0000] {logging_mixin.py:188} INFO - [2024-07-26T00:02:01.060+0000] {dag.py:3089} INFO - Sync 2 DAGs
[2024-07-26T00:02:01.063+0000] {logging_mixin.py:188} INFO - [2024-07-26T00:02:01.063+0000] {dag.py:3947} INFO - Setting next_dagrun for example_subdag_operator.section-1 to None, run_after=None
[2024-07-26T00:02:01.064+0000] {logging_mixin.py:188} INFO - [2024-07-26T00:02:01.064+0000] {dag.py:3947} INFO - Setting next_dagrun for example_subdag_operator.section-2 to None, run_after=None
[2024-07-26T00:02:01.071+0000] {processor.py:183} INFO - Processing /home/airflow/.local/lib/python3.12/site-packages/airflow/example_dags/example_subdag_operator.py took 0.068 seconds
[2024-07-26T00:02:31.483+0000] {processor.py:161} INFO - Started process (PID=12697) to work on /home/airflow/.local/lib/python3.12/site-packages/airflow/example_dags/example_subdag_operator.py
[2024-07-26T00:02:31.484+0000] {processor.py:830} INFO - Processing file /home/airflow/.local/lib/python3.12/site-packages/airflow/example_dags/example_subdag_operator.py for tasks to queue
[2024-07-26T00:02:31.486+0000] {logging_mixin.py:188} INFO - [2024-07-26T00:02:31.485+0000] {dagbag.py:545} INFO - Filling up the DagBag from /home/airflow/.local/lib/python3.12/site-packages/airflow/example_dags/example_subdag_operator.py
[2024-07-26T00:02:31.503+0000] {processor.py:840} INFO - DAG(s) 'example_subdag_operator.section-1', 'example_subdag_operator.section-2', 'example_subdag_operator' retrieved from /home/airflow/.local/lib/python3.12/site-packages/airflow/example_dags/example_subdag_operator.py
[2024-07-26T00:02:31.515+0000] {logging_mixin.py:188} INFO - [2024-07-26T00:02:31.515+0000] {dag.py:3089} INFO - Sync 3 DAGs
[2024-07-26T00:02:31.531+0000] {logging_mixin.py:188} INFO - [2024-07-26T00:02:31.531+0000] {dag.py:3947} INFO - Setting next_dagrun for example_subdag_operator to 2022-01-01 00:00:00+00:00, run_after=2022-01-01 00:00:00+00:00
[2024-07-26T00:02:31.534+0000] {logging_mixin.py:188} INFO - [2024-07-26T00:02:31.534+0000] {dag.py:3947} INFO - Setting next_dagrun for example_subdag_operator.section-1 to None, run_after=None
[2024-07-26T00:02:31.535+0000] {logging_mixin.py:188} INFO - [2024-07-26T00:02:31.535+0000] {dag.py:3947} INFO - Setting next_dagrun for example_subdag_operator.section-2 to None, run_after=None
[2024-07-26T00:02:31.540+0000] {logging_mixin.py:188} INFO - [2024-07-26T00:02:31.540+0000] {dag.py:3089} INFO - Sync 2 DAGs
[2024-07-26T00:02:31.544+0000] {logging_mixin.py:188} INFO - [2024-07-26T00:02:31.544+0000] {dag.py:3947} INFO - Setting next_dagrun for example_subdag_operator.section-1 to None, run_after=None
[2024-07-26T00:02:31.545+0000] {logging_mixin.py:188} INFO - [2024-07-26T00:02:31.545+0000] {dag.py:3947} INFO - Setting next_dagrun for example_subdag_operator.section-2 to None, run_after=None
[2024-07-26T00:02:31.552+0000] {processor.py:183} INFO - Processing /home/airflow/.local/lib/python3.12/site-packages/airflow/example_dags/example_subdag_operator.py took 0.073 seconds
[2024-07-26T00:03:01.905+0000] {processor.py:161} INFO - Started process (PID=12756) to work on /home/airflow/.local/lib/python3.12/site-packages/airflow/example_dags/example_subdag_operator.py
[2024-07-26T00:03:01.905+0000] {processor.py:830} INFO - Processing file /home/airflow/.local/lib/python3.12/site-packages/airflow/example_dags/example_subdag_operator.py for tasks to queue
[2024-07-26T00:03:01.907+0000] {logging_mixin.py:188} INFO - [2024-07-26T00:03:01.907+0000] {dagbag.py:545} INFO - Filling up the DagBag from /home/airflow/.local/lib/python3.12/site-packages/airflow/example_dags/example_subdag_operator.py
[2024-07-26T00:03:01.922+0000] {processor.py:840} INFO - DAG(s) 'example_subdag_operator.section-1', 'example_subdag_operator.section-2', 'example_subdag_operator' retrieved from /home/airflow/.local/lib/python3.12/site-packages/airflow/example_dags/example_subdag_operator.py
[2024-07-26T00:03:01.933+0000] {logging_mixin.py:188} INFO - [2024-07-26T00:03:01.933+0000] {dag.py:3089} INFO - Sync 3 DAGs
[2024-07-26T00:03:01.951+0000] {logging_mixin.py:188} INFO - [2024-07-26T00:03:01.951+0000] {dag.py:3947} INFO - Setting next_dagrun for example_subdag_operator to 2022-01-01 00:00:00+00:00, run_after=2022-01-01 00:00:00+00:00
[2024-07-26T00:03:01.956+0000] {logging_mixin.py:188} INFO - [2024-07-26T00:03:01.956+0000] {dag.py:3947} INFO - Setting next_dagrun for example_subdag_operator.section-1 to None, run_after=None
[2024-07-26T00:03:01.957+0000] {logging_mixin.py:188} INFO - [2024-07-26T00:03:01.957+0000] {dag.py:3947} INFO - Setting next_dagrun for example_subdag_operator.section-2 to None, run_after=None
[2024-07-26T00:03:01.963+0000] {logging_mixin.py:188} INFO - [2024-07-26T00:03:01.963+0000] {dag.py:3089} INFO - Sync 2 DAGs
[2024-07-26T00:03:01.968+0000] {logging_mixin.py:188} INFO - [2024-07-26T00:03:01.968+0000] {dag.py:3947} INFO - Setting next_dagrun for example_subdag_operator.section-1 to None, run_after=None
[2024-07-26T00:03:01.968+0000] {logging_mixin.py:188} INFO - [2024-07-26T00:03:01.968+0000] {dag.py:3947} INFO - Setting next_dagrun for example_subdag_operator.section-2 to None, run_after=None
[2024-07-26T00:03:01.977+0000] {processor.py:183} INFO - Processing /home/airflow/.local/lib/python3.12/site-packages/airflow/example_dags/example_subdag_operator.py took 0.077 seconds
[2024-07-26T00:03:32.435+0000] {processor.py:161} INFO - Started process (PID=12815) to work on /home/airflow/.local/lib/python3.12/site-packages/airflow/example_dags/example_subdag_operator.py
[2024-07-26T00:03:32.436+0000] {processor.py:830} INFO - Processing file /home/airflow/.local/lib/python3.12/site-packages/airflow/example_dags/example_subdag_operator.py for tasks to queue
[2024-07-26T00:03:32.438+0000] {logging_mixin.py:188} INFO - [2024-07-26T00:03:32.437+0000] {dagbag.py:545} INFO - Filling up the DagBag from /home/airflow/.local/lib/python3.12/site-packages/airflow/example_dags/example_subdag_operator.py
[2024-07-26T00:03:32.454+0000] {processor.py:840} INFO - DAG(s) 'example_subdag_operator.section-1', 'example_subdag_operator.section-2', 'example_subdag_operator' retrieved from /home/airflow/.local/lib/python3.12/site-packages/airflow/example_dags/example_subdag_operator.py
[2024-07-26T00:03:32.464+0000] {logging_mixin.py:188} INFO - [2024-07-26T00:03:32.464+0000] {dag.py:3089} INFO - Sync 3 DAGs
[2024-07-26T00:03:32.480+0000] {logging_mixin.py:188} INFO - [2024-07-26T00:03:32.479+0000] {dag.py:3947} INFO - Setting next_dagrun for example_subdag_operator to 2022-01-01 00:00:00+00:00, run_after=2022-01-01 00:00:00+00:00
[2024-07-26T00:03:32.483+0000] {logging_mixin.py:188} INFO - [2024-07-26T00:03:32.483+0000] {dag.py:3947} INFO - Setting next_dagrun for example_subdag_operator.section-1 to None, run_after=None
[2024-07-26T00:03:32.484+0000] {logging_mixin.py:188} INFO - [2024-07-26T00:03:32.484+0000] {dag.py:3947} INFO - Setting next_dagrun for example_subdag_operator.section-2 to None, run_after=None
[2024-07-26T00:03:32.489+0000] {logging_mixin.py:188} INFO - [2024-07-26T00:03:32.488+0000] {dag.py:3089} INFO - Sync 2 DAGs
[2024-07-26T00:03:32.493+0000] {logging_mixin.py:188} INFO - [2024-07-26T00:03:32.493+0000] {dag.py:3947} INFO - Setting next_dagrun for example_subdag_operator.section-1 to None, run_after=None
[2024-07-26T00:03:32.494+0000] {logging_mixin.py:188} INFO - [2024-07-26T00:03:32.494+0000] {dag.py:3947} INFO - Setting next_dagrun for example_subdag_operator.section-2 to None, run_after=None
[2024-07-26T00:03:32.503+0000] {processor.py:183} INFO - Processing /home/airflow/.local/lib/python3.12/site-packages/airflow/example_dags/example_subdag_operator.py took 0.072 seconds
[2024-07-26T00:04:02.829+0000] {processor.py:161} INFO - Started process (PID=12874) to work on /home/airflow/.local/lib/python3.12/site-packages/airflow/example_dags/example_subdag_operator.py
[2024-07-26T00:04:02.830+0000] {processor.py:830} INFO - Processing file /home/airflow/.local/lib/python3.12/site-packages/airflow/example_dags/example_subdag_operator.py for tasks to queue
[2024-07-26T00:04:02.831+0000] {logging_mixin.py:188} INFO - [2024-07-26T00:04:02.831+0000] {dagbag.py:545} INFO - Filling up the DagBag from /home/airflow/.local/lib/python3.12/site-packages/airflow/example_dags/example_subdag_operator.py
[2024-07-26T00:04:02.847+0000] {processor.py:840} INFO - DAG(s) 'example_subdag_operator.section-1', 'example_subdag_operator.section-2', 'example_subdag_operator' retrieved from /home/airflow/.local/lib/python3.12/site-packages/airflow/example_dags/example_subdag_operator.py
[2024-07-26T00:04:02.858+0000] {logging_mixin.py:188} INFO - [2024-07-26T00:04:02.857+0000] {dag.py:3089} INFO - Sync 3 DAGs
[2024-07-26T00:04:02.873+0000] {logging_mixin.py:188} INFO - [2024-07-26T00:04:02.872+0000] {dag.py:3947} INFO - Setting next_dagrun for example_subdag_operator to 2022-01-01 00:00:00+00:00, run_after=2022-01-01 00:00:00+00:00
[2024-07-26T00:04:02.875+0000] {logging_mixin.py:188} INFO - [2024-07-26T00:04:02.875+0000] {dag.py:3947} INFO - Setting next_dagrun for example_subdag_operator.section-1 to None, run_after=None
[2024-07-26T00:04:02.876+0000] {logging_mixin.py:188} INFO - [2024-07-26T00:04:02.876+0000] {dag.py:3947} INFO - Setting next_dagrun for example_subdag_operator.section-2 to None, run_after=None
[2024-07-26T00:04:02.882+0000] {logging_mixin.py:188} INFO - [2024-07-26T00:04:02.881+0000] {dag.py:3089} INFO - Sync 2 DAGs
[2024-07-26T00:04:02.885+0000] {logging_mixin.py:188} INFO - [2024-07-26T00:04:02.885+0000] {dag.py:3947} INFO - Setting next_dagrun for example_subdag_operator.section-1 to None, run_after=None
[2024-07-26T00:04:02.886+0000] {logging_mixin.py:188} INFO - [2024-07-26T00:04:02.886+0000] {dag.py:3947} INFO - Setting next_dagrun for example_subdag_operator.section-2 to None, run_after=None
[2024-07-26T00:04:02.894+0000] {processor.py:183} INFO - Processing /home/airflow/.local/lib/python3.12/site-packages/airflow/example_dags/example_subdag_operator.py took 0.069 seconds
[2024-07-26T00:04:33.305+0000] {processor.py:161} INFO - Started process (PID=12933) to work on /home/airflow/.local/lib/python3.12/site-packages/airflow/example_dags/example_subdag_operator.py
[2024-07-26T00:04:33.305+0000] {processor.py:830} INFO - Processing file /home/airflow/.local/lib/python3.12/site-packages/airflow/example_dags/example_subdag_operator.py for tasks to queue
[2024-07-26T00:04:33.307+0000] {logging_mixin.py:188} INFO - [2024-07-26T00:04:33.307+0000] {dagbag.py:545} INFO - Filling up the DagBag from /home/airflow/.local/lib/python3.12/site-packages/airflow/example_dags/example_subdag_operator.py
[2024-07-26T00:04:33.324+0000] {processor.py:840} INFO - DAG(s) 'example_subdag_operator.section-1', 'example_subdag_operator.section-2', 'example_subdag_operator' retrieved from /home/airflow/.local/lib/python3.12/site-packages/airflow/example_dags/example_subdag_operator.py
[2024-07-26T00:04:33.336+0000] {logging_mixin.py:188} INFO - [2024-07-26T00:04:33.336+0000] {dag.py:3089} INFO - Sync 3 DAGs
[2024-07-26T00:04:33.353+0000] {logging_mixin.py:188} INFO - [2024-07-26T00:04:33.353+0000] {dag.py:3947} INFO - Setting next_dagrun for example_subdag_operator to 2022-01-01 00:00:00+00:00, run_after=2022-01-01 00:00:00+00:00
[2024-07-26T00:04:33.357+0000] {logging_mixin.py:188} INFO - [2024-07-26T00:04:33.357+0000] {dag.py:3947} INFO - Setting next_dagrun for example_subdag_operator.section-1 to None, run_after=None
[2024-07-26T00:04:33.359+0000] {logging_mixin.py:188} INFO - [2024-07-26T00:04:33.359+0000] {dag.py:3947} INFO - Setting next_dagrun for example_subdag_operator.section-2 to None, run_after=None
[2024-07-26T00:04:33.366+0000] {logging_mixin.py:188} INFO - [2024-07-26T00:04:33.366+0000] {dag.py:3089} INFO - Sync 2 DAGs
[2024-07-26T00:04:33.374+0000] {logging_mixin.py:188} INFO - [2024-07-26T00:04:33.374+0000] {dag.py:3947} INFO - Setting next_dagrun for example_subdag_operator.section-1 to None, run_after=None
[2024-07-26T00:04:33.375+0000] {logging_mixin.py:188} INFO - [2024-07-26T00:04:33.374+0000] {dag.py:3947} INFO - Setting next_dagrun for example_subdag_operator.section-2 to None, run_after=None
[2024-07-26T00:04:33.386+0000] {processor.py:183} INFO - Processing /home/airflow/.local/lib/python3.12/site-packages/airflow/example_dags/example_subdag_operator.py took 0.085 seconds
[2024-07-26T00:05:03.738+0000] {processor.py:161} INFO - Started process (PID=12992) to work on /home/airflow/.local/lib/python3.12/site-packages/airflow/example_dags/example_subdag_operator.py
[2024-07-26T00:05:03.738+0000] {processor.py:830} INFO - Processing file /home/airflow/.local/lib/python3.12/site-packages/airflow/example_dags/example_subdag_operator.py for tasks to queue
[2024-07-26T00:05:03.740+0000] {logging_mixin.py:188} INFO - [2024-07-26T00:05:03.740+0000] {dagbag.py:545} INFO - Filling up the DagBag from /home/airflow/.local/lib/python3.12/site-packages/airflow/example_dags/example_subdag_operator.py
[2024-07-26T00:05:03.756+0000] {processor.py:840} INFO - DAG(s) 'example_subdag_operator.section-1', 'example_subdag_operator.section-2', 'example_subdag_operator' retrieved from /home/airflow/.local/lib/python3.12/site-packages/airflow/example_dags/example_subdag_operator.py
[2024-07-26T00:05:03.768+0000] {logging_mixin.py:188} INFO - [2024-07-26T00:05:03.767+0000] {dag.py:3089} INFO - Sync 3 DAGs
[2024-07-26T00:05:03.783+0000] {logging_mixin.py:188} INFO - [2024-07-26T00:05:03.783+0000] {dag.py:3947} INFO - Setting next_dagrun for example_subdag_operator to 2022-01-01 00:00:00+00:00, run_after=2022-01-01 00:00:00+00:00
[2024-07-26T00:05:03.786+0000] {logging_mixin.py:188} INFO - [2024-07-26T00:05:03.786+0000] {dag.py:3947} INFO - Setting next_dagrun for example_subdag_operator.section-1 to None, run_after=None
[2024-07-26T00:05:03.787+0000] {logging_mixin.py:188} INFO - [2024-07-26T00:05:03.787+0000] {dag.py:3947} INFO - Setting next_dagrun for example_subdag_operator.section-2 to None, run_after=None
[2024-07-26T00:05:03.792+0000] {logging_mixin.py:188} INFO - [2024-07-26T00:05:03.792+0000] {dag.py:3089} INFO - Sync 2 DAGs
[2024-07-26T00:05:03.796+0000] {logging_mixin.py:188} INFO - [2024-07-26T00:05:03.796+0000] {dag.py:3947} INFO - Setting next_dagrun for example_subdag_operator.section-1 to None, run_after=None
[2024-07-26T00:05:03.796+0000] {logging_mixin.py:188} INFO - [2024-07-26T00:05:03.796+0000] {dag.py:3947} INFO - Setting next_dagrun for example_subdag_operator.section-2 to None, run_after=None
[2024-07-26T00:05:03.805+0000] {processor.py:183} INFO - Processing /home/airflow/.local/lib/python3.12/site-packages/airflow/example_dags/example_subdag_operator.py took 0.071 seconds
[2024-07-26T00:05:34.214+0000] {processor.py:161} INFO - Started process (PID=13051) to work on /home/airflow/.local/lib/python3.12/site-packages/airflow/example_dags/example_subdag_operator.py
[2024-07-26T00:05:34.215+0000] {processor.py:830} INFO - Processing file /home/airflow/.local/lib/python3.12/site-packages/airflow/example_dags/example_subdag_operator.py for tasks to queue
[2024-07-26T00:05:34.217+0000] {logging_mixin.py:188} INFO - [2024-07-26T00:05:34.216+0000] {dagbag.py:545} INFO - Filling up the DagBag from /home/airflow/.local/lib/python3.12/site-packages/airflow/example_dags/example_subdag_operator.py
[2024-07-26T00:05:34.234+0000] {processor.py:840} INFO - DAG(s) 'example_subdag_operator.section-1', 'example_subdag_operator.section-2', 'example_subdag_operator' retrieved from /home/airflow/.local/lib/python3.12/site-packages/airflow/example_dags/example_subdag_operator.py
[2024-07-26T00:05:34.246+0000] {logging_mixin.py:188} INFO - [2024-07-26T00:05:34.246+0000] {dag.py:3089} INFO - Sync 3 DAGs
[2024-07-26T00:05:34.262+0000] {logging_mixin.py:188} INFO - [2024-07-26T00:05:34.262+0000] {dag.py:3947} INFO - Setting next_dagrun for example_subdag_operator to 2022-01-01 00:00:00+00:00, run_after=2022-01-01 00:00:00+00:00
[2024-07-26T00:05:34.266+0000] {logging_mixin.py:188} INFO - [2024-07-26T00:05:34.266+0000] {dag.py:3947} INFO - Setting next_dagrun for example_subdag_operator.section-1 to None, run_after=None
[2024-07-26T00:05:34.267+0000] {logging_mixin.py:188} INFO - [2024-07-26T00:05:34.267+0000] {dag.py:3947} INFO - Setting next_dagrun for example_subdag_operator.section-2 to None, run_after=None
[2024-07-26T00:05:34.274+0000] {logging_mixin.py:188} INFO - [2024-07-26T00:05:34.274+0000] {dag.py:3089} INFO - Sync 2 DAGs
[2024-07-26T00:05:34.278+0000] {logging_mixin.py:188} INFO - [2024-07-26T00:05:34.278+0000] {dag.py:3947} INFO - Setting next_dagrun for example_subdag_operator.section-1 to None, run_after=None
[2024-07-26T00:05:34.279+0000] {logging_mixin.py:188} INFO - [2024-07-26T00:05:34.279+0000] {dag.py:3947} INFO - Setting next_dagrun for example_subdag_operator.section-2 to None, run_after=None
[2024-07-26T00:05:34.287+0000] {processor.py:183} INFO - Processing /home/airflow/.local/lib/python3.12/site-packages/airflow/example_dags/example_subdag_operator.py took 0.077 seconds
[2024-07-26T00:06:04.732+0000] {processor.py:161} INFO - Started process (PID=13110) to work on /home/airflow/.local/lib/python3.12/site-packages/airflow/example_dags/example_subdag_operator.py
[2024-07-26T00:06:04.733+0000] {processor.py:830} INFO - Processing file /home/airflow/.local/lib/python3.12/site-packages/airflow/example_dags/example_subdag_operator.py for tasks to queue
[2024-07-26T00:06:04.734+0000] {logging_mixin.py:188} INFO - [2024-07-26T00:06:04.734+0000] {dagbag.py:545} INFO - Filling up the DagBag from /home/airflow/.local/lib/python3.12/site-packages/airflow/example_dags/example_subdag_operator.py
[2024-07-26T00:06:04.750+0000] {processor.py:840} INFO - DAG(s) 'example_subdag_operator.section-1', 'example_subdag_operator.section-2', 'example_subdag_operator' retrieved from /home/airflow/.local/lib/python3.12/site-packages/airflow/example_dags/example_subdag_operator.py
[2024-07-26T00:06:04.761+0000] {logging_mixin.py:188} INFO - [2024-07-26T00:06:04.761+0000] {dag.py:3089} INFO - Sync 3 DAGs
[2024-07-26T00:06:04.775+0000] {logging_mixin.py:188} INFO - [2024-07-26T00:06:04.775+0000] {dag.py:3947} INFO - Setting next_dagrun for example_subdag_operator to 2022-01-01 00:00:00+00:00, run_after=2022-01-01 00:00:00+00:00
[2024-07-26T00:06:04.778+0000] {logging_mixin.py:188} INFO - [2024-07-26T00:06:04.778+0000] {dag.py:3947} INFO - Setting next_dagrun for example_subdag_operator.section-1 to None, run_after=None
[2024-07-26T00:06:04.780+0000] {logging_mixin.py:188} INFO - [2024-07-26T00:06:04.779+0000] {dag.py:3947} INFO - Setting next_dagrun for example_subdag_operator.section-2 to None, run_after=None
[2024-07-26T00:06:04.784+0000] {logging_mixin.py:188} INFO - [2024-07-26T00:06:04.784+0000] {dag.py:3089} INFO - Sync 2 DAGs
[2024-07-26T00:06:04.788+0000] {logging_mixin.py:188} INFO - [2024-07-26T00:06:04.788+0000] {dag.py:3947} INFO - Setting next_dagrun for example_subdag_operator.section-1 to None, run_after=None
[2024-07-26T00:06:04.788+0000] {logging_mixin.py:188} INFO - [2024-07-26T00:06:04.788+0000] {dag.py:3947} INFO - Setting next_dagrun for example_subdag_operator.section-2 to None, run_after=None
[2024-07-26T00:06:04.796+0000] {processor.py:183} INFO - Processing /home/airflow/.local/lib/python3.12/site-packages/airflow/example_dags/example_subdag_operator.py took 0.068 seconds
[2024-07-26T00:06:35.287+0000] {processor.py:161} INFO - Started process (PID=13169) to work on /home/airflow/.local/lib/python3.12/site-packages/airflow/example_dags/example_subdag_operator.py
[2024-07-26T00:06:35.288+0000] {processor.py:830} INFO - Processing file /home/airflow/.local/lib/python3.12/site-packages/airflow/example_dags/example_subdag_operator.py for tasks to queue
[2024-07-26T00:06:35.289+0000] {logging_mixin.py:188} INFO - [2024-07-26T00:06:35.289+0000] {dagbag.py:545} INFO - Filling up the DagBag from /home/airflow/.local/lib/python3.12/site-packages/airflow/example_dags/example_subdag_operator.py
[2024-07-26T00:06:35.305+0000] {processor.py:840} INFO - DAG(s) 'example_subdag_operator.section-1', 'example_subdag_operator.section-2', 'example_subdag_operator' retrieved from /home/airflow/.local/lib/python3.12/site-packages/airflow/example_dags/example_subdag_operator.py
[2024-07-26T00:06:35.317+0000] {logging_mixin.py:188} INFO - [2024-07-26T00:06:35.317+0000] {dag.py:3089} INFO - Sync 3 DAGs
[2024-07-26T00:06:35.333+0000] {logging_mixin.py:188} INFO - [2024-07-26T00:06:35.333+0000] {dag.py:3947} INFO - Setting next_dagrun for example_subdag_operator to 2022-01-01 00:00:00+00:00, run_after=2022-01-01 00:00:00+00:00
[2024-07-26T00:06:35.336+0000] {logging_mixin.py:188} INFO - [2024-07-26T00:06:35.336+0000] {dag.py:3947} INFO - Setting next_dagrun for example_subdag_operator.section-1 to None, run_after=None
[2024-07-26T00:06:35.338+0000] {logging_mixin.py:188} INFO - [2024-07-26T00:06:35.337+0000] {dag.py:3947} INFO - Setting next_dagrun for example_subdag_operator.section-2 to None, run_after=None
[2024-07-26T00:06:35.344+0000] {logging_mixin.py:188} INFO - [2024-07-26T00:06:35.343+0000] {dag.py:3089} INFO - Sync 2 DAGs
[2024-07-26T00:06:35.348+0000] {logging_mixin.py:188} INFO - [2024-07-26T00:06:35.348+0000] {dag.py:3947} INFO - Setting next_dagrun for example_subdag_operator.section-1 to None, run_after=None
[2024-07-26T00:06:35.349+0000] {logging_mixin.py:188} INFO - [2024-07-26T00:06:35.349+0000] {dag.py:3947} INFO - Setting next_dagrun for example_subdag_operator.section-2 to None, run_after=None
[2024-07-26T00:06:35.358+0000] {processor.py:183} INFO - Processing /home/airflow/.local/lib/python3.12/site-packages/airflow/example_dags/example_subdag_operator.py took 0.075 seconds
[2024-07-26T00:07:05.771+0000] {processor.py:161} INFO - Started process (PID=13228) to work on /home/airflow/.local/lib/python3.12/site-packages/airflow/example_dags/example_subdag_operator.py
[2024-07-26T00:07:05.771+0000] {processor.py:830} INFO - Processing file /home/airflow/.local/lib/python3.12/site-packages/airflow/example_dags/example_subdag_operator.py for tasks to queue
[2024-07-26T00:07:05.772+0000] {logging_mixin.py:188} INFO - [2024-07-26T00:07:05.772+0000] {dagbag.py:545} INFO - Filling up the DagBag from /home/airflow/.local/lib/python3.12/site-packages/airflow/example_dags/example_subdag_operator.py
[2024-07-26T00:07:05.788+0000] {processor.py:840} INFO - DAG(s) 'example_subdag_operator.section-1', 'example_subdag_operator.section-2', 'example_subdag_operator' retrieved from /home/airflow/.local/lib/python3.12/site-packages/airflow/example_dags/example_subdag_operator.py
[2024-07-26T00:07:05.800+0000] {logging_mixin.py:188} INFO - [2024-07-26T00:07:05.800+0000] {dag.py:3089} INFO - Sync 3 DAGs
[2024-07-26T00:07:05.814+0000] {logging_mixin.py:188} INFO - [2024-07-26T00:07:05.814+0000] {dag.py:3947} INFO - Setting next_dagrun for example_subdag_operator to 2022-01-01 00:00:00+00:00, run_after=2022-01-01 00:00:00+00:00
[2024-07-26T00:07:05.818+0000] {logging_mixin.py:188} INFO - [2024-07-26T00:07:05.818+0000] {dag.py:3947} INFO - Setting next_dagrun for example_subdag_operator.section-1 to None, run_after=None
[2024-07-26T00:07:05.819+0000] {logging_mixin.py:188} INFO - [2024-07-26T00:07:05.819+0000] {dag.py:3947} INFO - Setting next_dagrun for example_subdag_operator.section-2 to None, run_after=None
[2024-07-26T00:07:05.824+0000] {logging_mixin.py:188} INFO - [2024-07-26T00:07:05.824+0000] {dag.py:3089} INFO - Sync 2 DAGs
[2024-07-26T00:07:05.830+0000] {logging_mixin.py:188} INFO - [2024-07-26T00:07:05.830+0000] {dag.py:3947} INFO - Setting next_dagrun for example_subdag_operator.section-1 to None, run_after=None
[2024-07-26T00:07:05.831+0000] {logging_mixin.py:188} INFO - [2024-07-26T00:07:05.830+0000] {dag.py:3947} INFO - Setting next_dagrun for example_subdag_operator.section-2 to None, run_after=None
[2024-07-26T00:07:05.840+0000] {processor.py:183} INFO - Processing /home/airflow/.local/lib/python3.12/site-packages/airflow/example_dags/example_subdag_operator.py took 0.074 seconds
[2024-07-26T00:07:36.179+0000] {processor.py:161} INFO - Started process (PID=13287) to work on /home/airflow/.local/lib/python3.12/site-packages/airflow/example_dags/example_subdag_operator.py
[2024-07-26T00:07:36.180+0000] {processor.py:830} INFO - Processing file /home/airflow/.local/lib/python3.12/site-packages/airflow/example_dags/example_subdag_operator.py for tasks to queue
[2024-07-26T00:07:36.182+0000] {logging_mixin.py:188} INFO - [2024-07-26T00:07:36.182+0000] {dagbag.py:545} INFO - Filling up the DagBag from /home/airflow/.local/lib/python3.12/site-packages/airflow/example_dags/example_subdag_operator.py
[2024-07-26T00:07:36.206+0000] {processor.py:840} INFO - DAG(s) 'example_subdag_operator.section-1', 'example_subdag_operator.section-2', 'example_subdag_operator' retrieved from /home/airflow/.local/lib/python3.12/site-packages/airflow/example_dags/example_subdag_operator.py
[2024-07-26T00:07:36.220+0000] {logging_mixin.py:188} INFO - [2024-07-26T00:07:36.220+0000] {dag.py:3089} INFO - Sync 3 DAGs
[2024-07-26T00:07:36.238+0000] {logging_mixin.py:188} INFO - [2024-07-26T00:07:36.238+0000] {dag.py:3947} INFO - Setting next_dagrun for example_subdag_operator to 2022-01-01 00:00:00+00:00, run_after=2022-01-01 00:00:00+00:00
[2024-07-26T00:07:36.241+0000] {logging_mixin.py:188} INFO - [2024-07-26T00:07:36.241+0000] {dag.py:3947} INFO - Setting next_dagrun for example_subdag_operator.section-1 to None, run_after=None
[2024-07-26T00:07:36.243+0000] {logging_mixin.py:188} INFO - [2024-07-26T00:07:36.243+0000] {dag.py:3947} INFO - Setting next_dagrun for example_subdag_operator.section-2 to None, run_after=None
[2024-07-26T00:07:36.249+0000] {logging_mixin.py:188} INFO - [2024-07-26T00:07:36.249+0000] {dag.py:3089} INFO - Sync 2 DAGs
[2024-07-26T00:07:36.256+0000] {logging_mixin.py:188} INFO - [2024-07-26T00:07:36.255+0000] {dag.py:3947} INFO - Setting next_dagrun for example_subdag_operator.section-1 to None, run_after=None
[2024-07-26T00:07:36.256+0000] {logging_mixin.py:188} INFO - [2024-07-26T00:07:36.256+0000] {dag.py:3947} INFO - Setting next_dagrun for example_subdag_operator.section-2 to None, run_after=None
[2024-07-26T00:07:36.266+0000] {processor.py:183} INFO - Processing /home/airflow/.local/lib/python3.12/site-packages/airflow/example_dags/example_subdag_operator.py took 0.093 seconds
[2024-07-26T00:08:06.730+0000] {processor.py:161} INFO - Started process (PID=13346) to work on /home/airflow/.local/lib/python3.12/site-packages/airflow/example_dags/example_subdag_operator.py
[2024-07-26T00:08:06.731+0000] {processor.py:830} INFO - Processing file /home/airflow/.local/lib/python3.12/site-packages/airflow/example_dags/example_subdag_operator.py for tasks to queue
[2024-07-26T00:08:06.732+0000] {logging_mixin.py:188} INFO - [2024-07-26T00:08:06.732+0000] {dagbag.py:545} INFO - Filling up the DagBag from /home/airflow/.local/lib/python3.12/site-packages/airflow/example_dags/example_subdag_operator.py
[2024-07-26T00:08:06.749+0000] {processor.py:840} INFO - DAG(s) 'example_subdag_operator.section-1', 'example_subdag_operator.section-2', 'example_subdag_operator' retrieved from /home/airflow/.local/lib/python3.12/site-packages/airflow/example_dags/example_subdag_operator.py
[2024-07-26T00:08:06.760+0000] {logging_mixin.py:188} INFO - [2024-07-26T00:08:06.760+0000] {dag.py:3089} INFO - Sync 3 DAGs
[2024-07-26T00:08:06.775+0000] {logging_mixin.py:188} INFO - [2024-07-26T00:08:06.775+0000] {dag.py:3947} INFO - Setting next_dagrun for example_subdag_operator to 2022-01-01 00:00:00+00:00, run_after=2022-01-01 00:00:00+00:00
[2024-07-26T00:08:06.778+0000] {logging_mixin.py:188} INFO - [2024-07-26T00:08:06.778+0000] {dag.py:3947} INFO - Setting next_dagrun for example_subdag_operator.section-1 to None, run_after=None
[2024-07-26T00:08:06.779+0000] {logging_mixin.py:188} INFO - [2024-07-26T00:08:06.779+0000] {dag.py:3947} INFO - Setting next_dagrun for example_subdag_operator.section-2 to None, run_after=None
[2024-07-26T00:08:06.783+0000] {logging_mixin.py:188} INFO - [2024-07-26T00:08:06.783+0000] {dag.py:3089} INFO - Sync 2 DAGs
[2024-07-26T00:08:06.787+0000] {logging_mixin.py:188} INFO - [2024-07-26T00:08:06.787+0000] {dag.py:3947} INFO - Setting next_dagrun for example_subdag_operator.section-1 to None, run_after=None
[2024-07-26T00:08:06.788+0000] {logging_mixin.py:188} INFO - [2024-07-26T00:08:06.787+0000] {dag.py:3947} INFO - Setting next_dagrun for example_subdag_operator.section-2 to None, run_after=None
[2024-07-26T00:08:06.796+0000] {processor.py:183} INFO - Processing /home/airflow/.local/lib/python3.12/site-packages/airflow/example_dags/example_subdag_operator.py took 0.069 seconds
[2024-07-26T00:08:37.186+0000] {processor.py:161} INFO - Started process (PID=13405) to work on /home/airflow/.local/lib/python3.12/site-packages/airflow/example_dags/example_subdag_operator.py
[2024-07-26T00:08:37.187+0000] {processor.py:830} INFO - Processing file /home/airflow/.local/lib/python3.12/site-packages/airflow/example_dags/example_subdag_operator.py for tasks to queue
[2024-07-26T00:08:37.188+0000] {logging_mixin.py:188} INFO - [2024-07-26T00:08:37.188+0000] {dagbag.py:545} INFO - Filling up the DagBag from /home/airflow/.local/lib/python3.12/site-packages/airflow/example_dags/example_subdag_operator.py
[2024-07-26T00:08:37.205+0000] {processor.py:840} INFO - DAG(s) 'example_subdag_operator.section-1', 'example_subdag_operator.section-2', 'example_subdag_operator' retrieved from /home/airflow/.local/lib/python3.12/site-packages/airflow/example_dags/example_subdag_operator.py
[2024-07-26T00:08:37.216+0000] {logging_mixin.py:188} INFO - [2024-07-26T00:08:37.216+0000] {dag.py:3089} INFO - Sync 3 DAGs
[2024-07-26T00:08:37.230+0000] {logging_mixin.py:188} INFO - [2024-07-26T00:08:37.230+0000] {dag.py:3947} INFO - Setting next_dagrun for example_subdag_operator to 2022-01-01 00:00:00+00:00, run_after=2022-01-01 00:00:00+00:00
[2024-07-26T00:08:37.233+0000] {logging_mixin.py:188} INFO - [2024-07-26T00:08:37.233+0000] {dag.py:3947} INFO - Setting next_dagrun for example_subdag_operator.section-1 to None, run_after=None
[2024-07-26T00:08:37.234+0000] {logging_mixin.py:188} INFO - [2024-07-26T00:08:37.234+0000] {dag.py:3947} INFO - Setting next_dagrun for example_subdag_operator.section-2 to None, run_after=None
[2024-07-26T00:08:37.239+0000] {logging_mixin.py:188} INFO - [2024-07-26T00:08:37.239+0000] {dag.py:3089} INFO - Sync 2 DAGs
[2024-07-26T00:08:37.244+0000] {logging_mixin.py:188} INFO - [2024-07-26T00:08:37.244+0000] {dag.py:3947} INFO - Setting next_dagrun for example_subdag_operator.section-1 to None, run_after=None
[2024-07-26T00:08:37.244+0000] {logging_mixin.py:188} INFO - [2024-07-26T00:08:37.244+0000] {dag.py:3947} INFO - Setting next_dagrun for example_subdag_operator.section-2 to None, run_after=None
[2024-07-26T00:08:37.254+0000] {processor.py:183} INFO - Processing /home/airflow/.local/lib/python3.12/site-packages/airflow/example_dags/example_subdag_operator.py took 0.071 seconds
[2024-07-26T00:09:07.632+0000] {processor.py:161} INFO - Started process (PID=13464) to work on /home/airflow/.local/lib/python3.12/site-packages/airflow/example_dags/example_subdag_operator.py
[2024-07-26T00:09:07.633+0000] {processor.py:830} INFO - Processing file /home/airflow/.local/lib/python3.12/site-packages/airflow/example_dags/example_subdag_operator.py for tasks to queue
[2024-07-26T00:09:07.634+0000] {logging_mixin.py:188} INFO - [2024-07-26T00:09:07.634+0000] {dagbag.py:545} INFO - Filling up the DagBag from /home/airflow/.local/lib/python3.12/site-packages/airflow/example_dags/example_subdag_operator.py
[2024-07-26T00:09:07.651+0000] {processor.py:840} INFO - DAG(s) 'example_subdag_operator.section-1', 'example_subdag_operator.section-2', 'example_subdag_operator' retrieved from /home/airflow/.local/lib/python3.12/site-packages/airflow/example_dags/example_subdag_operator.py
[2024-07-26T00:09:07.662+0000] {logging_mixin.py:188} INFO - [2024-07-26T00:09:07.661+0000] {dag.py:3089} INFO - Sync 3 DAGs
[2024-07-26T00:09:07.676+0000] {logging_mixin.py:188} INFO - [2024-07-26T00:09:07.676+0000] {dag.py:3947} INFO - Setting next_dagrun for example_subdag_operator to 2022-01-01 00:00:00+00:00, run_after=2022-01-01 00:00:00+00:00
[2024-07-26T00:09:07.679+0000] {logging_mixin.py:188} INFO - [2024-07-26T00:09:07.679+0000] {dag.py:3947} INFO - Setting next_dagrun for example_subdag_operator.section-1 to None, run_after=None
[2024-07-26T00:09:07.680+0000] {logging_mixin.py:188} INFO - [2024-07-26T00:09:07.680+0000] {dag.py:3947} INFO - Setting next_dagrun for example_subdag_operator.section-2 to None, run_after=None
[2024-07-26T00:09:07.685+0000] {logging_mixin.py:188} INFO - [2024-07-26T00:09:07.685+0000] {dag.py:3089} INFO - Sync 2 DAGs
[2024-07-26T00:09:07.689+0000] {logging_mixin.py:188} INFO - [2024-07-26T00:09:07.689+0000] {dag.py:3947} INFO - Setting next_dagrun for example_subdag_operator.section-1 to None, run_after=None
[2024-07-26T00:09:07.690+0000] {logging_mixin.py:188} INFO - [2024-07-26T00:09:07.690+0000] {dag.py:3947} INFO - Setting next_dagrun for example_subdag_operator.section-2 to None, run_after=None
[2024-07-26T00:09:07.698+0000] {processor.py:183} INFO - Processing /home/airflow/.local/lib/python3.12/site-packages/airflow/example_dags/example_subdag_operator.py took 0.070 seconds
[2024-07-26T00:09:38.244+0000] {processor.py:161} INFO - Started process (PID=13523) to work on /home/airflow/.local/lib/python3.12/site-packages/airflow/example_dags/example_subdag_operator.py
[2024-07-26T00:09:38.245+0000] {processor.py:830} INFO - Processing file /home/airflow/.local/lib/python3.12/site-packages/airflow/example_dags/example_subdag_operator.py for tasks to queue
[2024-07-26T00:09:38.246+0000] {logging_mixin.py:188} INFO - [2024-07-26T00:09:38.246+0000] {dagbag.py:545} INFO - Filling up the DagBag from /home/airflow/.local/lib/python3.12/site-packages/airflow/example_dags/example_subdag_operator.py
[2024-07-26T00:09:38.263+0000] {processor.py:840} INFO - DAG(s) 'example_subdag_operator.section-1', 'example_subdag_operator.section-2', 'example_subdag_operator' retrieved from /home/airflow/.local/lib/python3.12/site-packages/airflow/example_dags/example_subdag_operator.py
[2024-07-26T00:09:38.276+0000] {logging_mixin.py:188} INFO - [2024-07-26T00:09:38.276+0000] {dag.py:3089} INFO - Sync 3 DAGs
[2024-07-26T00:09:38.292+0000] {logging_mixin.py:188} INFO - [2024-07-26T00:09:38.292+0000] {dag.py:3947} INFO - Setting next_dagrun for example_subdag_operator to 2022-01-01 00:00:00+00:00, run_after=2022-01-01 00:00:00+00:00
[2024-07-26T00:09:38.296+0000] {logging_mixin.py:188} INFO - [2024-07-26T00:09:38.295+0000] {dag.py:3947} INFO - Setting next_dagrun for example_subdag_operator.section-1 to None, run_after=None
[2024-07-26T00:09:38.297+0000] {logging_mixin.py:188} INFO - [2024-07-26T00:09:38.297+0000] {dag.py:3947} INFO - Setting next_dagrun for example_subdag_operator.section-2 to None, run_after=None
[2024-07-26T00:09:38.303+0000] {logging_mixin.py:188} INFO - [2024-07-26T00:09:38.303+0000] {dag.py:3089} INFO - Sync 2 DAGs
[2024-07-26T00:09:38.307+0000] {logging_mixin.py:188} INFO - [2024-07-26T00:09:38.307+0000] {dag.py:3947} INFO - Setting next_dagrun for example_subdag_operator.section-1 to None, run_after=None
[2024-07-26T00:09:38.307+0000] {logging_mixin.py:188} INFO - [2024-07-26T00:09:38.307+0000] {dag.py:3947} INFO - Setting next_dagrun for example_subdag_operator.section-2 to None, run_after=None
[2024-07-26T00:09:38.317+0000] {processor.py:183} INFO - Processing /home/airflow/.local/lib/python3.12/site-packages/airflow/example_dags/example_subdag_operator.py took 0.077 seconds
[2024-07-26T00:10:08.733+0000] {processor.py:161} INFO - Started process (PID=13582) to work on /home/airflow/.local/lib/python3.12/site-packages/airflow/example_dags/example_subdag_operator.py
[2024-07-26T00:10:08.734+0000] {processor.py:830} INFO - Processing file /home/airflow/.local/lib/python3.12/site-packages/airflow/example_dags/example_subdag_operator.py for tasks to queue
[2024-07-26T00:10:08.735+0000] {logging_mixin.py:188} INFO - [2024-07-26T00:10:08.735+0000] {dagbag.py:545} INFO - Filling up the DagBag from /home/airflow/.local/lib/python3.12/site-packages/airflow/example_dags/example_subdag_operator.py
[2024-07-26T00:10:08.751+0000] {processor.py:840} INFO - DAG(s) 'example_subdag_operator.section-1', 'example_subdag_operator.section-2', 'example_subdag_operator' retrieved from /home/airflow/.local/lib/python3.12/site-packages/airflow/example_dags/example_subdag_operator.py
[2024-07-26T00:10:08.763+0000] {logging_mixin.py:188} INFO - [2024-07-26T00:10:08.763+0000] {dag.py:3089} INFO - Sync 3 DAGs
[2024-07-26T00:10:08.780+0000] {logging_mixin.py:188} INFO - [2024-07-26T00:10:08.780+0000] {dag.py:3947} INFO - Setting next_dagrun for example_subdag_operator to 2022-01-01 00:00:00+00:00, run_after=2022-01-01 00:00:00+00:00
[2024-07-26T00:10:08.783+0000] {logging_mixin.py:188} INFO - [2024-07-26T00:10:08.782+0000] {dag.py:3947} INFO - Setting next_dagrun for example_subdag_operator.section-1 to None, run_after=None
[2024-07-26T00:10:08.784+0000] {logging_mixin.py:188} INFO - [2024-07-26T00:10:08.784+0000] {dag.py:3947} INFO - Setting next_dagrun for example_subdag_operator.section-2 to None, run_after=None
[2024-07-26T00:10:08.789+0000] {logging_mixin.py:188} INFO - [2024-07-26T00:10:08.789+0000] {dag.py:3089} INFO - Sync 2 DAGs
[2024-07-26T00:10:08.793+0000] {logging_mixin.py:188} INFO - [2024-07-26T00:10:08.793+0000] {dag.py:3947} INFO - Setting next_dagrun for example_subdag_operator.section-1 to None, run_after=None
[2024-07-26T00:10:08.793+0000] {logging_mixin.py:188} INFO - [2024-07-26T00:10:08.793+0000] {dag.py:3947} INFO - Setting next_dagrun for example_subdag_operator.section-2 to None, run_after=None
[2024-07-26T00:10:08.803+0000] {processor.py:183} INFO - Processing /home/airflow/.local/lib/python3.12/site-packages/airflow/example_dags/example_subdag_operator.py took 0.074 seconds
[2024-07-26T00:10:39.200+0000] {processor.py:161} INFO - Started process (PID=13641) to work on /home/airflow/.local/lib/python3.12/site-packages/airflow/example_dags/example_subdag_operator.py
[2024-07-26T00:10:39.201+0000] {processor.py:830} INFO - Processing file /home/airflow/.local/lib/python3.12/site-packages/airflow/example_dags/example_subdag_operator.py for tasks to queue
[2024-07-26T00:10:39.203+0000] {logging_mixin.py:188} INFO - [2024-07-26T00:10:39.202+0000] {dagbag.py:545} INFO - Filling up the DagBag from /home/airflow/.local/lib/python3.12/site-packages/airflow/example_dags/example_subdag_operator.py
[2024-07-26T00:10:39.218+0000] {processor.py:840} INFO - DAG(s) 'example_subdag_operator.section-1', 'example_subdag_operator.section-2', 'example_subdag_operator' retrieved from /home/airflow/.local/lib/python3.12/site-packages/airflow/example_dags/example_subdag_operator.py
[2024-07-26T00:10:39.229+0000] {logging_mixin.py:188} INFO - [2024-07-26T00:10:39.229+0000] {dag.py:3089} INFO - Sync 3 DAGs
[2024-07-26T00:10:39.244+0000] {logging_mixin.py:188} INFO - [2024-07-26T00:10:39.244+0000] {dag.py:3947} INFO - Setting next_dagrun for example_subdag_operator to 2022-01-01 00:00:00+00:00, run_after=2022-01-01 00:00:00+00:00
[2024-07-26T00:10:39.247+0000] {logging_mixin.py:188} INFO - [2024-07-26T00:10:39.247+0000] {dag.py:3947} INFO - Setting next_dagrun for example_subdag_operator.section-1 to None, run_after=None
[2024-07-26T00:10:39.248+0000] {logging_mixin.py:188} INFO - [2024-07-26T00:10:39.248+0000] {dag.py:3947} INFO - Setting next_dagrun for example_subdag_operator.section-2 to None, run_after=None
[2024-07-26T00:10:39.253+0000] {logging_mixin.py:188} INFO - [2024-07-26T00:10:39.253+0000] {dag.py:3089} INFO - Sync 2 DAGs
[2024-07-26T00:10:39.257+0000] {logging_mixin.py:188} INFO - [2024-07-26T00:10:39.257+0000] {dag.py:3947} INFO - Setting next_dagrun for example_subdag_operator.section-1 to None, run_after=None
[2024-07-26T00:10:39.257+0000] {logging_mixin.py:188} INFO - [2024-07-26T00:10:39.257+0000] {dag.py:3947} INFO - Setting next_dagrun for example_subdag_operator.section-2 to None, run_after=None
[2024-07-26T00:10:39.265+0000] {processor.py:183} INFO - Processing /home/airflow/.local/lib/python3.12/site-packages/airflow/example_dags/example_subdag_operator.py took 0.069 seconds
[2024-07-26T00:11:09.732+0000] {processor.py:161} INFO - Started process (PID=13700) to work on /home/airflow/.local/lib/python3.12/site-packages/airflow/example_dags/example_subdag_operator.py
[2024-07-26T00:11:09.732+0000] {processor.py:830} INFO - Processing file /home/airflow/.local/lib/python3.12/site-packages/airflow/example_dags/example_subdag_operator.py for tasks to queue
[2024-07-26T00:11:09.734+0000] {logging_mixin.py:188} INFO - [2024-07-26T00:11:09.734+0000] {dagbag.py:545} INFO - Filling up the DagBag from /home/airflow/.local/lib/python3.12/site-packages/airflow/example_dags/example_subdag_operator.py
[2024-07-26T00:11:09.751+0000] {processor.py:840} INFO - DAG(s) 'example_subdag_operator.section-1', 'example_subdag_operator.section-2', 'example_subdag_operator' retrieved from /home/airflow/.local/lib/python3.12/site-packages/airflow/example_dags/example_subdag_operator.py
[2024-07-26T00:11:09.763+0000] {logging_mixin.py:188} INFO - [2024-07-26T00:11:09.763+0000] {dag.py:3089} INFO - Sync 3 DAGs
[2024-07-26T00:11:09.779+0000] {logging_mixin.py:188} INFO - [2024-07-26T00:11:09.778+0000] {dag.py:3947} INFO - Setting next_dagrun for example_subdag_operator to 2022-01-01 00:00:00+00:00, run_after=2022-01-01 00:00:00+00:00
[2024-07-26T00:11:09.783+0000] {logging_mixin.py:188} INFO - [2024-07-26T00:11:09.782+0000] {dag.py:3947} INFO - Setting next_dagrun for example_subdag_operator.section-1 to None, run_after=None
[2024-07-26T00:11:09.784+0000] {logging_mixin.py:188} INFO - [2024-07-26T00:11:09.784+0000] {dag.py:3947} INFO - Setting next_dagrun for example_subdag_operator.section-2 to None, run_after=None
[2024-07-26T00:11:09.790+0000] {logging_mixin.py:188} INFO - [2024-07-26T00:11:09.789+0000] {dag.py:3089} INFO - Sync 2 DAGs
[2024-07-26T00:11:09.793+0000] {logging_mixin.py:188} INFO - [2024-07-26T00:11:09.793+0000] {dag.py:3947} INFO - Setting next_dagrun for example_subdag_operator.section-1 to None, run_after=None
[2024-07-26T00:11:09.794+0000] {logging_mixin.py:188} INFO - [2024-07-26T00:11:09.793+0000] {dag.py:3947} INFO - Setting next_dagrun for example_subdag_operator.section-2 to None, run_after=None
[2024-07-26T00:11:09.802+0000] {processor.py:183} INFO - Processing /home/airflow/.local/lib/python3.12/site-packages/airflow/example_dags/example_subdag_operator.py took 0.075 seconds
[2024-07-26T00:11:40.086+0000] {processor.py:161} INFO - Started process (PID=13759) to work on /home/airflow/.local/lib/python3.12/site-packages/airflow/example_dags/example_subdag_operator.py
[2024-07-26T00:11:40.086+0000] {processor.py:830} INFO - Processing file /home/airflow/.local/lib/python3.12/site-packages/airflow/example_dags/example_subdag_operator.py for tasks to queue
[2024-07-26T00:11:40.088+0000] {logging_mixin.py:188} INFO - [2024-07-26T00:11:40.088+0000] {dagbag.py:545} INFO - Filling up the DagBag from /home/airflow/.local/lib/python3.12/site-packages/airflow/example_dags/example_subdag_operator.py
[2024-07-26T00:11:40.108+0000] {processor.py:840} INFO - DAG(s) 'example_subdag_operator.section-1', 'example_subdag_operator.section-2', 'example_subdag_operator' retrieved from /home/airflow/.local/lib/python3.12/site-packages/airflow/example_dags/example_subdag_operator.py
[2024-07-26T00:11:40.121+0000] {logging_mixin.py:188} INFO - [2024-07-26T00:11:40.121+0000] {dag.py:3089} INFO - Sync 3 DAGs
[2024-07-26T00:11:40.138+0000] {logging_mixin.py:188} INFO - [2024-07-26T00:11:40.138+0000] {dag.py:3947} INFO - Setting next_dagrun for example_subdag_operator to 2022-01-01 00:00:00+00:00, run_after=2022-01-01 00:00:00+00:00
[2024-07-26T00:11:40.141+0000] {logging_mixin.py:188} INFO - [2024-07-26T00:11:40.141+0000] {dag.py:3947} INFO - Setting next_dagrun for example_subdag_operator.section-1 to None, run_after=None
[2024-07-26T00:11:40.143+0000] {logging_mixin.py:188} INFO - [2024-07-26T00:11:40.143+0000] {dag.py:3947} INFO - Setting next_dagrun for example_subdag_operator.section-2 to None, run_after=None
[2024-07-26T00:11:40.149+0000] {logging_mixin.py:188} INFO - [2024-07-26T00:11:40.148+0000] {dag.py:3089} INFO - Sync 2 DAGs
[2024-07-26T00:11:40.152+0000] {logging_mixin.py:188} INFO - [2024-07-26T00:11:40.152+0000] {dag.py:3947} INFO - Setting next_dagrun for example_subdag_operator.section-1 to None, run_after=None
[2024-07-26T00:11:40.152+0000] {logging_mixin.py:188} INFO - [2024-07-26T00:11:40.152+0000] {dag.py:3947} INFO - Setting next_dagrun for example_subdag_operator.section-2 to None, run_after=None
[2024-07-26T00:11:40.160+0000] {processor.py:183} INFO - Processing /home/airflow/.local/lib/python3.12/site-packages/airflow/example_dags/example_subdag_operator.py took 0.079 seconds
[2024-07-26T00:14:35.536+0000] {processor.py:161} INFO - Started process (PID=51) to work on /home/airflow/.local/lib/python3.12/site-packages/airflow/example_dags/example_subdag_operator.py
[2024-07-26T00:14:35.537+0000] {processor.py:830} INFO - Processing file /home/airflow/.local/lib/python3.12/site-packages/airflow/example_dags/example_subdag_operator.py for tasks to queue
[2024-07-26T00:14:35.539+0000] {logging_mixin.py:188} INFO - [2024-07-26T00:14:35.538+0000] {dagbag.py:545} INFO - Filling up the DagBag from /home/airflow/.local/lib/python3.12/site-packages/airflow/example_dags/example_subdag_operator.py
[2024-07-26T00:14:35.568+0000] {processor.py:840} INFO - DAG(s) 'example_subdag_operator.section-1', 'example_subdag_operator.section-2', 'example_subdag_operator' retrieved from /home/airflow/.local/lib/python3.12/site-packages/airflow/example_dags/example_subdag_operator.py
[2024-07-26T00:14:35.572+0000] {logging_mixin.py:188} INFO - [2024-07-26T00:14:35.572+0000] {dag.py:3089} INFO - Sync 3 DAGs
[2024-07-26T00:14:35.597+0000] {logging_mixin.py:188} INFO - [2024-07-26T00:14:35.597+0000] {dag.py:3947} INFO - Setting next_dagrun for example_subdag_operator to 2022-01-01 00:00:00+00:00, run_after=2022-01-01 00:00:00+00:00
[2024-07-26T00:14:35.600+0000] {logging_mixin.py:188} INFO - [2024-07-26T00:14:35.600+0000] {dag.py:3947} INFO - Setting next_dagrun for example_subdag_operator.section-1 to None, run_after=None
[2024-07-26T00:14:35.602+0000] {logging_mixin.py:188} INFO - [2024-07-26T00:14:35.602+0000] {dag.py:3947} INFO - Setting next_dagrun for example_subdag_operator.section-2 to None, run_after=None
[2024-07-26T00:14:35.609+0000] {logging_mixin.py:188} INFO - [2024-07-26T00:14:35.608+0000] {dag.py:3089} INFO - Sync 2 DAGs
[2024-07-26T00:14:35.614+0000] {logging_mixin.py:188} INFO - [2024-07-26T00:14:35.614+0000] {dag.py:3947} INFO - Setting next_dagrun for example_subdag_operator.section-1 to None, run_after=None
[2024-07-26T00:14:35.615+0000] {logging_mixin.py:188} INFO - [2024-07-26T00:14:35.615+0000] {dag.py:3947} INFO - Setting next_dagrun for example_subdag_operator.section-2 to None, run_after=None
[2024-07-26T00:14:35.629+0000] {processor.py:183} INFO - Processing /home/airflow/.local/lib/python3.12/site-packages/airflow/example_dags/example_subdag_operator.py took 0.098 seconds
[2024-07-26T00:15:06.809+0000] {processor.py:161} INFO - Started process (PID=110) to work on /home/airflow/.local/lib/python3.12/site-packages/airflow/example_dags/example_subdag_operator.py
[2024-07-26T00:15:06.810+0000] {processor.py:830} INFO - Processing file /home/airflow/.local/lib/python3.12/site-packages/airflow/example_dags/example_subdag_operator.py for tasks to queue
[2024-07-26T00:15:06.811+0000] {logging_mixin.py:188} INFO - [2024-07-26T00:15:06.811+0000] {dagbag.py:545} INFO - Filling up the DagBag from /home/airflow/.local/lib/python3.12/site-packages/airflow/example_dags/example_subdag_operator.py
[2024-07-26T00:15:06.828+0000] {processor.py:840} INFO - DAG(s) 'example_subdag_operator.section-1', 'example_subdag_operator.section-2', 'example_subdag_operator' retrieved from /home/airflow/.local/lib/python3.12/site-packages/airflow/example_dags/example_subdag_operator.py
[2024-07-26T00:15:06.900+0000] {logging_mixin.py:188} INFO - [2024-07-26T00:15:06.900+0000] {dag.py:3089} INFO - Sync 3 DAGs
[2024-07-26T00:15:06.914+0000] {logging_mixin.py:188} INFO - [2024-07-26T00:15:06.914+0000] {dag.py:3947} INFO - Setting next_dagrun for example_subdag_operator to 2022-01-01 00:00:00+00:00, run_after=2022-01-01 00:00:00+00:00
[2024-07-26T00:15:06.918+0000] {logging_mixin.py:188} INFO - [2024-07-26T00:15:06.917+0000] {dag.py:3947} INFO - Setting next_dagrun for example_subdag_operator.section-1 to None, run_after=None
[2024-07-26T00:15:06.919+0000] {logging_mixin.py:188} INFO - [2024-07-26T00:15:06.919+0000] {dag.py:3947} INFO - Setting next_dagrun for example_subdag_operator.section-2 to None, run_after=None
[2024-07-26T00:15:06.926+0000] {logging_mixin.py:188} INFO - [2024-07-26T00:15:06.925+0000] {dag.py:3089} INFO - Sync 2 DAGs
[2024-07-26T00:15:06.929+0000] {logging_mixin.py:188} INFO - [2024-07-26T00:15:06.929+0000] {dag.py:3947} INFO - Setting next_dagrun for example_subdag_operator.section-1 to None, run_after=None
[2024-07-26T00:15:06.929+0000] {logging_mixin.py:188} INFO - [2024-07-26T00:15:06.929+0000] {dag.py:3947} INFO - Setting next_dagrun for example_subdag_operator.section-2 to None, run_after=None
[2024-07-26T00:15:06.937+0000] {processor.py:183} INFO - Processing /home/airflow/.local/lib/python3.12/site-packages/airflow/example_dags/example_subdag_operator.py took 0.131 seconds
[2024-07-26T00:15:37.884+0000] {processor.py:161} INFO - Started process (PID=169) to work on /home/airflow/.local/lib/python3.12/site-packages/airflow/example_dags/example_subdag_operator.py
[2024-07-26T00:15:37.885+0000] {processor.py:830} INFO - Processing file /home/airflow/.local/lib/python3.12/site-packages/airflow/example_dags/example_subdag_operator.py for tasks to queue
[2024-07-26T00:15:37.887+0000] {logging_mixin.py:188} INFO - [2024-07-26T00:15:37.887+0000] {dagbag.py:545} INFO - Filling up the DagBag from /home/airflow/.local/lib/python3.12/site-packages/airflow/example_dags/example_subdag_operator.py
[2024-07-26T00:15:37.909+0000] {processor.py:840} INFO - DAG(s) 'example_subdag_operator.section-1', 'example_subdag_operator.section-2', 'example_subdag_operator' retrieved from /home/airflow/.local/lib/python3.12/site-packages/airflow/example_dags/example_subdag_operator.py
[2024-07-26T00:15:37.924+0000] {logging_mixin.py:188} INFO - [2024-07-26T00:15:37.924+0000] {dag.py:3089} INFO - Sync 3 DAGs
[2024-07-26T00:15:37.944+0000] {logging_mixin.py:188} INFO - [2024-07-26T00:15:37.943+0000] {dag.py:3947} INFO - Setting next_dagrun for example_subdag_operator to 2022-01-01 00:00:00+00:00, run_after=2022-01-01 00:00:00+00:00
[2024-07-26T00:15:37.948+0000] {logging_mixin.py:188} INFO - [2024-07-26T00:15:37.948+0000] {dag.py:3947} INFO - Setting next_dagrun for example_subdag_operator.section-1 to None, run_after=None
[2024-07-26T00:15:37.950+0000] {logging_mixin.py:188} INFO - [2024-07-26T00:15:37.949+0000] {dag.py:3947} INFO - Setting next_dagrun for example_subdag_operator.section-2 to None, run_after=None
[2024-07-26T00:15:37.958+0000] {logging_mixin.py:188} INFO - [2024-07-26T00:15:37.958+0000] {dag.py:3089} INFO - Sync 2 DAGs
[2024-07-26T00:15:37.965+0000] {logging_mixin.py:188} INFO - [2024-07-26T00:15:37.964+0000] {dag.py:3947} INFO - Setting next_dagrun for example_subdag_operator.section-1 to None, run_after=None
[2024-07-26T00:15:37.965+0000] {logging_mixin.py:188} INFO - [2024-07-26T00:15:37.965+0000] {dag.py:3947} INFO - Setting next_dagrun for example_subdag_operator.section-2 to None, run_after=None
[2024-07-26T00:15:37.977+0000] {processor.py:183} INFO - Processing /home/airflow/.local/lib/python3.12/site-packages/airflow/example_dags/example_subdag_operator.py took 0.099 seconds
[2024-07-26T00:16:08.002+0000] {processor.py:161} INFO - Started process (PID=228) to work on /home/airflow/.local/lib/python3.12/site-packages/airflow/example_dags/example_subdag_operator.py
[2024-07-26T00:16:08.003+0000] {processor.py:830} INFO - Processing file /home/airflow/.local/lib/python3.12/site-packages/airflow/example_dags/example_subdag_operator.py for tasks to queue
[2024-07-26T00:16:08.004+0000] {logging_mixin.py:188} INFO - [2024-07-26T00:16:08.004+0000] {dagbag.py:545} INFO - Filling up the DagBag from /home/airflow/.local/lib/python3.12/site-packages/airflow/example_dags/example_subdag_operator.py
[2024-07-26T00:16:08.020+0000] {processor.py:840} INFO - DAG(s) 'example_subdag_operator.section-1', 'example_subdag_operator.section-2', 'example_subdag_operator' retrieved from /home/airflow/.local/lib/python3.12/site-packages/airflow/example_dags/example_subdag_operator.py
[2024-07-26T00:16:08.031+0000] {logging_mixin.py:188} INFO - [2024-07-26T00:16:08.031+0000] {dag.py:3089} INFO - Sync 3 DAGs
[2024-07-26T00:16:08.048+0000] {logging_mixin.py:188} INFO - [2024-07-26T00:16:08.047+0000] {dag.py:3947} INFO - Setting next_dagrun for example_subdag_operator to 2022-01-01 00:00:00+00:00, run_after=2022-01-01 00:00:00+00:00
[2024-07-26T00:16:08.051+0000] {logging_mixin.py:188} INFO - [2024-07-26T00:16:08.051+0000] {dag.py:3947} INFO - Setting next_dagrun for example_subdag_operator.section-1 to None, run_after=None
[2024-07-26T00:16:08.052+0000] {logging_mixin.py:188} INFO - [2024-07-26T00:16:08.052+0000] {dag.py:3947} INFO - Setting next_dagrun for example_subdag_operator.section-2 to None, run_after=None
[2024-07-26T00:16:08.060+0000] {logging_mixin.py:188} INFO - [2024-07-26T00:16:08.060+0000] {dag.py:3089} INFO - Sync 2 DAGs
[2024-07-26T00:16:08.066+0000] {logging_mixin.py:188} INFO - [2024-07-26T00:16:08.066+0000] {dag.py:3947} INFO - Setting next_dagrun for example_subdag_operator.section-1 to None, run_after=None
[2024-07-26T00:16:08.067+0000] {logging_mixin.py:188} INFO - [2024-07-26T00:16:08.066+0000] {dag.py:3947} INFO - Setting next_dagrun for example_subdag_operator.section-2 to None, run_after=None
[2024-07-26T00:16:08.076+0000] {processor.py:183} INFO - Processing /home/airflow/.local/lib/python3.12/site-packages/airflow/example_dags/example_subdag_operator.py took 0.078 seconds
[2024-07-26T00:16:38.543+0000] {processor.py:161} INFO - Started process (PID=287) to work on /home/airflow/.local/lib/python3.12/site-packages/airflow/example_dags/example_subdag_operator.py
[2024-07-26T00:16:38.543+0000] {processor.py:830} INFO - Processing file /home/airflow/.local/lib/python3.12/site-packages/airflow/example_dags/example_subdag_operator.py for tasks to queue
[2024-07-26T00:16:38.545+0000] {logging_mixin.py:188} INFO - [2024-07-26T00:16:38.544+0000] {dagbag.py:545} INFO - Filling up the DagBag from /home/airflow/.local/lib/python3.12/site-packages/airflow/example_dags/example_subdag_operator.py
[2024-07-26T00:16:38.561+0000] {processor.py:840} INFO - DAG(s) 'example_subdag_operator.section-1', 'example_subdag_operator.section-2', 'example_subdag_operator' retrieved from /home/airflow/.local/lib/python3.12/site-packages/airflow/example_dags/example_subdag_operator.py
[2024-07-26T00:16:38.572+0000] {logging_mixin.py:188} INFO - [2024-07-26T00:16:38.572+0000] {dag.py:3089} INFO - Sync 3 DAGs
[2024-07-26T00:16:38.588+0000] {logging_mixin.py:188} INFO - [2024-07-26T00:16:38.588+0000] {dag.py:3947} INFO - Setting next_dagrun for example_subdag_operator to 2022-01-01 00:00:00+00:00, run_after=2022-01-01 00:00:00+00:00
[2024-07-26T00:16:38.592+0000] {logging_mixin.py:188} INFO - [2024-07-26T00:16:38.591+0000] {dag.py:3947} INFO - Setting next_dagrun for example_subdag_operator.section-1 to None, run_after=None
[2024-07-26T00:16:38.593+0000] {logging_mixin.py:188} INFO - [2024-07-26T00:16:38.593+0000] {dag.py:3947} INFO - Setting next_dagrun for example_subdag_operator.section-2 to None, run_after=None
[2024-07-26T00:16:38.598+0000] {logging_mixin.py:188} INFO - [2024-07-26T00:16:38.598+0000] {dag.py:3089} INFO - Sync 2 DAGs
[2024-07-26T00:16:38.602+0000] {logging_mixin.py:188} INFO - [2024-07-26T00:16:38.602+0000] {dag.py:3947} INFO - Setting next_dagrun for example_subdag_operator.section-1 to None, run_after=None
[2024-07-26T00:16:38.603+0000] {logging_mixin.py:188} INFO - [2024-07-26T00:16:38.603+0000] {dag.py:3947} INFO - Setting next_dagrun for example_subdag_operator.section-2 to None, run_after=None
[2024-07-26T00:16:38.611+0000] {processor.py:183} INFO - Processing /home/airflow/.local/lib/python3.12/site-packages/airflow/example_dags/example_subdag_operator.py took 0.072 seconds
[2024-07-26T00:17:09.115+0000] {processor.py:161} INFO - Started process (PID=346) to work on /home/airflow/.local/lib/python3.12/site-packages/airflow/example_dags/example_subdag_operator.py
[2024-07-26T00:17:09.116+0000] {processor.py:830} INFO - Processing file /home/airflow/.local/lib/python3.12/site-packages/airflow/example_dags/example_subdag_operator.py for tasks to queue
[2024-07-26T00:17:09.117+0000] {logging_mixin.py:188} INFO - [2024-07-26T00:17:09.117+0000] {dagbag.py:545} INFO - Filling up the DagBag from /home/airflow/.local/lib/python3.12/site-packages/airflow/example_dags/example_subdag_operator.py
[2024-07-26T00:17:09.136+0000] {processor.py:840} INFO - DAG(s) 'example_subdag_operator.section-1', 'example_subdag_operator.section-2', 'example_subdag_operator' retrieved from /home/airflow/.local/lib/python3.12/site-packages/airflow/example_dags/example_subdag_operator.py
[2024-07-26T00:17:09.148+0000] {logging_mixin.py:188} INFO - [2024-07-26T00:17:09.148+0000] {dag.py:3089} INFO - Sync 3 DAGs
[2024-07-26T00:17:09.166+0000] {logging_mixin.py:188} INFO - [2024-07-26T00:17:09.166+0000] {dag.py:3947} INFO - Setting next_dagrun for example_subdag_operator to 2022-01-01 00:00:00+00:00, run_after=2022-01-01 00:00:00+00:00
[2024-07-26T00:17:09.169+0000] {logging_mixin.py:188} INFO - [2024-07-26T00:17:09.169+0000] {dag.py:3947} INFO - Setting next_dagrun for example_subdag_operator.section-1 to None, run_after=None
[2024-07-26T00:17:09.170+0000] {logging_mixin.py:188} INFO - [2024-07-26T00:17:09.170+0000] {dag.py:3947} INFO - Setting next_dagrun for example_subdag_operator.section-2 to None, run_after=None
[2024-07-26T00:17:09.178+0000] {logging_mixin.py:188} INFO - [2024-07-26T00:17:09.177+0000] {dag.py:3089} INFO - Sync 2 DAGs
[2024-07-26T00:17:09.183+0000] {logging_mixin.py:188} INFO - [2024-07-26T00:17:09.183+0000] {dag.py:3947} INFO - Setting next_dagrun for example_subdag_operator.section-1 to None, run_after=None
[2024-07-26T00:17:09.184+0000] {logging_mixin.py:188} INFO - [2024-07-26T00:17:09.184+0000] {dag.py:3947} INFO - Setting next_dagrun for example_subdag_operator.section-2 to None, run_after=None
[2024-07-26T00:17:09.195+0000] {processor.py:183} INFO - Processing /home/airflow/.local/lib/python3.12/site-packages/airflow/example_dags/example_subdag_operator.py took 0.085 seconds
[2024-07-26T00:17:39.665+0000] {processor.py:161} INFO - Started process (PID=406) to work on /home/airflow/.local/lib/python3.12/site-packages/airflow/example_dags/example_subdag_operator.py
[2024-07-26T00:17:39.666+0000] {processor.py:830} INFO - Processing file /home/airflow/.local/lib/python3.12/site-packages/airflow/example_dags/example_subdag_operator.py for tasks to queue
[2024-07-26T00:17:39.668+0000] {logging_mixin.py:188} INFO - [2024-07-26T00:17:39.668+0000] {dagbag.py:545} INFO - Filling up the DagBag from /home/airflow/.local/lib/python3.12/site-packages/airflow/example_dags/example_subdag_operator.py
[2024-07-26T00:17:39.687+0000] {processor.py:840} INFO - DAG(s) 'example_subdag_operator.section-1', 'example_subdag_operator.section-2', 'example_subdag_operator' retrieved from /home/airflow/.local/lib/python3.12/site-packages/airflow/example_dags/example_subdag_operator.py
[2024-07-26T00:17:39.699+0000] {logging_mixin.py:188} INFO - [2024-07-26T00:17:39.699+0000] {dag.py:3089} INFO - Sync 3 DAGs
[2024-07-26T00:17:39.714+0000] {logging_mixin.py:188} INFO - [2024-07-26T00:17:39.714+0000] {dag.py:3947} INFO - Setting next_dagrun for example_subdag_operator to 2022-01-01 00:00:00+00:00, run_after=2022-01-01 00:00:00+00:00
[2024-07-26T00:17:39.718+0000] {logging_mixin.py:188} INFO - [2024-07-26T00:17:39.718+0000] {dag.py:3947} INFO - Setting next_dagrun for example_subdag_operator.section-1 to None, run_after=None
[2024-07-26T00:17:39.720+0000] {logging_mixin.py:188} INFO - [2024-07-26T00:17:39.719+0000] {dag.py:3947} INFO - Setting next_dagrun for example_subdag_operator.section-2 to None, run_after=None
[2024-07-26T00:17:39.727+0000] {logging_mixin.py:188} INFO - [2024-07-26T00:17:39.726+0000] {dag.py:3089} INFO - Sync 2 DAGs
[2024-07-26T00:17:39.732+0000] {logging_mixin.py:188} INFO - [2024-07-26T00:17:39.732+0000] {dag.py:3947} INFO - Setting next_dagrun for example_subdag_operator.section-1 to None, run_after=None
[2024-07-26T00:17:39.733+0000] {logging_mixin.py:188} INFO - [2024-07-26T00:17:39.732+0000] {dag.py:3947} INFO - Setting next_dagrun for example_subdag_operator.section-2 to None, run_after=None
[2024-07-26T00:17:39.745+0000] {processor.py:183} INFO - Processing /home/airflow/.local/lib/python3.12/site-packages/airflow/example_dags/example_subdag_operator.py took 0.083 seconds
[2024-07-26T00:18:10.151+0000] {processor.py:161} INFO - Started process (PID=465) to work on /home/airflow/.local/lib/python3.12/site-packages/airflow/example_dags/example_subdag_operator.py
[2024-07-26T00:18:10.152+0000] {processor.py:830} INFO - Processing file /home/airflow/.local/lib/python3.12/site-packages/airflow/example_dags/example_subdag_operator.py for tasks to queue
[2024-07-26T00:18:10.154+0000] {logging_mixin.py:188} INFO - [2024-07-26T00:18:10.153+0000] {dagbag.py:545} INFO - Filling up the DagBag from /home/airflow/.local/lib/python3.12/site-packages/airflow/example_dags/example_subdag_operator.py
[2024-07-26T00:18:10.172+0000] {processor.py:840} INFO - DAG(s) 'example_subdag_operator.section-1', 'example_subdag_operator.section-2', 'example_subdag_operator' retrieved from /home/airflow/.local/lib/python3.12/site-packages/airflow/example_dags/example_subdag_operator.py
[2024-07-26T00:18:10.184+0000] {logging_mixin.py:188} INFO - [2024-07-26T00:18:10.184+0000] {dag.py:3089} INFO - Sync 3 DAGs
[2024-07-26T00:18:10.201+0000] {logging_mixin.py:188} INFO - [2024-07-26T00:18:10.201+0000] {dag.py:3947} INFO - Setting next_dagrun for example_subdag_operator to 2022-01-01 00:00:00+00:00, run_after=2022-01-01 00:00:00+00:00
[2024-07-26T00:18:10.206+0000] {logging_mixin.py:188} INFO - [2024-07-26T00:18:10.206+0000] {dag.py:3947} INFO - Setting next_dagrun for example_subdag_operator.section-1 to None, run_after=None
[2024-07-26T00:18:10.208+0000] {logging_mixin.py:188} INFO - [2024-07-26T00:18:10.208+0000] {dag.py:3947} INFO - Setting next_dagrun for example_subdag_operator.section-2 to None, run_after=None
[2024-07-26T00:18:10.216+0000] {logging_mixin.py:188} INFO - [2024-07-26T00:18:10.216+0000] {dag.py:3089} INFO - Sync 2 DAGs
[2024-07-26T00:18:10.221+0000] {logging_mixin.py:188} INFO - [2024-07-26T00:18:10.221+0000] {dag.py:3947} INFO - Setting next_dagrun for example_subdag_operator.section-1 to None, run_after=None
[2024-07-26T00:18:10.222+0000] {logging_mixin.py:188} INFO - [2024-07-26T00:18:10.222+0000] {dag.py:3947} INFO - Setting next_dagrun for example_subdag_operator.section-2 to None, run_after=None
[2024-07-26T00:18:10.235+0000] {processor.py:183} INFO - Processing /home/airflow/.local/lib/python3.12/site-packages/airflow/example_dags/example_subdag_operator.py took 0.087 seconds
