[2024-07-26T00:00:02.143+0000] {processor.py:161} INFO - Started process (PID=12422) to work on /home/airflow/.local/lib/python3.12/site-packages/airflow/example_dags/example_branch_labels.py
[2024-07-26T00:00:02.144+0000] {processor.py:830} INFO - Processing file /home/airflow/.local/lib/python3.12/site-packages/airflow/example_dags/example_branch_labels.py for tasks to queue
[2024-07-26T00:00:02.146+0000] {logging_mixin.py:188} INFO - [2024-07-26T00:00:02.145+0000] {dagbag.py:545} INFO - Filling up the DagBag from /home/airflow/.local/lib/python3.12/site-packages/airflow/example_dags/example_branch_labels.py
[2024-07-26T00:00:02.152+0000] {processor.py:840} INFO - DAG(s) 'example_branch_labels' retrieved from /home/airflow/.local/lib/python3.12/site-packages/airflow/example_dags/example_branch_labels.py
[2024-07-26T00:00:02.169+0000] {logging_mixin.py:188} INFO - [2024-07-26T00:00:02.169+0000] {dag.py:3089} INFO - Sync 1 DAGs
[2024-07-26T00:00:02.187+0000] {logging_mixin.py:188} INFO - [2024-07-26T00:00:02.187+0000] {dag.py:3947} INFO - Setting next_dagrun for example_branch_labels to 2024-07-25 00:00:00+00:00, run_after=2024-07-26 00:00:00+00:00
[2024-07-26T00:00:02.204+0000] {processor.py:183} INFO - Processing /home/airflow/.local/lib/python3.12/site-packages/airflow/example_dags/example_branch_labels.py took 0.066 seconds
[2024-07-26T00:00:32.710+0000] {processor.py:161} INFO - Started process (PID=12481) to work on /home/airflow/.local/lib/python3.12/site-packages/airflow/example_dags/example_branch_labels.py
[2024-07-26T00:00:32.711+0000] {processor.py:830} INFO - Processing file /home/airflow/.local/lib/python3.12/site-packages/airflow/example_dags/example_branch_labels.py for tasks to queue
[2024-07-26T00:00:32.713+0000] {logging_mixin.py:188} INFO - [2024-07-26T00:00:32.713+0000] {dagbag.py:545} INFO - Filling up the DagBag from /home/airflow/.local/lib/python3.12/site-packages/airflow/example_dags/example_branch_labels.py
[2024-07-26T00:00:32.719+0000] {processor.py:840} INFO - DAG(s) 'example_branch_labels' retrieved from /home/airflow/.local/lib/python3.12/site-packages/airflow/example_dags/example_branch_labels.py
[2024-07-26T00:00:32.738+0000] {logging_mixin.py:188} INFO - [2024-07-26T00:00:32.738+0000] {dag.py:3089} INFO - Sync 1 DAGs
[2024-07-26T00:00:32.757+0000] {logging_mixin.py:188} INFO - [2024-07-26T00:00:32.756+0000] {dag.py:3947} INFO - Setting next_dagrun for example_branch_labels to 2024-07-25 00:00:00+00:00, run_after=2024-07-26 00:00:00+00:00
[2024-07-26T00:00:32.771+0000] {processor.py:183} INFO - Processing /home/airflow/.local/lib/python3.12/site-packages/airflow/example_dags/example_branch_labels.py took 0.066 seconds
[2024-07-26T00:01:03.015+0000] {processor.py:161} INFO - Started process (PID=12540) to work on /home/airflow/.local/lib/python3.12/site-packages/airflow/example_dags/example_branch_labels.py
[2024-07-26T00:01:03.016+0000] {processor.py:830} INFO - Processing file /home/airflow/.local/lib/python3.12/site-packages/airflow/example_dags/example_branch_labels.py for tasks to queue
[2024-07-26T00:01:03.017+0000] {logging_mixin.py:188} INFO - [2024-07-26T00:01:03.017+0000] {dagbag.py:545} INFO - Filling up the DagBag from /home/airflow/.local/lib/python3.12/site-packages/airflow/example_dags/example_branch_labels.py
[2024-07-26T00:01:03.022+0000] {processor.py:840} INFO - DAG(s) 'example_branch_labels' retrieved from /home/airflow/.local/lib/python3.12/site-packages/airflow/example_dags/example_branch_labels.py
[2024-07-26T00:01:03.039+0000] {logging_mixin.py:188} INFO - [2024-07-26T00:01:03.039+0000] {dag.py:3089} INFO - Sync 1 DAGs
[2024-07-26T00:01:03.057+0000] {logging_mixin.py:188} INFO - [2024-07-26T00:01:03.056+0000] {dag.py:3947} INFO - Setting next_dagrun for example_branch_labels to 2024-07-25 00:00:00+00:00, run_after=2024-07-26 00:00:00+00:00
[2024-07-26T00:01:03.074+0000] {processor.py:183} INFO - Processing /home/airflow/.local/lib/python3.12/site-packages/airflow/example_dags/example_branch_labels.py took 0.063 seconds
[2024-07-26T00:01:33.409+0000] {processor.py:161} INFO - Started process (PID=12599) to work on /home/airflow/.local/lib/python3.12/site-packages/airflow/example_dags/example_branch_labels.py
[2024-07-26T00:01:33.410+0000] {processor.py:830} INFO - Processing file /home/airflow/.local/lib/python3.12/site-packages/airflow/example_dags/example_branch_labels.py for tasks to queue
[2024-07-26T00:01:33.411+0000] {logging_mixin.py:188} INFO - [2024-07-26T00:01:33.411+0000] {dagbag.py:545} INFO - Filling up the DagBag from /home/airflow/.local/lib/python3.12/site-packages/airflow/example_dags/example_branch_labels.py
[2024-07-26T00:01:33.416+0000] {processor.py:840} INFO - DAG(s) 'example_branch_labels' retrieved from /home/airflow/.local/lib/python3.12/site-packages/airflow/example_dags/example_branch_labels.py
[2024-07-26T00:01:33.433+0000] {logging_mixin.py:188} INFO - [2024-07-26T00:01:33.433+0000] {dag.py:3089} INFO - Sync 1 DAGs
[2024-07-26T00:01:33.450+0000] {logging_mixin.py:188} INFO - [2024-07-26T00:01:33.450+0000] {dag.py:3947} INFO - Setting next_dagrun for example_branch_labels to 2024-07-25 00:00:00+00:00, run_after=2024-07-26 00:00:00+00:00
[2024-07-26T00:01:33.463+0000] {processor.py:183} INFO - Processing /home/airflow/.local/lib/python3.12/site-packages/airflow/example_dags/example_branch_labels.py took 0.059 seconds
[2024-07-26T00:02:03.884+0000] {processor.py:161} INFO - Started process (PID=12658) to work on /home/airflow/.local/lib/python3.12/site-packages/airflow/example_dags/example_branch_labels.py
[2024-07-26T00:02:03.885+0000] {processor.py:830} INFO - Processing file /home/airflow/.local/lib/python3.12/site-packages/airflow/example_dags/example_branch_labels.py for tasks to queue
[2024-07-26T00:02:03.887+0000] {logging_mixin.py:188} INFO - [2024-07-26T00:02:03.887+0000] {dagbag.py:545} INFO - Filling up the DagBag from /home/airflow/.local/lib/python3.12/site-packages/airflow/example_dags/example_branch_labels.py
[2024-07-26T00:02:03.893+0000] {processor.py:840} INFO - DAG(s) 'example_branch_labels' retrieved from /home/airflow/.local/lib/python3.12/site-packages/airflow/example_dags/example_branch_labels.py
[2024-07-26T00:02:03.912+0000] {logging_mixin.py:188} INFO - [2024-07-26T00:02:03.912+0000] {dag.py:3089} INFO - Sync 1 DAGs
[2024-07-26T00:02:03.932+0000] {logging_mixin.py:188} INFO - [2024-07-26T00:02:03.931+0000] {dag.py:3947} INFO - Setting next_dagrun for example_branch_labels to 2024-07-25 00:00:00+00:00, run_after=2024-07-26 00:00:00+00:00
[2024-07-26T00:02:03.949+0000] {processor.py:183} INFO - Processing /home/airflow/.local/lib/python3.12/site-packages/airflow/example_dags/example_branch_labels.py took 0.069 seconds
[2024-07-26T00:02:34.325+0000] {processor.py:161} INFO - Started process (PID=12717) to work on /home/airflow/.local/lib/python3.12/site-packages/airflow/example_dags/example_branch_labels.py
[2024-07-26T00:02:34.326+0000] {processor.py:830} INFO - Processing file /home/airflow/.local/lib/python3.12/site-packages/airflow/example_dags/example_branch_labels.py for tasks to queue
[2024-07-26T00:02:34.327+0000] {logging_mixin.py:188} INFO - [2024-07-26T00:02:34.327+0000] {dagbag.py:545} INFO - Filling up the DagBag from /home/airflow/.local/lib/python3.12/site-packages/airflow/example_dags/example_branch_labels.py
[2024-07-26T00:02:34.332+0000] {processor.py:840} INFO - DAG(s) 'example_branch_labels' retrieved from /home/airflow/.local/lib/python3.12/site-packages/airflow/example_dags/example_branch_labels.py
[2024-07-26T00:02:34.349+0000] {logging_mixin.py:188} INFO - [2024-07-26T00:02:34.349+0000] {dag.py:3089} INFO - Sync 1 DAGs
[2024-07-26T00:02:34.366+0000] {logging_mixin.py:188} INFO - [2024-07-26T00:02:34.366+0000] {dag.py:3947} INFO - Setting next_dagrun for example_branch_labels to 2024-07-25 00:00:00+00:00, run_after=2024-07-26 00:00:00+00:00
[2024-07-26T00:02:34.379+0000] {processor.py:183} INFO - Processing /home/airflow/.local/lib/python3.12/site-packages/airflow/example_dags/example_branch_labels.py took 0.058 seconds
[2024-07-26T00:03:04.822+0000] {processor.py:161} INFO - Started process (PID=12776) to work on /home/airflow/.local/lib/python3.12/site-packages/airflow/example_dags/example_branch_labels.py
[2024-07-26T00:03:04.823+0000] {processor.py:830} INFO - Processing file /home/airflow/.local/lib/python3.12/site-packages/airflow/example_dags/example_branch_labels.py for tasks to queue
[2024-07-26T00:03:04.825+0000] {logging_mixin.py:188} INFO - [2024-07-26T00:03:04.825+0000] {dagbag.py:545} INFO - Filling up the DagBag from /home/airflow/.local/lib/python3.12/site-packages/airflow/example_dags/example_branch_labels.py
[2024-07-26T00:03:04.831+0000] {processor.py:840} INFO - DAG(s) 'example_branch_labels' retrieved from /home/airflow/.local/lib/python3.12/site-packages/airflow/example_dags/example_branch_labels.py
[2024-07-26T00:03:04.851+0000] {logging_mixin.py:188} INFO - [2024-07-26T00:03:04.851+0000] {dag.py:3089} INFO - Sync 1 DAGs
[2024-07-26T00:03:04.872+0000] {logging_mixin.py:188} INFO - [2024-07-26T00:03:04.872+0000] {dag.py:3947} INFO - Setting next_dagrun for example_branch_labels to 2024-07-25 00:00:00+00:00, run_after=2024-07-26 00:00:00+00:00
[2024-07-26T00:03:04.889+0000] {processor.py:183} INFO - Processing /home/airflow/.local/lib/python3.12/site-packages/airflow/example_dags/example_branch_labels.py took 0.071 seconds
[2024-07-26T00:03:35.290+0000] {processor.py:161} INFO - Started process (PID=12835) to work on /home/airflow/.local/lib/python3.12/site-packages/airflow/example_dags/example_branch_labels.py
[2024-07-26T00:03:35.290+0000] {processor.py:830} INFO - Processing file /home/airflow/.local/lib/python3.12/site-packages/airflow/example_dags/example_branch_labels.py for tasks to queue
[2024-07-26T00:03:35.292+0000] {logging_mixin.py:188} INFO - [2024-07-26T00:03:35.291+0000] {dagbag.py:545} INFO - Filling up the DagBag from /home/airflow/.local/lib/python3.12/site-packages/airflow/example_dags/example_branch_labels.py
[2024-07-26T00:03:35.296+0000] {processor.py:840} INFO - DAG(s) 'example_branch_labels' retrieved from /home/airflow/.local/lib/python3.12/site-packages/airflow/example_dags/example_branch_labels.py
[2024-07-26T00:03:35.312+0000] {logging_mixin.py:188} INFO - [2024-07-26T00:03:35.312+0000] {dag.py:3089} INFO - Sync 1 DAGs
[2024-07-26T00:03:35.328+0000] {logging_mixin.py:188} INFO - [2024-07-26T00:03:35.328+0000] {dag.py:3947} INFO - Setting next_dagrun for example_branch_labels to 2024-07-25 00:00:00+00:00, run_after=2024-07-26 00:00:00+00:00
[2024-07-26T00:03:35.342+0000] {processor.py:183} INFO - Processing /home/airflow/.local/lib/python3.12/site-packages/airflow/example_dags/example_branch_labels.py took 0.056 seconds
[2024-07-26T00:04:05.708+0000] {processor.py:161} INFO - Started process (PID=12894) to work on /home/airflow/.local/lib/python3.12/site-packages/airflow/example_dags/example_branch_labels.py
[2024-07-26T00:04:05.709+0000] {processor.py:830} INFO - Processing file /home/airflow/.local/lib/python3.12/site-packages/airflow/example_dags/example_branch_labels.py for tasks to queue
[2024-07-26T00:04:05.711+0000] {logging_mixin.py:188} INFO - [2024-07-26T00:04:05.710+0000] {dagbag.py:545} INFO - Filling up the DagBag from /home/airflow/.local/lib/python3.12/site-packages/airflow/example_dags/example_branch_labels.py
[2024-07-26T00:04:05.716+0000] {processor.py:840} INFO - DAG(s) 'example_branch_labels' retrieved from /home/airflow/.local/lib/python3.12/site-packages/airflow/example_dags/example_branch_labels.py
[2024-07-26T00:04:05.734+0000] {logging_mixin.py:188} INFO - [2024-07-26T00:04:05.734+0000] {dag.py:3089} INFO - Sync 1 DAGs
[2024-07-26T00:04:05.753+0000] {logging_mixin.py:188} INFO - [2024-07-26T00:04:05.753+0000] {dag.py:3947} INFO - Setting next_dagrun for example_branch_labels to 2024-07-25 00:00:00+00:00, run_after=2024-07-26 00:00:00+00:00
[2024-07-26T00:04:05.767+0000] {processor.py:183} INFO - Processing /home/airflow/.local/lib/python3.12/site-packages/airflow/example_dags/example_branch_labels.py took 0.064 seconds
[2024-07-26T00:04:36.190+0000] {processor.py:161} INFO - Started process (PID=12953) to work on /home/airflow/.local/lib/python3.12/site-packages/airflow/example_dags/example_branch_labels.py
[2024-07-26T00:04:36.191+0000] {processor.py:830} INFO - Processing file /home/airflow/.local/lib/python3.12/site-packages/airflow/example_dags/example_branch_labels.py for tasks to queue
[2024-07-26T00:04:36.193+0000] {logging_mixin.py:188} INFO - [2024-07-26T00:04:36.193+0000] {dagbag.py:545} INFO - Filling up the DagBag from /home/airflow/.local/lib/python3.12/site-packages/airflow/example_dags/example_branch_labels.py
[2024-07-26T00:04:36.198+0000] {processor.py:840} INFO - DAG(s) 'example_branch_labels' retrieved from /home/airflow/.local/lib/python3.12/site-packages/airflow/example_dags/example_branch_labels.py
[2024-07-26T00:04:36.214+0000] {logging_mixin.py:188} INFO - [2024-07-26T00:04:36.214+0000] {dag.py:3089} INFO - Sync 1 DAGs
[2024-07-26T00:04:36.233+0000] {logging_mixin.py:188} INFO - [2024-07-26T00:04:36.233+0000] {dag.py:3947} INFO - Setting next_dagrun for example_branch_labels to 2024-07-25 00:00:00+00:00, run_after=2024-07-26 00:00:00+00:00
[2024-07-26T00:04:36.247+0000] {processor.py:183} INFO - Processing /home/airflow/.local/lib/python3.12/site-packages/airflow/example_dags/example_branch_labels.py took 0.061 seconds
[2024-07-26T00:05:06.611+0000] {processor.py:161} INFO - Started process (PID=13012) to work on /home/airflow/.local/lib/python3.12/site-packages/airflow/example_dags/example_branch_labels.py
[2024-07-26T00:05:06.611+0000] {processor.py:830} INFO - Processing file /home/airflow/.local/lib/python3.12/site-packages/airflow/example_dags/example_branch_labels.py for tasks to queue
[2024-07-26T00:05:06.613+0000] {logging_mixin.py:188} INFO - [2024-07-26T00:05:06.612+0000] {dagbag.py:545} INFO - Filling up the DagBag from /home/airflow/.local/lib/python3.12/site-packages/airflow/example_dags/example_branch_labels.py
[2024-07-26T00:05:06.618+0000] {processor.py:840} INFO - DAG(s) 'example_branch_labels' retrieved from /home/airflow/.local/lib/python3.12/site-packages/airflow/example_dags/example_branch_labels.py
[2024-07-26T00:05:06.635+0000] {logging_mixin.py:188} INFO - [2024-07-26T00:05:06.635+0000] {dag.py:3089} INFO - Sync 1 DAGs
[2024-07-26T00:05:06.651+0000] {logging_mixin.py:188} INFO - [2024-07-26T00:05:06.651+0000] {dag.py:3947} INFO - Setting next_dagrun for example_branch_labels to 2024-07-25 00:00:00+00:00, run_after=2024-07-26 00:00:00+00:00
[2024-07-26T00:05:06.666+0000] {processor.py:183} INFO - Processing /home/airflow/.local/lib/python3.12/site-packages/airflow/example_dags/example_branch_labels.py took 0.060 seconds
[2024-07-26T00:05:37.081+0000] {processor.py:161} INFO - Started process (PID=13071) to work on /home/airflow/.local/lib/python3.12/site-packages/airflow/example_dags/example_branch_labels.py
[2024-07-26T00:05:37.081+0000] {processor.py:830} INFO - Processing file /home/airflow/.local/lib/python3.12/site-packages/airflow/example_dags/example_branch_labels.py for tasks to queue
[2024-07-26T00:05:37.082+0000] {logging_mixin.py:188} INFO - [2024-07-26T00:05:37.082+0000] {dagbag.py:545} INFO - Filling up the DagBag from /home/airflow/.local/lib/python3.12/site-packages/airflow/example_dags/example_branch_labels.py
[2024-07-26T00:05:37.088+0000] {processor.py:840} INFO - DAG(s) 'example_branch_labels' retrieved from /home/airflow/.local/lib/python3.12/site-packages/airflow/example_dags/example_branch_labels.py
[2024-07-26T00:05:37.105+0000] {logging_mixin.py:188} INFO - [2024-07-26T00:05:37.105+0000] {dag.py:3089} INFO - Sync 1 DAGs
[2024-07-26T00:05:37.121+0000] {logging_mixin.py:188} INFO - [2024-07-26T00:05:37.121+0000] {dag.py:3947} INFO - Setting next_dagrun for example_branch_labels to 2024-07-25 00:00:00+00:00, run_after=2024-07-26 00:00:00+00:00
[2024-07-26T00:05:37.136+0000] {processor.py:183} INFO - Processing /home/airflow/.local/lib/python3.12/site-packages/airflow/example_dags/example_branch_labels.py took 0.059 seconds
[2024-07-26T00:06:07.663+0000] {processor.py:161} INFO - Started process (PID=13130) to work on /home/airflow/.local/lib/python3.12/site-packages/airflow/example_dags/example_branch_labels.py
[2024-07-26T00:06:07.664+0000] {processor.py:830} INFO - Processing file /home/airflow/.local/lib/python3.12/site-packages/airflow/example_dags/example_branch_labels.py for tasks to queue
[2024-07-26T00:06:07.665+0000] {logging_mixin.py:188} INFO - [2024-07-26T00:06:07.665+0000] {dagbag.py:545} INFO - Filling up the DagBag from /home/airflow/.local/lib/python3.12/site-packages/airflow/example_dags/example_branch_labels.py
[2024-07-26T00:06:07.671+0000] {processor.py:840} INFO - DAG(s) 'example_branch_labels' retrieved from /home/airflow/.local/lib/python3.12/site-packages/airflow/example_dags/example_branch_labels.py
[2024-07-26T00:06:07.690+0000] {logging_mixin.py:188} INFO - [2024-07-26T00:06:07.689+0000] {dag.py:3089} INFO - Sync 1 DAGs
[2024-07-26T00:06:07.711+0000] {logging_mixin.py:188} INFO - [2024-07-26T00:06:07.711+0000] {dag.py:3947} INFO - Setting next_dagrun for example_branch_labels to 2024-07-25 00:00:00+00:00, run_after=2024-07-26 00:00:00+00:00
[2024-07-26T00:06:07.727+0000] {processor.py:183} INFO - Processing /home/airflow/.local/lib/python3.12/site-packages/airflow/example_dags/example_branch_labels.py took 0.069 seconds
[2024-07-26T00:06:38.111+0000] {processor.py:161} INFO - Started process (PID=13189) to work on /home/airflow/.local/lib/python3.12/site-packages/airflow/example_dags/example_branch_labels.py
[2024-07-26T00:06:38.112+0000] {processor.py:830} INFO - Processing file /home/airflow/.local/lib/python3.12/site-packages/airflow/example_dags/example_branch_labels.py for tasks to queue
[2024-07-26T00:06:38.114+0000] {logging_mixin.py:188} INFO - [2024-07-26T00:06:38.113+0000] {dagbag.py:545} INFO - Filling up the DagBag from /home/airflow/.local/lib/python3.12/site-packages/airflow/example_dags/example_branch_labels.py
[2024-07-26T00:06:38.119+0000] {processor.py:840} INFO - DAG(s) 'example_branch_labels' retrieved from /home/airflow/.local/lib/python3.12/site-packages/airflow/example_dags/example_branch_labels.py
[2024-07-26T00:06:38.137+0000] {logging_mixin.py:188} INFO - [2024-07-26T00:06:38.136+0000] {dag.py:3089} INFO - Sync 1 DAGs
[2024-07-26T00:06:38.154+0000] {logging_mixin.py:188} INFO - [2024-07-26T00:06:38.154+0000] {dag.py:3947} INFO - Setting next_dagrun for example_branch_labels to 2024-07-25 00:00:00+00:00, run_after=2024-07-26 00:00:00+00:00
[2024-07-26T00:06:38.170+0000] {processor.py:183} INFO - Processing /home/airflow/.local/lib/python3.12/site-packages/airflow/example_dags/example_branch_labels.py took 0.063 seconds
[2024-07-26T00:07:08.628+0000] {processor.py:161} INFO - Started process (PID=13248) to work on /home/airflow/.local/lib/python3.12/site-packages/airflow/example_dags/example_branch_labels.py
[2024-07-26T00:07:08.629+0000] {processor.py:830} INFO - Processing file /home/airflow/.local/lib/python3.12/site-packages/airflow/example_dags/example_branch_labels.py for tasks to queue
[2024-07-26T00:07:08.631+0000] {logging_mixin.py:188} INFO - [2024-07-26T00:07:08.630+0000] {dagbag.py:545} INFO - Filling up the DagBag from /home/airflow/.local/lib/python3.12/site-packages/airflow/example_dags/example_branch_labels.py
[2024-07-26T00:07:08.638+0000] {processor.py:840} INFO - DAG(s) 'example_branch_labels' retrieved from /home/airflow/.local/lib/python3.12/site-packages/airflow/example_dags/example_branch_labels.py
[2024-07-26T00:07:08.656+0000] {logging_mixin.py:188} INFO - [2024-07-26T00:07:08.656+0000] {dag.py:3089} INFO - Sync 1 DAGs
[2024-07-26T00:07:08.674+0000] {logging_mixin.py:188} INFO - [2024-07-26T00:07:08.674+0000] {dag.py:3947} INFO - Setting next_dagrun for example_branch_labels to 2024-07-25 00:00:00+00:00, run_after=2024-07-26 00:00:00+00:00
[2024-07-26T00:07:08.692+0000] {processor.py:183} INFO - Processing /home/airflow/.local/lib/python3.12/site-packages/airflow/example_dags/example_branch_labels.py took 0.069 seconds
[2024-07-26T00:07:39.134+0000] {processor.py:161} INFO - Started process (PID=13307) to work on /home/airflow/.local/lib/python3.12/site-packages/airflow/example_dags/example_branch_labels.py
[2024-07-26T00:07:39.135+0000] {processor.py:830} INFO - Processing file /home/airflow/.local/lib/python3.12/site-packages/airflow/example_dags/example_branch_labels.py for tasks to queue
[2024-07-26T00:07:39.136+0000] {logging_mixin.py:188} INFO - [2024-07-26T00:07:39.136+0000] {dagbag.py:545} INFO - Filling up the DagBag from /home/airflow/.local/lib/python3.12/site-packages/airflow/example_dags/example_branch_labels.py
[2024-07-26T00:07:39.142+0000] {processor.py:840} INFO - DAG(s) 'example_branch_labels' retrieved from /home/airflow/.local/lib/python3.12/site-packages/airflow/example_dags/example_branch_labels.py
[2024-07-26T00:07:39.160+0000] {logging_mixin.py:188} INFO - [2024-07-26T00:07:39.160+0000] {dag.py:3089} INFO - Sync 1 DAGs
[2024-07-26T00:07:39.179+0000] {logging_mixin.py:188} INFO - [2024-07-26T00:07:39.179+0000] {dag.py:3947} INFO - Setting next_dagrun for example_branch_labels to 2024-07-25 00:00:00+00:00, run_after=2024-07-26 00:00:00+00:00
[2024-07-26T00:07:39.195+0000] {processor.py:183} INFO - Processing /home/airflow/.local/lib/python3.12/site-packages/airflow/example_dags/example_branch_labels.py took 0.066 seconds
[2024-07-26T00:08:09.526+0000] {processor.py:161} INFO - Started process (PID=13366) to work on /home/airflow/.local/lib/python3.12/site-packages/airflow/example_dags/example_branch_labels.py
[2024-07-26T00:08:09.527+0000] {processor.py:830} INFO - Processing file /home/airflow/.local/lib/python3.12/site-packages/airflow/example_dags/example_branch_labels.py for tasks to queue
[2024-07-26T00:08:09.528+0000] {logging_mixin.py:188} INFO - [2024-07-26T00:08:09.528+0000] {dagbag.py:545} INFO - Filling up the DagBag from /home/airflow/.local/lib/python3.12/site-packages/airflow/example_dags/example_branch_labels.py
[2024-07-26T00:08:09.533+0000] {processor.py:840} INFO - DAG(s) 'example_branch_labels' retrieved from /home/airflow/.local/lib/python3.12/site-packages/airflow/example_dags/example_branch_labels.py
[2024-07-26T00:08:09.549+0000] {logging_mixin.py:188} INFO - [2024-07-26T00:08:09.548+0000] {dag.py:3089} INFO - Sync 1 DAGs
[2024-07-26T00:08:09.567+0000] {logging_mixin.py:188} INFO - [2024-07-26T00:08:09.567+0000] {dag.py:3947} INFO - Setting next_dagrun for example_branch_labels to 2024-07-25 00:00:00+00:00, run_after=2024-07-26 00:00:00+00:00
[2024-07-26T00:08:09.582+0000] {processor.py:183} INFO - Processing /home/airflow/.local/lib/python3.12/site-packages/airflow/example_dags/example_branch_labels.py took 0.060 seconds
[2024-07-26T00:08:40.079+0000] {processor.py:161} INFO - Started process (PID=13425) to work on /home/airflow/.local/lib/python3.12/site-packages/airflow/example_dags/example_branch_labels.py
[2024-07-26T00:08:40.079+0000] {processor.py:830} INFO - Processing file /home/airflow/.local/lib/python3.12/site-packages/airflow/example_dags/example_branch_labels.py for tasks to queue
[2024-07-26T00:08:40.081+0000] {logging_mixin.py:188} INFO - [2024-07-26T00:08:40.080+0000] {dagbag.py:545} INFO - Filling up the DagBag from /home/airflow/.local/lib/python3.12/site-packages/airflow/example_dags/example_branch_labels.py
[2024-07-26T00:08:40.085+0000] {processor.py:840} INFO - DAG(s) 'example_branch_labels' retrieved from /home/airflow/.local/lib/python3.12/site-packages/airflow/example_dags/example_branch_labels.py
[2024-07-26T00:08:40.101+0000] {logging_mixin.py:188} INFO - [2024-07-26T00:08:40.100+0000] {dag.py:3089} INFO - Sync 1 DAGs
[2024-07-26T00:08:40.117+0000] {logging_mixin.py:188} INFO - [2024-07-26T00:08:40.117+0000] {dag.py:3947} INFO - Setting next_dagrun for example_branch_labels to 2024-07-25 00:00:00+00:00, run_after=2024-07-26 00:00:00+00:00
[2024-07-26T00:08:40.132+0000] {processor.py:183} INFO - Processing /home/airflow/.local/lib/python3.12/site-packages/airflow/example_dags/example_branch_labels.py took 0.057 seconds
[2024-07-26T00:09:10.585+0000] {processor.py:161} INFO - Started process (PID=13484) to work on /home/airflow/.local/lib/python3.12/site-packages/airflow/example_dags/example_branch_labels.py
[2024-07-26T00:09:10.585+0000] {processor.py:830} INFO - Processing file /home/airflow/.local/lib/python3.12/site-packages/airflow/example_dags/example_branch_labels.py for tasks to queue
[2024-07-26T00:09:10.587+0000] {logging_mixin.py:188} INFO - [2024-07-26T00:09:10.587+0000] {dagbag.py:545} INFO - Filling up the DagBag from /home/airflow/.local/lib/python3.12/site-packages/airflow/example_dags/example_branch_labels.py
[2024-07-26T00:09:10.593+0000] {processor.py:840} INFO - DAG(s) 'example_branch_labels' retrieved from /home/airflow/.local/lib/python3.12/site-packages/airflow/example_dags/example_branch_labels.py
[2024-07-26T00:09:10.611+0000] {logging_mixin.py:188} INFO - [2024-07-26T00:09:10.611+0000] {dag.py:3089} INFO - Sync 1 DAGs
[2024-07-26T00:09:10.630+0000] {logging_mixin.py:188} INFO - [2024-07-26T00:09:10.629+0000] {dag.py:3947} INFO - Setting next_dagrun for example_branch_labels to 2024-07-25 00:00:00+00:00, run_after=2024-07-26 00:00:00+00:00
[2024-07-26T00:09:10.643+0000] {processor.py:183} INFO - Processing /home/airflow/.local/lib/python3.12/site-packages/airflow/example_dags/example_branch_labels.py took 0.063 seconds
[2024-07-26T00:09:41.104+0000] {processor.py:161} INFO - Started process (PID=13543) to work on /home/airflow/.local/lib/python3.12/site-packages/airflow/example_dags/example_branch_labels.py
[2024-07-26T00:09:41.105+0000] {processor.py:830} INFO - Processing file /home/airflow/.local/lib/python3.12/site-packages/airflow/example_dags/example_branch_labels.py for tasks to queue
[2024-07-26T00:09:41.107+0000] {logging_mixin.py:188} INFO - [2024-07-26T00:09:41.106+0000] {dagbag.py:545} INFO - Filling up the DagBag from /home/airflow/.local/lib/python3.12/site-packages/airflow/example_dags/example_branch_labels.py
[2024-07-26T00:09:41.113+0000] {processor.py:840} INFO - DAG(s) 'example_branch_labels' retrieved from /home/airflow/.local/lib/python3.12/site-packages/airflow/example_dags/example_branch_labels.py
[2024-07-26T00:09:41.132+0000] {logging_mixin.py:188} INFO - [2024-07-26T00:09:41.131+0000] {dag.py:3089} INFO - Sync 1 DAGs
[2024-07-26T00:09:41.152+0000] {logging_mixin.py:188} INFO - [2024-07-26T00:09:41.152+0000] {dag.py:3947} INFO - Setting next_dagrun for example_branch_labels to 2024-07-25 00:00:00+00:00, run_after=2024-07-26 00:00:00+00:00
[2024-07-26T00:09:41.171+0000] {processor.py:183} INFO - Processing /home/airflow/.local/lib/python3.12/site-packages/airflow/example_dags/example_branch_labels.py took 0.071 seconds
[2024-07-26T00:10:11.613+0000] {processor.py:161} INFO - Started process (PID=13602) to work on /home/airflow/.local/lib/python3.12/site-packages/airflow/example_dags/example_branch_labels.py
[2024-07-26T00:10:11.614+0000] {processor.py:830} INFO - Processing file /home/airflow/.local/lib/python3.12/site-packages/airflow/example_dags/example_branch_labels.py for tasks to queue
[2024-07-26T00:10:11.615+0000] {logging_mixin.py:188} INFO - [2024-07-26T00:10:11.615+0000] {dagbag.py:545} INFO - Filling up the DagBag from /home/airflow/.local/lib/python3.12/site-packages/airflow/example_dags/example_branch_labels.py
[2024-07-26T00:10:11.621+0000] {processor.py:840} INFO - DAG(s) 'example_branch_labels' retrieved from /home/airflow/.local/lib/python3.12/site-packages/airflow/example_dags/example_branch_labels.py
[2024-07-26T00:10:11.638+0000] {logging_mixin.py:188} INFO - [2024-07-26T00:10:11.638+0000] {dag.py:3089} INFO - Sync 1 DAGs
[2024-07-26T00:10:11.656+0000] {logging_mixin.py:188} INFO - [2024-07-26T00:10:11.656+0000] {dag.py:3947} INFO - Setting next_dagrun for example_branch_labels to 2024-07-25 00:00:00+00:00, run_after=2024-07-26 00:00:00+00:00
[2024-07-26T00:10:11.671+0000] {processor.py:183} INFO - Processing /home/airflow/.local/lib/python3.12/site-packages/airflow/example_dags/example_branch_labels.py took 0.062 seconds
[2024-07-26T00:10:42.081+0000] {processor.py:161} INFO - Started process (PID=13661) to work on /home/airflow/.local/lib/python3.12/site-packages/airflow/example_dags/example_branch_labels.py
[2024-07-26T00:10:42.082+0000] {processor.py:830} INFO - Processing file /home/airflow/.local/lib/python3.12/site-packages/airflow/example_dags/example_branch_labels.py for tasks to queue
[2024-07-26T00:10:42.083+0000] {logging_mixin.py:188} INFO - [2024-07-26T00:10:42.083+0000] {dagbag.py:545} INFO - Filling up the DagBag from /home/airflow/.local/lib/python3.12/site-packages/airflow/example_dags/example_branch_labels.py
[2024-07-26T00:10:42.089+0000] {processor.py:840} INFO - DAG(s) 'example_branch_labels' retrieved from /home/airflow/.local/lib/python3.12/site-packages/airflow/example_dags/example_branch_labels.py
[2024-07-26T00:10:42.105+0000] {logging_mixin.py:188} INFO - [2024-07-26T00:10:42.105+0000] {dag.py:3089} INFO - Sync 1 DAGs
[2024-07-26T00:10:42.121+0000] {logging_mixin.py:188} INFO - [2024-07-26T00:10:42.121+0000] {dag.py:3947} INFO - Setting next_dagrun for example_branch_labels to 2024-07-25 00:00:00+00:00, run_after=2024-07-26 00:00:00+00:00
[2024-07-26T00:10:42.135+0000] {processor.py:183} INFO - Processing /home/airflow/.local/lib/python3.12/site-packages/airflow/example_dags/example_branch_labels.py took 0.057 seconds
[2024-07-26T00:11:12.529+0000] {processor.py:161} INFO - Started process (PID=13720) to work on /home/airflow/.local/lib/python3.12/site-packages/airflow/example_dags/example_branch_labels.py
[2024-07-26T00:11:12.529+0000] {processor.py:830} INFO - Processing file /home/airflow/.local/lib/python3.12/site-packages/airflow/example_dags/example_branch_labels.py for tasks to queue
[2024-07-26T00:11:12.531+0000] {logging_mixin.py:188} INFO - [2024-07-26T00:11:12.531+0000] {dagbag.py:545} INFO - Filling up the DagBag from /home/airflow/.local/lib/python3.12/site-packages/airflow/example_dags/example_branch_labels.py
[2024-07-26T00:11:12.536+0000] {processor.py:840} INFO - DAG(s) 'example_branch_labels' retrieved from /home/airflow/.local/lib/python3.12/site-packages/airflow/example_dags/example_branch_labels.py
[2024-07-26T00:11:12.552+0000] {logging_mixin.py:188} INFO - [2024-07-26T00:11:12.552+0000] {dag.py:3089} INFO - Sync 1 DAGs
[2024-07-26T00:11:12.569+0000] {logging_mixin.py:188} INFO - [2024-07-26T00:11:12.568+0000] {dag.py:3947} INFO - Setting next_dagrun for example_branch_labels to 2024-07-25 00:00:00+00:00, run_after=2024-07-26 00:00:00+00:00
[2024-07-26T00:11:12.582+0000] {processor.py:183} INFO - Processing /home/airflow/.local/lib/python3.12/site-packages/airflow/example_dags/example_branch_labels.py took 0.057 seconds
[2024-07-26T00:11:42.965+0000] {processor.py:161} INFO - Started process (PID=13779) to work on /home/airflow/.local/lib/python3.12/site-packages/airflow/example_dags/example_branch_labels.py
[2024-07-26T00:11:42.966+0000] {processor.py:830} INFO - Processing file /home/airflow/.local/lib/python3.12/site-packages/airflow/example_dags/example_branch_labels.py for tasks to queue
[2024-07-26T00:11:42.967+0000] {logging_mixin.py:188} INFO - [2024-07-26T00:11:42.967+0000] {dagbag.py:545} INFO - Filling up the DagBag from /home/airflow/.local/lib/python3.12/site-packages/airflow/example_dags/example_branch_labels.py
[2024-07-26T00:11:42.972+0000] {processor.py:840} INFO - DAG(s) 'example_branch_labels' retrieved from /home/airflow/.local/lib/python3.12/site-packages/airflow/example_dags/example_branch_labels.py
[2024-07-26T00:11:42.990+0000] {logging_mixin.py:188} INFO - [2024-07-26T00:11:42.990+0000] {dag.py:3089} INFO - Sync 1 DAGs
[2024-07-26T00:11:43.008+0000] {logging_mixin.py:188} INFO - [2024-07-26T00:11:43.008+0000] {dag.py:3947} INFO - Setting next_dagrun for example_branch_labels to 2024-07-25 00:00:00+00:00, run_after=2024-07-26 00:00:00+00:00
[2024-07-26T00:11:43.025+0000] {processor.py:183} INFO - Processing /home/airflow/.local/lib/python3.12/site-packages/airflow/example_dags/example_branch_labels.py took 0.063 seconds
[2024-07-26T00:14:36.550+0000] {processor.py:161} INFO - Started process (PID=69) to work on /home/airflow/.local/lib/python3.12/site-packages/airflow/example_dags/example_branch_labels.py
[2024-07-26T00:14:36.551+0000] {processor.py:830} INFO - Processing file /home/airflow/.local/lib/python3.12/site-packages/airflow/example_dags/example_branch_labels.py for tasks to queue
[2024-07-26T00:14:36.553+0000] {logging_mixin.py:188} INFO - [2024-07-26T00:14:36.553+0000] {dagbag.py:545} INFO - Filling up the DagBag from /home/airflow/.local/lib/python3.12/site-packages/airflow/example_dags/example_branch_labels.py
[2024-07-26T00:14:36.561+0000] {processor.py:840} INFO - DAG(s) 'example_branch_labels' retrieved from /home/airflow/.local/lib/python3.12/site-packages/airflow/example_dags/example_branch_labels.py
[2024-07-26T00:14:36.574+0000] {logging_mixin.py:188} INFO - [2024-07-26T00:14:36.574+0000] {dag.py:3089} INFO - Sync 1 DAGs
[2024-07-26T00:14:36.607+0000] {logging_mixin.py:188} INFO - [2024-07-26T00:14:36.607+0000] {dag.py:3947} INFO - Setting next_dagrun for example_branch_labels to 2024-07-25 00:00:00+00:00, run_after=2024-07-26 00:00:00+00:00
[2024-07-26T00:14:36.635+0000] {processor.py:183} INFO - Processing /home/airflow/.local/lib/python3.12/site-packages/airflow/example_dags/example_branch_labels.py took 0.090 seconds
[2024-07-26T00:15:08.175+0000] {processor.py:161} INFO - Started process (PID=128) to work on /home/airflow/.local/lib/python3.12/site-packages/airflow/example_dags/example_branch_labels.py
[2024-07-26T00:15:08.176+0000] {processor.py:830} INFO - Processing file /home/airflow/.local/lib/python3.12/site-packages/airflow/example_dags/example_branch_labels.py for tasks to queue
[2024-07-26T00:15:08.178+0000] {logging_mixin.py:188} INFO - [2024-07-26T00:15:08.178+0000] {dagbag.py:545} INFO - Filling up the DagBag from /home/airflow/.local/lib/python3.12/site-packages/airflow/example_dags/example_branch_labels.py
[2024-07-26T00:15:08.185+0000] {processor.py:840} INFO - DAG(s) 'example_branch_labels' retrieved from /home/airflow/.local/lib/python3.12/site-packages/airflow/example_dags/example_branch_labels.py
[2024-07-26T00:15:08.267+0000] {logging_mixin.py:188} INFO - [2024-07-26T00:15:08.266+0000] {dag.py:3089} INFO - Sync 1 DAGs
[2024-07-26T00:15:08.282+0000] {logging_mixin.py:188} INFO - [2024-07-26T00:15:08.282+0000] {dag.py:3947} INFO - Setting next_dagrun for example_branch_labels to 2024-07-25 00:00:00+00:00, run_after=2024-07-26 00:00:00+00:00
[2024-07-26T00:15:08.298+0000] {processor.py:183} INFO - Processing /home/airflow/.local/lib/python3.12/site-packages/airflow/example_dags/example_branch_labels.py took 0.127 seconds
[2024-07-26T00:15:38.673+0000] {processor.py:161} INFO - Started process (PID=187) to work on /home/airflow/.local/lib/python3.12/site-packages/airflow/example_dags/example_branch_labels.py
[2024-07-26T00:15:38.674+0000] {processor.py:830} INFO - Processing file /home/airflow/.local/lib/python3.12/site-packages/airflow/example_dags/example_branch_labels.py for tasks to queue
[2024-07-26T00:15:38.676+0000] {logging_mixin.py:188} INFO - [2024-07-26T00:15:38.675+0000] {dagbag.py:545} INFO - Filling up the DagBag from /home/airflow/.local/lib/python3.12/site-packages/airflow/example_dags/example_branch_labels.py
[2024-07-26T00:15:38.682+0000] {processor.py:840} INFO - DAG(s) 'example_branch_labels' retrieved from /home/airflow/.local/lib/python3.12/site-packages/airflow/example_dags/example_branch_labels.py
[2024-07-26T00:15:38.700+0000] {logging_mixin.py:188} INFO - [2024-07-26T00:15:38.700+0000] {dag.py:3089} INFO - Sync 1 DAGs
[2024-07-26T00:15:38.718+0000] {logging_mixin.py:188} INFO - [2024-07-26T00:15:38.718+0000] {dag.py:3947} INFO - Setting next_dagrun for example_branch_labels to 2024-07-25 00:00:00+00:00, run_after=2024-07-26 00:00:00+00:00
[2024-07-26T00:15:38.735+0000] {processor.py:183} INFO - Processing /home/airflow/.local/lib/python3.12/site-packages/airflow/example_dags/example_branch_labels.py took 0.067 seconds
[2024-07-26T00:16:08.845+0000] {processor.py:161} INFO - Started process (PID=246) to work on /home/airflow/.local/lib/python3.12/site-packages/airflow/example_dags/example_branch_labels.py
[2024-07-26T00:16:08.846+0000] {processor.py:830} INFO - Processing file /home/airflow/.local/lib/python3.12/site-packages/airflow/example_dags/example_branch_labels.py for tasks to queue
[2024-07-26T00:16:08.847+0000] {logging_mixin.py:188} INFO - [2024-07-26T00:16:08.847+0000] {dagbag.py:545} INFO - Filling up the DagBag from /home/airflow/.local/lib/python3.12/site-packages/airflow/example_dags/example_branch_labels.py
[2024-07-26T00:16:08.852+0000] {processor.py:840} INFO - DAG(s) 'example_branch_labels' retrieved from /home/airflow/.local/lib/python3.12/site-packages/airflow/example_dags/example_branch_labels.py
[2024-07-26T00:16:08.869+0000] {logging_mixin.py:188} INFO - [2024-07-26T00:16:08.869+0000] {dag.py:3089} INFO - Sync 1 DAGs
[2024-07-26T00:16:08.886+0000] {logging_mixin.py:188} INFO - [2024-07-26T00:16:08.886+0000] {dag.py:3947} INFO - Setting next_dagrun for example_branch_labels to 2024-07-25 00:00:00+00:00, run_after=2024-07-26 00:00:00+00:00
[2024-07-26T00:16:08.899+0000] {processor.py:183} INFO - Processing /home/airflow/.local/lib/python3.12/site-packages/airflow/example_dags/example_branch_labels.py took 0.058 seconds
[2024-07-26T00:16:39.419+0000] {processor.py:161} INFO - Started process (PID=305) to work on /home/airflow/.local/lib/python3.12/site-packages/airflow/example_dags/example_branch_labels.py
[2024-07-26T00:16:39.420+0000] {processor.py:830} INFO - Processing file /home/airflow/.local/lib/python3.12/site-packages/airflow/example_dags/example_branch_labels.py for tasks to queue
[2024-07-26T00:16:39.422+0000] {logging_mixin.py:188} INFO - [2024-07-26T00:16:39.421+0000] {dagbag.py:545} INFO - Filling up the DagBag from /home/airflow/.local/lib/python3.12/site-packages/airflow/example_dags/example_branch_labels.py
[2024-07-26T00:16:39.427+0000] {processor.py:840} INFO - DAG(s) 'example_branch_labels' retrieved from /home/airflow/.local/lib/python3.12/site-packages/airflow/example_dags/example_branch_labels.py
[2024-07-26T00:16:39.443+0000] {logging_mixin.py:188} INFO - [2024-07-26T00:16:39.443+0000] {dag.py:3089} INFO - Sync 1 DAGs
[2024-07-26T00:16:39.460+0000] {logging_mixin.py:188} INFO - [2024-07-26T00:16:39.460+0000] {dag.py:3947} INFO - Setting next_dagrun for example_branch_labels to 2024-07-25 00:00:00+00:00, run_after=2024-07-26 00:00:00+00:00
[2024-07-26T00:16:39.475+0000] {processor.py:183} INFO - Processing /home/airflow/.local/lib/python3.12/site-packages/airflow/example_dags/example_branch_labels.py took 0.060 seconds
[2024-07-26T00:17:09.942+0000] {processor.py:161} INFO - Started process (PID=364) to work on /home/airflow/.local/lib/python3.12/site-packages/airflow/example_dags/example_branch_labels.py
[2024-07-26T00:17:09.943+0000] {processor.py:830} INFO - Processing file /home/airflow/.local/lib/python3.12/site-packages/airflow/example_dags/example_branch_labels.py for tasks to queue
[2024-07-26T00:17:09.945+0000] {logging_mixin.py:188} INFO - [2024-07-26T00:17:09.944+0000] {dagbag.py:545} INFO - Filling up the DagBag from /home/airflow/.local/lib/python3.12/site-packages/airflow/example_dags/example_branch_labels.py
[2024-07-26T00:17:09.951+0000] {processor.py:840} INFO - DAG(s) 'example_branch_labels' retrieved from /home/airflow/.local/lib/python3.12/site-packages/airflow/example_dags/example_branch_labels.py
[2024-07-26T00:17:09.972+0000] {logging_mixin.py:188} INFO - [2024-07-26T00:17:09.971+0000] {dag.py:3089} INFO - Sync 1 DAGs
[2024-07-26T00:17:09.992+0000] {logging_mixin.py:188} INFO - [2024-07-26T00:17:09.991+0000] {dag.py:3947} INFO - Setting next_dagrun for example_branch_labels to 2024-07-25 00:00:00+00:00, run_after=2024-07-26 00:00:00+00:00
[2024-07-26T00:17:10.010+0000] {processor.py:183} INFO - Processing /home/airflow/.local/lib/python3.12/site-packages/airflow/example_dags/example_branch_labels.py took 0.073 seconds
[2024-07-26T00:17:40.458+0000] {processor.py:161} INFO - Started process (PID=424) to work on /home/airflow/.local/lib/python3.12/site-packages/airflow/example_dags/example_branch_labels.py
[2024-07-26T00:17:40.459+0000] {processor.py:830} INFO - Processing file /home/airflow/.local/lib/python3.12/site-packages/airflow/example_dags/example_branch_labels.py for tasks to queue
[2024-07-26T00:17:40.460+0000] {logging_mixin.py:188} INFO - [2024-07-26T00:17:40.460+0000] {dagbag.py:545} INFO - Filling up the DagBag from /home/airflow/.local/lib/python3.12/site-packages/airflow/example_dags/example_branch_labels.py
[2024-07-26T00:17:40.466+0000] {processor.py:840} INFO - DAG(s) 'example_branch_labels' retrieved from /home/airflow/.local/lib/python3.12/site-packages/airflow/example_dags/example_branch_labels.py
[2024-07-26T00:17:40.482+0000] {logging_mixin.py:188} INFO - [2024-07-26T00:17:40.481+0000] {dag.py:3089} INFO - Sync 1 DAGs
[2024-07-26T00:17:40.498+0000] {logging_mixin.py:188} INFO - [2024-07-26T00:17:40.498+0000] {dag.py:3947} INFO - Setting next_dagrun for example_branch_labels to 2024-07-25 00:00:00+00:00, run_after=2024-07-26 00:00:00+00:00
[2024-07-26T00:17:40.514+0000] {processor.py:183} INFO - Processing /home/airflow/.local/lib/python3.12/site-packages/airflow/example_dags/example_branch_labels.py took 0.060 seconds
[2024-07-26T00:18:10.902+0000] {processor.py:161} INFO - Started process (PID=483) to work on /home/airflow/.local/lib/python3.12/site-packages/airflow/example_dags/example_branch_labels.py
[2024-07-26T00:18:10.902+0000] {processor.py:830} INFO - Processing file /home/airflow/.local/lib/python3.12/site-packages/airflow/example_dags/example_branch_labels.py for tasks to queue
[2024-07-26T00:18:10.904+0000] {logging_mixin.py:188} INFO - [2024-07-26T00:18:10.904+0000] {dagbag.py:545} INFO - Filling up the DagBag from /home/airflow/.local/lib/python3.12/site-packages/airflow/example_dags/example_branch_labels.py
[2024-07-26T00:18:10.910+0000] {processor.py:840} INFO - DAG(s) 'example_branch_labels' retrieved from /home/airflow/.local/lib/python3.12/site-packages/airflow/example_dags/example_branch_labels.py
[2024-07-26T00:18:10.927+0000] {logging_mixin.py:188} INFO - [2024-07-26T00:18:10.927+0000] {dag.py:3089} INFO - Sync 1 DAGs
[2024-07-26T00:18:10.944+0000] {logging_mixin.py:188} INFO - [2024-07-26T00:18:10.943+0000] {dag.py:3947} INFO - Setting next_dagrun for example_branch_labels to 2024-07-25 00:00:00+00:00, run_after=2024-07-26 00:00:00+00:00
[2024-07-26T00:18:10.959+0000] {processor.py:183} INFO - Processing /home/airflow/.local/lib/python3.12/site-packages/airflow/example_dags/example_branch_labels.py took 0.062 seconds
