[2024-07-26T00:00:00.846+0000] {processor.py:161} INFO - Started process (PID=12414) to work on /home/airflow/.local/lib/python3.12/site-packages/airflow/example_dags/example_time_delta_sensor_async.py
[2024-07-26T00:00:00.847+0000] {processor.py:830} INFO - Processing file /home/airflow/.local/lib/python3.12/site-packages/airflow/example_dags/example_time_delta_sensor_async.py for tasks to queue
[2024-07-26T00:00:00.849+0000] {logging_mixin.py:188} INFO - [2024-07-26T00:00:00.849+0000] {dagbag.py:545} INFO - Filling up the DagBag from /home/airflow/.local/lib/python3.12/site-packages/airflow/example_dags/example_time_delta_sensor_async.py
[2024-07-26T00:00:00.853+0000] {processor.py:840} INFO - DAG(s) 'example_time_delta_sensor_async' retrieved from /home/airflow/.local/lib/python3.12/site-packages/airflow/example_dags/example_time_delta_sensor_async.py
[2024-07-26T00:00:00.871+0000] {logging_mixin.py:188} INFO - [2024-07-26T00:00:00.870+0000] {dag.py:3089} INFO - Sync 1 DAGs
[2024-07-26T00:00:00.883+0000] {logging_mixin.py:188} INFO - [2024-07-26T00:00:00.883+0000] {dag.py:3947} INFO - Setting next_dagrun for example_time_delta_sensor_async to None, run_after=None
[2024-07-26T00:00:00.900+0000] {processor.py:183} INFO - Processing /home/airflow/.local/lib/python3.12/site-packages/airflow/example_dags/example_time_delta_sensor_async.py took 0.059 seconds
[2024-07-26T00:00:31.415+0000] {processor.py:161} INFO - Started process (PID=12473) to work on /home/airflow/.local/lib/python3.12/site-packages/airflow/example_dags/example_time_delta_sensor_async.py
[2024-07-26T00:00:31.416+0000] {processor.py:830} INFO - Processing file /home/airflow/.local/lib/python3.12/site-packages/airflow/example_dags/example_time_delta_sensor_async.py for tasks to queue
[2024-07-26T00:00:31.418+0000] {logging_mixin.py:188} INFO - [2024-07-26T00:00:31.417+0000] {dagbag.py:545} INFO - Filling up the DagBag from /home/airflow/.local/lib/python3.12/site-packages/airflow/example_dags/example_time_delta_sensor_async.py
[2024-07-26T00:00:31.421+0000] {processor.py:840} INFO - DAG(s) 'example_time_delta_sensor_async' retrieved from /home/airflow/.local/lib/python3.12/site-packages/airflow/example_dags/example_time_delta_sensor_async.py
[2024-07-26T00:00:31.438+0000] {logging_mixin.py:188} INFO - [2024-07-26T00:00:31.438+0000] {dag.py:3089} INFO - Sync 1 DAGs
[2024-07-26T00:00:31.449+0000] {logging_mixin.py:188} INFO - [2024-07-26T00:00:31.449+0000] {dag.py:3947} INFO - Setting next_dagrun for example_time_delta_sensor_async to None, run_after=None
[2024-07-26T00:00:31.471+0000] {processor.py:183} INFO - Processing /home/airflow/.local/lib/python3.12/site-packages/airflow/example_dags/example_time_delta_sensor_async.py took 0.060 seconds
[2024-07-26T00:01:01.746+0000] {processor.py:161} INFO - Started process (PID=12532) to work on /home/airflow/.local/lib/python3.12/site-packages/airflow/example_dags/example_time_delta_sensor_async.py
[2024-07-26T00:01:01.747+0000] {processor.py:830} INFO - Processing file /home/airflow/.local/lib/python3.12/site-packages/airflow/example_dags/example_time_delta_sensor_async.py for tasks to queue
[2024-07-26T00:01:01.749+0000] {logging_mixin.py:188} INFO - [2024-07-26T00:01:01.748+0000] {dagbag.py:545} INFO - Filling up the DagBag from /home/airflow/.local/lib/python3.12/site-packages/airflow/example_dags/example_time_delta_sensor_async.py
[2024-07-26T00:01:01.752+0000] {processor.py:840} INFO - DAG(s) 'example_time_delta_sensor_async' retrieved from /home/airflow/.local/lib/python3.12/site-packages/airflow/example_dags/example_time_delta_sensor_async.py
[2024-07-26T00:01:01.769+0000] {logging_mixin.py:188} INFO - [2024-07-26T00:01:01.768+0000] {dag.py:3089} INFO - Sync 1 DAGs
[2024-07-26T00:01:01.778+0000] {logging_mixin.py:188} INFO - [2024-07-26T00:01:01.778+0000] {dag.py:3947} INFO - Setting next_dagrun for example_time_delta_sensor_async to None, run_after=None
[2024-07-26T00:01:01.795+0000] {processor.py:183} INFO - Processing /home/airflow/.local/lib/python3.12/site-packages/airflow/example_dags/example_time_delta_sensor_async.py took 0.053 seconds
[2024-07-26T00:01:32.110+0000] {processor.py:161} INFO - Started process (PID=12591) to work on /home/airflow/.local/lib/python3.12/site-packages/airflow/example_dags/example_time_delta_sensor_async.py
[2024-07-26T00:01:32.111+0000] {processor.py:830} INFO - Processing file /home/airflow/.local/lib/python3.12/site-packages/airflow/example_dags/example_time_delta_sensor_async.py for tasks to queue
[2024-07-26T00:01:32.113+0000] {logging_mixin.py:188} INFO - [2024-07-26T00:01:32.112+0000] {dagbag.py:545} INFO - Filling up the DagBag from /home/airflow/.local/lib/python3.12/site-packages/airflow/example_dags/example_time_delta_sensor_async.py
[2024-07-26T00:01:32.116+0000] {processor.py:840} INFO - DAG(s) 'example_time_delta_sensor_async' retrieved from /home/airflow/.local/lib/python3.12/site-packages/airflow/example_dags/example_time_delta_sensor_async.py
[2024-07-26T00:01:32.131+0000] {logging_mixin.py:188} INFO - [2024-07-26T00:01:32.131+0000] {dag.py:3089} INFO - Sync 1 DAGs
[2024-07-26T00:01:32.141+0000] {logging_mixin.py:188} INFO - [2024-07-26T00:01:32.141+0000] {dag.py:3947} INFO - Setting next_dagrun for example_time_delta_sensor_async to None, run_after=None
[2024-07-26T00:01:32.158+0000] {processor.py:183} INFO - Processing /home/airflow/.local/lib/python3.12/site-packages/airflow/example_dags/example_time_delta_sensor_async.py took 0.052 seconds
[2024-07-26T00:02:02.550+0000] {processor.py:161} INFO - Started process (PID=12650) to work on /home/airflow/.local/lib/python3.12/site-packages/airflow/example_dags/example_time_delta_sensor_async.py
[2024-07-26T00:02:02.551+0000] {processor.py:830} INFO - Processing file /home/airflow/.local/lib/python3.12/site-packages/airflow/example_dags/example_time_delta_sensor_async.py for tasks to queue
[2024-07-26T00:02:02.552+0000] {logging_mixin.py:188} INFO - [2024-07-26T00:02:02.552+0000] {dagbag.py:545} INFO - Filling up the DagBag from /home/airflow/.local/lib/python3.12/site-packages/airflow/example_dags/example_time_delta_sensor_async.py
[2024-07-26T00:02:02.556+0000] {processor.py:840} INFO - DAG(s) 'example_time_delta_sensor_async' retrieved from /home/airflow/.local/lib/python3.12/site-packages/airflow/example_dags/example_time_delta_sensor_async.py
[2024-07-26T00:02:02.571+0000] {logging_mixin.py:188} INFO - [2024-07-26T00:02:02.570+0000] {dag.py:3089} INFO - Sync 1 DAGs
[2024-07-26T00:02:02.580+0000] {logging_mixin.py:188} INFO - [2024-07-26T00:02:02.580+0000] {dag.py:3947} INFO - Setting next_dagrun for example_time_delta_sensor_async to None, run_after=None
[2024-07-26T00:02:02.594+0000] {processor.py:183} INFO - Processing /home/airflow/.local/lib/python3.12/site-packages/airflow/example_dags/example_time_delta_sensor_async.py took 0.049 seconds
[2024-07-26T00:02:33.091+0000] {processor.py:161} INFO - Started process (PID=12709) to work on /home/airflow/.local/lib/python3.12/site-packages/airflow/example_dags/example_time_delta_sensor_async.py
[2024-07-26T00:02:33.092+0000] {processor.py:830} INFO - Processing file /home/airflow/.local/lib/python3.12/site-packages/airflow/example_dags/example_time_delta_sensor_async.py for tasks to queue
[2024-07-26T00:02:33.094+0000] {logging_mixin.py:188} INFO - [2024-07-26T00:02:33.093+0000] {dagbag.py:545} INFO - Filling up the DagBag from /home/airflow/.local/lib/python3.12/site-packages/airflow/example_dags/example_time_delta_sensor_async.py
[2024-07-26T00:02:33.097+0000] {processor.py:840} INFO - DAG(s) 'example_time_delta_sensor_async' retrieved from /home/airflow/.local/lib/python3.12/site-packages/airflow/example_dags/example_time_delta_sensor_async.py
[2024-07-26T00:02:33.112+0000] {logging_mixin.py:188} INFO - [2024-07-26T00:02:33.112+0000] {dag.py:3089} INFO - Sync 1 DAGs
[2024-07-26T00:02:33.124+0000] {logging_mixin.py:188} INFO - [2024-07-26T00:02:33.123+0000] {dag.py:3947} INFO - Setting next_dagrun for example_time_delta_sensor_async to None, run_after=None
[2024-07-26T00:02:33.140+0000] {processor.py:183} INFO - Processing /home/airflow/.local/lib/python3.12/site-packages/airflow/example_dags/example_time_delta_sensor_async.py took 0.053 seconds
[2024-07-26T00:03:03.428+0000] {processor.py:161} INFO - Started process (PID=12768) to work on /home/airflow/.local/lib/python3.12/site-packages/airflow/example_dags/example_time_delta_sensor_async.py
[2024-07-26T00:03:03.429+0000] {processor.py:830} INFO - Processing file /home/airflow/.local/lib/python3.12/site-packages/airflow/example_dags/example_time_delta_sensor_async.py for tasks to queue
[2024-07-26T00:03:03.431+0000] {logging_mixin.py:188} INFO - [2024-07-26T00:03:03.431+0000] {dagbag.py:545} INFO - Filling up the DagBag from /home/airflow/.local/lib/python3.12/site-packages/airflow/example_dags/example_time_delta_sensor_async.py
[2024-07-26T00:03:03.434+0000] {processor.py:840} INFO - DAG(s) 'example_time_delta_sensor_async' retrieved from /home/airflow/.local/lib/python3.12/site-packages/airflow/example_dags/example_time_delta_sensor_async.py
[2024-07-26T00:03:03.452+0000] {logging_mixin.py:188} INFO - [2024-07-26T00:03:03.451+0000] {dag.py:3089} INFO - Sync 1 DAGs
[2024-07-26T00:03:03.464+0000] {logging_mixin.py:188} INFO - [2024-07-26T00:03:03.463+0000] {dag.py:3947} INFO - Setting next_dagrun for example_time_delta_sensor_async to None, run_after=None
[2024-07-26T00:03:03.483+0000] {processor.py:183} INFO - Processing /home/airflow/.local/lib/python3.12/site-packages/airflow/example_dags/example_time_delta_sensor_async.py took 0.059 seconds
[2024-07-26T00:03:33.955+0000] {processor.py:161} INFO - Started process (PID=12827) to work on /home/airflow/.local/lib/python3.12/site-packages/airflow/example_dags/example_time_delta_sensor_async.py
[2024-07-26T00:03:33.956+0000] {processor.py:830} INFO - Processing file /home/airflow/.local/lib/python3.12/site-packages/airflow/example_dags/example_time_delta_sensor_async.py for tasks to queue
[2024-07-26T00:03:33.957+0000] {logging_mixin.py:188} INFO - [2024-07-26T00:03:33.957+0000] {dagbag.py:545} INFO - Filling up the DagBag from /home/airflow/.local/lib/python3.12/site-packages/airflow/example_dags/example_time_delta_sensor_async.py
[2024-07-26T00:03:33.960+0000] {processor.py:840} INFO - DAG(s) 'example_time_delta_sensor_async' retrieved from /home/airflow/.local/lib/python3.12/site-packages/airflow/example_dags/example_time_delta_sensor_async.py
[2024-07-26T00:03:33.974+0000] {logging_mixin.py:188} INFO - [2024-07-26T00:03:33.974+0000] {dag.py:3089} INFO - Sync 1 DAGs
[2024-07-26T00:03:33.983+0000] {logging_mixin.py:188} INFO - [2024-07-26T00:03:33.983+0000] {dag.py:3947} INFO - Setting next_dagrun for example_time_delta_sensor_async to None, run_after=None
[2024-07-26T00:03:33.998+0000] {processor.py:183} INFO - Processing /home/airflow/.local/lib/python3.12/site-packages/airflow/example_dags/example_time_delta_sensor_async.py took 0.047 seconds
[2024-07-26T00:04:04.382+0000] {processor.py:161} INFO - Started process (PID=12886) to work on /home/airflow/.local/lib/python3.12/site-packages/airflow/example_dags/example_time_delta_sensor_async.py
[2024-07-26T00:04:04.382+0000] {processor.py:830} INFO - Processing file /home/airflow/.local/lib/python3.12/site-packages/airflow/example_dags/example_time_delta_sensor_async.py for tasks to queue
[2024-07-26T00:04:04.384+0000] {logging_mixin.py:188} INFO - [2024-07-26T00:04:04.384+0000] {dagbag.py:545} INFO - Filling up the DagBag from /home/airflow/.local/lib/python3.12/site-packages/airflow/example_dags/example_time_delta_sensor_async.py
[2024-07-26T00:04:04.387+0000] {processor.py:840} INFO - DAG(s) 'example_time_delta_sensor_async' retrieved from /home/airflow/.local/lib/python3.12/site-packages/airflow/example_dags/example_time_delta_sensor_async.py
[2024-07-26T00:04:04.401+0000] {logging_mixin.py:188} INFO - [2024-07-26T00:04:04.400+0000] {dag.py:3089} INFO - Sync 1 DAGs
[2024-07-26T00:04:04.410+0000] {logging_mixin.py:188} INFO - [2024-07-26T00:04:04.410+0000] {dag.py:3947} INFO - Setting next_dagrun for example_time_delta_sensor_async to None, run_after=None
[2024-07-26T00:04:04.423+0000] {processor.py:183} INFO - Processing /home/airflow/.local/lib/python3.12/site-packages/airflow/example_dags/example_time_delta_sensor_async.py took 0.045 seconds
[2024-07-26T00:04:34.891+0000] {processor.py:161} INFO - Started process (PID=12945) to work on /home/airflow/.local/lib/python3.12/site-packages/airflow/example_dags/example_time_delta_sensor_async.py
[2024-07-26T00:04:34.892+0000] {processor.py:830} INFO - Processing file /home/airflow/.local/lib/python3.12/site-packages/airflow/example_dags/example_time_delta_sensor_async.py for tasks to queue
[2024-07-26T00:04:34.893+0000] {logging_mixin.py:188} INFO - [2024-07-26T00:04:34.893+0000] {dagbag.py:545} INFO - Filling up the DagBag from /home/airflow/.local/lib/python3.12/site-packages/airflow/example_dags/example_time_delta_sensor_async.py
[2024-07-26T00:04:34.896+0000] {processor.py:840} INFO - DAG(s) 'example_time_delta_sensor_async' retrieved from /home/airflow/.local/lib/python3.12/site-packages/airflow/example_dags/example_time_delta_sensor_async.py
[2024-07-26T00:04:34.911+0000] {logging_mixin.py:188} INFO - [2024-07-26T00:04:34.911+0000] {dag.py:3089} INFO - Sync 1 DAGs
[2024-07-26T00:04:34.920+0000] {logging_mixin.py:188} INFO - [2024-07-26T00:04:34.920+0000] {dag.py:3947} INFO - Setting next_dagrun for example_time_delta_sensor_async to None, run_after=None
[2024-07-26T00:04:34.936+0000] {processor.py:183} INFO - Processing /home/airflow/.local/lib/python3.12/site-packages/airflow/example_dags/example_time_delta_sensor_async.py took 0.048 seconds
[2024-07-26T00:05:05.273+0000] {processor.py:161} INFO - Started process (PID=13004) to work on /home/airflow/.local/lib/python3.12/site-packages/airflow/example_dags/example_time_delta_sensor_async.py
[2024-07-26T00:05:05.274+0000] {processor.py:830} INFO - Processing file /home/airflow/.local/lib/python3.12/site-packages/airflow/example_dags/example_time_delta_sensor_async.py for tasks to queue
[2024-07-26T00:05:05.275+0000] {logging_mixin.py:188} INFO - [2024-07-26T00:05:05.275+0000] {dagbag.py:545} INFO - Filling up the DagBag from /home/airflow/.local/lib/python3.12/site-packages/airflow/example_dags/example_time_delta_sensor_async.py
[2024-07-26T00:05:05.278+0000] {processor.py:840} INFO - DAG(s) 'example_time_delta_sensor_async' retrieved from /home/airflow/.local/lib/python3.12/site-packages/airflow/example_dags/example_time_delta_sensor_async.py
[2024-07-26T00:05:05.293+0000] {logging_mixin.py:188} INFO - [2024-07-26T00:05:05.293+0000] {dag.py:3089} INFO - Sync 1 DAGs
[2024-07-26T00:05:05.303+0000] {logging_mixin.py:188} INFO - [2024-07-26T00:05:05.303+0000] {dag.py:3947} INFO - Setting next_dagrun for example_time_delta_sensor_async to None, run_after=None
[2024-07-26T00:05:05.315+0000] {processor.py:183} INFO - Processing /home/airflow/.local/lib/python3.12/site-packages/airflow/example_dags/example_time_delta_sensor_async.py took 0.046 seconds
[2024-07-26T00:05:35.766+0000] {processor.py:161} INFO - Started process (PID=13063) to work on /home/airflow/.local/lib/python3.12/site-packages/airflow/example_dags/example_time_delta_sensor_async.py
[2024-07-26T00:05:35.767+0000] {processor.py:830} INFO - Processing file /home/airflow/.local/lib/python3.12/site-packages/airflow/example_dags/example_time_delta_sensor_async.py for tasks to queue
[2024-07-26T00:05:35.768+0000] {logging_mixin.py:188} INFO - [2024-07-26T00:05:35.768+0000] {dagbag.py:545} INFO - Filling up the DagBag from /home/airflow/.local/lib/python3.12/site-packages/airflow/example_dags/example_time_delta_sensor_async.py
[2024-07-26T00:05:35.772+0000] {processor.py:840} INFO - DAG(s) 'example_time_delta_sensor_async' retrieved from /home/airflow/.local/lib/python3.12/site-packages/airflow/example_dags/example_time_delta_sensor_async.py
[2024-07-26T00:05:35.787+0000] {logging_mixin.py:188} INFO - [2024-07-26T00:05:35.787+0000] {dag.py:3089} INFO - Sync 1 DAGs
[2024-07-26T00:05:35.796+0000] {logging_mixin.py:188} INFO - [2024-07-26T00:05:35.796+0000] {dag.py:3947} INFO - Setting next_dagrun for example_time_delta_sensor_async to None, run_after=None
[2024-07-26T00:05:35.813+0000] {processor.py:183} INFO - Processing /home/airflow/.local/lib/python3.12/site-packages/airflow/example_dags/example_time_delta_sensor_async.py took 0.051 seconds
[2024-07-26T00:06:06.284+0000] {processor.py:161} INFO - Started process (PID=13122) to work on /home/airflow/.local/lib/python3.12/site-packages/airflow/example_dags/example_time_delta_sensor_async.py
[2024-07-26T00:06:06.285+0000] {processor.py:830} INFO - Processing file /home/airflow/.local/lib/python3.12/site-packages/airflow/example_dags/example_time_delta_sensor_async.py for tasks to queue
[2024-07-26T00:06:06.287+0000] {logging_mixin.py:188} INFO - [2024-07-26T00:06:06.286+0000] {dagbag.py:545} INFO - Filling up the DagBag from /home/airflow/.local/lib/python3.12/site-packages/airflow/example_dags/example_time_delta_sensor_async.py
[2024-07-26T00:06:06.290+0000] {processor.py:840} INFO - DAG(s) 'example_time_delta_sensor_async' retrieved from /home/airflow/.local/lib/python3.12/site-packages/airflow/example_dags/example_time_delta_sensor_async.py
[2024-07-26T00:06:06.307+0000] {logging_mixin.py:188} INFO - [2024-07-26T00:06:06.306+0000] {dag.py:3089} INFO - Sync 1 DAGs
[2024-07-26T00:06:06.316+0000] {logging_mixin.py:188} INFO - [2024-07-26T00:06:06.316+0000] {dag.py:3947} INFO - Setting next_dagrun for example_time_delta_sensor_async to None, run_after=None
[2024-07-26T00:06:06.332+0000] {processor.py:183} INFO - Processing /home/airflow/.local/lib/python3.12/site-packages/airflow/example_dags/example_time_delta_sensor_async.py took 0.052 seconds
[2024-07-26T00:06:36.829+0000] {processor.py:161} INFO - Started process (PID=13181) to work on /home/airflow/.local/lib/python3.12/site-packages/airflow/example_dags/example_time_delta_sensor_async.py
[2024-07-26T00:06:36.830+0000] {processor.py:830} INFO - Processing file /home/airflow/.local/lib/python3.12/site-packages/airflow/example_dags/example_time_delta_sensor_async.py for tasks to queue
[2024-07-26T00:06:36.832+0000] {logging_mixin.py:188} INFO - [2024-07-26T00:06:36.832+0000] {dagbag.py:545} INFO - Filling up the DagBag from /home/airflow/.local/lib/python3.12/site-packages/airflow/example_dags/example_time_delta_sensor_async.py
[2024-07-26T00:06:36.835+0000] {processor.py:840} INFO - DAG(s) 'example_time_delta_sensor_async' retrieved from /home/airflow/.local/lib/python3.12/site-packages/airflow/example_dags/example_time_delta_sensor_async.py
[2024-07-26T00:06:36.851+0000] {logging_mixin.py:188} INFO - [2024-07-26T00:06:36.851+0000] {dag.py:3089} INFO - Sync 1 DAGs
[2024-07-26T00:06:36.861+0000] {logging_mixin.py:188} INFO - [2024-07-26T00:06:36.861+0000] {dag.py:3947} INFO - Setting next_dagrun for example_time_delta_sensor_async to None, run_after=None
[2024-07-26T00:06:36.877+0000] {processor.py:183} INFO - Processing /home/airflow/.local/lib/python3.12/site-packages/airflow/example_dags/example_time_delta_sensor_async.py took 0.051 seconds
[2024-07-26T00:07:07.283+0000] {processor.py:161} INFO - Started process (PID=13240) to work on /home/airflow/.local/lib/python3.12/site-packages/airflow/example_dags/example_time_delta_sensor_async.py
[2024-07-26T00:07:07.283+0000] {processor.py:830} INFO - Processing file /home/airflow/.local/lib/python3.12/site-packages/airflow/example_dags/example_time_delta_sensor_async.py for tasks to queue
[2024-07-26T00:07:07.285+0000] {logging_mixin.py:188} INFO - [2024-07-26T00:07:07.285+0000] {dagbag.py:545} INFO - Filling up the DagBag from /home/airflow/.local/lib/python3.12/site-packages/airflow/example_dags/example_time_delta_sensor_async.py
[2024-07-26T00:07:07.288+0000] {processor.py:840} INFO - DAG(s) 'example_time_delta_sensor_async' retrieved from /home/airflow/.local/lib/python3.12/site-packages/airflow/example_dags/example_time_delta_sensor_async.py
[2024-07-26T00:07:07.302+0000] {logging_mixin.py:188} INFO - [2024-07-26T00:07:07.302+0000] {dag.py:3089} INFO - Sync 1 DAGs
[2024-07-26T00:07:07.311+0000] {logging_mixin.py:188} INFO - [2024-07-26T00:07:07.311+0000] {dag.py:3947} INFO - Setting next_dagrun for example_time_delta_sensor_async to None, run_after=None
[2024-07-26T00:07:07.326+0000] {processor.py:183} INFO - Processing /home/airflow/.local/lib/python3.12/site-packages/airflow/example_dags/example_time_delta_sensor_async.py took 0.048 seconds
[2024-07-26T00:07:37.796+0000] {processor.py:161} INFO - Started process (PID=13299) to work on /home/airflow/.local/lib/python3.12/site-packages/airflow/example_dags/example_time_delta_sensor_async.py
[2024-07-26T00:07:37.797+0000] {processor.py:830} INFO - Processing file /home/airflow/.local/lib/python3.12/site-packages/airflow/example_dags/example_time_delta_sensor_async.py for tasks to queue
[2024-07-26T00:07:37.799+0000] {logging_mixin.py:188} INFO - [2024-07-26T00:07:37.798+0000] {dagbag.py:545} INFO - Filling up the DagBag from /home/airflow/.local/lib/python3.12/site-packages/airflow/example_dags/example_time_delta_sensor_async.py
[2024-07-26T00:07:37.802+0000] {processor.py:840} INFO - DAG(s) 'example_time_delta_sensor_async' retrieved from /home/airflow/.local/lib/python3.12/site-packages/airflow/example_dags/example_time_delta_sensor_async.py
[2024-07-26T00:07:37.817+0000] {logging_mixin.py:188} INFO - [2024-07-26T00:07:37.817+0000] {dag.py:3089} INFO - Sync 1 DAGs
[2024-07-26T00:07:37.828+0000] {logging_mixin.py:188} INFO - [2024-07-26T00:07:37.828+0000] {dag.py:3947} INFO - Setting next_dagrun for example_time_delta_sensor_async to None, run_after=None
[2024-07-26T00:07:37.847+0000] {processor.py:183} INFO - Processing /home/airflow/.local/lib/python3.12/site-packages/airflow/example_dags/example_time_delta_sensor_async.py took 0.055 seconds
[2024-07-26T00:08:08.258+0000] {processor.py:161} INFO - Started process (PID=13358) to work on /home/airflow/.local/lib/python3.12/site-packages/airflow/example_dags/example_time_delta_sensor_async.py
[2024-07-26T00:08:08.259+0000] {processor.py:830} INFO - Processing file /home/airflow/.local/lib/python3.12/site-packages/airflow/example_dags/example_time_delta_sensor_async.py for tasks to queue
[2024-07-26T00:08:08.260+0000] {logging_mixin.py:188} INFO - [2024-07-26T00:08:08.260+0000] {dagbag.py:545} INFO - Filling up the DagBag from /home/airflow/.local/lib/python3.12/site-packages/airflow/example_dags/example_time_delta_sensor_async.py
[2024-07-26T00:08:08.263+0000] {processor.py:840} INFO - DAG(s) 'example_time_delta_sensor_async' retrieved from /home/airflow/.local/lib/python3.12/site-packages/airflow/example_dags/example_time_delta_sensor_async.py
[2024-07-26T00:08:08.279+0000] {logging_mixin.py:188} INFO - [2024-07-26T00:08:08.279+0000] {dag.py:3089} INFO - Sync 1 DAGs
[2024-07-26T00:08:08.288+0000] {logging_mixin.py:188} INFO - [2024-07-26T00:08:08.287+0000] {dag.py:3947} INFO - Setting next_dagrun for example_time_delta_sensor_async to None, run_after=None
[2024-07-26T00:08:08.301+0000] {processor.py:183} INFO - Processing /home/airflow/.local/lib/python3.12/site-packages/airflow/example_dags/example_time_delta_sensor_async.py took 0.048 seconds
[2024-07-26T00:08:38.763+0000] {processor.py:161} INFO - Started process (PID=13417) to work on /home/airflow/.local/lib/python3.12/site-packages/airflow/example_dags/example_time_delta_sensor_async.py
[2024-07-26T00:08:38.764+0000] {processor.py:830} INFO - Processing file /home/airflow/.local/lib/python3.12/site-packages/airflow/example_dags/example_time_delta_sensor_async.py for tasks to queue
[2024-07-26T00:08:38.766+0000] {logging_mixin.py:188} INFO - [2024-07-26T00:08:38.765+0000] {dagbag.py:545} INFO - Filling up the DagBag from /home/airflow/.local/lib/python3.12/site-packages/airflow/example_dags/example_time_delta_sensor_async.py
[2024-07-26T00:08:38.769+0000] {processor.py:840} INFO - DAG(s) 'example_time_delta_sensor_async' retrieved from /home/airflow/.local/lib/python3.12/site-packages/airflow/example_dags/example_time_delta_sensor_async.py
[2024-07-26T00:08:38.785+0000] {logging_mixin.py:188} INFO - [2024-07-26T00:08:38.784+0000] {dag.py:3089} INFO - Sync 1 DAGs
[2024-07-26T00:08:38.795+0000] {logging_mixin.py:188} INFO - [2024-07-26T00:08:38.794+0000] {dag.py:3947} INFO - Setting next_dagrun for example_time_delta_sensor_async to None, run_after=None
[2024-07-26T00:08:38.811+0000] {processor.py:183} INFO - Processing /home/airflow/.local/lib/python3.12/site-packages/airflow/example_dags/example_time_delta_sensor_async.py took 0.053 seconds
[2024-07-26T00:09:09.243+0000] {processor.py:161} INFO - Started process (PID=13476) to work on /home/airflow/.local/lib/python3.12/site-packages/airflow/example_dags/example_time_delta_sensor_async.py
[2024-07-26T00:09:09.244+0000] {processor.py:830} INFO - Processing file /home/airflow/.local/lib/python3.12/site-packages/airflow/example_dags/example_time_delta_sensor_async.py for tasks to queue
[2024-07-26T00:09:09.246+0000] {logging_mixin.py:188} INFO - [2024-07-26T00:09:09.245+0000] {dagbag.py:545} INFO - Filling up the DagBag from /home/airflow/.local/lib/python3.12/site-packages/airflow/example_dags/example_time_delta_sensor_async.py
[2024-07-26T00:09:09.248+0000] {processor.py:840} INFO - DAG(s) 'example_time_delta_sensor_async' retrieved from /home/airflow/.local/lib/python3.12/site-packages/airflow/example_dags/example_time_delta_sensor_async.py
[2024-07-26T00:09:09.263+0000] {logging_mixin.py:188} INFO - [2024-07-26T00:09:09.263+0000] {dag.py:3089} INFO - Sync 1 DAGs
[2024-07-26T00:09:09.272+0000] {logging_mixin.py:188} INFO - [2024-07-26T00:09:09.271+0000] {dag.py:3947} INFO - Setting next_dagrun for example_time_delta_sensor_async to None, run_after=None
[2024-07-26T00:09:09.286+0000] {processor.py:183} INFO - Processing /home/airflow/.local/lib/python3.12/site-packages/airflow/example_dags/example_time_delta_sensor_async.py took 0.047 seconds
[2024-07-26T00:09:39.786+0000] {processor.py:161} INFO - Started process (PID=13535) to work on /home/airflow/.local/lib/python3.12/site-packages/airflow/example_dags/example_time_delta_sensor_async.py
[2024-07-26T00:09:39.786+0000] {processor.py:830} INFO - Processing file /home/airflow/.local/lib/python3.12/site-packages/airflow/example_dags/example_time_delta_sensor_async.py for tasks to queue
[2024-07-26T00:09:39.788+0000] {logging_mixin.py:188} INFO - [2024-07-26T00:09:39.787+0000] {dagbag.py:545} INFO - Filling up the DagBag from /home/airflow/.local/lib/python3.12/site-packages/airflow/example_dags/example_time_delta_sensor_async.py
[2024-07-26T00:09:39.791+0000] {processor.py:840} INFO - DAG(s) 'example_time_delta_sensor_async' retrieved from /home/airflow/.local/lib/python3.12/site-packages/airflow/example_dags/example_time_delta_sensor_async.py
[2024-07-26T00:09:39.805+0000] {logging_mixin.py:188} INFO - [2024-07-26T00:09:39.805+0000] {dag.py:3089} INFO - Sync 1 DAGs
[2024-07-26T00:09:39.815+0000] {logging_mixin.py:188} INFO - [2024-07-26T00:09:39.815+0000] {dag.py:3947} INFO - Setting next_dagrun for example_time_delta_sensor_async to None, run_after=None
[2024-07-26T00:09:39.829+0000] {processor.py:183} INFO - Processing /home/airflow/.local/lib/python3.12/site-packages/airflow/example_dags/example_time_delta_sensor_async.py took 0.048 seconds
[2024-07-26T00:10:10.276+0000] {processor.py:161} INFO - Started process (PID=13594) to work on /home/airflow/.local/lib/python3.12/site-packages/airflow/example_dags/example_time_delta_sensor_async.py
[2024-07-26T00:10:10.276+0000] {processor.py:830} INFO - Processing file /home/airflow/.local/lib/python3.12/site-packages/airflow/example_dags/example_time_delta_sensor_async.py for tasks to queue
[2024-07-26T00:10:10.278+0000] {logging_mixin.py:188} INFO - [2024-07-26T00:10:10.278+0000] {dagbag.py:545} INFO - Filling up the DagBag from /home/airflow/.local/lib/python3.12/site-packages/airflow/example_dags/example_time_delta_sensor_async.py
[2024-07-26T00:10:10.281+0000] {processor.py:840} INFO - DAG(s) 'example_time_delta_sensor_async' retrieved from /home/airflow/.local/lib/python3.12/site-packages/airflow/example_dags/example_time_delta_sensor_async.py
[2024-07-26T00:10:10.296+0000] {logging_mixin.py:188} INFO - [2024-07-26T00:10:10.296+0000] {dag.py:3089} INFO - Sync 1 DAGs
[2024-07-26T00:10:10.305+0000] {logging_mixin.py:188} INFO - [2024-07-26T00:10:10.305+0000] {dag.py:3947} INFO - Setting next_dagrun for example_time_delta_sensor_async to None, run_after=None
[2024-07-26T00:10:10.319+0000] {processor.py:183} INFO - Processing /home/airflow/.local/lib/python3.12/site-packages/airflow/example_dags/example_time_delta_sensor_async.py took 0.048 seconds
[2024-07-26T00:10:40.742+0000] {processor.py:161} INFO - Started process (PID=13653) to work on /home/airflow/.local/lib/python3.12/site-packages/airflow/example_dags/example_time_delta_sensor_async.py
[2024-07-26T00:10:40.742+0000] {processor.py:830} INFO - Processing file /home/airflow/.local/lib/python3.12/site-packages/airflow/example_dags/example_time_delta_sensor_async.py for tasks to queue
[2024-07-26T00:10:40.744+0000] {logging_mixin.py:188} INFO - [2024-07-26T00:10:40.744+0000] {dagbag.py:545} INFO - Filling up the DagBag from /home/airflow/.local/lib/python3.12/site-packages/airflow/example_dags/example_time_delta_sensor_async.py
[2024-07-26T00:10:40.747+0000] {processor.py:840} INFO - DAG(s) 'example_time_delta_sensor_async' retrieved from /home/airflow/.local/lib/python3.12/site-packages/airflow/example_dags/example_time_delta_sensor_async.py
[2024-07-26T00:10:40.763+0000] {logging_mixin.py:188} INFO - [2024-07-26T00:10:40.763+0000] {dag.py:3089} INFO - Sync 1 DAGs
[2024-07-26T00:10:40.773+0000] {logging_mixin.py:188} INFO - [2024-07-26T00:10:40.772+0000] {dag.py:3947} INFO - Setting next_dagrun for example_time_delta_sensor_async to None, run_after=None
[2024-07-26T00:10:40.788+0000] {processor.py:183} INFO - Processing /home/airflow/.local/lib/python3.12/site-packages/airflow/example_dags/example_time_delta_sensor_async.py took 0.051 seconds
[2024-07-26T00:11:11.277+0000] {processor.py:161} INFO - Started process (PID=13712) to work on /home/airflow/.local/lib/python3.12/site-packages/airflow/example_dags/example_time_delta_sensor_async.py
[2024-07-26T00:11:11.277+0000] {processor.py:830} INFO - Processing file /home/airflow/.local/lib/python3.12/site-packages/airflow/example_dags/example_time_delta_sensor_async.py for tasks to queue
[2024-07-26T00:11:11.279+0000] {logging_mixin.py:188} INFO - [2024-07-26T00:11:11.279+0000] {dagbag.py:545} INFO - Filling up the DagBag from /home/airflow/.local/lib/python3.12/site-packages/airflow/example_dags/example_time_delta_sensor_async.py
[2024-07-26T00:11:11.282+0000] {processor.py:840} INFO - DAG(s) 'example_time_delta_sensor_async' retrieved from /home/airflow/.local/lib/python3.12/site-packages/airflow/example_dags/example_time_delta_sensor_async.py
[2024-07-26T00:11:11.298+0000] {logging_mixin.py:188} INFO - [2024-07-26T00:11:11.298+0000] {dag.py:3089} INFO - Sync 1 DAGs
[2024-07-26T00:11:11.308+0000] {logging_mixin.py:188} INFO - [2024-07-26T00:11:11.308+0000] {dag.py:3947} INFO - Setting next_dagrun for example_time_delta_sensor_async to None, run_after=None
[2024-07-26T00:11:11.324+0000] {processor.py:183} INFO - Processing /home/airflow/.local/lib/python3.12/site-packages/airflow/example_dags/example_time_delta_sensor_async.py took 0.051 seconds
[2024-07-26T00:11:41.637+0000] {processor.py:161} INFO - Started process (PID=13771) to work on /home/airflow/.local/lib/python3.12/site-packages/airflow/example_dags/example_time_delta_sensor_async.py
[2024-07-26T00:11:41.638+0000] {processor.py:830} INFO - Processing file /home/airflow/.local/lib/python3.12/site-packages/airflow/example_dags/example_time_delta_sensor_async.py for tasks to queue
[2024-07-26T00:11:41.639+0000] {logging_mixin.py:188} INFO - [2024-07-26T00:11:41.639+0000] {dagbag.py:545} INFO - Filling up the DagBag from /home/airflow/.local/lib/python3.12/site-packages/airflow/example_dags/example_time_delta_sensor_async.py
[2024-07-26T00:11:41.642+0000] {processor.py:840} INFO - DAG(s) 'example_time_delta_sensor_async' retrieved from /home/airflow/.local/lib/python3.12/site-packages/airflow/example_dags/example_time_delta_sensor_async.py
[2024-07-26T00:11:41.658+0000] {logging_mixin.py:188} INFO - [2024-07-26T00:11:41.657+0000] {dag.py:3089} INFO - Sync 1 DAGs
[2024-07-26T00:11:41.666+0000] {logging_mixin.py:188} INFO - [2024-07-26T00:11:41.666+0000] {dag.py:3947} INFO - Setting next_dagrun for example_time_delta_sensor_async to None, run_after=None
[2024-07-26T00:11:41.683+0000] {processor.py:183} INFO - Processing /home/airflow/.local/lib/python3.12/site-packages/airflow/example_dags/example_time_delta_sensor_async.py took 0.050 seconds
[2024-07-26T00:14:36.260+0000] {processor.py:161} INFO - Started process (PID=63) to work on /home/airflow/.local/lib/python3.12/site-packages/airflow/example_dags/example_time_delta_sensor_async.py
[2024-07-26T00:14:36.261+0000] {processor.py:830} INFO - Processing file /home/airflow/.local/lib/python3.12/site-packages/airflow/example_dags/example_time_delta_sensor_async.py for tasks to queue
[2024-07-26T00:14:36.263+0000] {logging_mixin.py:188} INFO - [2024-07-26T00:14:36.263+0000] {dagbag.py:545} INFO - Filling up the DagBag from /home/airflow/.local/lib/python3.12/site-packages/airflow/example_dags/example_time_delta_sensor_async.py
[2024-07-26T00:14:36.270+0000] {processor.py:840} INFO - DAG(s) 'example_time_delta_sensor_async' retrieved from /home/airflow/.local/lib/python3.12/site-packages/airflow/example_dags/example_time_delta_sensor_async.py
[2024-07-26T00:14:36.283+0000] {logging_mixin.py:188} INFO - [2024-07-26T00:14:36.283+0000] {dag.py:3089} INFO - Sync 1 DAGs
[2024-07-26T00:14:36.301+0000] {logging_mixin.py:188} INFO - [2024-07-26T00:14:36.300+0000] {dag.py:3947} INFO - Setting next_dagrun for example_time_delta_sensor_async to None, run_after=None
[2024-07-26T00:14:36.323+0000] {processor.py:183} INFO - Processing /home/airflow/.local/lib/python3.12/site-packages/airflow/example_dags/example_time_delta_sensor_async.py took 0.069 seconds
[2024-07-26T00:15:07.767+0000] {processor.py:161} INFO - Started process (PID=122) to work on /home/airflow/.local/lib/python3.12/site-packages/airflow/example_dags/example_time_delta_sensor_async.py
[2024-07-26T00:15:07.768+0000] {processor.py:830} INFO - Processing file /home/airflow/.local/lib/python3.12/site-packages/airflow/example_dags/example_time_delta_sensor_async.py for tasks to queue
[2024-07-26T00:15:07.770+0000] {logging_mixin.py:188} INFO - [2024-07-26T00:15:07.770+0000] {dagbag.py:545} INFO - Filling up the DagBag from /home/airflow/.local/lib/python3.12/site-packages/airflow/example_dags/example_time_delta_sensor_async.py
[2024-07-26T00:15:07.773+0000] {processor.py:840} INFO - DAG(s) 'example_time_delta_sensor_async' retrieved from /home/airflow/.local/lib/python3.12/site-packages/airflow/example_dags/example_time_delta_sensor_async.py
[2024-07-26T00:15:07.855+0000] {logging_mixin.py:188} INFO - [2024-07-26T00:15:07.855+0000] {dag.py:3089} INFO - Sync 1 DAGs
[2024-07-26T00:15:07.863+0000] {logging_mixin.py:188} INFO - [2024-07-26T00:15:07.863+0000] {dag.py:3947} INFO - Setting next_dagrun for example_time_delta_sensor_async to None, run_after=None
[2024-07-26T00:15:07.878+0000] {processor.py:183} INFO - Processing /home/airflow/.local/lib/python3.12/site-packages/airflow/example_dags/example_time_delta_sensor_async.py took 0.114 seconds
[2024-07-26T00:15:38.433+0000] {processor.py:161} INFO - Started process (PID=181) to work on /home/airflow/.local/lib/python3.12/site-packages/airflow/example_dags/example_time_delta_sensor_async.py
[2024-07-26T00:15:38.434+0000] {processor.py:830} INFO - Processing file /home/airflow/.local/lib/python3.12/site-packages/airflow/example_dags/example_time_delta_sensor_async.py for tasks to queue
[2024-07-26T00:15:38.436+0000] {logging_mixin.py:188} INFO - [2024-07-26T00:15:38.435+0000] {dagbag.py:545} INFO - Filling up the DagBag from /home/airflow/.local/lib/python3.12/site-packages/airflow/example_dags/example_time_delta_sensor_async.py
[2024-07-26T00:15:38.439+0000] {processor.py:840} INFO - DAG(s) 'example_time_delta_sensor_async' retrieved from /home/airflow/.local/lib/python3.12/site-packages/airflow/example_dags/example_time_delta_sensor_async.py
[2024-07-26T00:15:38.457+0000] {logging_mixin.py:188} INFO - [2024-07-26T00:15:38.457+0000] {dag.py:3089} INFO - Sync 1 DAGs
[2024-07-26T00:15:38.468+0000] {logging_mixin.py:188} INFO - [2024-07-26T00:15:38.467+0000] {dag.py:3947} INFO - Setting next_dagrun for example_time_delta_sensor_async to None, run_after=None
[2024-07-26T00:15:38.485+0000] {processor.py:183} INFO - Processing /home/airflow/.local/lib/python3.12/site-packages/airflow/example_dags/example_time_delta_sensor_async.py took 0.057 seconds
[2024-07-26T00:16:08.553+0000] {processor.py:161} INFO - Started process (PID=240) to work on /home/airflow/.local/lib/python3.12/site-packages/airflow/example_dags/example_time_delta_sensor_async.py
[2024-07-26T00:16:08.554+0000] {processor.py:830} INFO - Processing file /home/airflow/.local/lib/python3.12/site-packages/airflow/example_dags/example_time_delta_sensor_async.py for tasks to queue
[2024-07-26T00:16:08.555+0000] {logging_mixin.py:188} INFO - [2024-07-26T00:16:08.555+0000] {dagbag.py:545} INFO - Filling up the DagBag from /home/airflow/.local/lib/python3.12/site-packages/airflow/example_dags/example_time_delta_sensor_async.py
[2024-07-26T00:16:08.558+0000] {processor.py:840} INFO - DAG(s) 'example_time_delta_sensor_async' retrieved from /home/airflow/.local/lib/python3.12/site-packages/airflow/example_dags/example_time_delta_sensor_async.py
[2024-07-26T00:16:08.572+0000] {logging_mixin.py:188} INFO - [2024-07-26T00:16:08.571+0000] {dag.py:3089} INFO - Sync 1 DAGs
[2024-07-26T00:16:08.581+0000] {logging_mixin.py:188} INFO - [2024-07-26T00:16:08.580+0000] {dag.py:3947} INFO - Setting next_dagrun for example_time_delta_sensor_async to None, run_after=None
[2024-07-26T00:16:08.595+0000] {processor.py:183} INFO - Processing /home/airflow/.local/lib/python3.12/site-packages/airflow/example_dags/example_time_delta_sensor_async.py took 0.046 seconds
[2024-07-26T00:16:39.102+0000] {processor.py:161} INFO - Started process (PID=299) to work on /home/airflow/.local/lib/python3.12/site-packages/airflow/example_dags/example_time_delta_sensor_async.py
[2024-07-26T00:16:39.103+0000] {processor.py:830} INFO - Processing file /home/airflow/.local/lib/python3.12/site-packages/airflow/example_dags/example_time_delta_sensor_async.py for tasks to queue
[2024-07-26T00:16:39.104+0000] {logging_mixin.py:188} INFO - [2024-07-26T00:16:39.104+0000] {dagbag.py:545} INFO - Filling up the DagBag from /home/airflow/.local/lib/python3.12/site-packages/airflow/example_dags/example_time_delta_sensor_async.py
[2024-07-26T00:16:39.107+0000] {processor.py:840} INFO - DAG(s) 'example_time_delta_sensor_async' retrieved from /home/airflow/.local/lib/python3.12/site-packages/airflow/example_dags/example_time_delta_sensor_async.py
[2024-07-26T00:16:39.124+0000] {logging_mixin.py:188} INFO - [2024-07-26T00:16:39.124+0000] {dag.py:3089} INFO - Sync 1 DAGs
[2024-07-26T00:16:39.135+0000] {logging_mixin.py:188} INFO - [2024-07-26T00:16:39.134+0000] {dag.py:3947} INFO - Setting next_dagrun for example_time_delta_sensor_async to None, run_after=None
[2024-07-26T00:16:39.151+0000] {processor.py:183} INFO - Processing /home/airflow/.local/lib/python3.12/site-packages/airflow/example_dags/example_time_delta_sensor_async.py took 0.054 seconds
[2024-07-26T00:17:09.693+0000] {processor.py:161} INFO - Started process (PID=358) to work on /home/airflow/.local/lib/python3.12/site-packages/airflow/example_dags/example_time_delta_sensor_async.py
[2024-07-26T00:17:09.694+0000] {processor.py:830} INFO - Processing file /home/airflow/.local/lib/python3.12/site-packages/airflow/example_dags/example_time_delta_sensor_async.py for tasks to queue
[2024-07-26T00:17:09.695+0000] {logging_mixin.py:188} INFO - [2024-07-26T00:17:09.695+0000] {dagbag.py:545} INFO - Filling up the DagBag from /home/airflow/.local/lib/python3.12/site-packages/airflow/example_dags/example_time_delta_sensor_async.py
[2024-07-26T00:17:09.699+0000] {processor.py:840} INFO - DAG(s) 'example_time_delta_sensor_async' retrieved from /home/airflow/.local/lib/python3.12/site-packages/airflow/example_dags/example_time_delta_sensor_async.py
[2024-07-26T00:17:09.716+0000] {logging_mixin.py:188} INFO - [2024-07-26T00:17:09.716+0000] {dag.py:3089} INFO - Sync 1 DAGs
[2024-07-26T00:17:09.727+0000] {logging_mixin.py:188} INFO - [2024-07-26T00:17:09.726+0000] {dag.py:3947} INFO - Setting next_dagrun for example_time_delta_sensor_async to None, run_after=None
[2024-07-26T00:17:09.744+0000] {processor.py:183} INFO - Processing /home/airflow/.local/lib/python3.12/site-packages/airflow/example_dags/example_time_delta_sensor_async.py took 0.055 seconds
[2024-07-26T00:17:40.233+0000] {processor.py:161} INFO - Started process (PID=418) to work on /home/airflow/.local/lib/python3.12/site-packages/airflow/example_dags/example_time_delta_sensor_async.py
[2024-07-26T00:17:40.234+0000] {processor.py:830} INFO - Processing file /home/airflow/.local/lib/python3.12/site-packages/airflow/example_dags/example_time_delta_sensor_async.py for tasks to queue
[2024-07-26T00:17:40.235+0000] {logging_mixin.py:188} INFO - [2024-07-26T00:17:40.235+0000] {dagbag.py:545} INFO - Filling up the DagBag from /home/airflow/.local/lib/python3.12/site-packages/airflow/example_dags/example_time_delta_sensor_async.py
[2024-07-26T00:17:40.239+0000] {processor.py:840} INFO - DAG(s) 'example_time_delta_sensor_async' retrieved from /home/airflow/.local/lib/python3.12/site-packages/airflow/example_dags/example_time_delta_sensor_async.py
[2024-07-26T00:17:40.254+0000] {logging_mixin.py:188} INFO - [2024-07-26T00:17:40.253+0000] {dag.py:3089} INFO - Sync 1 DAGs
[2024-07-26T00:17:40.263+0000] {logging_mixin.py:188} INFO - [2024-07-26T00:17:40.263+0000] {dag.py:3947} INFO - Setting next_dagrun for example_time_delta_sensor_async to None, run_after=None
[2024-07-26T00:17:40.279+0000] {processor.py:183} INFO - Processing /home/airflow/.local/lib/python3.12/site-packages/airflow/example_dags/example_time_delta_sensor_async.py took 0.050 seconds
[2024-07-26T00:18:10.674+0000] {processor.py:161} INFO - Started process (PID=477) to work on /home/airflow/.local/lib/python3.12/site-packages/airflow/example_dags/example_time_delta_sensor_async.py
[2024-07-26T00:18:10.675+0000] {processor.py:830} INFO - Processing file /home/airflow/.local/lib/python3.12/site-packages/airflow/example_dags/example_time_delta_sensor_async.py for tasks to queue
[2024-07-26T00:18:10.676+0000] {logging_mixin.py:188} INFO - [2024-07-26T00:18:10.676+0000] {dagbag.py:545} INFO - Filling up the DagBag from /home/airflow/.local/lib/python3.12/site-packages/airflow/example_dags/example_time_delta_sensor_async.py
[2024-07-26T00:18:10.679+0000] {processor.py:840} INFO - DAG(s) 'example_time_delta_sensor_async' retrieved from /home/airflow/.local/lib/python3.12/site-packages/airflow/example_dags/example_time_delta_sensor_async.py
[2024-07-26T00:18:10.696+0000] {logging_mixin.py:188} INFO - [2024-07-26T00:18:10.695+0000] {dag.py:3089} INFO - Sync 1 DAGs
[2024-07-26T00:18:10.707+0000] {logging_mixin.py:188} INFO - [2024-07-26T00:18:10.707+0000] {dag.py:3947} INFO - Setting next_dagrun for example_time_delta_sensor_async to None, run_after=None
[2024-07-26T00:18:10.723+0000] {processor.py:183} INFO - Processing /home/airflow/.local/lib/python3.12/site-packages/airflow/example_dags/example_time_delta_sensor_async.py took 0.054 seconds
