[2024-07-26T00:00:03.538+0000] {processor.py:161} INFO - Started process (PID=12431) to work on /home/airflow/.local/lib/python3.12/site-packages/airflow/example_dags/example_branch_python_dop_operator_3.py
[2024-07-26T00:00:03.538+0000] {processor.py:830} INFO - Processing file /home/airflow/.local/lib/python3.12/site-packages/airflow/example_dags/example_branch_python_dop_operator_3.py for tasks to queue
[2024-07-26T00:00:03.540+0000] {logging_mixin.py:188} INFO - [2024-07-26T00:00:03.540+0000] {dagbag.py:545} INFO - Filling up the DagBag from /home/airflow/.local/lib/python3.12/site-packages/airflow/example_dags/example_branch_python_dop_operator_3.py
[2024-07-26T00:00:03.546+0000] {processor.py:840} INFO - DAG(s) 'example_branch_dop_operator_v3' retrieved from /home/airflow/.local/lib/python3.12/site-packages/airflow/example_dags/example_branch_python_dop_operator_3.py
[2024-07-26T00:00:03.561+0000] {logging_mixin.py:188} INFO - [2024-07-26T00:00:03.561+0000] {dag.py:3089} INFO - Sync 1 DAGs
[2024-07-26T00:00:03.580+0000] {logging_mixin.py:188} INFO - [2024-07-26T00:00:03.580+0000] {dag.py:3947} INFO - Setting next_dagrun for example_branch_dop_operator_v3 to 2024-07-25 23:59:00+00:00, run_after=2024-07-26 00:00:00+00:00
[2024-07-26T00:00:03.594+0000] {processor.py:183} INFO - Processing /home/airflow/.local/lib/python3.12/site-packages/airflow/example_dags/example_branch_python_dop_operator_3.py took 0.060 seconds
[2024-07-26T00:00:34.091+0000] {processor.py:161} INFO - Started process (PID=12490) to work on /home/airflow/.local/lib/python3.12/site-packages/airflow/example_dags/example_branch_python_dop_operator_3.py
[2024-07-26T00:00:34.092+0000] {processor.py:830} INFO - Processing file /home/airflow/.local/lib/python3.12/site-packages/airflow/example_dags/example_branch_python_dop_operator_3.py for tasks to queue
[2024-07-26T00:00:34.093+0000] {logging_mixin.py:188} INFO - [2024-07-26T00:00:34.093+0000] {dagbag.py:545} INFO - Filling up the DagBag from /home/airflow/.local/lib/python3.12/site-packages/airflow/example_dags/example_branch_python_dop_operator_3.py
[2024-07-26T00:00:34.100+0000] {processor.py:840} INFO - DAG(s) 'example_branch_dop_operator_v3' retrieved from /home/airflow/.local/lib/python3.12/site-packages/airflow/example_dags/example_branch_python_dop_operator_3.py
[2024-07-26T00:00:34.117+0000] {logging_mixin.py:188} INFO - [2024-07-26T00:00:34.117+0000] {dag.py:3089} INFO - Sync 1 DAGs
[2024-07-26T00:00:34.139+0000] {logging_mixin.py:188} INFO - [2024-07-26T00:00:34.138+0000] {dag.py:3947} INFO - Setting next_dagrun for example_branch_dop_operator_v3 to 2024-07-25 23:59:00+00:00, run_after=2024-07-26 00:00:00+00:00
[2024-07-26T00:00:34.158+0000] {processor.py:183} INFO - Processing /home/airflow/.local/lib/python3.12/site-packages/airflow/example_dags/example_branch_python_dop_operator_3.py took 0.072 seconds
[2024-07-26T00:01:04.436+0000] {processor.py:161} INFO - Started process (PID=12549) to work on /home/airflow/.local/lib/python3.12/site-packages/airflow/example_dags/example_branch_python_dop_operator_3.py
[2024-07-26T00:01:04.436+0000] {processor.py:830} INFO - Processing file /home/airflow/.local/lib/python3.12/site-packages/airflow/example_dags/example_branch_python_dop_operator_3.py for tasks to queue
[2024-07-26T00:01:04.438+0000] {logging_mixin.py:188} INFO - [2024-07-26T00:01:04.438+0000] {dagbag.py:545} INFO - Filling up the DagBag from /home/airflow/.local/lib/python3.12/site-packages/airflow/example_dags/example_branch_python_dop_operator_3.py
[2024-07-26T00:01:04.444+0000] {processor.py:840} INFO - DAG(s) 'example_branch_dop_operator_v3' retrieved from /home/airflow/.local/lib/python3.12/site-packages/airflow/example_dags/example_branch_python_dop_operator_3.py
[2024-07-26T00:01:04.459+0000] {logging_mixin.py:188} INFO - [2024-07-26T00:01:04.459+0000] {dag.py:3089} INFO - Sync 1 DAGs
[2024-07-26T00:01:04.478+0000] {logging_mixin.py:188} INFO - [2024-07-26T00:01:04.478+0000] {dag.py:3947} INFO - Setting next_dagrun for example_branch_dop_operator_v3 to 2024-07-26 00:00:00+00:00, run_after=2024-07-26 00:01:00+00:00
[2024-07-26T00:01:04.492+0000] {processor.py:183} INFO - Processing /home/airflow/.local/lib/python3.12/site-packages/airflow/example_dags/example_branch_python_dop_operator_3.py took 0.061 seconds
[2024-07-26T00:01:34.779+0000] {processor.py:161} INFO - Started process (PID=12608) to work on /home/airflow/.local/lib/python3.12/site-packages/airflow/example_dags/example_branch_python_dop_operator_3.py
[2024-07-26T00:01:34.780+0000] {processor.py:830} INFO - Processing file /home/airflow/.local/lib/python3.12/site-packages/airflow/example_dags/example_branch_python_dop_operator_3.py for tasks to queue
[2024-07-26T00:01:34.781+0000] {logging_mixin.py:188} INFO - [2024-07-26T00:01:34.781+0000] {dagbag.py:545} INFO - Filling up the DagBag from /home/airflow/.local/lib/python3.12/site-packages/airflow/example_dags/example_branch_python_dop_operator_3.py
[2024-07-26T00:01:34.787+0000] {processor.py:840} INFO - DAG(s) 'example_branch_dop_operator_v3' retrieved from /home/airflow/.local/lib/python3.12/site-packages/airflow/example_dags/example_branch_python_dop_operator_3.py
[2024-07-26T00:01:34.803+0000] {logging_mixin.py:188} INFO - [2024-07-26T00:01:34.802+0000] {dag.py:3089} INFO - Sync 1 DAGs
[2024-07-26T00:01:34.821+0000] {logging_mixin.py:188} INFO - [2024-07-26T00:01:34.820+0000] {dag.py:3947} INFO - Setting next_dagrun for example_branch_dop_operator_v3 to 2024-07-26 00:00:00+00:00, run_after=2024-07-26 00:01:00+00:00
[2024-07-26T00:01:34.837+0000] {processor.py:183} INFO - Processing /home/airflow/.local/lib/python3.12/site-packages/airflow/example_dags/example_branch_python_dop_operator_3.py took 0.062 seconds
[2024-07-26T00:02:05.278+0000] {processor.py:161} INFO - Started process (PID=12667) to work on /home/airflow/.local/lib/python3.12/site-packages/airflow/example_dags/example_branch_python_dop_operator_3.py
[2024-07-26T00:02:05.280+0000] {processor.py:830} INFO - Processing file /home/airflow/.local/lib/python3.12/site-packages/airflow/example_dags/example_branch_python_dop_operator_3.py for tasks to queue
[2024-07-26T00:02:05.281+0000] {logging_mixin.py:188} INFO - [2024-07-26T00:02:05.281+0000] {dagbag.py:545} INFO - Filling up the DagBag from /home/airflow/.local/lib/python3.12/site-packages/airflow/example_dags/example_branch_python_dop_operator_3.py
[2024-07-26T00:02:05.288+0000] {processor.py:840} INFO - DAG(s) 'example_branch_dop_operator_v3' retrieved from /home/airflow/.local/lib/python3.12/site-packages/airflow/example_dags/example_branch_python_dop_operator_3.py
[2024-07-26T00:02:05.304+0000] {logging_mixin.py:188} INFO - [2024-07-26T00:02:05.304+0000] {dag.py:3089} INFO - Sync 1 DAGs
[2024-07-26T00:02:05.324+0000] {logging_mixin.py:188} INFO - [2024-07-26T00:02:05.324+0000] {dag.py:3947} INFO - Setting next_dagrun for example_branch_dop_operator_v3 to 2024-07-26 00:01:00+00:00, run_after=2024-07-26 00:02:00+00:00
[2024-07-26T00:02:05.340+0000] {processor.py:183} INFO - Processing /home/airflow/.local/lib/python3.12/site-packages/airflow/example_dags/example_branch_python_dop_operator_3.py took 0.068 seconds
[2024-07-26T00:02:35.677+0000] {processor.py:161} INFO - Started process (PID=12726) to work on /home/airflow/.local/lib/python3.12/site-packages/airflow/example_dags/example_branch_python_dop_operator_3.py
[2024-07-26T00:02:35.678+0000] {processor.py:830} INFO - Processing file /home/airflow/.local/lib/python3.12/site-packages/airflow/example_dags/example_branch_python_dop_operator_3.py for tasks to queue
[2024-07-26T00:02:35.680+0000] {logging_mixin.py:188} INFO - [2024-07-26T00:02:35.680+0000] {dagbag.py:545} INFO - Filling up the DagBag from /home/airflow/.local/lib/python3.12/site-packages/airflow/example_dags/example_branch_python_dop_operator_3.py
[2024-07-26T00:02:35.686+0000] {processor.py:840} INFO - DAG(s) 'example_branch_dop_operator_v3' retrieved from /home/airflow/.local/lib/python3.12/site-packages/airflow/example_dags/example_branch_python_dop_operator_3.py
[2024-07-26T00:02:35.702+0000] {logging_mixin.py:188} INFO - [2024-07-26T00:02:35.702+0000] {dag.py:3089} INFO - Sync 1 DAGs
[2024-07-26T00:02:35.722+0000] {logging_mixin.py:188} INFO - [2024-07-26T00:02:35.721+0000] {dag.py:3947} INFO - Setting next_dagrun for example_branch_dop_operator_v3 to 2024-07-26 00:01:00+00:00, run_after=2024-07-26 00:02:00+00:00
[2024-07-26T00:02:35.737+0000] {processor.py:183} INFO - Processing /home/airflow/.local/lib/python3.12/site-packages/airflow/example_dags/example_branch_python_dop_operator_3.py took 0.064 seconds
[2024-07-26T00:03:06.250+0000] {processor.py:161} INFO - Started process (PID=12785) to work on /home/airflow/.local/lib/python3.12/site-packages/airflow/example_dags/example_branch_python_dop_operator_3.py
[2024-07-26T00:03:06.250+0000] {processor.py:830} INFO - Processing file /home/airflow/.local/lib/python3.12/site-packages/airflow/example_dags/example_branch_python_dop_operator_3.py for tasks to queue
[2024-07-26T00:03:06.252+0000] {logging_mixin.py:188} INFO - [2024-07-26T00:03:06.251+0000] {dagbag.py:545} INFO - Filling up the DagBag from /home/airflow/.local/lib/python3.12/site-packages/airflow/example_dags/example_branch_python_dop_operator_3.py
[2024-07-26T00:03:06.258+0000] {processor.py:840} INFO - DAG(s) 'example_branch_dop_operator_v3' retrieved from /home/airflow/.local/lib/python3.12/site-packages/airflow/example_dags/example_branch_python_dop_operator_3.py
[2024-07-26T00:03:06.273+0000] {logging_mixin.py:188} INFO - [2024-07-26T00:03:06.273+0000] {dag.py:3089} INFO - Sync 1 DAGs
[2024-07-26T00:03:06.292+0000] {logging_mixin.py:188} INFO - [2024-07-26T00:03:06.291+0000] {dag.py:3947} INFO - Setting next_dagrun for example_branch_dop_operator_v3 to 2024-07-26 00:02:00+00:00, run_after=2024-07-26 00:03:00+00:00
[2024-07-26T00:03:06.306+0000] {processor.py:183} INFO - Processing /home/airflow/.local/lib/python3.12/site-packages/airflow/example_dags/example_branch_python_dop_operator_3.py took 0.061 seconds
[2024-07-26T00:03:36.728+0000] {processor.py:161} INFO - Started process (PID=12844) to work on /home/airflow/.local/lib/python3.12/site-packages/airflow/example_dags/example_branch_python_dop_operator_3.py
[2024-07-26T00:03:36.729+0000] {processor.py:830} INFO - Processing file /home/airflow/.local/lib/python3.12/site-packages/airflow/example_dags/example_branch_python_dop_operator_3.py for tasks to queue
[2024-07-26T00:03:36.731+0000] {logging_mixin.py:188} INFO - [2024-07-26T00:03:36.730+0000] {dagbag.py:545} INFO - Filling up the DagBag from /home/airflow/.local/lib/python3.12/site-packages/airflow/example_dags/example_branch_python_dop_operator_3.py
[2024-07-26T00:03:36.737+0000] {processor.py:840} INFO - DAG(s) 'example_branch_dop_operator_v3' retrieved from /home/airflow/.local/lib/python3.12/site-packages/airflow/example_dags/example_branch_python_dop_operator_3.py
[2024-07-26T00:03:36.754+0000] {logging_mixin.py:188} INFO - [2024-07-26T00:03:36.753+0000] {dag.py:3089} INFO - Sync 1 DAGs
[2024-07-26T00:03:36.772+0000] {logging_mixin.py:188} INFO - [2024-07-26T00:03:36.772+0000] {dag.py:3947} INFO - Setting next_dagrun for example_branch_dop_operator_v3 to 2024-07-26 00:02:00+00:00, run_after=2024-07-26 00:03:00+00:00
[2024-07-26T00:03:36.785+0000] {processor.py:183} INFO - Processing /home/airflow/.local/lib/python3.12/site-packages/airflow/example_dags/example_branch_python_dop_operator_3.py took 0.061 seconds
[2024-07-26T00:04:07.078+0000] {processor.py:161} INFO - Started process (PID=12903) to work on /home/airflow/.local/lib/python3.12/site-packages/airflow/example_dags/example_branch_python_dop_operator_3.py
[2024-07-26T00:04:07.078+0000] {processor.py:830} INFO - Processing file /home/airflow/.local/lib/python3.12/site-packages/airflow/example_dags/example_branch_python_dop_operator_3.py for tasks to queue
[2024-07-26T00:04:07.080+0000] {logging_mixin.py:188} INFO - [2024-07-26T00:04:07.080+0000] {dagbag.py:545} INFO - Filling up the DagBag from /home/airflow/.local/lib/python3.12/site-packages/airflow/example_dags/example_branch_python_dop_operator_3.py
[2024-07-26T00:04:07.086+0000] {processor.py:840} INFO - DAG(s) 'example_branch_dop_operator_v3' retrieved from /home/airflow/.local/lib/python3.12/site-packages/airflow/example_dags/example_branch_python_dop_operator_3.py
[2024-07-26T00:04:07.101+0000] {logging_mixin.py:188} INFO - [2024-07-26T00:04:07.101+0000] {dag.py:3089} INFO - Sync 1 DAGs
[2024-07-26T00:04:07.121+0000] {logging_mixin.py:188} INFO - [2024-07-26T00:04:07.121+0000] {dag.py:3947} INFO - Setting next_dagrun for example_branch_dop_operator_v3 to 2024-07-26 00:03:00+00:00, run_after=2024-07-26 00:04:00+00:00
[2024-07-26T00:04:07.137+0000] {processor.py:183} INFO - Processing /home/airflow/.local/lib/python3.12/site-packages/airflow/example_dags/example_branch_python_dop_operator_3.py took 0.063 seconds
[2024-07-26T00:04:37.554+0000] {processor.py:161} INFO - Started process (PID=12962) to work on /home/airflow/.local/lib/python3.12/site-packages/airflow/example_dags/example_branch_python_dop_operator_3.py
[2024-07-26T00:04:37.554+0000] {processor.py:830} INFO - Processing file /home/airflow/.local/lib/python3.12/site-packages/airflow/example_dags/example_branch_python_dop_operator_3.py for tasks to queue
[2024-07-26T00:04:37.556+0000] {logging_mixin.py:188} INFO - [2024-07-26T00:04:37.556+0000] {dagbag.py:545} INFO - Filling up the DagBag from /home/airflow/.local/lib/python3.12/site-packages/airflow/example_dags/example_branch_python_dop_operator_3.py
[2024-07-26T00:04:37.561+0000] {processor.py:840} INFO - DAG(s) 'example_branch_dop_operator_v3' retrieved from /home/airflow/.local/lib/python3.12/site-packages/airflow/example_dags/example_branch_python_dop_operator_3.py
[2024-07-26T00:04:37.576+0000] {logging_mixin.py:188} INFO - [2024-07-26T00:04:37.576+0000] {dag.py:3089} INFO - Sync 1 DAGs
[2024-07-26T00:04:37.594+0000] {logging_mixin.py:188} INFO - [2024-07-26T00:04:37.594+0000] {dag.py:3947} INFO - Setting next_dagrun for example_branch_dop_operator_v3 to 2024-07-26 00:03:00+00:00, run_after=2024-07-26 00:04:00+00:00
[2024-07-26T00:04:37.608+0000] {processor.py:183} INFO - Processing /home/airflow/.local/lib/python3.12/site-packages/airflow/example_dags/example_branch_python_dop_operator_3.py took 0.058 seconds
[2024-07-26T00:05:08.050+0000] {processor.py:161} INFO - Started process (PID=13021) to work on /home/airflow/.local/lib/python3.12/site-packages/airflow/example_dags/example_branch_python_dop_operator_3.py
[2024-07-26T00:05:08.051+0000] {processor.py:830} INFO - Processing file /home/airflow/.local/lib/python3.12/site-packages/airflow/example_dags/example_branch_python_dop_operator_3.py for tasks to queue
[2024-07-26T00:05:08.052+0000] {logging_mixin.py:188} INFO - [2024-07-26T00:05:08.052+0000] {dagbag.py:545} INFO - Filling up the DagBag from /home/airflow/.local/lib/python3.12/site-packages/airflow/example_dags/example_branch_python_dop_operator_3.py
[2024-07-26T00:05:08.058+0000] {processor.py:840} INFO - DAG(s) 'example_branch_dop_operator_v3' retrieved from /home/airflow/.local/lib/python3.12/site-packages/airflow/example_dags/example_branch_python_dop_operator_3.py
[2024-07-26T00:05:08.075+0000] {logging_mixin.py:188} INFO - [2024-07-26T00:05:08.075+0000] {dag.py:3089} INFO - Sync 1 DAGs
[2024-07-26T00:05:08.094+0000] {logging_mixin.py:188} INFO - [2024-07-26T00:05:08.094+0000] {dag.py:3947} INFO - Setting next_dagrun for example_branch_dop_operator_v3 to 2024-07-26 00:04:00+00:00, run_after=2024-07-26 00:05:00+00:00
[2024-07-26T00:05:08.108+0000] {processor.py:183} INFO - Processing /home/airflow/.local/lib/python3.12/site-packages/airflow/example_dags/example_branch_python_dop_operator_3.py took 0.063 seconds
[2024-07-26T00:05:38.518+0000] {processor.py:161} INFO - Started process (PID=13080) to work on /home/airflow/.local/lib/python3.12/site-packages/airflow/example_dags/example_branch_python_dop_operator_3.py
[2024-07-26T00:05:38.519+0000] {processor.py:830} INFO - Processing file /home/airflow/.local/lib/python3.12/site-packages/airflow/example_dags/example_branch_python_dop_operator_3.py for tasks to queue
[2024-07-26T00:05:38.521+0000] {logging_mixin.py:188} INFO - [2024-07-26T00:05:38.521+0000] {dagbag.py:545} INFO - Filling up the DagBag from /home/airflow/.local/lib/python3.12/site-packages/airflow/example_dags/example_branch_python_dop_operator_3.py
[2024-07-26T00:05:38.527+0000] {processor.py:840} INFO - DAG(s) 'example_branch_dop_operator_v3' retrieved from /home/airflow/.local/lib/python3.12/site-packages/airflow/example_dags/example_branch_python_dop_operator_3.py
[2024-07-26T00:05:38.545+0000] {logging_mixin.py:188} INFO - [2024-07-26T00:05:38.544+0000] {dag.py:3089} INFO - Sync 1 DAGs
[2024-07-26T00:05:38.566+0000] {logging_mixin.py:188} INFO - [2024-07-26T00:05:38.566+0000] {dag.py:3947} INFO - Setting next_dagrun for example_branch_dop_operator_v3 to 2024-07-26 00:04:00+00:00, run_after=2024-07-26 00:05:00+00:00
[2024-07-26T00:05:38.583+0000] {processor.py:183} INFO - Processing /home/airflow/.local/lib/python3.12/site-packages/airflow/example_dags/example_branch_python_dop_operator_3.py took 0.069 seconds
[2024-07-26T00:06:09.113+0000] {processor.py:161} INFO - Started process (PID=13139) to work on /home/airflow/.local/lib/python3.12/site-packages/airflow/example_dags/example_branch_python_dop_operator_3.py
[2024-07-26T00:06:09.113+0000] {processor.py:830} INFO - Processing file /home/airflow/.local/lib/python3.12/site-packages/airflow/example_dags/example_branch_python_dop_operator_3.py for tasks to queue
[2024-07-26T00:06:09.115+0000] {logging_mixin.py:188} INFO - [2024-07-26T00:06:09.114+0000] {dagbag.py:545} INFO - Filling up the DagBag from /home/airflow/.local/lib/python3.12/site-packages/airflow/example_dags/example_branch_python_dop_operator_3.py
[2024-07-26T00:06:09.120+0000] {processor.py:840} INFO - DAG(s) 'example_branch_dop_operator_v3' retrieved from /home/airflow/.local/lib/python3.12/site-packages/airflow/example_dags/example_branch_python_dop_operator_3.py
[2024-07-26T00:06:09.134+0000] {logging_mixin.py:188} INFO - [2024-07-26T00:06:09.133+0000] {dag.py:3089} INFO - Sync 1 DAGs
[2024-07-26T00:06:09.150+0000] {logging_mixin.py:188} INFO - [2024-07-26T00:06:09.150+0000] {dag.py:3947} INFO - Setting next_dagrun for example_branch_dop_operator_v3 to 2024-07-26 00:05:00+00:00, run_after=2024-07-26 00:06:00+00:00
[2024-07-26T00:06:09.166+0000] {processor.py:183} INFO - Processing /home/airflow/.local/lib/python3.12/site-packages/airflow/example_dags/example_branch_python_dop_operator_3.py took 0.057 seconds
[2024-07-26T00:06:39.545+0000] {processor.py:161} INFO - Started process (PID=13198) to work on /home/airflow/.local/lib/python3.12/site-packages/airflow/example_dags/example_branch_python_dop_operator_3.py
[2024-07-26T00:06:39.545+0000] {processor.py:830} INFO - Processing file /home/airflow/.local/lib/python3.12/site-packages/airflow/example_dags/example_branch_python_dop_operator_3.py for tasks to queue
[2024-07-26T00:06:39.547+0000] {logging_mixin.py:188} INFO - [2024-07-26T00:06:39.546+0000] {dagbag.py:545} INFO - Filling up the DagBag from /home/airflow/.local/lib/python3.12/site-packages/airflow/example_dags/example_branch_python_dop_operator_3.py
[2024-07-26T00:06:39.553+0000] {processor.py:840} INFO - DAG(s) 'example_branch_dop_operator_v3' retrieved from /home/airflow/.local/lib/python3.12/site-packages/airflow/example_dags/example_branch_python_dop_operator_3.py
[2024-07-26T00:06:39.569+0000] {logging_mixin.py:188} INFO - [2024-07-26T00:06:39.568+0000] {dag.py:3089} INFO - Sync 1 DAGs
[2024-07-26T00:06:39.587+0000] {logging_mixin.py:188} INFO - [2024-07-26T00:06:39.587+0000] {dag.py:3947} INFO - Setting next_dagrun for example_branch_dop_operator_v3 to 2024-07-26 00:05:00+00:00, run_after=2024-07-26 00:06:00+00:00
[2024-07-26T00:06:39.601+0000] {processor.py:183} INFO - Processing /home/airflow/.local/lib/python3.12/site-packages/airflow/example_dags/example_branch_python_dop_operator_3.py took 0.061 seconds
[2024-07-26T00:07:10.078+0000] {processor.py:161} INFO - Started process (PID=13257) to work on /home/airflow/.local/lib/python3.12/site-packages/airflow/example_dags/example_branch_python_dop_operator_3.py
[2024-07-26T00:07:10.078+0000] {processor.py:830} INFO - Processing file /home/airflow/.local/lib/python3.12/site-packages/airflow/example_dags/example_branch_python_dop_operator_3.py for tasks to queue
[2024-07-26T00:07:10.080+0000] {logging_mixin.py:188} INFO - [2024-07-26T00:07:10.080+0000] {dagbag.py:545} INFO - Filling up the DagBag from /home/airflow/.local/lib/python3.12/site-packages/airflow/example_dags/example_branch_python_dop_operator_3.py
[2024-07-26T00:07:10.087+0000] {processor.py:840} INFO - DAG(s) 'example_branch_dop_operator_v3' retrieved from /home/airflow/.local/lib/python3.12/site-packages/airflow/example_dags/example_branch_python_dop_operator_3.py
[2024-07-26T00:07:10.103+0000] {logging_mixin.py:188} INFO - [2024-07-26T00:07:10.103+0000] {dag.py:3089} INFO - Sync 1 DAGs
[2024-07-26T00:07:10.122+0000] {logging_mixin.py:188} INFO - [2024-07-26T00:07:10.122+0000] {dag.py:3947} INFO - Setting next_dagrun for example_branch_dop_operator_v3 to 2024-07-26 00:06:00+00:00, run_after=2024-07-26 00:07:00+00:00
[2024-07-26T00:07:10.137+0000] {processor.py:183} INFO - Processing /home/airflow/.local/lib/python3.12/site-packages/airflow/example_dags/example_branch_python_dop_operator_3.py took 0.064 seconds
[2024-07-26T00:07:40.507+0000] {processor.py:161} INFO - Started process (PID=13316) to work on /home/airflow/.local/lib/python3.12/site-packages/airflow/example_dags/example_branch_python_dop_operator_3.py
[2024-07-26T00:07:40.508+0000] {processor.py:830} INFO - Processing file /home/airflow/.local/lib/python3.12/site-packages/airflow/example_dags/example_branch_python_dop_operator_3.py for tasks to queue
[2024-07-26T00:07:40.510+0000] {logging_mixin.py:188} INFO - [2024-07-26T00:07:40.510+0000] {dagbag.py:545} INFO - Filling up the DagBag from /home/airflow/.local/lib/python3.12/site-packages/airflow/example_dags/example_branch_python_dop_operator_3.py
[2024-07-26T00:07:40.517+0000] {processor.py:840} INFO - DAG(s) 'example_branch_dop_operator_v3' retrieved from /home/airflow/.local/lib/python3.12/site-packages/airflow/example_dags/example_branch_python_dop_operator_3.py
[2024-07-26T00:07:40.535+0000] {logging_mixin.py:188} INFO - [2024-07-26T00:07:40.535+0000] {dag.py:3089} INFO - Sync 1 DAGs
[2024-07-26T00:07:40.555+0000] {logging_mixin.py:188} INFO - [2024-07-26T00:07:40.555+0000] {dag.py:3947} INFO - Setting next_dagrun for example_branch_dop_operator_v3 to 2024-07-26 00:06:00+00:00, run_after=2024-07-26 00:07:00+00:00
[2024-07-26T00:07:40.570+0000] {processor.py:183} INFO - Processing /home/airflow/.local/lib/python3.12/site-packages/airflow/example_dags/example_branch_python_dop_operator_3.py took 0.069 seconds
[2024-07-26T00:08:10.958+0000] {processor.py:161} INFO - Started process (PID=13375) to work on /home/airflow/.local/lib/python3.12/site-packages/airflow/example_dags/example_branch_python_dop_operator_3.py
[2024-07-26T00:08:10.959+0000] {processor.py:830} INFO - Processing file /home/airflow/.local/lib/python3.12/site-packages/airflow/example_dags/example_branch_python_dop_operator_3.py for tasks to queue
[2024-07-26T00:08:10.960+0000] {logging_mixin.py:188} INFO - [2024-07-26T00:08:10.960+0000] {dagbag.py:545} INFO - Filling up the DagBag from /home/airflow/.local/lib/python3.12/site-packages/airflow/example_dags/example_branch_python_dop_operator_3.py
[2024-07-26T00:08:10.966+0000] {processor.py:840} INFO - DAG(s) 'example_branch_dop_operator_v3' retrieved from /home/airflow/.local/lib/python3.12/site-packages/airflow/example_dags/example_branch_python_dop_operator_3.py
[2024-07-26T00:08:10.981+0000] {logging_mixin.py:188} INFO - [2024-07-26T00:08:10.981+0000] {dag.py:3089} INFO - Sync 1 DAGs
[2024-07-26T00:08:11.002+0000] {logging_mixin.py:188} INFO - [2024-07-26T00:08:11.002+0000] {dag.py:3947} INFO - Setting next_dagrun for example_branch_dop_operator_v3 to 2024-07-26 00:07:00+00:00, run_after=2024-07-26 00:08:00+00:00
[2024-07-26T00:08:11.019+0000] {processor.py:183} INFO - Processing /home/airflow/.local/lib/python3.12/site-packages/airflow/example_dags/example_branch_python_dop_operator_3.py took 0.065 seconds
[2024-07-26T00:08:41.494+0000] {processor.py:161} INFO - Started process (PID=13434) to work on /home/airflow/.local/lib/python3.12/site-packages/airflow/example_dags/example_branch_python_dop_operator_3.py
[2024-07-26T00:08:41.495+0000] {processor.py:830} INFO - Processing file /home/airflow/.local/lib/python3.12/site-packages/airflow/example_dags/example_branch_python_dop_operator_3.py for tasks to queue
[2024-07-26T00:08:41.497+0000] {logging_mixin.py:188} INFO - [2024-07-26T00:08:41.497+0000] {dagbag.py:545} INFO - Filling up the DagBag from /home/airflow/.local/lib/python3.12/site-packages/airflow/example_dags/example_branch_python_dop_operator_3.py
[2024-07-26T00:08:41.504+0000] {processor.py:840} INFO - DAG(s) 'example_branch_dop_operator_v3' retrieved from /home/airflow/.local/lib/python3.12/site-packages/airflow/example_dags/example_branch_python_dop_operator_3.py
[2024-07-26T00:08:41.520+0000] {logging_mixin.py:188} INFO - [2024-07-26T00:08:41.520+0000] {dag.py:3089} INFO - Sync 1 DAGs
[2024-07-26T00:08:41.539+0000] {logging_mixin.py:188} INFO - [2024-07-26T00:08:41.539+0000] {dag.py:3947} INFO - Setting next_dagrun for example_branch_dop_operator_v3 to 2024-07-26 00:07:00+00:00, run_after=2024-07-26 00:08:00+00:00
[2024-07-26T00:08:41.555+0000] {processor.py:183} INFO - Processing /home/airflow/.local/lib/python3.12/site-packages/airflow/example_dags/example_branch_python_dop_operator_3.py took 0.065 seconds
[2024-07-26T00:09:11.963+0000] {processor.py:161} INFO - Started process (PID=13493) to work on /home/airflow/.local/lib/python3.12/site-packages/airflow/example_dags/example_branch_python_dop_operator_3.py
[2024-07-26T00:09:11.964+0000] {processor.py:830} INFO - Processing file /home/airflow/.local/lib/python3.12/site-packages/airflow/example_dags/example_branch_python_dop_operator_3.py for tasks to queue
[2024-07-26T00:09:11.966+0000] {logging_mixin.py:188} INFO - [2024-07-26T00:09:11.966+0000] {dagbag.py:545} INFO - Filling up the DagBag from /home/airflow/.local/lib/python3.12/site-packages/airflow/example_dags/example_branch_python_dop_operator_3.py
[2024-07-26T00:09:11.974+0000] {processor.py:840} INFO - DAG(s) 'example_branch_dop_operator_v3' retrieved from /home/airflow/.local/lib/python3.12/site-packages/airflow/example_dags/example_branch_python_dop_operator_3.py
[2024-07-26T00:09:11.992+0000] {logging_mixin.py:188} INFO - [2024-07-26T00:09:11.992+0000] {dag.py:3089} INFO - Sync 1 DAGs
[2024-07-26T00:09:12.016+0000] {logging_mixin.py:188} INFO - [2024-07-26T00:09:12.016+0000] {dag.py:3947} INFO - Setting next_dagrun for example_branch_dop_operator_v3 to 2024-07-26 00:08:00+00:00, run_after=2024-07-26 00:09:00+00:00
[2024-07-26T00:09:12.036+0000] {processor.py:183} INFO - Processing /home/airflow/.local/lib/python3.12/site-packages/airflow/example_dags/example_branch_python_dop_operator_3.py took 0.078 seconds
[2024-07-26T00:09:42.492+0000] {processor.py:161} INFO - Started process (PID=13552) to work on /home/airflow/.local/lib/python3.12/site-packages/airflow/example_dags/example_branch_python_dop_operator_3.py
[2024-07-26T00:09:42.493+0000] {processor.py:830} INFO - Processing file /home/airflow/.local/lib/python3.12/site-packages/airflow/example_dags/example_branch_python_dop_operator_3.py for tasks to queue
[2024-07-26T00:09:42.494+0000] {logging_mixin.py:188} INFO - [2024-07-26T00:09:42.494+0000] {dagbag.py:545} INFO - Filling up the DagBag from /home/airflow/.local/lib/python3.12/site-packages/airflow/example_dags/example_branch_python_dop_operator_3.py
[2024-07-26T00:09:42.499+0000] {processor.py:840} INFO - DAG(s) 'example_branch_dop_operator_v3' retrieved from /home/airflow/.local/lib/python3.12/site-packages/airflow/example_dags/example_branch_python_dop_operator_3.py
[2024-07-26T00:09:42.514+0000] {logging_mixin.py:188} INFO - [2024-07-26T00:09:42.514+0000] {dag.py:3089} INFO - Sync 1 DAGs
[2024-07-26T00:09:42.531+0000] {logging_mixin.py:188} INFO - [2024-07-26T00:09:42.531+0000] {dag.py:3947} INFO - Setting next_dagrun for example_branch_dop_operator_v3 to 2024-07-26 00:08:00+00:00, run_after=2024-07-26 00:09:00+00:00
[2024-07-26T00:09:42.546+0000] {processor.py:183} INFO - Processing /home/airflow/.local/lib/python3.12/site-packages/airflow/example_dags/example_branch_python_dop_operator_3.py took 0.058 seconds
[2024-07-26T00:10:13.037+0000] {processor.py:161} INFO - Started process (PID=13611) to work on /home/airflow/.local/lib/python3.12/site-packages/airflow/example_dags/example_branch_python_dop_operator_3.py
[2024-07-26T00:10:13.038+0000] {processor.py:830} INFO - Processing file /home/airflow/.local/lib/python3.12/site-packages/airflow/example_dags/example_branch_python_dop_operator_3.py for tasks to queue
[2024-07-26T00:10:13.040+0000] {logging_mixin.py:188} INFO - [2024-07-26T00:10:13.039+0000] {dagbag.py:545} INFO - Filling up the DagBag from /home/airflow/.local/lib/python3.12/site-packages/airflow/example_dags/example_branch_python_dop_operator_3.py
[2024-07-26T00:10:13.046+0000] {processor.py:840} INFO - DAG(s) 'example_branch_dop_operator_v3' retrieved from /home/airflow/.local/lib/python3.12/site-packages/airflow/example_dags/example_branch_python_dop_operator_3.py
[2024-07-26T00:10:13.062+0000] {logging_mixin.py:188} INFO - [2024-07-26T00:10:13.062+0000] {dag.py:3089} INFO - Sync 1 DAGs
[2024-07-26T00:10:13.079+0000] {logging_mixin.py:188} INFO - [2024-07-26T00:10:13.079+0000] {dag.py:3947} INFO - Setting next_dagrun for example_branch_dop_operator_v3 to 2024-07-26 00:09:00+00:00, run_after=2024-07-26 00:10:00+00:00
[2024-07-26T00:10:13.093+0000] {processor.py:183} INFO - Processing /home/airflow/.local/lib/python3.12/site-packages/airflow/example_dags/example_branch_python_dop_operator_3.py took 0.060 seconds
[2024-07-26T00:10:43.501+0000] {processor.py:161} INFO - Started process (PID=13670) to work on /home/airflow/.local/lib/python3.12/site-packages/airflow/example_dags/example_branch_python_dop_operator_3.py
[2024-07-26T00:10:43.502+0000] {processor.py:830} INFO - Processing file /home/airflow/.local/lib/python3.12/site-packages/airflow/example_dags/example_branch_python_dop_operator_3.py for tasks to queue
[2024-07-26T00:10:43.503+0000] {logging_mixin.py:188} INFO - [2024-07-26T00:10:43.503+0000] {dagbag.py:545} INFO - Filling up the DagBag from /home/airflow/.local/lib/python3.12/site-packages/airflow/example_dags/example_branch_python_dop_operator_3.py
[2024-07-26T00:10:43.509+0000] {processor.py:840} INFO - DAG(s) 'example_branch_dop_operator_v3' retrieved from /home/airflow/.local/lib/python3.12/site-packages/airflow/example_dags/example_branch_python_dop_operator_3.py
[2024-07-26T00:10:43.525+0000] {logging_mixin.py:188} INFO - [2024-07-26T00:10:43.525+0000] {dag.py:3089} INFO - Sync 1 DAGs
[2024-07-26T00:10:43.547+0000] {logging_mixin.py:188} INFO - [2024-07-26T00:10:43.547+0000] {dag.py:3947} INFO - Setting next_dagrun for example_branch_dop_operator_v3 to 2024-07-26 00:09:00+00:00, run_after=2024-07-26 00:10:00+00:00
[2024-07-26T00:10:43.566+0000] {processor.py:183} INFO - Processing /home/airflow/.local/lib/python3.12/site-packages/airflow/example_dags/example_branch_python_dop_operator_3.py took 0.070 seconds
[2024-07-26T00:11:13.878+0000] {processor.py:161} INFO - Started process (PID=13729) to work on /home/airflow/.local/lib/python3.12/site-packages/airflow/example_dags/example_branch_python_dop_operator_3.py
[2024-07-26T00:11:13.879+0000] {processor.py:830} INFO - Processing file /home/airflow/.local/lib/python3.12/site-packages/airflow/example_dags/example_branch_python_dop_operator_3.py for tasks to queue
[2024-07-26T00:11:13.881+0000] {logging_mixin.py:188} INFO - [2024-07-26T00:11:13.880+0000] {dagbag.py:545} INFO - Filling up the DagBag from /home/airflow/.local/lib/python3.12/site-packages/airflow/example_dags/example_branch_python_dop_operator_3.py
[2024-07-26T00:11:13.887+0000] {processor.py:840} INFO - DAG(s) 'example_branch_dop_operator_v3' retrieved from /home/airflow/.local/lib/python3.12/site-packages/airflow/example_dags/example_branch_python_dop_operator_3.py
[2024-07-26T00:11:13.904+0000] {logging_mixin.py:188} INFO - [2024-07-26T00:11:13.903+0000] {dag.py:3089} INFO - Sync 1 DAGs
[2024-07-26T00:11:13.925+0000] {logging_mixin.py:188} INFO - [2024-07-26T00:11:13.924+0000] {dag.py:3947} INFO - Setting next_dagrun for example_branch_dop_operator_v3 to 2024-07-26 00:10:00+00:00, run_after=2024-07-26 00:11:00+00:00
[2024-07-26T00:11:13.940+0000] {processor.py:183} INFO - Processing /home/airflow/.local/lib/python3.12/site-packages/airflow/example_dags/example_branch_python_dop_operator_3.py took 0.067 seconds
[2024-07-26T00:11:44.391+0000] {processor.py:161} INFO - Started process (PID=13788) to work on /home/airflow/.local/lib/python3.12/site-packages/airflow/example_dags/example_branch_python_dop_operator_3.py
[2024-07-26T00:11:44.391+0000] {processor.py:830} INFO - Processing file /home/airflow/.local/lib/python3.12/site-packages/airflow/example_dags/example_branch_python_dop_operator_3.py for tasks to queue
[2024-07-26T00:11:44.393+0000] {logging_mixin.py:188} INFO - [2024-07-26T00:11:44.393+0000] {dagbag.py:545} INFO - Filling up the DagBag from /home/airflow/.local/lib/python3.12/site-packages/airflow/example_dags/example_branch_python_dop_operator_3.py
[2024-07-26T00:11:44.399+0000] {processor.py:840} INFO - DAG(s) 'example_branch_dop_operator_v3' retrieved from /home/airflow/.local/lib/python3.12/site-packages/airflow/example_dags/example_branch_python_dop_operator_3.py
[2024-07-26T00:11:44.419+0000] {logging_mixin.py:188} INFO - [2024-07-26T00:11:44.419+0000] {dag.py:3089} INFO - Sync 1 DAGs
[2024-07-26T00:11:44.440+0000] {logging_mixin.py:188} INFO - [2024-07-26T00:11:44.440+0000] {dag.py:3947} INFO - Setting next_dagrun for example_branch_dop_operator_v3 to 2024-07-26 00:10:00+00:00, run_after=2024-07-26 00:11:00+00:00
[2024-07-26T00:11:44.455+0000] {processor.py:183} INFO - Processing /home/airflow/.local/lib/python3.12/site-packages/airflow/example_dags/example_branch_python_dop_operator_3.py took 0.068 seconds
[2024-07-26T00:14:37.204+0000] {processor.py:161} INFO - Started process (PID=78) to work on /home/airflow/.local/lib/python3.12/site-packages/airflow/example_dags/example_branch_python_dop_operator_3.py
[2024-07-26T00:14:37.205+0000] {processor.py:830} INFO - Processing file /home/airflow/.local/lib/python3.12/site-packages/airflow/example_dags/example_branch_python_dop_operator_3.py for tasks to queue
[2024-07-26T00:14:37.207+0000] {logging_mixin.py:188} INFO - [2024-07-26T00:14:37.207+0000] {dagbag.py:545} INFO - Filling up the DagBag from /home/airflow/.local/lib/python3.12/site-packages/airflow/example_dags/example_branch_python_dop_operator_3.py
[2024-07-26T00:14:37.214+0000] {processor.py:840} INFO - DAG(s) 'example_branch_dop_operator_v3' retrieved from /home/airflow/.local/lib/python3.12/site-packages/airflow/example_dags/example_branch_python_dop_operator_3.py
[2024-07-26T00:14:37.225+0000] {logging_mixin.py:188} INFO - [2024-07-26T00:14:37.225+0000] {dag.py:3089} INFO - Sync 1 DAGs
[2024-07-26T00:14:37.246+0000] {logging_mixin.py:188} INFO - [2024-07-26T00:14:37.246+0000] {dag.py:3947} INFO - Setting next_dagrun for example_branch_dop_operator_v3 to 2024-07-26 00:13:00+00:00, run_after=2024-07-26 00:14:00+00:00
[2024-07-26T00:14:37.268+0000] {processor.py:183} INFO - Processing /home/airflow/.local/lib/python3.12/site-packages/airflow/example_dags/example_branch_python_dop_operator_3.py took 0.068 seconds
[2024-07-26T00:15:08.850+0000] {processor.py:161} INFO - Started process (PID=137) to work on /home/airflow/.local/lib/python3.12/site-packages/airflow/example_dags/example_branch_python_dop_operator_3.py
[2024-07-26T00:15:08.850+0000] {processor.py:830} INFO - Processing file /home/airflow/.local/lib/python3.12/site-packages/airflow/example_dags/example_branch_python_dop_operator_3.py for tasks to queue
[2024-07-26T00:15:08.852+0000] {logging_mixin.py:188} INFO - [2024-07-26T00:15:08.852+0000] {dagbag.py:545} INFO - Filling up the DagBag from /home/airflow/.local/lib/python3.12/site-packages/airflow/example_dags/example_branch_python_dop_operator_3.py
[2024-07-26T00:15:08.858+0000] {processor.py:840} INFO - DAG(s) 'example_branch_dop_operator_v3' retrieved from /home/airflow/.local/lib/python3.12/site-packages/airflow/example_dags/example_branch_python_dop_operator_3.py
[2024-07-26T00:15:08.935+0000] {logging_mixin.py:188} INFO - [2024-07-26T00:15:08.935+0000] {dag.py:3089} INFO - Sync 1 DAGs
[2024-07-26T00:15:08.952+0000] {logging_mixin.py:188} INFO - [2024-07-26T00:15:08.952+0000] {dag.py:3947} INFO - Setting next_dagrun for example_branch_dop_operator_v3 to 2024-07-26 00:14:00+00:00, run_after=2024-07-26 00:15:00+00:00
[2024-07-26T00:15:08.967+0000] {processor.py:183} INFO - Processing /home/airflow/.local/lib/python3.12/site-packages/airflow/example_dags/example_branch_python_dop_operator_3.py took 0.121 seconds
[2024-07-26T00:15:39.080+0000] {processor.py:161} INFO - Started process (PID=196) to work on /home/airflow/.local/lib/python3.12/site-packages/airflow/example_dags/example_branch_python_dop_operator_3.py
[2024-07-26T00:15:39.081+0000] {processor.py:830} INFO - Processing file /home/airflow/.local/lib/python3.12/site-packages/airflow/example_dags/example_branch_python_dop_operator_3.py for tasks to queue
[2024-07-26T00:15:39.082+0000] {logging_mixin.py:188} INFO - [2024-07-26T00:15:39.082+0000] {dagbag.py:545} INFO - Filling up the DagBag from /home/airflow/.local/lib/python3.12/site-packages/airflow/example_dags/example_branch_python_dop_operator_3.py
[2024-07-26T00:15:39.089+0000] {processor.py:840} INFO - DAG(s) 'example_branch_dop_operator_v3' retrieved from /home/airflow/.local/lib/python3.12/site-packages/airflow/example_dags/example_branch_python_dop_operator_3.py
[2024-07-26T00:15:39.106+0000] {logging_mixin.py:188} INFO - [2024-07-26T00:15:39.106+0000] {dag.py:3089} INFO - Sync 1 DAGs
[2024-07-26T00:15:39.125+0000] {logging_mixin.py:188} INFO - [2024-07-26T00:15:39.125+0000] {dag.py:3947} INFO - Setting next_dagrun for example_branch_dop_operator_v3 to 2024-07-26 00:14:00+00:00, run_after=2024-07-26 00:15:00+00:00
[2024-07-26T00:15:39.143+0000] {processor.py:183} INFO - Processing /home/airflow/.local/lib/python3.12/site-packages/airflow/example_dags/example_branch_python_dop_operator_3.py took 0.067 seconds
[2024-07-26T00:16:09.191+0000] {processor.py:161} INFO - Started process (PID=255) to work on /home/airflow/.local/lib/python3.12/site-packages/airflow/example_dags/example_branch_python_dop_operator_3.py
[2024-07-26T00:16:09.192+0000] {processor.py:830} INFO - Processing file /home/airflow/.local/lib/python3.12/site-packages/airflow/example_dags/example_branch_python_dop_operator_3.py for tasks to queue
[2024-07-26T00:16:09.193+0000] {logging_mixin.py:188} INFO - [2024-07-26T00:16:09.193+0000] {dagbag.py:545} INFO - Filling up the DagBag from /home/airflow/.local/lib/python3.12/site-packages/airflow/example_dags/example_branch_python_dop_operator_3.py
[2024-07-26T00:16:09.199+0000] {processor.py:840} INFO - DAG(s) 'example_branch_dop_operator_v3' retrieved from /home/airflow/.local/lib/python3.12/site-packages/airflow/example_dags/example_branch_python_dop_operator_3.py
[2024-07-26T00:16:09.215+0000] {logging_mixin.py:188} INFO - [2024-07-26T00:16:09.215+0000] {dag.py:3089} INFO - Sync 1 DAGs
[2024-07-26T00:16:09.235+0000] {logging_mixin.py:188} INFO - [2024-07-26T00:16:09.235+0000] {dag.py:3947} INFO - Setting next_dagrun for example_branch_dop_operator_v3 to 2024-07-26 00:15:00+00:00, run_after=2024-07-26 00:16:00+00:00
[2024-07-26T00:16:09.252+0000] {processor.py:183} INFO - Processing /home/airflow/.local/lib/python3.12/site-packages/airflow/example_dags/example_branch_python_dop_operator_3.py took 0.065 seconds
[2024-07-26T00:16:39.806+0000] {processor.py:161} INFO - Started process (PID=314) to work on /home/airflow/.local/lib/python3.12/site-packages/airflow/example_dags/example_branch_python_dop_operator_3.py
[2024-07-26T00:16:39.806+0000] {processor.py:830} INFO - Processing file /home/airflow/.local/lib/python3.12/site-packages/airflow/example_dags/example_branch_python_dop_operator_3.py for tasks to queue
[2024-07-26T00:16:39.808+0000] {logging_mixin.py:188} INFO - [2024-07-26T00:16:39.808+0000] {dagbag.py:545} INFO - Filling up the DagBag from /home/airflow/.local/lib/python3.12/site-packages/airflow/example_dags/example_branch_python_dop_operator_3.py
[2024-07-26T00:16:39.814+0000] {processor.py:840} INFO - DAG(s) 'example_branch_dop_operator_v3' retrieved from /home/airflow/.local/lib/python3.12/site-packages/airflow/example_dags/example_branch_python_dop_operator_3.py
[2024-07-26T00:16:39.829+0000] {logging_mixin.py:188} INFO - [2024-07-26T00:16:39.829+0000] {dag.py:3089} INFO - Sync 1 DAGs
[2024-07-26T00:16:39.849+0000] {logging_mixin.py:188} INFO - [2024-07-26T00:16:39.849+0000] {dag.py:3947} INFO - Setting next_dagrun for example_branch_dop_operator_v3 to 2024-07-26 00:15:00+00:00, run_after=2024-07-26 00:16:00+00:00
[2024-07-26T00:16:39.866+0000] {processor.py:183} INFO - Processing /home/airflow/.local/lib/python3.12/site-packages/airflow/example_dags/example_branch_python_dop_operator_3.py took 0.064 seconds
[2024-07-26T00:17:10.359+0000] {processor.py:161} INFO - Started process (PID=373) to work on /home/airflow/.local/lib/python3.12/site-packages/airflow/example_dags/example_branch_python_dop_operator_3.py
[2024-07-26T00:17:10.360+0000] {processor.py:830} INFO - Processing file /home/airflow/.local/lib/python3.12/site-packages/airflow/example_dags/example_branch_python_dop_operator_3.py for tasks to queue
[2024-07-26T00:17:10.362+0000] {logging_mixin.py:188} INFO - [2024-07-26T00:17:10.361+0000] {dagbag.py:545} INFO - Filling up the DagBag from /home/airflow/.local/lib/python3.12/site-packages/airflow/example_dags/example_branch_python_dop_operator_3.py
[2024-07-26T00:17:10.368+0000] {processor.py:840} INFO - DAG(s) 'example_branch_dop_operator_v3' retrieved from /home/airflow/.local/lib/python3.12/site-packages/airflow/example_dags/example_branch_python_dop_operator_3.py
[2024-07-26T00:17:10.387+0000] {logging_mixin.py:188} INFO - [2024-07-26T00:17:10.387+0000] {dag.py:3089} INFO - Sync 1 DAGs
[2024-07-26T00:17:10.410+0000] {logging_mixin.py:188} INFO - [2024-07-26T00:17:10.410+0000] {dag.py:3947} INFO - Setting next_dagrun for example_branch_dop_operator_v3 to 2024-07-26 00:16:00+00:00, run_after=2024-07-26 00:17:00+00:00
[2024-07-26T00:17:10.429+0000] {processor.py:183} INFO - Processing /home/airflow/.local/lib/python3.12/site-packages/airflow/example_dags/example_branch_python_dop_operator_3.py took 0.075 seconds
[2024-07-26T00:17:40.826+0000] {processor.py:161} INFO - Started process (PID=433) to work on /home/airflow/.local/lib/python3.12/site-packages/airflow/example_dags/example_branch_python_dop_operator_3.py
[2024-07-26T00:17:40.827+0000] {processor.py:830} INFO - Processing file /home/airflow/.local/lib/python3.12/site-packages/airflow/example_dags/example_branch_python_dop_operator_3.py for tasks to queue
[2024-07-26T00:17:40.828+0000] {logging_mixin.py:188} INFO - [2024-07-26T00:17:40.828+0000] {dagbag.py:545} INFO - Filling up the DagBag from /home/airflow/.local/lib/python3.12/site-packages/airflow/example_dags/example_branch_python_dop_operator_3.py
[2024-07-26T00:17:40.834+0000] {processor.py:840} INFO - DAG(s) 'example_branch_dop_operator_v3' retrieved from /home/airflow/.local/lib/python3.12/site-packages/airflow/example_dags/example_branch_python_dop_operator_3.py
[2024-07-26T00:17:40.849+0000] {logging_mixin.py:188} INFO - [2024-07-26T00:17:40.849+0000] {dag.py:3089} INFO - Sync 1 DAGs
[2024-07-26T00:17:40.867+0000] {logging_mixin.py:188} INFO - [2024-07-26T00:17:40.867+0000] {dag.py:3947} INFO - Setting next_dagrun for example_branch_dop_operator_v3 to 2024-07-26 00:16:00+00:00, run_after=2024-07-26 00:17:00+00:00
[2024-07-26T00:17:40.881+0000] {processor.py:183} INFO - Processing /home/airflow/.local/lib/python3.12/site-packages/airflow/example_dags/example_branch_python_dop_operator_3.py took 0.058 seconds
[2024-07-26T00:18:11.298+0000] {processor.py:161} INFO - Started process (PID=492) to work on /home/airflow/.local/lib/python3.12/site-packages/airflow/example_dags/example_branch_python_dop_operator_3.py
[2024-07-26T00:18:11.298+0000] {processor.py:830} INFO - Processing file /home/airflow/.local/lib/python3.12/site-packages/airflow/example_dags/example_branch_python_dop_operator_3.py for tasks to queue
[2024-07-26T00:18:11.300+0000] {logging_mixin.py:188} INFO - [2024-07-26T00:18:11.300+0000] {dagbag.py:545} INFO - Filling up the DagBag from /home/airflow/.local/lib/python3.12/site-packages/airflow/example_dags/example_branch_python_dop_operator_3.py
[2024-07-26T00:18:11.306+0000] {processor.py:840} INFO - DAG(s) 'example_branch_dop_operator_v3' retrieved from /home/airflow/.local/lib/python3.12/site-packages/airflow/example_dags/example_branch_python_dop_operator_3.py
[2024-07-26T00:18:11.321+0000] {logging_mixin.py:188} INFO - [2024-07-26T00:18:11.321+0000] {dag.py:3089} INFO - Sync 1 DAGs
[2024-07-26T00:18:11.340+0000] {logging_mixin.py:188} INFO - [2024-07-26T00:18:11.340+0000] {dag.py:3947} INFO - Setting next_dagrun for example_branch_dop_operator_v3 to 2024-07-26 00:17:00+00:00, run_after=2024-07-26 00:18:00+00:00
[2024-07-26T00:18:11.357+0000] {processor.py:183} INFO - Processing /home/airflow/.local/lib/python3.12/site-packages/airflow/example_dags/example_branch_python_dop_operator_3.py took 0.064 seconds
