[2024-07-26T00:00:00.870+0000] {processor.py:161} INFO - Started process (PID=12415) to work on /home/airflow/.local/lib/python3.12/site-packages/airflow/example_dags/example_skip_dag.py
[2024-07-26T00:00:00.871+0000] {processor.py:830} INFO - Processing file /home/airflow/.local/lib/python3.12/site-packages/airflow/example_dags/example_skip_dag.py for tasks to queue
[2024-07-26T00:00:00.873+0000] {logging_mixin.py:188} INFO - [2024-07-26T00:00:00.872+0000] {dagbag.py:545} INFO - Filling up the DagBag from /home/airflow/.local/lib/python3.12/site-packages/airflow/example_dags/example_skip_dag.py
[2024-07-26T00:00:00.879+0000] {processor.py:840} INFO - DAG(s) 'example_skip_dag' retrieved from /home/airflow/.local/lib/python3.12/site-packages/airflow/example_dags/example_skip_dag.py
[2024-07-26T00:00:00.896+0000] {logging_mixin.py:188} INFO - [2024-07-26T00:00:00.896+0000] {dag.py:3089} INFO - Sync 1 DAGs
[2024-07-26T00:00:00.917+0000] {logging_mixin.py:188} INFO - [2024-07-26T00:00:00.916+0000] {dag.py:3947} INFO - Setting next_dagrun for example_skip_dag to 2024-07-25 00:00:00+00:00, run_after=2024-07-26 00:00:00+00:00
[2024-07-26T00:00:00.936+0000] {processor.py:183} INFO - Processing /home/airflow/.local/lib/python3.12/site-packages/airflow/example_dags/example_skip_dag.py took 0.070 seconds
[2024-07-26T00:00:31.422+0000] {processor.py:161} INFO - Started process (PID=12474) to work on /home/airflow/.local/lib/python3.12/site-packages/airflow/example_dags/example_skip_dag.py
[2024-07-26T00:00:31.423+0000] {processor.py:830} INFO - Processing file /home/airflow/.local/lib/python3.12/site-packages/airflow/example_dags/example_skip_dag.py for tasks to queue
[2024-07-26T00:00:31.425+0000] {logging_mixin.py:188} INFO - [2024-07-26T00:00:31.424+0000] {dagbag.py:545} INFO - Filling up the DagBag from /home/airflow/.local/lib/python3.12/site-packages/airflow/example_dags/example_skip_dag.py
[2024-07-26T00:00:31.430+0000] {processor.py:840} INFO - DAG(s) 'example_skip_dag' retrieved from /home/airflow/.local/lib/python3.12/site-packages/airflow/example_dags/example_skip_dag.py
[2024-07-26T00:00:31.451+0000] {logging_mixin.py:188} INFO - [2024-07-26T00:00:31.450+0000] {dag.py:3089} INFO - Sync 1 DAGs
[2024-07-26T00:00:31.476+0000] {logging_mixin.py:188} INFO - [2024-07-26T00:00:31.476+0000] {dag.py:3947} INFO - Setting next_dagrun for example_skip_dag to 2024-07-25 00:00:00+00:00, run_after=2024-07-26 00:00:00+00:00
[2024-07-26T00:00:31.500+0000] {processor.py:183} INFO - Processing /home/airflow/.local/lib/python3.12/site-packages/airflow/example_dags/example_skip_dag.py took 0.083 seconds
[2024-07-26T00:01:01.747+0000] {processor.py:161} INFO - Started process (PID=12533) to work on /home/airflow/.local/lib/python3.12/site-packages/airflow/example_dags/example_skip_dag.py
[2024-07-26T00:01:01.748+0000] {processor.py:830} INFO - Processing file /home/airflow/.local/lib/python3.12/site-packages/airflow/example_dags/example_skip_dag.py for tasks to queue
[2024-07-26T00:01:01.749+0000] {logging_mixin.py:188} INFO - [2024-07-26T00:01:01.749+0000] {dagbag.py:545} INFO - Filling up the DagBag from /home/airflow/.local/lib/python3.12/site-packages/airflow/example_dags/example_skip_dag.py
[2024-07-26T00:01:01.753+0000] {processor.py:840} INFO - DAG(s) 'example_skip_dag' retrieved from /home/airflow/.local/lib/python3.12/site-packages/airflow/example_dags/example_skip_dag.py
[2024-07-26T00:01:01.770+0000] {logging_mixin.py:188} INFO - [2024-07-26T00:01:01.769+0000] {dag.py:3089} INFO - Sync 1 DAGs
[2024-07-26T00:01:01.786+0000] {logging_mixin.py:188} INFO - [2024-07-26T00:01:01.786+0000] {dag.py:3947} INFO - Setting next_dagrun for example_skip_dag to 2024-07-25 00:00:00+00:00, run_after=2024-07-26 00:00:00+00:00
[2024-07-26T00:01:01.803+0000] {processor.py:183} INFO - Processing /home/airflow/.local/lib/python3.12/site-packages/airflow/example_dags/example_skip_dag.py took 0.059 seconds
[2024-07-26T00:01:32.167+0000] {processor.py:161} INFO - Started process (PID=12592) to work on /home/airflow/.local/lib/python3.12/site-packages/airflow/example_dags/example_skip_dag.py
[2024-07-26T00:01:32.168+0000] {processor.py:830} INFO - Processing file /home/airflow/.local/lib/python3.12/site-packages/airflow/example_dags/example_skip_dag.py for tasks to queue
[2024-07-26T00:01:32.169+0000] {logging_mixin.py:188} INFO - [2024-07-26T00:01:32.169+0000] {dagbag.py:545} INFO - Filling up the DagBag from /home/airflow/.local/lib/python3.12/site-packages/airflow/example_dags/example_skip_dag.py
[2024-07-26T00:01:32.174+0000] {processor.py:840} INFO - DAG(s) 'example_skip_dag' retrieved from /home/airflow/.local/lib/python3.12/site-packages/airflow/example_dags/example_skip_dag.py
[2024-07-26T00:01:32.190+0000] {logging_mixin.py:188} INFO - [2024-07-26T00:01:32.190+0000] {dag.py:3089} INFO - Sync 1 DAGs
[2024-07-26T00:01:32.208+0000] {logging_mixin.py:188} INFO - [2024-07-26T00:01:32.208+0000] {dag.py:3947} INFO - Setting next_dagrun for example_skip_dag to 2024-07-25 00:00:00+00:00, run_after=2024-07-26 00:00:00+00:00
[2024-07-26T00:01:32.225+0000] {processor.py:183} INFO - Processing /home/airflow/.local/lib/python3.12/site-packages/airflow/example_dags/example_skip_dag.py took 0.062 seconds
[2024-07-26T00:02:02.621+0000] {processor.py:161} INFO - Started process (PID=12651) to work on /home/airflow/.local/lib/python3.12/site-packages/airflow/example_dags/example_skip_dag.py
[2024-07-26T00:02:02.622+0000] {processor.py:830} INFO - Processing file /home/airflow/.local/lib/python3.12/site-packages/airflow/example_dags/example_skip_dag.py for tasks to queue
[2024-07-26T00:02:02.623+0000] {logging_mixin.py:188} INFO - [2024-07-26T00:02:02.623+0000] {dagbag.py:545} INFO - Filling up the DagBag from /home/airflow/.local/lib/python3.12/site-packages/airflow/example_dags/example_skip_dag.py
[2024-07-26T00:02:02.627+0000] {processor.py:840} INFO - DAG(s) 'example_skip_dag' retrieved from /home/airflow/.local/lib/python3.12/site-packages/airflow/example_dags/example_skip_dag.py
[2024-07-26T00:02:02.643+0000] {logging_mixin.py:188} INFO - [2024-07-26T00:02:02.643+0000] {dag.py:3089} INFO - Sync 1 DAGs
[2024-07-26T00:02:02.658+0000] {logging_mixin.py:188} INFO - [2024-07-26T00:02:02.658+0000] {dag.py:3947} INFO - Setting next_dagrun for example_skip_dag to 2024-07-25 00:00:00+00:00, run_after=2024-07-26 00:00:00+00:00
[2024-07-26T00:02:02.671+0000] {processor.py:183} INFO - Processing /home/airflow/.local/lib/python3.12/site-packages/airflow/example_dags/example_skip_dag.py took 0.053 seconds
[2024-07-26T00:02:33.095+0000] {processor.py:161} INFO - Started process (PID=12710) to work on /home/airflow/.local/lib/python3.12/site-packages/airflow/example_dags/example_skip_dag.py
[2024-07-26T00:02:33.095+0000] {processor.py:830} INFO - Processing file /home/airflow/.local/lib/python3.12/site-packages/airflow/example_dags/example_skip_dag.py for tasks to queue
[2024-07-26T00:02:33.097+0000] {logging_mixin.py:188} INFO - [2024-07-26T00:02:33.096+0000] {dagbag.py:545} INFO - Filling up the DagBag from /home/airflow/.local/lib/python3.12/site-packages/airflow/example_dags/example_skip_dag.py
[2024-07-26T00:02:33.101+0000] {processor.py:840} INFO - DAG(s) 'example_skip_dag' retrieved from /home/airflow/.local/lib/python3.12/site-packages/airflow/example_dags/example_skip_dag.py
[2024-07-26T00:02:33.116+0000] {logging_mixin.py:188} INFO - [2024-07-26T00:02:33.116+0000] {dag.py:3089} INFO - Sync 1 DAGs
[2024-07-26T00:02:33.133+0000] {logging_mixin.py:188} INFO - [2024-07-26T00:02:33.133+0000] {dag.py:3947} INFO - Setting next_dagrun for example_skip_dag to 2024-07-25 00:00:00+00:00, run_after=2024-07-26 00:00:00+00:00
[2024-07-26T00:02:33.149+0000] {processor.py:183} INFO - Processing /home/airflow/.local/lib/python3.12/site-packages/airflow/example_dags/example_skip_dag.py took 0.059 seconds
[2024-07-26T00:03:03.514+0000] {processor.py:161} INFO - Started process (PID=12769) to work on /home/airflow/.local/lib/python3.12/site-packages/airflow/example_dags/example_skip_dag.py
[2024-07-26T00:03:03.515+0000] {processor.py:830} INFO - Processing file /home/airflow/.local/lib/python3.12/site-packages/airflow/example_dags/example_skip_dag.py for tasks to queue
[2024-07-26T00:03:03.516+0000] {logging_mixin.py:188} INFO - [2024-07-26T00:03:03.516+0000] {dagbag.py:545} INFO - Filling up the DagBag from /home/airflow/.local/lib/python3.12/site-packages/airflow/example_dags/example_skip_dag.py
[2024-07-26T00:03:03.521+0000] {processor.py:840} INFO - DAG(s) 'example_skip_dag' retrieved from /home/airflow/.local/lib/python3.12/site-packages/airflow/example_dags/example_skip_dag.py
[2024-07-26T00:03:03.538+0000] {logging_mixin.py:188} INFO - [2024-07-26T00:03:03.538+0000] {dag.py:3089} INFO - Sync 1 DAGs
[2024-07-26T00:03:03.557+0000] {logging_mixin.py:188} INFO - [2024-07-26T00:03:03.557+0000] {dag.py:3947} INFO - Setting next_dagrun for example_skip_dag to 2024-07-25 00:00:00+00:00, run_after=2024-07-26 00:00:00+00:00
[2024-07-26T00:03:03.575+0000] {processor.py:183} INFO - Processing /home/airflow/.local/lib/python3.12/site-packages/airflow/example_dags/example_skip_dag.py took 0.065 seconds
[2024-07-26T00:03:34.026+0000] {processor.py:161} INFO - Started process (PID=12828) to work on /home/airflow/.local/lib/python3.12/site-packages/airflow/example_dags/example_skip_dag.py
[2024-07-26T00:03:34.027+0000] {processor.py:830} INFO - Processing file /home/airflow/.local/lib/python3.12/site-packages/airflow/example_dags/example_skip_dag.py for tasks to queue
[2024-07-26T00:03:34.028+0000] {logging_mixin.py:188} INFO - [2024-07-26T00:03:34.028+0000] {dagbag.py:545} INFO - Filling up the DagBag from /home/airflow/.local/lib/python3.12/site-packages/airflow/example_dags/example_skip_dag.py
[2024-07-26T00:03:34.033+0000] {processor.py:840} INFO - DAG(s) 'example_skip_dag' retrieved from /home/airflow/.local/lib/python3.12/site-packages/airflow/example_dags/example_skip_dag.py
[2024-07-26T00:03:34.049+0000] {logging_mixin.py:188} INFO - [2024-07-26T00:03:34.048+0000] {dag.py:3089} INFO - Sync 1 DAGs
[2024-07-26T00:03:34.066+0000] {logging_mixin.py:188} INFO - [2024-07-26T00:03:34.066+0000] {dag.py:3947} INFO - Setting next_dagrun for example_skip_dag to 2024-07-25 00:00:00+00:00, run_after=2024-07-26 00:00:00+00:00
[2024-07-26T00:03:34.081+0000] {processor.py:183} INFO - Processing /home/airflow/.local/lib/python3.12/site-packages/airflow/example_dags/example_skip_dag.py took 0.059 seconds
[2024-07-26T00:04:04.451+0000] {processor.py:161} INFO - Started process (PID=12887) to work on /home/airflow/.local/lib/python3.12/site-packages/airflow/example_dags/example_skip_dag.py
[2024-07-26T00:04:04.452+0000] {processor.py:830} INFO - Processing file /home/airflow/.local/lib/python3.12/site-packages/airflow/example_dags/example_skip_dag.py for tasks to queue
[2024-07-26T00:04:04.453+0000] {logging_mixin.py:188} INFO - [2024-07-26T00:04:04.453+0000] {dagbag.py:545} INFO - Filling up the DagBag from /home/airflow/.local/lib/python3.12/site-packages/airflow/example_dags/example_skip_dag.py
[2024-07-26T00:04:04.457+0000] {processor.py:840} INFO - DAG(s) 'example_skip_dag' retrieved from /home/airflow/.local/lib/python3.12/site-packages/airflow/example_dags/example_skip_dag.py
[2024-07-26T00:04:04.472+0000] {logging_mixin.py:188} INFO - [2024-07-26T00:04:04.472+0000] {dag.py:3089} INFO - Sync 1 DAGs
[2024-07-26T00:04:04.489+0000] {logging_mixin.py:188} INFO - [2024-07-26T00:04:04.488+0000] {dag.py:3947} INFO - Setting next_dagrun for example_skip_dag to 2024-07-25 00:00:00+00:00, run_after=2024-07-26 00:00:00+00:00
[2024-07-26T00:04:04.504+0000] {processor.py:183} INFO - Processing /home/airflow/.local/lib/python3.12/site-packages/airflow/example_dags/example_skip_dag.py took 0.057 seconds
[2024-07-26T00:04:34.945+0000] {processor.py:161} INFO - Started process (PID=12946) to work on /home/airflow/.local/lib/python3.12/site-packages/airflow/example_dags/example_skip_dag.py
[2024-07-26T00:04:34.946+0000] {processor.py:830} INFO - Processing file /home/airflow/.local/lib/python3.12/site-packages/airflow/example_dags/example_skip_dag.py for tasks to queue
[2024-07-26T00:04:34.948+0000] {logging_mixin.py:188} INFO - [2024-07-26T00:04:34.948+0000] {dagbag.py:545} INFO - Filling up the DagBag from /home/airflow/.local/lib/python3.12/site-packages/airflow/example_dags/example_skip_dag.py
[2024-07-26T00:04:34.953+0000] {processor.py:840} INFO - DAG(s) 'example_skip_dag' retrieved from /home/airflow/.local/lib/python3.12/site-packages/airflow/example_dags/example_skip_dag.py
[2024-07-26T00:04:34.970+0000] {logging_mixin.py:188} INFO - [2024-07-26T00:04:34.970+0000] {dag.py:3089} INFO - Sync 1 DAGs
[2024-07-26T00:04:34.987+0000] {logging_mixin.py:188} INFO - [2024-07-26T00:04:34.987+0000] {dag.py:3947} INFO - Setting next_dagrun for example_skip_dag to 2024-07-25 00:00:00+00:00, run_after=2024-07-26 00:00:00+00:00
[2024-07-26T00:04:35.002+0000] {processor.py:183} INFO - Processing /home/airflow/.local/lib/python3.12/site-packages/airflow/example_dags/example_skip_dag.py took 0.060 seconds
[2024-07-26T00:05:05.344+0000] {processor.py:161} INFO - Started process (PID=13005) to work on /home/airflow/.local/lib/python3.12/site-packages/airflow/example_dags/example_skip_dag.py
[2024-07-26T00:05:05.344+0000] {processor.py:830} INFO - Processing file /home/airflow/.local/lib/python3.12/site-packages/airflow/example_dags/example_skip_dag.py for tasks to queue
[2024-07-26T00:05:05.346+0000] {logging_mixin.py:188} INFO - [2024-07-26T00:05:05.345+0000] {dagbag.py:545} INFO - Filling up the DagBag from /home/airflow/.local/lib/python3.12/site-packages/airflow/example_dags/example_skip_dag.py
[2024-07-26T00:05:05.350+0000] {processor.py:840} INFO - DAG(s) 'example_skip_dag' retrieved from /home/airflow/.local/lib/python3.12/site-packages/airflow/example_dags/example_skip_dag.py
[2024-07-26T00:05:05.367+0000] {logging_mixin.py:188} INFO - [2024-07-26T00:05:05.367+0000] {dag.py:3089} INFO - Sync 1 DAGs
[2024-07-26T00:05:05.383+0000] {logging_mixin.py:188} INFO - [2024-07-26T00:05:05.383+0000] {dag.py:3947} INFO - Setting next_dagrun for example_skip_dag to 2024-07-25 00:00:00+00:00, run_after=2024-07-26 00:00:00+00:00
[2024-07-26T00:05:05.397+0000] {processor.py:183} INFO - Processing /home/airflow/.local/lib/python3.12/site-packages/airflow/example_dags/example_skip_dag.py took 0.057 seconds
[2024-07-26T00:05:35.819+0000] {processor.py:161} INFO - Started process (PID=13064) to work on /home/airflow/.local/lib/python3.12/site-packages/airflow/example_dags/example_skip_dag.py
[2024-07-26T00:05:35.819+0000] {processor.py:830} INFO - Processing file /home/airflow/.local/lib/python3.12/site-packages/airflow/example_dags/example_skip_dag.py for tasks to queue
[2024-07-26T00:05:35.821+0000] {logging_mixin.py:188} INFO - [2024-07-26T00:05:35.821+0000] {dagbag.py:545} INFO - Filling up the DagBag from /home/airflow/.local/lib/python3.12/site-packages/airflow/example_dags/example_skip_dag.py
[2024-07-26T00:05:35.825+0000] {processor.py:840} INFO - DAG(s) 'example_skip_dag' retrieved from /home/airflow/.local/lib/python3.12/site-packages/airflow/example_dags/example_skip_dag.py
[2024-07-26T00:05:35.842+0000] {logging_mixin.py:188} INFO - [2024-07-26T00:05:35.842+0000] {dag.py:3089} INFO - Sync 1 DAGs
[2024-07-26T00:05:35.859+0000] {logging_mixin.py:188} INFO - [2024-07-26T00:05:35.859+0000] {dag.py:3947} INFO - Setting next_dagrun for example_skip_dag to 2024-07-25 00:00:00+00:00, run_after=2024-07-26 00:00:00+00:00
[2024-07-26T00:05:35.873+0000] {processor.py:183} INFO - Processing /home/airflow/.local/lib/python3.12/site-packages/airflow/example_dags/example_skip_dag.py took 0.058 seconds
[2024-07-26T00:06:06.341+0000] {processor.py:161} INFO - Started process (PID=13123) to work on /home/airflow/.local/lib/python3.12/site-packages/airflow/example_dags/example_skip_dag.py
[2024-07-26T00:06:06.342+0000] {processor.py:830} INFO - Processing file /home/airflow/.local/lib/python3.12/site-packages/airflow/example_dags/example_skip_dag.py for tasks to queue
[2024-07-26T00:06:06.343+0000] {logging_mixin.py:188} INFO - [2024-07-26T00:06:06.343+0000] {dagbag.py:545} INFO - Filling up the DagBag from /home/airflow/.local/lib/python3.12/site-packages/airflow/example_dags/example_skip_dag.py
[2024-07-26T00:06:06.347+0000] {processor.py:840} INFO - DAG(s) 'example_skip_dag' retrieved from /home/airflow/.local/lib/python3.12/site-packages/airflow/example_dags/example_skip_dag.py
[2024-07-26T00:06:06.363+0000] {logging_mixin.py:188} INFO - [2024-07-26T00:06:06.363+0000] {dag.py:3089} INFO - Sync 1 DAGs
[2024-07-26T00:06:06.380+0000] {logging_mixin.py:188} INFO - [2024-07-26T00:06:06.380+0000] {dag.py:3947} INFO - Setting next_dagrun for example_skip_dag to 2024-07-25 00:00:00+00:00, run_after=2024-07-26 00:00:00+00:00
[2024-07-26T00:06:06.399+0000] {processor.py:183} INFO - Processing /home/airflow/.local/lib/python3.12/site-packages/airflow/example_dags/example_skip_dag.py took 0.063 seconds
[2024-07-26T00:06:36.831+0000] {processor.py:161} INFO - Started process (PID=13182) to work on /home/airflow/.local/lib/python3.12/site-packages/airflow/example_dags/example_skip_dag.py
[2024-07-26T00:06:36.831+0000] {processor.py:830} INFO - Processing file /home/airflow/.local/lib/python3.12/site-packages/airflow/example_dags/example_skip_dag.py for tasks to queue
[2024-07-26T00:06:36.833+0000] {logging_mixin.py:188} INFO - [2024-07-26T00:06:36.833+0000] {dagbag.py:545} INFO - Filling up the DagBag from /home/airflow/.local/lib/python3.12/site-packages/airflow/example_dags/example_skip_dag.py
[2024-07-26T00:06:36.837+0000] {processor.py:840} INFO - DAG(s) 'example_skip_dag' retrieved from /home/airflow/.local/lib/python3.12/site-packages/airflow/example_dags/example_skip_dag.py
[2024-07-26T00:06:36.854+0000] {logging_mixin.py:188} INFO - [2024-07-26T00:06:36.853+0000] {dag.py:3089} INFO - Sync 1 DAGs
[2024-07-26T00:06:36.869+0000] {logging_mixin.py:188} INFO - [2024-07-26T00:06:36.869+0000] {dag.py:3947} INFO - Setting next_dagrun for example_skip_dag to 2024-07-25 00:00:00+00:00, run_after=2024-07-26 00:00:00+00:00
[2024-07-26T00:06:36.885+0000] {processor.py:183} INFO - Processing /home/airflow/.local/lib/python3.12/site-packages/airflow/example_dags/example_skip_dag.py took 0.059 seconds
[2024-07-26T00:07:07.355+0000] {processor.py:161} INFO - Started process (PID=13241) to work on /home/airflow/.local/lib/python3.12/site-packages/airflow/example_dags/example_skip_dag.py
[2024-07-26T00:07:07.356+0000] {processor.py:830} INFO - Processing file /home/airflow/.local/lib/python3.12/site-packages/airflow/example_dags/example_skip_dag.py for tasks to queue
[2024-07-26T00:07:07.357+0000] {logging_mixin.py:188} INFO - [2024-07-26T00:07:07.357+0000] {dagbag.py:545} INFO - Filling up the DagBag from /home/airflow/.local/lib/python3.12/site-packages/airflow/example_dags/example_skip_dag.py
[2024-07-26T00:07:07.361+0000] {processor.py:840} INFO - DAG(s) 'example_skip_dag' retrieved from /home/airflow/.local/lib/python3.12/site-packages/airflow/example_dags/example_skip_dag.py
[2024-07-26T00:07:07.376+0000] {logging_mixin.py:188} INFO - [2024-07-26T00:07:07.376+0000] {dag.py:3089} INFO - Sync 1 DAGs
[2024-07-26T00:07:07.391+0000] {logging_mixin.py:188} INFO - [2024-07-26T00:07:07.391+0000] {dag.py:3947} INFO - Setting next_dagrun for example_skip_dag to 2024-07-25 00:00:00+00:00, run_after=2024-07-26 00:00:00+00:00
[2024-07-26T00:07:07.403+0000] {processor.py:183} INFO - Processing /home/airflow/.local/lib/python3.12/site-packages/airflow/example_dags/example_skip_dag.py took 0.052 seconds
[2024-07-26T00:07:37.875+0000] {processor.py:161} INFO - Started process (PID=13300) to work on /home/airflow/.local/lib/python3.12/site-packages/airflow/example_dags/example_skip_dag.py
[2024-07-26T00:07:37.876+0000] {processor.py:830} INFO - Processing file /home/airflow/.local/lib/python3.12/site-packages/airflow/example_dags/example_skip_dag.py for tasks to queue
[2024-07-26T00:07:37.877+0000] {logging_mixin.py:188} INFO - [2024-07-26T00:07:37.877+0000] {dagbag.py:545} INFO - Filling up the DagBag from /home/airflow/.local/lib/python3.12/site-packages/airflow/example_dags/example_skip_dag.py
[2024-07-26T00:07:37.882+0000] {processor.py:840} INFO - DAG(s) 'example_skip_dag' retrieved from /home/airflow/.local/lib/python3.12/site-packages/airflow/example_dags/example_skip_dag.py
[2024-07-26T00:07:37.898+0000] {logging_mixin.py:188} INFO - [2024-07-26T00:07:37.898+0000] {dag.py:3089} INFO - Sync 1 DAGs
[2024-07-26T00:07:37.915+0000] {logging_mixin.py:188} INFO - [2024-07-26T00:07:37.914+0000] {dag.py:3947} INFO - Setting next_dagrun for example_skip_dag to 2024-07-25 00:00:00+00:00, run_after=2024-07-26 00:00:00+00:00
[2024-07-26T00:07:37.930+0000] {processor.py:183} INFO - Processing /home/airflow/.local/lib/python3.12/site-packages/airflow/example_dags/example_skip_dag.py took 0.059 seconds
[2024-07-26T00:08:08.258+0000] {processor.py:161} INFO - Started process (PID=13359) to work on /home/airflow/.local/lib/python3.12/site-packages/airflow/example_dags/example_skip_dag.py
[2024-07-26T00:08:08.259+0000] {processor.py:830} INFO - Processing file /home/airflow/.local/lib/python3.12/site-packages/airflow/example_dags/example_skip_dag.py for tasks to queue
[2024-07-26T00:08:08.260+0000] {logging_mixin.py:188} INFO - [2024-07-26T00:08:08.260+0000] {dagbag.py:545} INFO - Filling up the DagBag from /home/airflow/.local/lib/python3.12/site-packages/airflow/example_dags/example_skip_dag.py
[2024-07-26T00:08:08.265+0000] {processor.py:840} INFO - DAG(s) 'example_skip_dag' retrieved from /home/airflow/.local/lib/python3.12/site-packages/airflow/example_dags/example_skip_dag.py
[2024-07-26T00:08:08.280+0000] {logging_mixin.py:188} INFO - [2024-07-26T00:08:08.279+0000] {dag.py:3089} INFO - Sync 1 DAGs
[2024-07-26T00:08:08.295+0000] {logging_mixin.py:188} INFO - [2024-07-26T00:08:08.295+0000] {dag.py:3947} INFO - Setting next_dagrun for example_skip_dag to 2024-07-25 00:00:00+00:00, run_after=2024-07-26 00:00:00+00:00
[2024-07-26T00:08:08.310+0000] {processor.py:183} INFO - Processing /home/airflow/.local/lib/python3.12/site-packages/airflow/example_dags/example_skip_dag.py took 0.057 seconds
[2024-07-26T00:08:38.820+0000] {processor.py:161} INFO - Started process (PID=13418) to work on /home/airflow/.local/lib/python3.12/site-packages/airflow/example_dags/example_skip_dag.py
[2024-07-26T00:08:38.821+0000] {processor.py:830} INFO - Processing file /home/airflow/.local/lib/python3.12/site-packages/airflow/example_dags/example_skip_dag.py for tasks to queue
[2024-07-26T00:08:38.822+0000] {logging_mixin.py:188} INFO - [2024-07-26T00:08:38.822+0000] {dagbag.py:545} INFO - Filling up the DagBag from /home/airflow/.local/lib/python3.12/site-packages/airflow/example_dags/example_skip_dag.py
[2024-07-26T00:08:38.827+0000] {processor.py:840} INFO - DAG(s) 'example_skip_dag' retrieved from /home/airflow/.local/lib/python3.12/site-packages/airflow/example_dags/example_skip_dag.py
[2024-07-26T00:08:38.844+0000] {logging_mixin.py:188} INFO - [2024-07-26T00:08:38.844+0000] {dag.py:3089} INFO - Sync 1 DAGs
[2024-07-26T00:08:38.863+0000] {logging_mixin.py:188} INFO - [2024-07-26T00:08:38.862+0000] {dag.py:3947} INFO - Setting next_dagrun for example_skip_dag to 2024-07-25 00:00:00+00:00, run_after=2024-07-26 00:00:00+00:00
[2024-07-26T00:08:38.880+0000] {processor.py:183} INFO - Processing /home/airflow/.local/lib/python3.12/site-packages/airflow/example_dags/example_skip_dag.py took 0.065 seconds
[2024-07-26T00:09:09.313+0000] {processor.py:161} INFO - Started process (PID=13477) to work on /home/airflow/.local/lib/python3.12/site-packages/airflow/example_dags/example_skip_dag.py
[2024-07-26T00:09:09.314+0000] {processor.py:830} INFO - Processing file /home/airflow/.local/lib/python3.12/site-packages/airflow/example_dags/example_skip_dag.py for tasks to queue
[2024-07-26T00:09:09.316+0000] {logging_mixin.py:188} INFO - [2024-07-26T00:09:09.316+0000] {dagbag.py:545} INFO - Filling up the DagBag from /home/airflow/.local/lib/python3.12/site-packages/airflow/example_dags/example_skip_dag.py
[2024-07-26T00:09:09.320+0000] {processor.py:840} INFO - DAG(s) 'example_skip_dag' retrieved from /home/airflow/.local/lib/python3.12/site-packages/airflow/example_dags/example_skip_dag.py
[2024-07-26T00:09:09.333+0000] {logging_mixin.py:188} INFO - [2024-07-26T00:09:09.333+0000] {dag.py:3089} INFO - Sync 1 DAGs
[2024-07-26T00:09:09.349+0000] {logging_mixin.py:188} INFO - [2024-07-26T00:09:09.348+0000] {dag.py:3947} INFO - Setting next_dagrun for example_skip_dag to 2024-07-25 00:00:00+00:00, run_after=2024-07-26 00:00:00+00:00
[2024-07-26T00:09:09.362+0000] {processor.py:183} INFO - Processing /home/airflow/.local/lib/python3.12/site-packages/airflow/example_dags/example_skip_dag.py took 0.052 seconds
[2024-07-26T00:09:39.845+0000] {processor.py:161} INFO - Started process (PID=13536) to work on /home/airflow/.local/lib/python3.12/site-packages/airflow/example_dags/example_skip_dag.py
[2024-07-26T00:09:39.846+0000] {processor.py:830} INFO - Processing file /home/airflow/.local/lib/python3.12/site-packages/airflow/example_dags/example_skip_dag.py for tasks to queue
[2024-07-26T00:09:39.848+0000] {logging_mixin.py:188} INFO - [2024-07-26T00:09:39.847+0000] {dagbag.py:545} INFO - Filling up the DagBag from /home/airflow/.local/lib/python3.12/site-packages/airflow/example_dags/example_skip_dag.py
[2024-07-26T00:09:39.852+0000] {processor.py:840} INFO - DAG(s) 'example_skip_dag' retrieved from /home/airflow/.local/lib/python3.12/site-packages/airflow/example_dags/example_skip_dag.py
[2024-07-26T00:09:39.868+0000] {logging_mixin.py:188} INFO - [2024-07-26T00:09:39.867+0000] {dag.py:3089} INFO - Sync 1 DAGs
[2024-07-26T00:09:39.884+0000] {logging_mixin.py:188} INFO - [2024-07-26T00:09:39.884+0000] {dag.py:3947} INFO - Setting next_dagrun for example_skip_dag to 2024-07-25 00:00:00+00:00, run_after=2024-07-26 00:00:00+00:00
[2024-07-26T00:09:39.900+0000] {processor.py:183} INFO - Processing /home/airflow/.local/lib/python3.12/site-packages/airflow/example_dags/example_skip_dag.py took 0.058 seconds
[2024-07-26T00:10:10.332+0000] {processor.py:161} INFO - Started process (PID=13595) to work on /home/airflow/.local/lib/python3.12/site-packages/airflow/example_dags/example_skip_dag.py
[2024-07-26T00:10:10.333+0000] {processor.py:830} INFO - Processing file /home/airflow/.local/lib/python3.12/site-packages/airflow/example_dags/example_skip_dag.py for tasks to queue
[2024-07-26T00:10:10.335+0000] {logging_mixin.py:188} INFO - [2024-07-26T00:10:10.334+0000] {dagbag.py:545} INFO - Filling up the DagBag from /home/airflow/.local/lib/python3.12/site-packages/airflow/example_dags/example_skip_dag.py
[2024-07-26T00:10:10.339+0000] {processor.py:840} INFO - DAG(s) 'example_skip_dag' retrieved from /home/airflow/.local/lib/python3.12/site-packages/airflow/example_dags/example_skip_dag.py
[2024-07-26T00:10:10.356+0000] {logging_mixin.py:188} INFO - [2024-07-26T00:10:10.355+0000] {dag.py:3089} INFO - Sync 1 DAGs
[2024-07-26T00:10:10.373+0000] {logging_mixin.py:188} INFO - [2024-07-26T00:10:10.373+0000] {dag.py:3947} INFO - Setting next_dagrun for example_skip_dag to 2024-07-25 00:00:00+00:00, run_after=2024-07-26 00:00:00+00:00
[2024-07-26T00:10:10.392+0000] {processor.py:183} INFO - Processing /home/airflow/.local/lib/python3.12/site-packages/airflow/example_dags/example_skip_dag.py took 0.064 seconds
[2024-07-26T00:10:40.814+0000] {processor.py:161} INFO - Started process (PID=13654) to work on /home/airflow/.local/lib/python3.12/site-packages/airflow/example_dags/example_skip_dag.py
[2024-07-26T00:10:40.814+0000] {processor.py:830} INFO - Processing file /home/airflow/.local/lib/python3.12/site-packages/airflow/example_dags/example_skip_dag.py for tasks to queue
[2024-07-26T00:10:40.816+0000] {logging_mixin.py:188} INFO - [2024-07-26T00:10:40.816+0000] {dagbag.py:545} INFO - Filling up the DagBag from /home/airflow/.local/lib/python3.12/site-packages/airflow/example_dags/example_skip_dag.py
[2024-07-26T00:10:40.820+0000] {processor.py:840} INFO - DAG(s) 'example_skip_dag' retrieved from /home/airflow/.local/lib/python3.12/site-packages/airflow/example_dags/example_skip_dag.py
[2024-07-26T00:10:40.835+0000] {logging_mixin.py:188} INFO - [2024-07-26T00:10:40.835+0000] {dag.py:3089} INFO - Sync 1 DAGs
[2024-07-26T00:10:40.851+0000] {logging_mixin.py:188} INFO - [2024-07-26T00:10:40.851+0000] {dag.py:3947} INFO - Setting next_dagrun for example_skip_dag to 2024-07-25 00:00:00+00:00, run_after=2024-07-26 00:00:00+00:00
[2024-07-26T00:10:40.865+0000] {processor.py:183} INFO - Processing /home/airflow/.local/lib/python3.12/site-packages/airflow/example_dags/example_skip_dag.py took 0.056 seconds
[2024-07-26T00:11:11.282+0000] {processor.py:161} INFO - Started process (PID=13713) to work on /home/airflow/.local/lib/python3.12/site-packages/airflow/example_dags/example_skip_dag.py
[2024-07-26T00:11:11.283+0000] {processor.py:830} INFO - Processing file /home/airflow/.local/lib/python3.12/site-packages/airflow/example_dags/example_skip_dag.py for tasks to queue
[2024-07-26T00:11:11.284+0000] {logging_mixin.py:188} INFO - [2024-07-26T00:11:11.284+0000] {dagbag.py:545} INFO - Filling up the DagBag from /home/airflow/.local/lib/python3.12/site-packages/airflow/example_dags/example_skip_dag.py
[2024-07-26T00:11:11.289+0000] {processor.py:840} INFO - DAG(s) 'example_skip_dag' retrieved from /home/airflow/.local/lib/python3.12/site-packages/airflow/example_dags/example_skip_dag.py
[2024-07-26T00:11:11.306+0000] {logging_mixin.py:188} INFO - [2024-07-26T00:11:11.306+0000] {dag.py:3089} INFO - Sync 1 DAGs
[2024-07-26T00:11:11.323+0000] {logging_mixin.py:188} INFO - [2024-07-26T00:11:11.323+0000] {dag.py:3947} INFO - Setting next_dagrun for example_skip_dag to 2024-07-25 00:00:00+00:00, run_after=2024-07-26 00:00:00+00:00
[2024-07-26T00:11:11.341+0000] {processor.py:183} INFO - Processing /home/airflow/.local/lib/python3.12/site-packages/airflow/example_dags/example_skip_dag.py took 0.063 seconds
[2024-07-26T00:11:41.691+0000] {processor.py:161} INFO - Started process (PID=13772) to work on /home/airflow/.local/lib/python3.12/site-packages/airflow/example_dags/example_skip_dag.py
[2024-07-26T00:11:41.692+0000] {processor.py:830} INFO - Processing file /home/airflow/.local/lib/python3.12/site-packages/airflow/example_dags/example_skip_dag.py for tasks to queue
[2024-07-26T00:11:41.694+0000] {logging_mixin.py:188} INFO - [2024-07-26T00:11:41.693+0000] {dagbag.py:545} INFO - Filling up the DagBag from /home/airflow/.local/lib/python3.12/site-packages/airflow/example_dags/example_skip_dag.py
[2024-07-26T00:11:41.698+0000] {processor.py:840} INFO - DAG(s) 'example_skip_dag' retrieved from /home/airflow/.local/lib/python3.12/site-packages/airflow/example_dags/example_skip_dag.py
[2024-07-26T00:11:41.714+0000] {logging_mixin.py:188} INFO - [2024-07-26T00:11:41.714+0000] {dag.py:3089} INFO - Sync 1 DAGs
[2024-07-26T00:11:41.732+0000] {logging_mixin.py:188} INFO - [2024-07-26T00:11:41.732+0000] {dag.py:3947} INFO - Setting next_dagrun for example_skip_dag to 2024-07-25 00:00:00+00:00, run_after=2024-07-26 00:00:00+00:00
[2024-07-26T00:11:41.747+0000] {processor.py:183} INFO - Processing /home/airflow/.local/lib/python3.12/site-packages/airflow/example_dags/example_skip_dag.py took 0.059 seconds
[2024-07-26T00:14:36.285+0000] {processor.py:161} INFO - Started process (PID=64) to work on /home/airflow/.local/lib/python3.12/site-packages/airflow/example_dags/example_skip_dag.py
[2024-07-26T00:14:36.287+0000] {processor.py:830} INFO - Processing file /home/airflow/.local/lib/python3.12/site-packages/airflow/example_dags/example_skip_dag.py for tasks to queue
[2024-07-26T00:14:36.290+0000] {logging_mixin.py:188} INFO - [2024-07-26T00:14:36.289+0000] {dagbag.py:545} INFO - Filling up the DagBag from /home/airflow/.local/lib/python3.12/site-packages/airflow/example_dags/example_skip_dag.py
[2024-07-26T00:14:36.300+0000] {processor.py:840} INFO - DAG(s) 'example_skip_dag' retrieved from /home/airflow/.local/lib/python3.12/site-packages/airflow/example_dags/example_skip_dag.py
[2024-07-26T00:14:36.313+0000] {logging_mixin.py:188} INFO - [2024-07-26T00:14:36.313+0000] {dag.py:3089} INFO - Sync 1 DAGs
[2024-07-26T00:14:36.334+0000] {logging_mixin.py:188} INFO - [2024-07-26T00:14:36.334+0000] {dag.py:3947} INFO - Setting next_dagrun for example_skip_dag to 2024-07-25 00:00:00+00:00, run_after=2024-07-26 00:00:00+00:00
[2024-07-26T00:14:36.351+0000] {processor.py:183} INFO - Processing /home/airflow/.local/lib/python3.12/site-packages/airflow/example_dags/example_skip_dag.py took 0.073 seconds
[2024-07-26T00:15:07.821+0000] {processor.py:161} INFO - Started process (PID=123) to work on /home/airflow/.local/lib/python3.12/site-packages/airflow/example_dags/example_skip_dag.py
[2024-07-26T00:15:07.822+0000] {processor.py:830} INFO - Processing file /home/airflow/.local/lib/python3.12/site-packages/airflow/example_dags/example_skip_dag.py for tasks to queue
[2024-07-26T00:15:07.824+0000] {logging_mixin.py:188} INFO - [2024-07-26T00:15:07.823+0000] {dagbag.py:545} INFO - Filling up the DagBag from /home/airflow/.local/lib/python3.12/site-packages/airflow/example_dags/example_skip_dag.py
[2024-07-26T00:15:07.828+0000] {processor.py:840} INFO - DAG(s) 'example_skip_dag' retrieved from /home/airflow/.local/lib/python3.12/site-packages/airflow/example_dags/example_skip_dag.py
[2024-07-26T00:15:07.912+0000] {logging_mixin.py:188} INFO - [2024-07-26T00:15:07.912+0000] {dag.py:3089} INFO - Sync 1 DAGs
[2024-07-26T00:15:07.926+0000] {logging_mixin.py:188} INFO - [2024-07-26T00:15:07.926+0000] {dag.py:3947} INFO - Setting next_dagrun for example_skip_dag to 2024-07-25 00:00:00+00:00, run_after=2024-07-26 00:00:00+00:00
[2024-07-26T00:15:07.941+0000] {processor.py:183} INFO - Processing /home/airflow/.local/lib/python3.12/site-packages/airflow/example_dags/example_skip_dag.py took 0.123 seconds
[2024-07-26T00:15:38.455+0000] {processor.py:161} INFO - Started process (PID=182) to work on /home/airflow/.local/lib/python3.12/site-packages/airflow/example_dags/example_skip_dag.py
[2024-07-26T00:15:38.456+0000] {processor.py:830} INFO - Processing file /home/airflow/.local/lib/python3.12/site-packages/airflow/example_dags/example_skip_dag.py for tasks to queue
[2024-07-26T00:15:38.457+0000] {logging_mixin.py:188} INFO - [2024-07-26T00:15:38.457+0000] {dagbag.py:545} INFO - Filling up the DagBag from /home/airflow/.local/lib/python3.12/site-packages/airflow/example_dags/example_skip_dag.py
[2024-07-26T00:15:38.462+0000] {processor.py:840} INFO - DAG(s) 'example_skip_dag' retrieved from /home/airflow/.local/lib/python3.12/site-packages/airflow/example_dags/example_skip_dag.py
[2024-07-26T00:15:38.479+0000] {logging_mixin.py:188} INFO - [2024-07-26T00:15:38.478+0000] {dag.py:3089} INFO - Sync 1 DAGs
[2024-07-26T00:15:38.496+0000] {logging_mixin.py:188} INFO - [2024-07-26T00:15:38.496+0000] {dag.py:3947} INFO - Setting next_dagrun for example_skip_dag to 2024-07-25 00:00:00+00:00, run_after=2024-07-26 00:00:00+00:00
[2024-07-26T00:15:38.512+0000] {processor.py:183} INFO - Processing /home/airflow/.local/lib/python3.12/site-packages/airflow/example_dags/example_skip_dag.py took 0.061 seconds
[2024-07-26T00:16:08.620+0000] {processor.py:161} INFO - Started process (PID=241) to work on /home/airflow/.local/lib/python3.12/site-packages/airflow/example_dags/example_skip_dag.py
[2024-07-26T00:16:08.621+0000] {processor.py:830} INFO - Processing file /home/airflow/.local/lib/python3.12/site-packages/airflow/example_dags/example_skip_dag.py for tasks to queue
[2024-07-26T00:16:08.622+0000] {logging_mixin.py:188} INFO - [2024-07-26T00:16:08.622+0000] {dagbag.py:545} INFO - Filling up the DagBag from /home/airflow/.local/lib/python3.12/site-packages/airflow/example_dags/example_skip_dag.py
[2024-07-26T00:16:08.626+0000] {processor.py:840} INFO - DAG(s) 'example_skip_dag' retrieved from /home/airflow/.local/lib/python3.12/site-packages/airflow/example_dags/example_skip_dag.py
[2024-07-26T00:16:08.642+0000] {logging_mixin.py:188} INFO - [2024-07-26T00:16:08.641+0000] {dag.py:3089} INFO - Sync 1 DAGs
[2024-07-26T00:16:08.658+0000] {logging_mixin.py:188} INFO - [2024-07-26T00:16:08.657+0000] {dag.py:3947} INFO - Setting next_dagrun for example_skip_dag to 2024-07-25 00:00:00+00:00, run_after=2024-07-26 00:00:00+00:00
[2024-07-26T00:16:08.672+0000] {processor.py:183} INFO - Processing /home/airflow/.local/lib/python3.12/site-packages/airflow/example_dags/example_skip_dag.py took 0.056 seconds
[2024-07-26T00:16:39.145+0000] {processor.py:161} INFO - Started process (PID=300) to work on /home/airflow/.local/lib/python3.12/site-packages/airflow/example_dags/example_skip_dag.py
[2024-07-26T00:16:39.146+0000] {processor.py:830} INFO - Processing file /home/airflow/.local/lib/python3.12/site-packages/airflow/example_dags/example_skip_dag.py for tasks to queue
[2024-07-26T00:16:39.148+0000] {logging_mixin.py:188} INFO - [2024-07-26T00:16:39.147+0000] {dagbag.py:545} INFO - Filling up the DagBag from /home/airflow/.local/lib/python3.12/site-packages/airflow/example_dags/example_skip_dag.py
[2024-07-26T00:16:39.152+0000] {processor.py:840} INFO - DAG(s) 'example_skip_dag' retrieved from /home/airflow/.local/lib/python3.12/site-packages/airflow/example_dags/example_skip_dag.py
[2024-07-26T00:16:39.169+0000] {logging_mixin.py:188} INFO - [2024-07-26T00:16:39.169+0000] {dag.py:3089} INFO - Sync 1 DAGs
[2024-07-26T00:16:39.186+0000] {logging_mixin.py:188} INFO - [2024-07-26T00:16:39.186+0000] {dag.py:3947} INFO - Setting next_dagrun for example_skip_dag to 2024-07-25 00:00:00+00:00, run_after=2024-07-26 00:00:00+00:00
[2024-07-26T00:16:39.200+0000] {processor.py:183} INFO - Processing /home/airflow/.local/lib/python3.12/site-packages/airflow/example_dags/example_skip_dag.py took 0.058 seconds
[2024-07-26T00:17:09.728+0000] {processor.py:161} INFO - Started process (PID=359) to work on /home/airflow/.local/lib/python3.12/site-packages/airflow/example_dags/example_skip_dag.py
[2024-07-26T00:17:09.728+0000] {processor.py:830} INFO - Processing file /home/airflow/.local/lib/python3.12/site-packages/airflow/example_dags/example_skip_dag.py for tasks to queue
[2024-07-26T00:17:09.730+0000] {logging_mixin.py:188} INFO - [2024-07-26T00:17:09.729+0000] {dagbag.py:545} INFO - Filling up the DagBag from /home/airflow/.local/lib/python3.12/site-packages/airflow/example_dags/example_skip_dag.py
[2024-07-26T00:17:09.735+0000] {processor.py:840} INFO - DAG(s) 'example_skip_dag' retrieved from /home/airflow/.local/lib/python3.12/site-packages/airflow/example_dags/example_skip_dag.py
[2024-07-26T00:17:09.753+0000] {logging_mixin.py:188} INFO - [2024-07-26T00:17:09.752+0000] {dag.py:3089} INFO - Sync 1 DAGs
[2024-07-26T00:17:09.774+0000] {logging_mixin.py:188} INFO - [2024-07-26T00:17:09.773+0000] {dag.py:3947} INFO - Setting next_dagrun for example_skip_dag to 2024-07-25 00:00:00+00:00, run_after=2024-07-26 00:00:00+00:00
[2024-07-26T00:17:09.792+0000] {processor.py:183} INFO - Processing /home/airflow/.local/lib/python3.12/site-packages/airflow/example_dags/example_skip_dag.py took 0.068 seconds
[2024-07-26T00:17:40.257+0000] {processor.py:161} INFO - Started process (PID=419) to work on /home/airflow/.local/lib/python3.12/site-packages/airflow/example_dags/example_skip_dag.py
[2024-07-26T00:17:40.258+0000] {processor.py:830} INFO - Processing file /home/airflow/.local/lib/python3.12/site-packages/airflow/example_dags/example_skip_dag.py for tasks to queue
[2024-07-26T00:17:40.259+0000] {logging_mixin.py:188} INFO - [2024-07-26T00:17:40.259+0000] {dagbag.py:545} INFO - Filling up the DagBag from /home/airflow/.local/lib/python3.12/site-packages/airflow/example_dags/example_skip_dag.py
[2024-07-26T00:17:40.263+0000] {processor.py:840} INFO - DAG(s) 'example_skip_dag' retrieved from /home/airflow/.local/lib/python3.12/site-packages/airflow/example_dags/example_skip_dag.py
[2024-07-26T00:17:40.279+0000] {logging_mixin.py:188} INFO - [2024-07-26T00:17:40.279+0000] {dag.py:3089} INFO - Sync 1 DAGs
[2024-07-26T00:17:40.297+0000] {logging_mixin.py:188} INFO - [2024-07-26T00:17:40.297+0000] {dag.py:3947} INFO - Setting next_dagrun for example_skip_dag to 2024-07-25 00:00:00+00:00, run_after=2024-07-26 00:00:00+00:00
[2024-07-26T00:17:40.312+0000] {processor.py:183} INFO - Processing /home/airflow/.local/lib/python3.12/site-packages/airflow/example_dags/example_skip_dag.py took 0.059 seconds
[2024-07-26T00:18:10.717+0000] {processor.py:161} INFO - Started process (PID=478) to work on /home/airflow/.local/lib/python3.12/site-packages/airflow/example_dags/example_skip_dag.py
[2024-07-26T00:18:10.717+0000] {processor.py:830} INFO - Processing file /home/airflow/.local/lib/python3.12/site-packages/airflow/example_dags/example_skip_dag.py for tasks to queue
[2024-07-26T00:18:10.719+0000] {logging_mixin.py:188} INFO - [2024-07-26T00:18:10.719+0000] {dagbag.py:545} INFO - Filling up the DagBag from /home/airflow/.local/lib/python3.12/site-packages/airflow/example_dags/example_skip_dag.py
[2024-07-26T00:18:10.723+0000] {processor.py:840} INFO - DAG(s) 'example_skip_dag' retrieved from /home/airflow/.local/lib/python3.12/site-packages/airflow/example_dags/example_skip_dag.py
[2024-07-26T00:18:10.741+0000] {logging_mixin.py:188} INFO - [2024-07-26T00:18:10.741+0000] {dag.py:3089} INFO - Sync 1 DAGs
[2024-07-26T00:18:10.757+0000] {logging_mixin.py:188} INFO - [2024-07-26T00:18:10.757+0000] {dag.py:3947} INFO - Setting next_dagrun for example_skip_dag to 2024-07-25 00:00:00+00:00, run_after=2024-07-26 00:00:00+00:00
[2024-07-26T00:18:10.773+0000] {processor.py:183} INFO - Processing /home/airflow/.local/lib/python3.12/site-packages/airflow/example_dags/example_skip_dag.py took 0.060 seconds
