[2024-07-26T00:00:04.797+0000] {processor.py:161} INFO - Started process (PID=12436) to work on /home/airflow/.local/lib/python3.12/site-packages/airflow/example_dags/example_params_trigger_ui.py
[2024-07-26T00:00:04.797+0000] {processor.py:830} INFO - Processing file /home/airflow/.local/lib/python3.12/site-packages/airflow/example_dags/example_params_trigger_ui.py for tasks to queue
[2024-07-26T00:00:04.799+0000] {logging_mixin.py:188} INFO - [2024-07-26T00:00:04.799+0000] {dagbag.py:545} INFO - Filling up the DagBag from /home/airflow/.local/lib/python3.12/site-packages/airflow/example_dags/example_params_trigger_ui.py
[2024-07-26T00:00:04.806+0000] {processor.py:840} INFO - DAG(s) 'example_params_trigger_ui' retrieved from /home/airflow/.local/lib/python3.12/site-packages/airflow/example_dags/example_params_trigger_ui.py
[2024-07-26T00:00:04.838+0000] {logging_mixin.py:188} INFO - [2024-07-26T00:00:04.838+0000] {dag.py:3089} INFO - Sync 1 DAGs
[2024-07-26T00:00:04.847+0000] {logging_mixin.py:188} INFO - [2024-07-26T00:00:04.847+0000] {dag.py:3947} INFO - Setting next_dagrun for example_params_trigger_ui to None, run_after=None
[2024-07-26T00:00:04.862+0000] {processor.py:183} INFO - Processing /home/airflow/.local/lib/python3.12/site-packages/airflow/example_dags/example_params_trigger_ui.py took 0.070 seconds
[2024-07-26T00:00:35.367+0000] {processor.py:161} INFO - Started process (PID=12495) to work on /home/airflow/.local/lib/python3.12/site-packages/airflow/example_dags/example_params_trigger_ui.py
[2024-07-26T00:00:35.367+0000] {processor.py:830} INFO - Processing file /home/airflow/.local/lib/python3.12/site-packages/airflow/example_dags/example_params_trigger_ui.py for tasks to queue
[2024-07-26T00:00:35.369+0000] {logging_mixin.py:188} INFO - [2024-07-26T00:00:35.369+0000] {dagbag.py:545} INFO - Filling up the DagBag from /home/airflow/.local/lib/python3.12/site-packages/airflow/example_dags/example_params_trigger_ui.py
[2024-07-26T00:00:35.376+0000] {processor.py:840} INFO - DAG(s) 'example_params_trigger_ui' retrieved from /home/airflow/.local/lib/python3.12/site-packages/airflow/example_dags/example_params_trigger_ui.py
[2024-07-26T00:00:35.412+0000] {logging_mixin.py:188} INFO - [2024-07-26T00:00:35.411+0000] {dag.py:3089} INFO - Sync 1 DAGs
[2024-07-26T00:00:35.422+0000] {logging_mixin.py:188} INFO - [2024-07-26T00:00:35.422+0000] {dag.py:3947} INFO - Setting next_dagrun for example_params_trigger_ui to None, run_after=None
[2024-07-26T00:00:35.444+0000] {processor.py:183} INFO - Processing /home/airflow/.local/lib/python3.12/site-packages/airflow/example_dags/example_params_trigger_ui.py took 0.082 seconds
[2024-07-26T00:01:05.687+0000] {processor.py:161} INFO - Started process (PID=12554) to work on /home/airflow/.local/lib/python3.12/site-packages/airflow/example_dags/example_params_trigger_ui.py
[2024-07-26T00:01:05.688+0000] {processor.py:830} INFO - Processing file /home/airflow/.local/lib/python3.12/site-packages/airflow/example_dags/example_params_trigger_ui.py for tasks to queue
[2024-07-26T00:01:05.689+0000] {logging_mixin.py:188} INFO - [2024-07-26T00:01:05.689+0000] {dagbag.py:545} INFO - Filling up the DagBag from /home/airflow/.local/lib/python3.12/site-packages/airflow/example_dags/example_params_trigger_ui.py
[2024-07-26T00:01:05.696+0000] {processor.py:840} INFO - DAG(s) 'example_params_trigger_ui' retrieved from /home/airflow/.local/lib/python3.12/site-packages/airflow/example_dags/example_params_trigger_ui.py
[2024-07-26T00:01:05.730+0000] {logging_mixin.py:188} INFO - [2024-07-26T00:01:05.730+0000] {dag.py:3089} INFO - Sync 1 DAGs
[2024-07-26T00:01:05.740+0000] {logging_mixin.py:188} INFO - [2024-07-26T00:01:05.739+0000] {dag.py:3947} INFO - Setting next_dagrun for example_params_trigger_ui to None, run_after=None
[2024-07-26T00:01:05.765+0000] {processor.py:183} INFO - Processing /home/airflow/.local/lib/python3.12/site-packages/airflow/example_dags/example_params_trigger_ui.py took 0.082 seconds
[2024-07-26T00:01:36.043+0000] {processor.py:161} INFO - Started process (PID=12613) to work on /home/airflow/.local/lib/python3.12/site-packages/airflow/example_dags/example_params_trigger_ui.py
[2024-07-26T00:01:36.044+0000] {processor.py:830} INFO - Processing file /home/airflow/.local/lib/python3.12/site-packages/airflow/example_dags/example_params_trigger_ui.py for tasks to queue
[2024-07-26T00:01:36.046+0000] {logging_mixin.py:188} INFO - [2024-07-26T00:01:36.045+0000] {dagbag.py:545} INFO - Filling up the DagBag from /home/airflow/.local/lib/python3.12/site-packages/airflow/example_dags/example_params_trigger_ui.py
[2024-07-26T00:01:36.053+0000] {processor.py:840} INFO - DAG(s) 'example_params_trigger_ui' retrieved from /home/airflow/.local/lib/python3.12/site-packages/airflow/example_dags/example_params_trigger_ui.py
[2024-07-26T00:01:36.089+0000] {logging_mixin.py:188} INFO - [2024-07-26T00:01:36.089+0000] {dag.py:3089} INFO - Sync 1 DAGs
[2024-07-26T00:01:36.101+0000] {logging_mixin.py:188} INFO - [2024-07-26T00:01:36.101+0000] {dag.py:3947} INFO - Setting next_dagrun for example_params_trigger_ui to None, run_after=None
[2024-07-26T00:01:36.121+0000] {processor.py:183} INFO - Processing /home/airflow/.local/lib/python3.12/site-packages/airflow/example_dags/example_params_trigger_ui.py took 0.083 seconds
[2024-07-26T00:02:06.533+0000] {processor.py:161} INFO - Started process (PID=12672) to work on /home/airflow/.local/lib/python3.12/site-packages/airflow/example_dags/example_params_trigger_ui.py
[2024-07-26T00:02:06.534+0000] {processor.py:830} INFO - Processing file /home/airflow/.local/lib/python3.12/site-packages/airflow/example_dags/example_params_trigger_ui.py for tasks to queue
[2024-07-26T00:02:06.535+0000] {logging_mixin.py:188} INFO - [2024-07-26T00:02:06.535+0000] {dagbag.py:545} INFO - Filling up the DagBag from /home/airflow/.local/lib/python3.12/site-packages/airflow/example_dags/example_params_trigger_ui.py
[2024-07-26T00:02:06.541+0000] {processor.py:840} INFO - DAG(s) 'example_params_trigger_ui' retrieved from /home/airflow/.local/lib/python3.12/site-packages/airflow/example_dags/example_params_trigger_ui.py
[2024-07-26T00:02:06.573+0000] {logging_mixin.py:188} INFO - [2024-07-26T00:02:06.573+0000] {dag.py:3089} INFO - Sync 1 DAGs
[2024-07-26T00:02:06.582+0000] {logging_mixin.py:188} INFO - [2024-07-26T00:02:06.582+0000] {dag.py:3947} INFO - Setting next_dagrun for example_params_trigger_ui to None, run_after=None
[2024-07-26T00:02:06.606+0000] {processor.py:183} INFO - Processing /home/airflow/.local/lib/python3.12/site-packages/airflow/example_dags/example_params_trigger_ui.py took 0.076 seconds
[2024-07-26T00:02:36.937+0000] {processor.py:161} INFO - Started process (PID=12731) to work on /home/airflow/.local/lib/python3.12/site-packages/airflow/example_dags/example_params_trigger_ui.py
[2024-07-26T00:02:36.938+0000] {processor.py:830} INFO - Processing file /home/airflow/.local/lib/python3.12/site-packages/airflow/example_dags/example_params_trigger_ui.py for tasks to queue
[2024-07-26T00:02:36.939+0000] {logging_mixin.py:188} INFO - [2024-07-26T00:02:36.939+0000] {dagbag.py:545} INFO - Filling up the DagBag from /home/airflow/.local/lib/python3.12/site-packages/airflow/example_dags/example_params_trigger_ui.py
[2024-07-26T00:02:36.946+0000] {processor.py:840} INFO - DAG(s) 'example_params_trigger_ui' retrieved from /home/airflow/.local/lib/python3.12/site-packages/airflow/example_dags/example_params_trigger_ui.py
[2024-07-26T00:02:36.979+0000] {logging_mixin.py:188} INFO - [2024-07-26T00:02:36.979+0000] {dag.py:3089} INFO - Sync 1 DAGs
[2024-07-26T00:02:36.988+0000] {logging_mixin.py:188} INFO - [2024-07-26T00:02:36.988+0000] {dag.py:3947} INFO - Setting next_dagrun for example_params_trigger_ui to None, run_after=None
[2024-07-26T00:02:37.003+0000] {processor.py:183} INFO - Processing /home/airflow/.local/lib/python3.12/site-packages/airflow/example_dags/example_params_trigger_ui.py took 0.070 seconds
[2024-07-26T00:03:07.500+0000] {processor.py:161} INFO - Started process (PID=12790) to work on /home/airflow/.local/lib/python3.12/site-packages/airflow/example_dags/example_params_trigger_ui.py
[2024-07-26T00:03:07.501+0000] {processor.py:830} INFO - Processing file /home/airflow/.local/lib/python3.12/site-packages/airflow/example_dags/example_params_trigger_ui.py for tasks to queue
[2024-07-26T00:03:07.502+0000] {logging_mixin.py:188} INFO - [2024-07-26T00:03:07.502+0000] {dagbag.py:545} INFO - Filling up the DagBag from /home/airflow/.local/lib/python3.12/site-packages/airflow/example_dags/example_params_trigger_ui.py
[2024-07-26T00:03:07.509+0000] {processor.py:840} INFO - DAG(s) 'example_params_trigger_ui' retrieved from /home/airflow/.local/lib/python3.12/site-packages/airflow/example_dags/example_params_trigger_ui.py
[2024-07-26T00:03:07.539+0000] {logging_mixin.py:188} INFO - [2024-07-26T00:03:07.539+0000] {dag.py:3089} INFO - Sync 1 DAGs
[2024-07-26T00:03:07.549+0000] {logging_mixin.py:188} INFO - [2024-07-26T00:03:07.549+0000] {dag.py:3947} INFO - Setting next_dagrun for example_params_trigger_ui to None, run_after=None
[2024-07-26T00:03:07.566+0000] {processor.py:183} INFO - Processing /home/airflow/.local/lib/python3.12/site-packages/airflow/example_dags/example_params_trigger_ui.py took 0.070 seconds
[2024-07-26T00:03:37.970+0000] {processor.py:161} INFO - Started process (PID=12849) to work on /home/airflow/.local/lib/python3.12/site-packages/airflow/example_dags/example_params_trigger_ui.py
[2024-07-26T00:03:37.971+0000] {processor.py:830} INFO - Processing file /home/airflow/.local/lib/python3.12/site-packages/airflow/example_dags/example_params_trigger_ui.py for tasks to queue
[2024-07-26T00:03:37.972+0000] {logging_mixin.py:188} INFO - [2024-07-26T00:03:37.972+0000] {dagbag.py:545} INFO - Filling up the DagBag from /home/airflow/.local/lib/python3.12/site-packages/airflow/example_dags/example_params_trigger_ui.py
[2024-07-26T00:03:37.979+0000] {processor.py:840} INFO - DAG(s) 'example_params_trigger_ui' retrieved from /home/airflow/.local/lib/python3.12/site-packages/airflow/example_dags/example_params_trigger_ui.py
[2024-07-26T00:03:38.012+0000] {logging_mixin.py:188} INFO - [2024-07-26T00:03:38.012+0000] {dag.py:3089} INFO - Sync 1 DAGs
[2024-07-26T00:03:38.022+0000] {logging_mixin.py:188} INFO - [2024-07-26T00:03:38.022+0000] {dag.py:3947} INFO - Setting next_dagrun for example_params_trigger_ui to None, run_after=None
[2024-07-26T00:03:38.038+0000] {processor.py:183} INFO - Processing /home/airflow/.local/lib/python3.12/site-packages/airflow/example_dags/example_params_trigger_ui.py took 0.072 seconds
[2024-07-26T00:04:08.348+0000] {processor.py:161} INFO - Started process (PID=12908) to work on /home/airflow/.local/lib/python3.12/site-packages/airflow/example_dags/example_params_trigger_ui.py
[2024-07-26T00:04:08.348+0000] {processor.py:830} INFO - Processing file /home/airflow/.local/lib/python3.12/site-packages/airflow/example_dags/example_params_trigger_ui.py for tasks to queue
[2024-07-26T00:04:08.351+0000] {logging_mixin.py:188} INFO - [2024-07-26T00:04:08.350+0000] {dagbag.py:545} INFO - Filling up the DagBag from /home/airflow/.local/lib/python3.12/site-packages/airflow/example_dags/example_params_trigger_ui.py
[2024-07-26T00:04:08.358+0000] {processor.py:840} INFO - DAG(s) 'example_params_trigger_ui' retrieved from /home/airflow/.local/lib/python3.12/site-packages/airflow/example_dags/example_params_trigger_ui.py
[2024-07-26T00:04:08.389+0000] {logging_mixin.py:188} INFO - [2024-07-26T00:04:08.389+0000] {dag.py:3089} INFO - Sync 1 DAGs
[2024-07-26T00:04:08.397+0000] {logging_mixin.py:188} INFO - [2024-07-26T00:04:08.397+0000] {dag.py:3947} INFO - Setting next_dagrun for example_params_trigger_ui to None, run_after=None
[2024-07-26T00:04:08.412+0000] {processor.py:183} INFO - Processing /home/airflow/.local/lib/python3.12/site-packages/airflow/example_dags/example_params_trigger_ui.py took 0.068 seconds
[2024-07-26T00:04:38.791+0000] {processor.py:161} INFO - Started process (PID=12967) to work on /home/airflow/.local/lib/python3.12/site-packages/airflow/example_dags/example_params_trigger_ui.py
[2024-07-26T00:04:38.792+0000] {processor.py:830} INFO - Processing file /home/airflow/.local/lib/python3.12/site-packages/airflow/example_dags/example_params_trigger_ui.py for tasks to queue
[2024-07-26T00:04:38.793+0000] {logging_mixin.py:188} INFO - [2024-07-26T00:04:38.793+0000] {dagbag.py:545} INFO - Filling up the DagBag from /home/airflow/.local/lib/python3.12/site-packages/airflow/example_dags/example_params_trigger_ui.py
[2024-07-26T00:04:38.799+0000] {processor.py:840} INFO - DAG(s) 'example_params_trigger_ui' retrieved from /home/airflow/.local/lib/python3.12/site-packages/airflow/example_dags/example_params_trigger_ui.py
[2024-07-26T00:04:38.829+0000] {logging_mixin.py:188} INFO - [2024-07-26T00:04:38.829+0000] {dag.py:3089} INFO - Sync 1 DAGs
[2024-07-26T00:04:38.839+0000] {logging_mixin.py:188} INFO - [2024-07-26T00:04:38.839+0000] {dag.py:3947} INFO - Setting next_dagrun for example_params_trigger_ui to None, run_after=None
[2024-07-26T00:04:38.853+0000] {processor.py:183} INFO - Processing /home/airflow/.local/lib/python3.12/site-packages/airflow/example_dags/example_params_trigger_ui.py took 0.066 seconds
[2024-07-26T00:05:09.298+0000] {processor.py:161} INFO - Started process (PID=13026) to work on /home/airflow/.local/lib/python3.12/site-packages/airflow/example_dags/example_params_trigger_ui.py
[2024-07-26T00:05:09.299+0000] {processor.py:830} INFO - Processing file /home/airflow/.local/lib/python3.12/site-packages/airflow/example_dags/example_params_trigger_ui.py for tasks to queue
[2024-07-26T00:05:09.301+0000] {logging_mixin.py:188} INFO - [2024-07-26T00:05:09.300+0000] {dagbag.py:545} INFO - Filling up the DagBag from /home/airflow/.local/lib/python3.12/site-packages/airflow/example_dags/example_params_trigger_ui.py
[2024-07-26T00:05:09.307+0000] {processor.py:840} INFO - DAG(s) 'example_params_trigger_ui' retrieved from /home/airflow/.local/lib/python3.12/site-packages/airflow/example_dags/example_params_trigger_ui.py
[2024-07-26T00:05:09.340+0000] {logging_mixin.py:188} INFO - [2024-07-26T00:05:09.340+0000] {dag.py:3089} INFO - Sync 1 DAGs
[2024-07-26T00:05:09.351+0000] {logging_mixin.py:188} INFO - [2024-07-26T00:05:09.351+0000] {dag.py:3947} INFO - Setting next_dagrun for example_params_trigger_ui to None, run_after=None
[2024-07-26T00:05:09.369+0000] {processor.py:183} INFO - Processing /home/airflow/.local/lib/python3.12/site-packages/airflow/example_dags/example_params_trigger_ui.py took 0.075 seconds
[2024-07-26T00:05:39.781+0000] {processor.py:161} INFO - Started process (PID=13085) to work on /home/airflow/.local/lib/python3.12/site-packages/airflow/example_dags/example_params_trigger_ui.py
[2024-07-26T00:05:39.782+0000] {processor.py:830} INFO - Processing file /home/airflow/.local/lib/python3.12/site-packages/airflow/example_dags/example_params_trigger_ui.py for tasks to queue
[2024-07-26T00:05:39.784+0000] {logging_mixin.py:188} INFO - [2024-07-26T00:05:39.784+0000] {dagbag.py:545} INFO - Filling up the DagBag from /home/airflow/.local/lib/python3.12/site-packages/airflow/example_dags/example_params_trigger_ui.py
[2024-07-26T00:05:39.791+0000] {processor.py:840} INFO - DAG(s) 'example_params_trigger_ui' retrieved from /home/airflow/.local/lib/python3.12/site-packages/airflow/example_dags/example_params_trigger_ui.py
[2024-07-26T00:05:39.825+0000] {logging_mixin.py:188} INFO - [2024-07-26T00:05:39.824+0000] {dag.py:3089} INFO - Sync 1 DAGs
[2024-07-26T00:05:39.835+0000] {logging_mixin.py:188} INFO - [2024-07-26T00:05:39.835+0000] {dag.py:3947} INFO - Setting next_dagrun for example_params_trigger_ui to None, run_after=None
[2024-07-26T00:05:39.852+0000] {processor.py:183} INFO - Processing /home/airflow/.local/lib/python3.12/site-packages/airflow/example_dags/example_params_trigger_ui.py took 0.075 seconds
[2024-07-26T00:06:10.358+0000] {processor.py:161} INFO - Started process (PID=13144) to work on /home/airflow/.local/lib/python3.12/site-packages/airflow/example_dags/example_params_trigger_ui.py
[2024-07-26T00:06:10.359+0000] {processor.py:830} INFO - Processing file /home/airflow/.local/lib/python3.12/site-packages/airflow/example_dags/example_params_trigger_ui.py for tasks to queue
[2024-07-26T00:06:10.361+0000] {logging_mixin.py:188} INFO - [2024-07-26T00:06:10.360+0000] {dagbag.py:545} INFO - Filling up the DagBag from /home/airflow/.local/lib/python3.12/site-packages/airflow/example_dags/example_params_trigger_ui.py
[2024-07-26T00:06:10.367+0000] {processor.py:840} INFO - DAG(s) 'example_params_trigger_ui' retrieved from /home/airflow/.local/lib/python3.12/site-packages/airflow/example_dags/example_params_trigger_ui.py
[2024-07-26T00:06:10.402+0000] {logging_mixin.py:188} INFO - [2024-07-26T00:06:10.402+0000] {dag.py:3089} INFO - Sync 1 DAGs
[2024-07-26T00:06:10.412+0000] {logging_mixin.py:188} INFO - [2024-07-26T00:06:10.412+0000] {dag.py:3947} INFO - Setting next_dagrun for example_params_trigger_ui to None, run_after=None
[2024-07-26T00:06:10.430+0000] {processor.py:183} INFO - Processing /home/airflow/.local/lib/python3.12/site-packages/airflow/example_dags/example_params_trigger_ui.py took 0.077 seconds
[2024-07-26T00:06:40.791+0000] {processor.py:161} INFO - Started process (PID=13203) to work on /home/airflow/.local/lib/python3.12/site-packages/airflow/example_dags/example_params_trigger_ui.py
[2024-07-26T00:06:40.792+0000] {processor.py:830} INFO - Processing file /home/airflow/.local/lib/python3.12/site-packages/airflow/example_dags/example_params_trigger_ui.py for tasks to queue
[2024-07-26T00:06:40.794+0000] {logging_mixin.py:188} INFO - [2024-07-26T00:06:40.794+0000] {dagbag.py:545} INFO - Filling up the DagBag from /home/airflow/.local/lib/python3.12/site-packages/airflow/example_dags/example_params_trigger_ui.py
[2024-07-26T00:06:40.801+0000] {processor.py:840} INFO - DAG(s) 'example_params_trigger_ui' retrieved from /home/airflow/.local/lib/python3.12/site-packages/airflow/example_dags/example_params_trigger_ui.py
[2024-07-26T00:06:40.836+0000] {logging_mixin.py:188} INFO - [2024-07-26T00:06:40.835+0000] {dag.py:3089} INFO - Sync 1 DAGs
[2024-07-26T00:06:40.846+0000] {logging_mixin.py:188} INFO - [2024-07-26T00:06:40.846+0000] {dag.py:3947} INFO - Setting next_dagrun for example_params_trigger_ui to None, run_after=None
[2024-07-26T00:06:40.865+0000] {processor.py:183} INFO - Processing /home/airflow/.local/lib/python3.12/site-packages/airflow/example_dags/example_params_trigger_ui.py took 0.078 seconds
[2024-07-26T00:07:11.333+0000] {processor.py:161} INFO - Started process (PID=13262) to work on /home/airflow/.local/lib/python3.12/site-packages/airflow/example_dags/example_params_trigger_ui.py
[2024-07-26T00:07:11.334+0000] {processor.py:830} INFO - Processing file /home/airflow/.local/lib/python3.12/site-packages/airflow/example_dags/example_params_trigger_ui.py for tasks to queue
[2024-07-26T00:07:11.336+0000] {logging_mixin.py:188} INFO - [2024-07-26T00:07:11.335+0000] {dagbag.py:545} INFO - Filling up the DagBag from /home/airflow/.local/lib/python3.12/site-packages/airflow/example_dags/example_params_trigger_ui.py
[2024-07-26T00:07:11.343+0000] {processor.py:840} INFO - DAG(s) 'example_params_trigger_ui' retrieved from /home/airflow/.local/lib/python3.12/site-packages/airflow/example_dags/example_params_trigger_ui.py
[2024-07-26T00:07:11.381+0000] {logging_mixin.py:188} INFO - [2024-07-26T00:07:11.381+0000] {dag.py:3089} INFO - Sync 1 DAGs
[2024-07-26T00:07:11.391+0000] {logging_mixin.py:188} INFO - [2024-07-26T00:07:11.391+0000] {dag.py:3947} INFO - Setting next_dagrun for example_params_trigger_ui to None, run_after=None
[2024-07-26T00:07:11.410+0000] {processor.py:183} INFO - Processing /home/airflow/.local/lib/python3.12/site-packages/airflow/example_dags/example_params_trigger_ui.py took 0.082 seconds
[2024-07-26T00:07:41.783+0000] {processor.py:161} INFO - Started process (PID=13321) to work on /home/airflow/.local/lib/python3.12/site-packages/airflow/example_dags/example_params_trigger_ui.py
[2024-07-26T00:07:41.784+0000] {processor.py:830} INFO - Processing file /home/airflow/.local/lib/python3.12/site-packages/airflow/example_dags/example_params_trigger_ui.py for tasks to queue
[2024-07-26T00:07:41.785+0000] {logging_mixin.py:188} INFO - [2024-07-26T00:07:41.785+0000] {dagbag.py:545} INFO - Filling up the DagBag from /home/airflow/.local/lib/python3.12/site-packages/airflow/example_dags/example_params_trigger_ui.py
[2024-07-26T00:07:41.793+0000] {processor.py:840} INFO - DAG(s) 'example_params_trigger_ui' retrieved from /home/airflow/.local/lib/python3.12/site-packages/airflow/example_dags/example_params_trigger_ui.py
[2024-07-26T00:07:41.827+0000] {logging_mixin.py:188} INFO - [2024-07-26T00:07:41.826+0000] {dag.py:3089} INFO - Sync 1 DAGs
[2024-07-26T00:07:41.837+0000] {logging_mixin.py:188} INFO - [2024-07-26T00:07:41.837+0000] {dag.py:3947} INFO - Setting next_dagrun for example_params_trigger_ui to None, run_after=None
[2024-07-26T00:07:41.855+0000] {processor.py:183} INFO - Processing /home/airflow/.local/lib/python3.12/site-packages/airflow/example_dags/example_params_trigger_ui.py took 0.077 seconds
[2024-07-26T00:08:12.224+0000] {processor.py:161} INFO - Started process (PID=13380) to work on /home/airflow/.local/lib/python3.12/site-packages/airflow/example_dags/example_params_trigger_ui.py
[2024-07-26T00:08:12.225+0000] {processor.py:830} INFO - Processing file /home/airflow/.local/lib/python3.12/site-packages/airflow/example_dags/example_params_trigger_ui.py for tasks to queue
[2024-07-26T00:08:12.226+0000] {logging_mixin.py:188} INFO - [2024-07-26T00:08:12.226+0000] {dagbag.py:545} INFO - Filling up the DagBag from /home/airflow/.local/lib/python3.12/site-packages/airflow/example_dags/example_params_trigger_ui.py
[2024-07-26T00:08:12.233+0000] {processor.py:840} INFO - DAG(s) 'example_params_trigger_ui' retrieved from /home/airflow/.local/lib/python3.12/site-packages/airflow/example_dags/example_params_trigger_ui.py
[2024-07-26T00:08:12.269+0000] {logging_mixin.py:188} INFO - [2024-07-26T00:08:12.268+0000] {dag.py:3089} INFO - Sync 1 DAGs
[2024-07-26T00:08:12.279+0000] {logging_mixin.py:188} INFO - [2024-07-26T00:08:12.279+0000] {dag.py:3947} INFO - Setting next_dagrun for example_params_trigger_ui to None, run_after=None
[2024-07-26T00:08:12.299+0000] {processor.py:183} INFO - Processing /home/airflow/.local/lib/python3.12/site-packages/airflow/example_dags/example_params_trigger_ui.py took 0.080 seconds
[2024-07-26T00:08:42.681+0000] {processor.py:161} INFO - Started process (PID=13439) to work on /home/airflow/.local/lib/python3.12/site-packages/airflow/example_dags/example_params_trigger_ui.py
[2024-07-26T00:08:42.682+0000] {processor.py:830} INFO - Processing file /home/airflow/.local/lib/python3.12/site-packages/airflow/example_dags/example_params_trigger_ui.py for tasks to queue
[2024-07-26T00:08:42.684+0000] {logging_mixin.py:188} INFO - [2024-07-26T00:08:42.683+0000] {dagbag.py:545} INFO - Filling up the DagBag from /home/airflow/.local/lib/python3.12/site-packages/airflow/example_dags/example_params_trigger_ui.py
[2024-07-26T00:08:42.690+0000] {processor.py:840} INFO - DAG(s) 'example_params_trigger_ui' retrieved from /home/airflow/.local/lib/python3.12/site-packages/airflow/example_dags/example_params_trigger_ui.py
[2024-07-26T00:08:42.724+0000] {logging_mixin.py:188} INFO - [2024-07-26T00:08:42.724+0000] {dag.py:3089} INFO - Sync 1 DAGs
[2024-07-26T00:08:42.736+0000] {logging_mixin.py:188} INFO - [2024-07-26T00:08:42.735+0000] {dag.py:3947} INFO - Setting next_dagrun for example_params_trigger_ui to None, run_after=None
[2024-07-26T00:08:42.754+0000] {processor.py:183} INFO - Processing /home/airflow/.local/lib/python3.12/site-packages/airflow/example_dags/example_params_trigger_ui.py took 0.077 seconds
[2024-07-26T00:09:13.277+0000] {processor.py:161} INFO - Started process (PID=13498) to work on /home/airflow/.local/lib/python3.12/site-packages/airflow/example_dags/example_params_trigger_ui.py
[2024-07-26T00:09:13.278+0000] {processor.py:830} INFO - Processing file /home/airflow/.local/lib/python3.12/site-packages/airflow/example_dags/example_params_trigger_ui.py for tasks to queue
[2024-07-26T00:09:13.280+0000] {logging_mixin.py:188} INFO - [2024-07-26T00:09:13.279+0000] {dagbag.py:545} INFO - Filling up the DagBag from /home/airflow/.local/lib/python3.12/site-packages/airflow/example_dags/example_params_trigger_ui.py
[2024-07-26T00:09:13.287+0000] {processor.py:840} INFO - DAG(s) 'example_params_trigger_ui' retrieved from /home/airflow/.local/lib/python3.12/site-packages/airflow/example_dags/example_params_trigger_ui.py
[2024-07-26T00:09:13.321+0000] {logging_mixin.py:188} INFO - [2024-07-26T00:09:13.321+0000] {dag.py:3089} INFO - Sync 1 DAGs
[2024-07-26T00:09:13.332+0000] {logging_mixin.py:188} INFO - [2024-07-26T00:09:13.332+0000] {dag.py:3947} INFO - Setting next_dagrun for example_params_trigger_ui to None, run_after=None
[2024-07-26T00:09:13.350+0000] {processor.py:183} INFO - Processing /home/airflow/.local/lib/python3.12/site-packages/airflow/example_dags/example_params_trigger_ui.py took 0.078 seconds
[2024-07-26T00:09:43.733+0000] {processor.py:161} INFO - Started process (PID=13557) to work on /home/airflow/.local/lib/python3.12/site-packages/airflow/example_dags/example_params_trigger_ui.py
[2024-07-26T00:09:43.734+0000] {processor.py:830} INFO - Processing file /home/airflow/.local/lib/python3.12/site-packages/airflow/example_dags/example_params_trigger_ui.py for tasks to queue
[2024-07-26T00:09:43.736+0000] {logging_mixin.py:188} INFO - [2024-07-26T00:09:43.735+0000] {dagbag.py:545} INFO - Filling up the DagBag from /home/airflow/.local/lib/python3.12/site-packages/airflow/example_dags/example_params_trigger_ui.py
[2024-07-26T00:09:43.743+0000] {processor.py:840} INFO - DAG(s) 'example_params_trigger_ui' retrieved from /home/airflow/.local/lib/python3.12/site-packages/airflow/example_dags/example_params_trigger_ui.py
[2024-07-26T00:09:43.777+0000] {logging_mixin.py:188} INFO - [2024-07-26T00:09:43.777+0000] {dag.py:3089} INFO - Sync 1 DAGs
[2024-07-26T00:09:43.787+0000] {logging_mixin.py:188} INFO - [2024-07-26T00:09:43.787+0000] {dag.py:3947} INFO - Setting next_dagrun for example_params_trigger_ui to None, run_after=None
[2024-07-26T00:09:43.810+0000] {processor.py:183} INFO - Processing /home/airflow/.local/lib/python3.12/site-packages/airflow/example_dags/example_params_trigger_ui.py took 0.081 seconds
[2024-07-26T00:10:14.275+0000] {processor.py:161} INFO - Started process (PID=13616) to work on /home/airflow/.local/lib/python3.12/site-packages/airflow/example_dags/example_params_trigger_ui.py
[2024-07-26T00:10:14.276+0000] {processor.py:830} INFO - Processing file /home/airflow/.local/lib/python3.12/site-packages/airflow/example_dags/example_params_trigger_ui.py for tasks to queue
[2024-07-26T00:10:14.277+0000] {logging_mixin.py:188} INFO - [2024-07-26T00:10:14.277+0000] {dagbag.py:545} INFO - Filling up the DagBag from /home/airflow/.local/lib/python3.12/site-packages/airflow/example_dags/example_params_trigger_ui.py
[2024-07-26T00:10:14.283+0000] {processor.py:840} INFO - DAG(s) 'example_params_trigger_ui' retrieved from /home/airflow/.local/lib/python3.12/site-packages/airflow/example_dags/example_params_trigger_ui.py
[2024-07-26T00:10:14.313+0000] {logging_mixin.py:188} INFO - [2024-07-26T00:10:14.313+0000] {dag.py:3089} INFO - Sync 1 DAGs
[2024-07-26T00:10:14.322+0000] {logging_mixin.py:188} INFO - [2024-07-26T00:10:14.321+0000] {dag.py:3947} INFO - Setting next_dagrun for example_params_trigger_ui to None, run_after=None
[2024-07-26T00:10:14.336+0000] {processor.py:183} INFO - Processing /home/airflow/.local/lib/python3.12/site-packages/airflow/example_dags/example_params_trigger_ui.py took 0.065 seconds
[2024-07-26T00:10:44.774+0000] {processor.py:161} INFO - Started process (PID=13675) to work on /home/airflow/.local/lib/python3.12/site-packages/airflow/example_dags/example_params_trigger_ui.py
[2024-07-26T00:10:44.775+0000] {processor.py:830} INFO - Processing file /home/airflow/.local/lib/python3.12/site-packages/airflow/example_dags/example_params_trigger_ui.py for tasks to queue
[2024-07-26T00:10:44.776+0000] {logging_mixin.py:188} INFO - [2024-07-26T00:10:44.776+0000] {dagbag.py:545} INFO - Filling up the DagBag from /home/airflow/.local/lib/python3.12/site-packages/airflow/example_dags/example_params_trigger_ui.py
[2024-07-26T00:10:44.783+0000] {processor.py:840} INFO - DAG(s) 'example_params_trigger_ui' retrieved from /home/airflow/.local/lib/python3.12/site-packages/airflow/example_dags/example_params_trigger_ui.py
[2024-07-26T00:10:44.813+0000] {logging_mixin.py:188} INFO - [2024-07-26T00:10:44.813+0000] {dag.py:3089} INFO - Sync 1 DAGs
[2024-07-26T00:10:44.823+0000] {logging_mixin.py:188} INFO - [2024-07-26T00:10:44.823+0000] {dag.py:3947} INFO - Setting next_dagrun for example_params_trigger_ui to None, run_after=None
[2024-07-26T00:10:44.840+0000] {processor.py:183} INFO - Processing /home/airflow/.local/lib/python3.12/site-packages/airflow/example_dags/example_params_trigger_ui.py took 0.070 seconds
[2024-07-26T00:11:15.144+0000] {processor.py:161} INFO - Started process (PID=13734) to work on /home/airflow/.local/lib/python3.12/site-packages/airflow/example_dags/example_params_trigger_ui.py
[2024-07-26T00:11:15.145+0000] {processor.py:830} INFO - Processing file /home/airflow/.local/lib/python3.12/site-packages/airflow/example_dags/example_params_trigger_ui.py for tasks to queue
[2024-07-26T00:11:15.147+0000] {logging_mixin.py:188} INFO - [2024-07-26T00:11:15.146+0000] {dagbag.py:545} INFO - Filling up the DagBag from /home/airflow/.local/lib/python3.12/site-packages/airflow/example_dags/example_params_trigger_ui.py
[2024-07-26T00:11:15.154+0000] {processor.py:840} INFO - DAG(s) 'example_params_trigger_ui' retrieved from /home/airflow/.local/lib/python3.12/site-packages/airflow/example_dags/example_params_trigger_ui.py
[2024-07-26T00:11:15.188+0000] {logging_mixin.py:188} INFO - [2024-07-26T00:11:15.188+0000] {dag.py:3089} INFO - Sync 1 DAGs
[2024-07-26T00:11:15.200+0000] {logging_mixin.py:188} INFO - [2024-07-26T00:11:15.199+0000] {dag.py:3947} INFO - Setting next_dagrun for example_params_trigger_ui to None, run_after=None
[2024-07-26T00:11:15.216+0000] {processor.py:183} INFO - Processing /home/airflow/.local/lib/python3.12/site-packages/airflow/example_dags/example_params_trigger_ui.py took 0.077 seconds
[2024-07-26T00:14:37.402+0000] {processor.py:161} INFO - Started process (PID=83) to work on /home/airflow/.local/lib/python3.12/site-packages/airflow/example_dags/example_params_trigger_ui.py
[2024-07-26T00:14:37.405+0000] {processor.py:830} INFO - Processing file /home/airflow/.local/lib/python3.12/site-packages/airflow/example_dags/example_params_trigger_ui.py for tasks to queue
[2024-07-26T00:14:37.407+0000] {logging_mixin.py:188} INFO - [2024-07-26T00:14:37.407+0000] {dagbag.py:545} INFO - Filling up the DagBag from /home/airflow/.local/lib/python3.12/site-packages/airflow/example_dags/example_params_trigger_ui.py
[2024-07-26T00:14:37.421+0000] {processor.py:840} INFO - DAG(s) 'example_params_trigger_ui' retrieved from /home/airflow/.local/lib/python3.12/site-packages/airflow/example_dags/example_params_trigger_ui.py
[2024-07-26T00:14:37.434+0000] {logging_mixin.py:188} INFO - [2024-07-26T00:14:37.434+0000] {dag.py:3089} INFO - Sync 1 DAGs
[2024-07-26T00:14:37.449+0000] {logging_mixin.py:188} INFO - [2024-07-26T00:14:37.448+0000] {dag.py:3947} INFO - Setting next_dagrun for example_params_trigger_ui to None, run_after=None
[2024-07-26T00:14:37.471+0000] {processor.py:183} INFO - Processing /home/airflow/.local/lib/python3.12/site-packages/airflow/example_dags/example_params_trigger_ui.py took 0.077 seconds
[2024-07-26T00:15:09.185+0000] {processor.py:161} INFO - Started process (PID=142) to work on /home/airflow/.local/lib/python3.12/site-packages/airflow/example_dags/example_params_trigger_ui.py
[2024-07-26T00:15:09.185+0000] {processor.py:830} INFO - Processing file /home/airflow/.local/lib/python3.12/site-packages/airflow/example_dags/example_params_trigger_ui.py for tasks to queue
[2024-07-26T00:15:09.187+0000] {logging_mixin.py:188} INFO - [2024-07-26T00:15:09.187+0000] {dagbag.py:545} INFO - Filling up the DagBag from /home/airflow/.local/lib/python3.12/site-packages/airflow/example_dags/example_params_trigger_ui.py
[2024-07-26T00:15:09.193+0000] {processor.py:840} INFO - DAG(s) 'example_params_trigger_ui' retrieved from /home/airflow/.local/lib/python3.12/site-packages/airflow/example_dags/example_params_trigger_ui.py
[2024-07-26T00:15:09.289+0000] {logging_mixin.py:188} INFO - [2024-07-26T00:15:09.288+0000] {dag.py:3089} INFO - Sync 1 DAGs
[2024-07-26T00:15:09.298+0000] {logging_mixin.py:188} INFO - [2024-07-26T00:15:09.298+0000] {dag.py:3947} INFO - Setting next_dagrun for example_params_trigger_ui to None, run_after=None
[2024-07-26T00:15:09.316+0000] {processor.py:183} INFO - Processing /home/airflow/.local/lib/python3.12/site-packages/airflow/example_dags/example_params_trigger_ui.py took 0.135 seconds
[2024-07-26T00:15:40.274+0000] {processor.py:161} INFO - Started process (PID=201) to work on /home/airflow/.local/lib/python3.12/site-packages/airflow/example_dags/example_params_trigger_ui.py
[2024-07-26T00:15:40.275+0000] {processor.py:830} INFO - Processing file /home/airflow/.local/lib/python3.12/site-packages/airflow/example_dags/example_params_trigger_ui.py for tasks to queue
[2024-07-26T00:15:40.277+0000] {logging_mixin.py:188} INFO - [2024-07-26T00:15:40.276+0000] {dagbag.py:545} INFO - Filling up the DagBag from /home/airflow/.local/lib/python3.12/site-packages/airflow/example_dags/example_params_trigger_ui.py
[2024-07-26T00:15:40.284+0000] {processor.py:840} INFO - DAG(s) 'example_params_trigger_ui' retrieved from /home/airflow/.local/lib/python3.12/site-packages/airflow/example_dags/example_params_trigger_ui.py
[2024-07-26T00:15:40.324+0000] {logging_mixin.py:188} INFO - [2024-07-26T00:15:40.324+0000] {dag.py:3089} INFO - Sync 1 DAGs
[2024-07-26T00:15:40.335+0000] {logging_mixin.py:188} INFO - [2024-07-26T00:15:40.335+0000] {dag.py:3947} INFO - Setting next_dagrun for example_params_trigger_ui to None, run_after=None
[2024-07-26T00:15:40.354+0000] {processor.py:183} INFO - Processing /home/airflow/.local/lib/python3.12/site-packages/airflow/example_dags/example_params_trigger_ui.py took 0.084 seconds
[2024-07-26T00:16:10.394+0000] {processor.py:161} INFO - Started process (PID=260) to work on /home/airflow/.local/lib/python3.12/site-packages/airflow/example_dags/example_params_trigger_ui.py
[2024-07-26T00:16:10.395+0000] {processor.py:830} INFO - Processing file /home/airflow/.local/lib/python3.12/site-packages/airflow/example_dags/example_params_trigger_ui.py for tasks to queue
[2024-07-26T00:16:10.396+0000] {logging_mixin.py:188} INFO - [2024-07-26T00:16:10.396+0000] {dagbag.py:545} INFO - Filling up the DagBag from /home/airflow/.local/lib/python3.12/site-packages/airflow/example_dags/example_params_trigger_ui.py
[2024-07-26T00:16:10.402+0000] {processor.py:840} INFO - DAG(s) 'example_params_trigger_ui' retrieved from /home/airflow/.local/lib/python3.12/site-packages/airflow/example_dags/example_params_trigger_ui.py
[2024-07-26T00:16:10.431+0000] {logging_mixin.py:188} INFO - [2024-07-26T00:16:10.431+0000] {dag.py:3089} INFO - Sync 1 DAGs
[2024-07-26T00:16:10.440+0000] {logging_mixin.py:188} INFO - [2024-07-26T00:16:10.440+0000] {dag.py:3947} INFO - Setting next_dagrun for example_params_trigger_ui to None, run_after=None
[2024-07-26T00:16:10.460+0000] {processor.py:183} INFO - Processing /home/airflow/.local/lib/python3.12/site-packages/airflow/example_dags/example_params_trigger_ui.py took 0.069 seconds
[2024-07-26T00:16:41.006+0000] {processor.py:161} INFO - Started process (PID=319) to work on /home/airflow/.local/lib/python3.12/site-packages/airflow/example_dags/example_params_trigger_ui.py
[2024-07-26T00:16:41.006+0000] {processor.py:830} INFO - Processing file /home/airflow/.local/lib/python3.12/site-packages/airflow/example_dags/example_params_trigger_ui.py for tasks to queue
[2024-07-26T00:16:41.008+0000] {logging_mixin.py:188} INFO - [2024-07-26T00:16:41.007+0000] {dagbag.py:545} INFO - Filling up the DagBag from /home/airflow/.local/lib/python3.12/site-packages/airflow/example_dags/example_params_trigger_ui.py
[2024-07-26T00:16:41.015+0000] {processor.py:840} INFO - DAG(s) 'example_params_trigger_ui' retrieved from /home/airflow/.local/lib/python3.12/site-packages/airflow/example_dags/example_params_trigger_ui.py
[2024-07-26T00:16:41.049+0000] {logging_mixin.py:188} INFO - [2024-07-26T00:16:41.048+0000] {dag.py:3089} INFO - Sync 1 DAGs
[2024-07-26T00:16:41.061+0000] {logging_mixin.py:188} INFO - [2024-07-26T00:16:41.060+0000] {dag.py:3947} INFO - Setting next_dagrun for example_params_trigger_ui to None, run_after=None
[2024-07-26T00:16:41.080+0000] {processor.py:183} INFO - Processing /home/airflow/.local/lib/python3.12/site-packages/airflow/example_dags/example_params_trigger_ui.py took 0.079 seconds
[2024-07-26T00:17:11.552+0000] {processor.py:161} INFO - Started process (PID=378) to work on /home/airflow/.local/lib/python3.12/site-packages/airflow/example_dags/example_params_trigger_ui.py
[2024-07-26T00:17:11.553+0000] {processor.py:830} INFO - Processing file /home/airflow/.local/lib/python3.12/site-packages/airflow/example_dags/example_params_trigger_ui.py for tasks to queue
[2024-07-26T00:17:11.554+0000] {logging_mixin.py:188} INFO - [2024-07-26T00:17:11.554+0000] {dagbag.py:545} INFO - Filling up the DagBag from /home/airflow/.local/lib/python3.12/site-packages/airflow/example_dags/example_params_trigger_ui.py
[2024-07-26T00:17:11.560+0000] {processor.py:840} INFO - DAG(s) 'example_params_trigger_ui' retrieved from /home/airflow/.local/lib/python3.12/site-packages/airflow/example_dags/example_params_trigger_ui.py
[2024-07-26T00:17:11.592+0000] {logging_mixin.py:188} INFO - [2024-07-26T00:17:11.592+0000] {dag.py:3089} INFO - Sync 1 DAGs
[2024-07-26T00:17:11.602+0000] {logging_mixin.py:188} INFO - [2024-07-26T00:17:11.602+0000] {dag.py:3947} INFO - Setting next_dagrun for example_params_trigger_ui to None, run_after=None
[2024-07-26T00:17:11.620+0000] {processor.py:183} INFO - Processing /home/airflow/.local/lib/python3.12/site-packages/airflow/example_dags/example_params_trigger_ui.py took 0.071 seconds
[2024-07-26T00:17:42.004+0000] {processor.py:161} INFO - Started process (PID=438) to work on /home/airflow/.local/lib/python3.12/site-packages/airflow/example_dags/example_params_trigger_ui.py
[2024-07-26T00:17:42.005+0000] {processor.py:830} INFO - Processing file /home/airflow/.local/lib/python3.12/site-packages/airflow/example_dags/example_params_trigger_ui.py for tasks to queue
[2024-07-26T00:17:42.006+0000] {logging_mixin.py:188} INFO - [2024-07-26T00:17:42.006+0000] {dagbag.py:545} INFO - Filling up the DagBag from /home/airflow/.local/lib/python3.12/site-packages/airflow/example_dags/example_params_trigger_ui.py
[2024-07-26T00:17:42.013+0000] {processor.py:840} INFO - DAG(s) 'example_params_trigger_ui' retrieved from /home/airflow/.local/lib/python3.12/site-packages/airflow/example_dags/example_params_trigger_ui.py
[2024-07-26T00:17:42.048+0000] {logging_mixin.py:188} INFO - [2024-07-26T00:17:42.047+0000] {dag.py:3089} INFO - Sync 1 DAGs
[2024-07-26T00:17:42.058+0000] {logging_mixin.py:188} INFO - [2024-07-26T00:17:42.058+0000] {dag.py:3947} INFO - Setting next_dagrun for example_params_trigger_ui to None, run_after=None
[2024-07-26T00:17:42.077+0000] {processor.py:183} INFO - Processing /home/airflow/.local/lib/python3.12/site-packages/airflow/example_dags/example_params_trigger_ui.py took 0.077 seconds
[2024-07-26T00:18:12.410+0000] {processor.py:161} INFO - Started process (PID=497) to work on /home/airflow/.local/lib/python3.12/site-packages/airflow/example_dags/example_params_trigger_ui.py
[2024-07-26T00:18:12.411+0000] {processor.py:830} INFO - Processing file /home/airflow/.local/lib/python3.12/site-packages/airflow/example_dags/example_params_trigger_ui.py for tasks to queue
[2024-07-26T00:18:12.412+0000] {logging_mixin.py:188} INFO - [2024-07-26T00:18:12.412+0000] {dagbag.py:545} INFO - Filling up the DagBag from /home/airflow/.local/lib/python3.12/site-packages/airflow/example_dags/example_params_trigger_ui.py
[2024-07-26T00:18:12.424+0000] {processor.py:840} INFO - DAG(s) 'example_params_trigger_ui' retrieved from /home/airflow/.local/lib/python3.12/site-packages/airflow/example_dags/example_params_trigger_ui.py
[2024-07-26T00:18:12.459+0000] {logging_mixin.py:188} INFO - [2024-07-26T00:18:12.459+0000] {dag.py:3089} INFO - Sync 1 DAGs
[2024-07-26T00:18:12.468+0000] {logging_mixin.py:188} INFO - [2024-07-26T00:18:12.468+0000] {dag.py:3947} INFO - Setting next_dagrun for example_params_trigger_ui to None, run_after=None
[2024-07-26T00:18:12.486+0000] {processor.py:183} INFO - Processing /home/airflow/.local/lib/python3.12/site-packages/airflow/example_dags/example_params_trigger_ui.py took 0.081 seconds
