[2024-07-26T00:00:00.493+0000] {processor.py:161} INFO - Started process (PID=12409) to work on /home/airflow/.local/lib/python3.12/site-packages/airflow/example_dags/example_params_ui_tutorial.py
[2024-07-26T00:00:00.493+0000] {processor.py:830} INFO - Processing file /home/airflow/.local/lib/python3.12/site-packages/airflow/example_dags/example_params_ui_tutorial.py for tasks to queue
[2024-07-26T00:00:00.495+0000] {logging_mixin.py:188} INFO - [2024-07-26T00:00:00.495+0000] {dagbag.py:545} INFO - Filling up the DagBag from /home/airflow/.local/lib/python3.12/site-packages/airflow/example_dags/example_params_ui_tutorial.py
[2024-07-26T00:00:00.501+0000] {processor.py:840} INFO - DAG(s) 'example_params_ui_tutorial' retrieved from /home/airflow/.local/lib/python3.12/site-packages/airflow/example_dags/example_params_ui_tutorial.py
[2024-07-26T00:00:00.616+0000] {logging_mixin.py:188} INFO - [2024-07-26T00:00:00.616+0000] {dag.py:3089} INFO - Sync 1 DAGs
[2024-07-26T00:00:00.625+0000] {logging_mixin.py:188} INFO - [2024-07-26T00:00:00.625+0000] {dag.py:3947} INFO - Setting next_dagrun for example_params_ui_tutorial to None, run_after=None
[2024-07-26T00:00:00.643+0000] {processor.py:183} INFO - Processing /home/airflow/.local/lib/python3.12/site-packages/airflow/example_dags/example_params_ui_tutorial.py took 0.154 seconds
[2024-07-26T00:00:31.129+0000] {processor.py:161} INFO - Started process (PID=12468) to work on /home/airflow/.local/lib/python3.12/site-packages/airflow/example_dags/example_params_ui_tutorial.py
[2024-07-26T00:00:31.129+0000] {processor.py:830} INFO - Processing file /home/airflow/.local/lib/python3.12/site-packages/airflow/example_dags/example_params_ui_tutorial.py for tasks to queue
[2024-07-26T00:00:31.131+0000] {logging_mixin.py:188} INFO - [2024-07-26T00:00:31.131+0000] {dagbag.py:545} INFO - Filling up the DagBag from /home/airflow/.local/lib/python3.12/site-packages/airflow/example_dags/example_params_ui_tutorial.py
[2024-07-26T00:00:31.137+0000] {processor.py:840} INFO - DAG(s) 'example_params_ui_tutorial' retrieved from /home/airflow/.local/lib/python3.12/site-packages/airflow/example_dags/example_params_ui_tutorial.py
[2024-07-26T00:00:31.175+0000] {logging_mixin.py:188} INFO - [2024-07-26T00:00:31.175+0000] {dag.py:3089} INFO - Sync 1 DAGs
[2024-07-26T00:00:31.185+0000] {logging_mixin.py:188} INFO - [2024-07-26T00:00:31.185+0000] {dag.py:3947} INFO - Setting next_dagrun for example_params_ui_tutorial to None, run_after=None
[2024-07-26T00:00:31.203+0000] {processor.py:183} INFO - Processing /home/airflow/.local/lib/python3.12/site-packages/airflow/example_dags/example_params_ui_tutorial.py took 0.078 seconds
[2024-07-26T00:01:01.495+0000] {processor.py:161} INFO - Started process (PID=12527) to work on /home/airflow/.local/lib/python3.12/site-packages/airflow/example_dags/example_params_ui_tutorial.py
[2024-07-26T00:01:01.496+0000] {processor.py:830} INFO - Processing file /home/airflow/.local/lib/python3.12/site-packages/airflow/example_dags/example_params_ui_tutorial.py for tasks to queue
[2024-07-26T00:01:01.497+0000] {logging_mixin.py:188} INFO - [2024-07-26T00:01:01.497+0000] {dagbag.py:545} INFO - Filling up the DagBag from /home/airflow/.local/lib/python3.12/site-packages/airflow/example_dags/example_params_ui_tutorial.py
[2024-07-26T00:01:01.503+0000] {processor.py:840} INFO - DAG(s) 'example_params_ui_tutorial' retrieved from /home/airflow/.local/lib/python3.12/site-packages/airflow/example_dags/example_params_ui_tutorial.py
[2024-07-26T00:01:01.540+0000] {logging_mixin.py:188} INFO - [2024-07-26T00:01:01.540+0000] {dag.py:3089} INFO - Sync 1 DAGs
[2024-07-26T00:01:01.549+0000] {logging_mixin.py:188} INFO - [2024-07-26T00:01:01.549+0000] {dag.py:3947} INFO - Setting next_dagrun for example_params_ui_tutorial to None, run_after=None
[2024-07-26T00:01:01.565+0000] {processor.py:183} INFO - Processing /home/airflow/.local/lib/python3.12/site-packages/airflow/example_dags/example_params_ui_tutorial.py took 0.074 seconds
[2024-07-26T00:01:31.824+0000] {processor.py:161} INFO - Started process (PID=12586) to work on /home/airflow/.local/lib/python3.12/site-packages/airflow/example_dags/example_params_ui_tutorial.py
[2024-07-26T00:01:31.825+0000] {processor.py:830} INFO - Processing file /home/airflow/.local/lib/python3.12/site-packages/airflow/example_dags/example_params_ui_tutorial.py for tasks to queue
[2024-07-26T00:01:31.826+0000] {logging_mixin.py:188} INFO - [2024-07-26T00:01:31.826+0000] {dagbag.py:545} INFO - Filling up the DagBag from /home/airflow/.local/lib/python3.12/site-packages/airflow/example_dags/example_params_ui_tutorial.py
[2024-07-26T00:01:31.831+0000] {processor.py:840} INFO - DAG(s) 'example_params_ui_tutorial' retrieved from /home/airflow/.local/lib/python3.12/site-packages/airflow/example_dags/example_params_ui_tutorial.py
[2024-07-26T00:01:31.870+0000] {logging_mixin.py:188} INFO - [2024-07-26T00:01:31.870+0000] {dag.py:3089} INFO - Sync 1 DAGs
[2024-07-26T00:01:31.881+0000] {logging_mixin.py:188} INFO - [2024-07-26T00:01:31.880+0000] {dag.py:3947} INFO - Setting next_dagrun for example_params_ui_tutorial to None, run_after=None
[2024-07-26T00:01:31.897+0000] {processor.py:183} INFO - Processing /home/airflow/.local/lib/python3.12/site-packages/airflow/example_dags/example_params_ui_tutorial.py took 0.077 seconds
[2024-07-26T00:02:02.277+0000] {processor.py:161} INFO - Started process (PID=12645) to work on /home/airflow/.local/lib/python3.12/site-packages/airflow/example_dags/example_params_ui_tutorial.py
[2024-07-26T00:02:02.278+0000] {processor.py:830} INFO - Processing file /home/airflow/.local/lib/python3.12/site-packages/airflow/example_dags/example_params_ui_tutorial.py for tasks to queue
[2024-07-26T00:02:02.279+0000] {logging_mixin.py:188} INFO - [2024-07-26T00:02:02.279+0000] {dagbag.py:545} INFO - Filling up the DagBag from /home/airflow/.local/lib/python3.12/site-packages/airflow/example_dags/example_params_ui_tutorial.py
[2024-07-26T00:02:02.284+0000] {processor.py:840} INFO - DAG(s) 'example_params_ui_tutorial' retrieved from /home/airflow/.local/lib/python3.12/site-packages/airflow/example_dags/example_params_ui_tutorial.py
[2024-07-26T00:02:02.325+0000] {logging_mixin.py:188} INFO - [2024-07-26T00:02:02.324+0000] {dag.py:3089} INFO - Sync 1 DAGs
[2024-07-26T00:02:02.335+0000] {logging_mixin.py:188} INFO - [2024-07-26T00:02:02.335+0000] {dag.py:3947} INFO - Setting next_dagrun for example_params_ui_tutorial to None, run_after=None
[2024-07-26T00:02:02.354+0000] {processor.py:183} INFO - Processing /home/airflow/.local/lib/python3.12/site-packages/airflow/example_dags/example_params_ui_tutorial.py took 0.081 seconds
[2024-07-26T00:02:32.829+0000] {processor.py:161} INFO - Started process (PID=12704) to work on /home/airflow/.local/lib/python3.12/site-packages/airflow/example_dags/example_params_ui_tutorial.py
[2024-07-26T00:02:32.830+0000] {processor.py:830} INFO - Processing file /home/airflow/.local/lib/python3.12/site-packages/airflow/example_dags/example_params_ui_tutorial.py for tasks to queue
[2024-07-26T00:02:32.832+0000] {logging_mixin.py:188} INFO - [2024-07-26T00:02:32.831+0000] {dagbag.py:545} INFO - Filling up the DagBag from /home/airflow/.local/lib/python3.12/site-packages/airflow/example_dags/example_params_ui_tutorial.py
[2024-07-26T00:02:32.837+0000] {processor.py:840} INFO - DAG(s) 'example_params_ui_tutorial' retrieved from /home/airflow/.local/lib/python3.12/site-packages/airflow/example_dags/example_params_ui_tutorial.py
[2024-07-26T00:02:32.875+0000] {logging_mixin.py:188} INFO - [2024-07-26T00:02:32.874+0000] {dag.py:3089} INFO - Sync 1 DAGs
[2024-07-26T00:02:32.885+0000] {logging_mixin.py:188} INFO - [2024-07-26T00:02:32.884+0000] {dag.py:3947} INFO - Setting next_dagrun for example_params_ui_tutorial to None, run_after=None
[2024-07-26T00:02:32.901+0000] {processor.py:183} INFO - Processing /home/airflow/.local/lib/python3.12/site-packages/airflow/example_dags/example_params_ui_tutorial.py took 0.075 seconds
[2024-07-26T00:03:03.184+0000] {processor.py:161} INFO - Started process (PID=12763) to work on /home/airflow/.local/lib/python3.12/site-packages/airflow/example_dags/example_params_ui_tutorial.py
[2024-07-26T00:03:03.185+0000] {processor.py:830} INFO - Processing file /home/airflow/.local/lib/python3.12/site-packages/airflow/example_dags/example_params_ui_tutorial.py for tasks to queue
[2024-07-26T00:03:03.186+0000] {logging_mixin.py:188} INFO - [2024-07-26T00:03:03.186+0000] {dagbag.py:545} INFO - Filling up the DagBag from /home/airflow/.local/lib/python3.12/site-packages/airflow/example_dags/example_params_ui_tutorial.py
[2024-07-26T00:03:03.191+0000] {processor.py:840} INFO - DAG(s) 'example_params_ui_tutorial' retrieved from /home/airflow/.local/lib/python3.12/site-packages/airflow/example_dags/example_params_ui_tutorial.py
[2024-07-26T00:03:03.226+0000] {logging_mixin.py:188} INFO - [2024-07-26T00:03:03.226+0000] {dag.py:3089} INFO - Sync 1 DAGs
[2024-07-26T00:03:03.236+0000] {logging_mixin.py:188} INFO - [2024-07-26T00:03:03.235+0000] {dag.py:3947} INFO - Setting next_dagrun for example_params_ui_tutorial to None, run_after=None
[2024-07-26T00:03:03.252+0000] {processor.py:183} INFO - Processing /home/airflow/.local/lib/python3.12/site-packages/airflow/example_dags/example_params_ui_tutorial.py took 0.071 seconds
[2024-07-26T00:03:33.715+0000] {processor.py:161} INFO - Started process (PID=12822) to work on /home/airflow/.local/lib/python3.12/site-packages/airflow/example_dags/example_params_ui_tutorial.py
[2024-07-26T00:03:33.716+0000] {processor.py:830} INFO - Processing file /home/airflow/.local/lib/python3.12/site-packages/airflow/example_dags/example_params_ui_tutorial.py for tasks to queue
[2024-07-26T00:03:33.717+0000] {logging_mixin.py:188} INFO - [2024-07-26T00:03:33.717+0000] {dagbag.py:545} INFO - Filling up the DagBag from /home/airflow/.local/lib/python3.12/site-packages/airflow/example_dags/example_params_ui_tutorial.py
[2024-07-26T00:03:33.722+0000] {processor.py:840} INFO - DAG(s) 'example_params_ui_tutorial' retrieved from /home/airflow/.local/lib/python3.12/site-packages/airflow/example_dags/example_params_ui_tutorial.py
[2024-07-26T00:03:33.757+0000] {logging_mixin.py:188} INFO - [2024-07-26T00:03:33.757+0000] {dag.py:3089} INFO - Sync 1 DAGs
[2024-07-26T00:03:33.766+0000] {logging_mixin.py:188} INFO - [2024-07-26T00:03:33.766+0000] {dag.py:3947} INFO - Setting next_dagrun for example_params_ui_tutorial to None, run_after=None
[2024-07-26T00:03:33.782+0000] {processor.py:183} INFO - Processing /home/airflow/.local/lib/python3.12/site-packages/airflow/example_dags/example_params_ui_tutorial.py took 0.071 seconds
[2024-07-26T00:04:04.144+0000] {processor.py:161} INFO - Started process (PID=12881) to work on /home/airflow/.local/lib/python3.12/site-packages/airflow/example_dags/example_params_ui_tutorial.py
[2024-07-26T00:04:04.145+0000] {processor.py:830} INFO - Processing file /home/airflow/.local/lib/python3.12/site-packages/airflow/example_dags/example_params_ui_tutorial.py for tasks to queue
[2024-07-26T00:04:04.146+0000] {logging_mixin.py:188} INFO - [2024-07-26T00:04:04.146+0000] {dagbag.py:545} INFO - Filling up the DagBag from /home/airflow/.local/lib/python3.12/site-packages/airflow/example_dags/example_params_ui_tutorial.py
[2024-07-26T00:04:04.151+0000] {processor.py:840} INFO - DAG(s) 'example_params_ui_tutorial' retrieved from /home/airflow/.local/lib/python3.12/site-packages/airflow/example_dags/example_params_ui_tutorial.py
[2024-07-26T00:04:04.186+0000] {logging_mixin.py:188} INFO - [2024-07-26T00:04:04.185+0000] {dag.py:3089} INFO - Sync 1 DAGs
[2024-07-26T00:04:04.195+0000] {logging_mixin.py:188} INFO - [2024-07-26T00:04:04.195+0000] {dag.py:3947} INFO - Setting next_dagrun for example_params_ui_tutorial to None, run_after=None
[2024-07-26T00:04:04.210+0000] {processor.py:183} INFO - Processing /home/airflow/.local/lib/python3.12/site-packages/airflow/example_dags/example_params_ui_tutorial.py took 0.070 seconds
[2024-07-26T00:04:34.636+0000] {processor.py:161} INFO - Started process (PID=12940) to work on /home/airflow/.local/lib/python3.12/site-packages/airflow/example_dags/example_params_ui_tutorial.py
[2024-07-26T00:04:34.637+0000] {processor.py:830} INFO - Processing file /home/airflow/.local/lib/python3.12/site-packages/airflow/example_dags/example_params_ui_tutorial.py for tasks to queue
[2024-07-26T00:04:34.638+0000] {logging_mixin.py:188} INFO - [2024-07-26T00:04:34.638+0000] {dagbag.py:545} INFO - Filling up the DagBag from /home/airflow/.local/lib/python3.12/site-packages/airflow/example_dags/example_params_ui_tutorial.py
[2024-07-26T00:04:34.643+0000] {processor.py:840} INFO - DAG(s) 'example_params_ui_tutorial' retrieved from /home/airflow/.local/lib/python3.12/site-packages/airflow/example_dags/example_params_ui_tutorial.py
[2024-07-26T00:04:34.680+0000] {logging_mixin.py:188} INFO - [2024-07-26T00:04:34.680+0000] {dag.py:3089} INFO - Sync 1 DAGs
[2024-07-26T00:04:34.689+0000] {logging_mixin.py:188} INFO - [2024-07-26T00:04:34.688+0000] {dag.py:3947} INFO - Setting next_dagrun for example_params_ui_tutorial to None, run_after=None
[2024-07-26T00:04:34.704+0000] {processor.py:183} INFO - Processing /home/airflow/.local/lib/python3.12/site-packages/airflow/example_dags/example_params_ui_tutorial.py took 0.072 seconds
[2024-07-26T00:05:05.028+0000] {processor.py:161} INFO - Started process (PID=12999) to work on /home/airflow/.local/lib/python3.12/site-packages/airflow/example_dags/example_params_ui_tutorial.py
[2024-07-26T00:05:05.028+0000] {processor.py:830} INFO - Processing file /home/airflow/.local/lib/python3.12/site-packages/airflow/example_dags/example_params_ui_tutorial.py for tasks to queue
[2024-07-26T00:05:05.030+0000] {logging_mixin.py:188} INFO - [2024-07-26T00:05:05.030+0000] {dagbag.py:545} INFO - Filling up the DagBag from /home/airflow/.local/lib/python3.12/site-packages/airflow/example_dags/example_params_ui_tutorial.py
[2024-07-26T00:05:05.035+0000] {processor.py:840} INFO - DAG(s) 'example_params_ui_tutorial' retrieved from /home/airflow/.local/lib/python3.12/site-packages/airflow/example_dags/example_params_ui_tutorial.py
[2024-07-26T00:05:05.072+0000] {logging_mixin.py:188} INFO - [2024-07-26T00:05:05.072+0000] {dag.py:3089} INFO - Sync 1 DAGs
[2024-07-26T00:05:05.080+0000] {logging_mixin.py:188} INFO - [2024-07-26T00:05:05.080+0000] {dag.py:3947} INFO - Setting next_dagrun for example_params_ui_tutorial to None, run_after=None
[2024-07-26T00:05:05.096+0000] {processor.py:183} INFO - Processing /home/airflow/.local/lib/python3.12/site-packages/airflow/example_dags/example_params_ui_tutorial.py took 0.072 seconds
[2024-07-26T00:05:35.498+0000] {processor.py:161} INFO - Started process (PID=13058) to work on /home/airflow/.local/lib/python3.12/site-packages/airflow/example_dags/example_params_ui_tutorial.py
[2024-07-26T00:05:35.498+0000] {processor.py:830} INFO - Processing file /home/airflow/.local/lib/python3.12/site-packages/airflow/example_dags/example_params_ui_tutorial.py for tasks to queue
[2024-07-26T00:05:35.500+0000] {logging_mixin.py:188} INFO - [2024-07-26T00:05:35.500+0000] {dagbag.py:545} INFO - Filling up the DagBag from /home/airflow/.local/lib/python3.12/site-packages/airflow/example_dags/example_params_ui_tutorial.py
[2024-07-26T00:05:35.505+0000] {processor.py:840} INFO - DAG(s) 'example_params_ui_tutorial' retrieved from /home/airflow/.local/lib/python3.12/site-packages/airflow/example_dags/example_params_ui_tutorial.py
[2024-07-26T00:05:35.546+0000] {logging_mixin.py:188} INFO - [2024-07-26T00:05:35.545+0000] {dag.py:3089} INFO - Sync 1 DAGs
[2024-07-26T00:05:35.556+0000] {logging_mixin.py:188} INFO - [2024-07-26T00:05:35.556+0000] {dag.py:3947} INFO - Setting next_dagrun for example_params_ui_tutorial to None, run_after=None
[2024-07-26T00:05:35.570+0000] {processor.py:183} INFO - Processing /home/airflow/.local/lib/python3.12/site-packages/airflow/example_dags/example_params_ui_tutorial.py took 0.076 seconds
[2024-07-26T00:06:06.001+0000] {processor.py:161} INFO - Started process (PID=13117) to work on /home/airflow/.local/lib/python3.12/site-packages/airflow/example_dags/example_params_ui_tutorial.py
[2024-07-26T00:06:06.002+0000] {processor.py:830} INFO - Processing file /home/airflow/.local/lib/python3.12/site-packages/airflow/example_dags/example_params_ui_tutorial.py for tasks to queue
[2024-07-26T00:06:06.003+0000] {logging_mixin.py:188} INFO - [2024-07-26T00:06:06.003+0000] {dagbag.py:545} INFO - Filling up the DagBag from /home/airflow/.local/lib/python3.12/site-packages/airflow/example_dags/example_params_ui_tutorial.py
[2024-07-26T00:06:06.008+0000] {processor.py:840} INFO - DAG(s) 'example_params_ui_tutorial' retrieved from /home/airflow/.local/lib/python3.12/site-packages/airflow/example_dags/example_params_ui_tutorial.py
[2024-07-26T00:06:06.050+0000] {logging_mixin.py:188} INFO - [2024-07-26T00:06:06.050+0000] {dag.py:3089} INFO - Sync 1 DAGs
[2024-07-26T00:06:06.060+0000] {logging_mixin.py:188} INFO - [2024-07-26T00:06:06.060+0000] {dag.py:3947} INFO - Setting next_dagrun for example_params_ui_tutorial to None, run_after=None
[2024-07-26T00:06:06.075+0000] {processor.py:183} INFO - Processing /home/airflow/.local/lib/python3.12/site-packages/airflow/example_dags/example_params_ui_tutorial.py took 0.079 seconds
[2024-07-26T00:06:36.562+0000] {processor.py:161} INFO - Started process (PID=13176) to work on /home/airflow/.local/lib/python3.12/site-packages/airflow/example_dags/example_params_ui_tutorial.py
[2024-07-26T00:06:36.563+0000] {processor.py:830} INFO - Processing file /home/airflow/.local/lib/python3.12/site-packages/airflow/example_dags/example_params_ui_tutorial.py for tasks to queue
[2024-07-26T00:06:36.565+0000] {logging_mixin.py:188} INFO - [2024-07-26T00:06:36.564+0000] {dagbag.py:545} INFO - Filling up the DagBag from /home/airflow/.local/lib/python3.12/site-packages/airflow/example_dags/example_params_ui_tutorial.py
[2024-07-26T00:06:36.570+0000] {processor.py:840} INFO - DAG(s) 'example_params_ui_tutorial' retrieved from /home/airflow/.local/lib/python3.12/site-packages/airflow/example_dags/example_params_ui_tutorial.py
[2024-07-26T00:06:36.610+0000] {logging_mixin.py:188} INFO - [2024-07-26T00:06:36.610+0000] {dag.py:3089} INFO - Sync 1 DAGs
[2024-07-26T00:06:36.621+0000] {logging_mixin.py:188} INFO - [2024-07-26T00:06:36.621+0000] {dag.py:3947} INFO - Setting next_dagrun for example_params_ui_tutorial to None, run_after=None
[2024-07-26T00:06:36.639+0000] {processor.py:183} INFO - Processing /home/airflow/.local/lib/python3.12/site-packages/airflow/example_dags/example_params_ui_tutorial.py took 0.081 seconds
[2024-07-26T00:07:07.041+0000] {processor.py:161} INFO - Started process (PID=13235) to work on /home/airflow/.local/lib/python3.12/site-packages/airflow/example_dags/example_params_ui_tutorial.py
[2024-07-26T00:07:07.042+0000] {processor.py:830} INFO - Processing file /home/airflow/.local/lib/python3.12/site-packages/airflow/example_dags/example_params_ui_tutorial.py for tasks to queue
[2024-07-26T00:07:07.043+0000] {logging_mixin.py:188} INFO - [2024-07-26T00:07:07.043+0000] {dagbag.py:545} INFO - Filling up the DagBag from /home/airflow/.local/lib/python3.12/site-packages/airflow/example_dags/example_params_ui_tutorial.py
[2024-07-26T00:07:07.048+0000] {processor.py:840} INFO - DAG(s) 'example_params_ui_tutorial' retrieved from /home/airflow/.local/lib/python3.12/site-packages/airflow/example_dags/example_params_ui_tutorial.py
[2024-07-26T00:07:07.081+0000] {logging_mixin.py:188} INFO - [2024-07-26T00:07:07.081+0000] {dag.py:3089} INFO - Sync 1 DAGs
[2024-07-26T00:07:07.091+0000] {logging_mixin.py:188} INFO - [2024-07-26T00:07:07.090+0000] {dag.py:3947} INFO - Setting next_dagrun for example_params_ui_tutorial to None, run_after=None
[2024-07-26T00:07:07.106+0000] {processor.py:183} INFO - Processing /home/airflow/.local/lib/python3.12/site-packages/airflow/example_dags/example_params_ui_tutorial.py took 0.069 seconds
[2024-07-26T00:07:37.487+0000] {processor.py:161} INFO - Started process (PID=13294) to work on /home/airflow/.local/lib/python3.12/site-packages/airflow/example_dags/example_params_ui_tutorial.py
[2024-07-26T00:07:37.488+0000] {processor.py:830} INFO - Processing file /home/airflow/.local/lib/python3.12/site-packages/airflow/example_dags/example_params_ui_tutorial.py for tasks to queue
[2024-07-26T00:07:37.489+0000] {logging_mixin.py:188} INFO - [2024-07-26T00:07:37.489+0000] {dagbag.py:545} INFO - Filling up the DagBag from /home/airflow/.local/lib/python3.12/site-packages/airflow/example_dags/example_params_ui_tutorial.py
[2024-07-26T00:07:37.495+0000] {processor.py:840} INFO - DAG(s) 'example_params_ui_tutorial' retrieved from /home/airflow/.local/lib/python3.12/site-packages/airflow/example_dags/example_params_ui_tutorial.py
[2024-07-26T00:07:37.541+0000] {logging_mixin.py:188} INFO - [2024-07-26T00:07:37.541+0000] {dag.py:3089} INFO - Sync 1 DAGs
[2024-07-26T00:07:37.551+0000] {logging_mixin.py:188} INFO - [2024-07-26T00:07:37.551+0000] {dag.py:3947} INFO - Setting next_dagrun for example_params_ui_tutorial to None, run_after=None
[2024-07-26T00:07:37.570+0000] {processor.py:183} INFO - Processing /home/airflow/.local/lib/python3.12/site-packages/airflow/example_dags/example_params_ui_tutorial.py took 0.087 seconds
[2024-07-26T00:08:07.990+0000] {processor.py:161} INFO - Started process (PID=13353) to work on /home/airflow/.local/lib/python3.12/site-packages/airflow/example_dags/example_params_ui_tutorial.py
[2024-07-26T00:08:07.991+0000] {processor.py:830} INFO - Processing file /home/airflow/.local/lib/python3.12/site-packages/airflow/example_dags/example_params_ui_tutorial.py for tasks to queue
[2024-07-26T00:08:07.992+0000] {logging_mixin.py:188} INFO - [2024-07-26T00:08:07.992+0000] {dagbag.py:545} INFO - Filling up the DagBag from /home/airflow/.local/lib/python3.12/site-packages/airflow/example_dags/example_params_ui_tutorial.py
[2024-07-26T00:08:07.998+0000] {processor.py:840} INFO - DAG(s) 'example_params_ui_tutorial' retrieved from /home/airflow/.local/lib/python3.12/site-packages/airflow/example_dags/example_params_ui_tutorial.py
[2024-07-26T00:08:08.036+0000] {logging_mixin.py:188} INFO - [2024-07-26T00:08:08.035+0000] {dag.py:3089} INFO - Sync 1 DAGs
[2024-07-26T00:08:08.045+0000] {logging_mixin.py:188} INFO - [2024-07-26T00:08:08.045+0000] {dag.py:3947} INFO - Setting next_dagrun for example_params_ui_tutorial to None, run_after=None
[2024-07-26T00:08:08.063+0000] {processor.py:183} INFO - Processing /home/airflow/.local/lib/python3.12/site-packages/airflow/example_dags/example_params_ui_tutorial.py took 0.077 seconds
[2024-07-26T00:08:38.467+0000] {processor.py:161} INFO - Started process (PID=13412) to work on /home/airflow/.local/lib/python3.12/site-packages/airflow/example_dags/example_params_ui_tutorial.py
[2024-07-26T00:08:38.468+0000] {processor.py:830} INFO - Processing file /home/airflow/.local/lib/python3.12/site-packages/airflow/example_dags/example_params_ui_tutorial.py for tasks to queue
[2024-07-26T00:08:38.470+0000] {logging_mixin.py:188} INFO - [2024-07-26T00:08:38.469+0000] {dagbag.py:545} INFO - Filling up the DagBag from /home/airflow/.local/lib/python3.12/site-packages/airflow/example_dags/example_params_ui_tutorial.py
[2024-07-26T00:08:38.475+0000] {processor.py:840} INFO - DAG(s) 'example_params_ui_tutorial' retrieved from /home/airflow/.local/lib/python3.12/site-packages/airflow/example_dags/example_params_ui_tutorial.py
[2024-07-26T00:08:38.511+0000] {logging_mixin.py:188} INFO - [2024-07-26T00:08:38.511+0000] {dag.py:3089} INFO - Sync 1 DAGs
[2024-07-26T00:08:38.522+0000] {logging_mixin.py:188} INFO - [2024-07-26T00:08:38.521+0000] {dag.py:3947} INFO - Setting next_dagrun for example_params_ui_tutorial to None, run_after=None
[2024-07-26T00:08:38.545+0000] {processor.py:183} INFO - Processing /home/airflow/.local/lib/python3.12/site-packages/airflow/example_dags/example_params_ui_tutorial.py took 0.082 seconds
[2024-07-26T00:09:08.979+0000] {processor.py:161} INFO - Started process (PID=13471) to work on /home/airflow/.local/lib/python3.12/site-packages/airflow/example_dags/example_params_ui_tutorial.py
[2024-07-26T00:09:08.980+0000] {processor.py:830} INFO - Processing file /home/airflow/.local/lib/python3.12/site-packages/airflow/example_dags/example_params_ui_tutorial.py for tasks to queue
[2024-07-26T00:09:08.982+0000] {logging_mixin.py:188} INFO - [2024-07-26T00:09:08.981+0000] {dagbag.py:545} INFO - Filling up the DagBag from /home/airflow/.local/lib/python3.12/site-packages/airflow/example_dags/example_params_ui_tutorial.py
[2024-07-26T00:09:08.987+0000] {processor.py:840} INFO - DAG(s) 'example_params_ui_tutorial' retrieved from /home/airflow/.local/lib/python3.12/site-packages/airflow/example_dags/example_params_ui_tutorial.py
[2024-07-26T00:09:09.029+0000] {logging_mixin.py:188} INFO - [2024-07-26T00:09:09.029+0000] {dag.py:3089} INFO - Sync 1 DAGs
[2024-07-26T00:09:09.043+0000] {logging_mixin.py:188} INFO - [2024-07-26T00:09:09.042+0000] {dag.py:3947} INFO - Setting next_dagrun for example_params_ui_tutorial to None, run_after=None
[2024-07-26T00:09:09.062+0000] {processor.py:183} INFO - Processing /home/airflow/.local/lib/python3.12/site-packages/airflow/example_dags/example_params_ui_tutorial.py took 0.088 seconds
[2024-07-26T00:09:39.522+0000] {processor.py:161} INFO - Started process (PID=13530) to work on /home/airflow/.local/lib/python3.12/site-packages/airflow/example_dags/example_params_ui_tutorial.py
[2024-07-26T00:09:39.523+0000] {processor.py:830} INFO - Processing file /home/airflow/.local/lib/python3.12/site-packages/airflow/example_dags/example_params_ui_tutorial.py for tasks to queue
[2024-07-26T00:09:39.525+0000] {logging_mixin.py:188} INFO - [2024-07-26T00:09:39.524+0000] {dagbag.py:545} INFO - Filling up the DagBag from /home/airflow/.local/lib/python3.12/site-packages/airflow/example_dags/example_params_ui_tutorial.py
[2024-07-26T00:09:39.529+0000] {processor.py:840} INFO - DAG(s) 'example_params_ui_tutorial' retrieved from /home/airflow/.local/lib/python3.12/site-packages/airflow/example_dags/example_params_ui_tutorial.py
[2024-07-26T00:09:39.563+0000] {logging_mixin.py:188} INFO - [2024-07-26T00:09:39.563+0000] {dag.py:3089} INFO - Sync 1 DAGs
[2024-07-26T00:09:39.573+0000] {logging_mixin.py:188} INFO - [2024-07-26T00:09:39.573+0000] {dag.py:3947} INFO - Setting next_dagrun for example_params_ui_tutorial to None, run_after=None
[2024-07-26T00:09:39.588+0000] {processor.py:183} INFO - Processing /home/airflow/.local/lib/python3.12/site-packages/airflow/example_dags/example_params_ui_tutorial.py took 0.070 seconds
[2024-07-26T00:10:10.003+0000] {processor.py:161} INFO - Started process (PID=13589) to work on /home/airflow/.local/lib/python3.12/site-packages/airflow/example_dags/example_params_ui_tutorial.py
[2024-07-26T00:10:10.003+0000] {processor.py:830} INFO - Processing file /home/airflow/.local/lib/python3.12/site-packages/airflow/example_dags/example_params_ui_tutorial.py for tasks to queue
[2024-07-26T00:10:10.005+0000] {logging_mixin.py:188} INFO - [2024-07-26T00:10:10.005+0000] {dagbag.py:545} INFO - Filling up the DagBag from /home/airflow/.local/lib/python3.12/site-packages/airflow/example_dags/example_params_ui_tutorial.py
[2024-07-26T00:10:10.010+0000] {processor.py:840} INFO - DAG(s) 'example_params_ui_tutorial' retrieved from /home/airflow/.local/lib/python3.12/site-packages/airflow/example_dags/example_params_ui_tutorial.py
[2024-07-26T00:10:10.049+0000] {logging_mixin.py:188} INFO - [2024-07-26T00:10:10.048+0000] {dag.py:3089} INFO - Sync 1 DAGs
[2024-07-26T00:10:10.058+0000] {logging_mixin.py:188} INFO - [2024-07-26T00:10:10.058+0000] {dag.py:3947} INFO - Setting next_dagrun for example_params_ui_tutorial to None, run_after=None
[2024-07-26T00:10:10.075+0000] {processor.py:183} INFO - Processing /home/airflow/.local/lib/python3.12/site-packages/airflow/example_dags/example_params_ui_tutorial.py took 0.076 seconds
[2024-07-26T00:10:40.467+0000] {processor.py:161} INFO - Started process (PID=13648) to work on /home/airflow/.local/lib/python3.12/site-packages/airflow/example_dags/example_params_ui_tutorial.py
[2024-07-26T00:10:40.467+0000] {processor.py:830} INFO - Processing file /home/airflow/.local/lib/python3.12/site-packages/airflow/example_dags/example_params_ui_tutorial.py for tasks to queue
[2024-07-26T00:10:40.469+0000] {logging_mixin.py:188} INFO - [2024-07-26T00:10:40.468+0000] {dagbag.py:545} INFO - Filling up the DagBag from /home/airflow/.local/lib/python3.12/site-packages/airflow/example_dags/example_params_ui_tutorial.py
[2024-07-26T00:10:40.474+0000] {processor.py:840} INFO - DAG(s) 'example_params_ui_tutorial' retrieved from /home/airflow/.local/lib/python3.12/site-packages/airflow/example_dags/example_params_ui_tutorial.py
[2024-07-26T00:10:40.515+0000] {logging_mixin.py:188} INFO - [2024-07-26T00:10:40.515+0000] {dag.py:3089} INFO - Sync 1 DAGs
[2024-07-26T00:10:40.526+0000] {logging_mixin.py:188} INFO - [2024-07-26T00:10:40.526+0000] {dag.py:3947} INFO - Setting next_dagrun for example_params_ui_tutorial to None, run_after=None
[2024-07-26T00:10:40.544+0000] {processor.py:183} INFO - Processing /home/airflow/.local/lib/python3.12/site-packages/airflow/example_dags/example_params_ui_tutorial.py took 0.081 seconds
[2024-07-26T00:11:11.018+0000] {processor.py:161} INFO - Started process (PID=13707) to work on /home/airflow/.local/lib/python3.12/site-packages/airflow/example_dags/example_params_ui_tutorial.py
[2024-07-26T00:11:11.018+0000] {processor.py:830} INFO - Processing file /home/airflow/.local/lib/python3.12/site-packages/airflow/example_dags/example_params_ui_tutorial.py for tasks to queue
[2024-07-26T00:11:11.020+0000] {logging_mixin.py:188} INFO - [2024-07-26T00:11:11.020+0000] {dagbag.py:545} INFO - Filling up the DagBag from /home/airflow/.local/lib/python3.12/site-packages/airflow/example_dags/example_params_ui_tutorial.py
[2024-07-26T00:11:11.026+0000] {processor.py:840} INFO - DAG(s) 'example_params_ui_tutorial' retrieved from /home/airflow/.local/lib/python3.12/site-packages/airflow/example_dags/example_params_ui_tutorial.py
[2024-07-26T00:11:11.064+0000] {logging_mixin.py:188} INFO - [2024-07-26T00:11:11.064+0000] {dag.py:3089} INFO - Sync 1 DAGs
[2024-07-26T00:11:11.074+0000] {logging_mixin.py:188} INFO - [2024-07-26T00:11:11.074+0000] {dag.py:3947} INFO - Setting next_dagrun for example_params_ui_tutorial to None, run_after=None
[2024-07-26T00:11:11.089+0000] {processor.py:183} INFO - Processing /home/airflow/.local/lib/python3.12/site-packages/airflow/example_dags/example_params_ui_tutorial.py took 0.076 seconds
[2024-07-26T00:11:41.370+0000] {processor.py:161} INFO - Started process (PID=13766) to work on /home/airflow/.local/lib/python3.12/site-packages/airflow/example_dags/example_params_ui_tutorial.py
[2024-07-26T00:11:41.371+0000] {processor.py:830} INFO - Processing file /home/airflow/.local/lib/python3.12/site-packages/airflow/example_dags/example_params_ui_tutorial.py for tasks to queue
[2024-07-26T00:11:41.373+0000] {logging_mixin.py:188} INFO - [2024-07-26T00:11:41.373+0000] {dagbag.py:545} INFO - Filling up the DagBag from /home/airflow/.local/lib/python3.12/site-packages/airflow/example_dags/example_params_ui_tutorial.py
[2024-07-26T00:11:41.378+0000] {processor.py:840} INFO - DAG(s) 'example_params_ui_tutorial' retrieved from /home/airflow/.local/lib/python3.12/site-packages/airflow/example_dags/example_params_ui_tutorial.py
[2024-07-26T00:11:41.418+0000] {logging_mixin.py:188} INFO - [2024-07-26T00:11:41.418+0000] {dag.py:3089} INFO - Sync 1 DAGs
[2024-07-26T00:11:41.428+0000] {logging_mixin.py:188} INFO - [2024-07-26T00:11:41.428+0000] {dag.py:3947} INFO - Setting next_dagrun for example_params_ui_tutorial to None, run_after=None
[2024-07-26T00:11:41.446+0000] {processor.py:183} INFO - Processing /home/airflow/.local/lib/python3.12/site-packages/airflow/example_dags/example_params_ui_tutorial.py took 0.080 seconds
[2024-07-26T00:14:35.971+0000] {processor.py:161} INFO - Started process (PID=58) to work on /home/airflow/.local/lib/python3.12/site-packages/airflow/example_dags/example_params_ui_tutorial.py
[2024-07-26T00:14:35.971+0000] {processor.py:830} INFO - Processing file /home/airflow/.local/lib/python3.12/site-packages/airflow/example_dags/example_params_ui_tutorial.py for tasks to queue
[2024-07-26T00:14:35.974+0000] {logging_mixin.py:188} INFO - [2024-07-26T00:14:35.973+0000] {dagbag.py:545} INFO - Filling up the DagBag from /home/airflow/.local/lib/python3.12/site-packages/airflow/example_dags/example_params_ui_tutorial.py
[2024-07-26T00:14:35.982+0000] {processor.py:840} INFO - DAG(s) 'example_params_ui_tutorial' retrieved from /home/airflow/.local/lib/python3.12/site-packages/airflow/example_dags/example_params_ui_tutorial.py
[2024-07-26T00:14:35.993+0000] {logging_mixin.py:188} INFO - [2024-07-26T00:14:35.993+0000] {dag.py:3089} INFO - Sync 1 DAGs
[2024-07-26T00:14:36.006+0000] {logging_mixin.py:188} INFO - [2024-07-26T00:14:36.006+0000] {dag.py:3947} INFO - Setting next_dagrun for example_params_ui_tutorial to None, run_after=None
[2024-07-26T00:14:36.029+0000] {processor.py:183} INFO - Processing /home/airflow/.local/lib/python3.12/site-packages/airflow/example_dags/example_params_ui_tutorial.py took 0.063 seconds
[2024-07-26T00:15:07.390+0000] {processor.py:161} INFO - Started process (PID=117) to work on /home/airflow/.local/lib/python3.12/site-packages/airflow/example_dags/example_params_ui_tutorial.py
[2024-07-26T00:15:07.391+0000] {processor.py:830} INFO - Processing file /home/airflow/.local/lib/python3.12/site-packages/airflow/example_dags/example_params_ui_tutorial.py for tasks to queue
[2024-07-26T00:15:07.393+0000] {logging_mixin.py:188} INFO - [2024-07-26T00:15:07.393+0000] {dagbag.py:545} INFO - Filling up the DagBag from /home/airflow/.local/lib/python3.12/site-packages/airflow/example_dags/example_params_ui_tutorial.py
[2024-07-26T00:15:07.398+0000] {processor.py:840} INFO - DAG(s) 'example_params_ui_tutorial' retrieved from /home/airflow/.local/lib/python3.12/site-packages/airflow/example_dags/example_params_ui_tutorial.py
[2024-07-26T00:15:07.503+0000] {logging_mixin.py:188} INFO - [2024-07-26T00:15:07.503+0000] {dag.py:3089} INFO - Sync 1 DAGs
[2024-07-26T00:15:07.511+0000] {logging_mixin.py:188} INFO - [2024-07-26T00:15:07.511+0000] {dag.py:3947} INFO - Setting next_dagrun for example_params_ui_tutorial to None, run_after=None
[2024-07-26T00:15:07.526+0000] {processor.py:183} INFO - Processing /home/airflow/.local/lib/python3.12/site-packages/airflow/example_dags/example_params_ui_tutorial.py took 0.141 seconds
[2024-07-26T00:15:38.185+0000] {processor.py:161} INFO - Started process (PID=176) to work on /home/airflow/.local/lib/python3.12/site-packages/airflow/example_dags/example_params_ui_tutorial.py
[2024-07-26T00:15:38.186+0000] {processor.py:830} INFO - Processing file /home/airflow/.local/lib/python3.12/site-packages/airflow/example_dags/example_params_ui_tutorial.py for tasks to queue
[2024-07-26T00:15:38.188+0000] {logging_mixin.py:188} INFO - [2024-07-26T00:15:38.188+0000] {dagbag.py:545} INFO - Filling up the DagBag from /home/airflow/.local/lib/python3.12/site-packages/airflow/example_dags/example_params_ui_tutorial.py
[2024-07-26T00:15:38.194+0000] {processor.py:840} INFO - DAG(s) 'example_params_ui_tutorial' retrieved from /home/airflow/.local/lib/python3.12/site-packages/airflow/example_dags/example_params_ui_tutorial.py
[2024-07-26T00:15:38.233+0000] {logging_mixin.py:188} INFO - [2024-07-26T00:15:38.232+0000] {dag.py:3089} INFO - Sync 1 DAGs
[2024-07-26T00:15:38.243+0000] {logging_mixin.py:188} INFO - [2024-07-26T00:15:38.243+0000] {dag.py:3947} INFO - Setting next_dagrun for example_params_ui_tutorial to None, run_after=None
[2024-07-26T00:15:38.263+0000] {processor.py:183} INFO - Processing /home/airflow/.local/lib/python3.12/site-packages/airflow/example_dags/example_params_ui_tutorial.py took 0.081 seconds
[2024-07-26T00:16:08.311+0000] {processor.py:161} INFO - Started process (PID=235) to work on /home/airflow/.local/lib/python3.12/site-packages/airflow/example_dags/example_params_ui_tutorial.py
[2024-07-26T00:16:08.312+0000] {processor.py:830} INFO - Processing file /home/airflow/.local/lib/python3.12/site-packages/airflow/example_dags/example_params_ui_tutorial.py for tasks to queue
[2024-07-26T00:16:08.314+0000] {logging_mixin.py:188} INFO - [2024-07-26T00:16:08.313+0000] {dagbag.py:545} INFO - Filling up the DagBag from /home/airflow/.local/lib/python3.12/site-packages/airflow/example_dags/example_params_ui_tutorial.py
[2024-07-26T00:16:08.319+0000] {processor.py:840} INFO - DAG(s) 'example_params_ui_tutorial' retrieved from /home/airflow/.local/lib/python3.12/site-packages/airflow/example_dags/example_params_ui_tutorial.py
[2024-07-26T00:16:08.354+0000] {logging_mixin.py:188} INFO - [2024-07-26T00:16:08.354+0000] {dag.py:3089} INFO - Sync 1 DAGs
[2024-07-26T00:16:08.363+0000] {logging_mixin.py:188} INFO - [2024-07-26T00:16:08.363+0000] {dag.py:3947} INFO - Setting next_dagrun for example_params_ui_tutorial to None, run_after=None
[2024-07-26T00:16:08.378+0000] {processor.py:183} INFO - Processing /home/airflow/.local/lib/python3.12/site-packages/airflow/example_dags/example_params_ui_tutorial.py took 0.070 seconds
[2024-07-26T00:16:38.876+0000] {processor.py:161} INFO - Started process (PID=294) to work on /home/airflow/.local/lib/python3.12/site-packages/airflow/example_dags/example_params_ui_tutorial.py
[2024-07-26T00:16:38.877+0000] {processor.py:830} INFO - Processing file /home/airflow/.local/lib/python3.12/site-packages/airflow/example_dags/example_params_ui_tutorial.py for tasks to queue
[2024-07-26T00:16:38.879+0000] {logging_mixin.py:188} INFO - [2024-07-26T00:16:38.878+0000] {dagbag.py:545} INFO - Filling up the DagBag from /home/airflow/.local/lib/python3.12/site-packages/airflow/example_dags/example_params_ui_tutorial.py
[2024-07-26T00:16:38.885+0000] {processor.py:840} INFO - DAG(s) 'example_params_ui_tutorial' retrieved from /home/airflow/.local/lib/python3.12/site-packages/airflow/example_dags/example_params_ui_tutorial.py
[2024-07-26T00:16:38.926+0000] {logging_mixin.py:188} INFO - [2024-07-26T00:16:38.926+0000] {dag.py:3089} INFO - Sync 1 DAGs
[2024-07-26T00:16:38.936+0000] {logging_mixin.py:188} INFO - [2024-07-26T00:16:38.936+0000] {dag.py:3947} INFO - Setting next_dagrun for example_params_ui_tutorial to None, run_after=None
[2024-07-26T00:16:38.954+0000] {processor.py:183} INFO - Processing /home/airflow/.local/lib/python3.12/site-packages/airflow/example_dags/example_params_ui_tutorial.py took 0.083 seconds
[2024-07-26T00:17:09.478+0000] {processor.py:161} INFO - Started process (PID=353) to work on /home/airflow/.local/lib/python3.12/site-packages/airflow/example_dags/example_params_ui_tutorial.py
[2024-07-26T00:17:09.479+0000] {processor.py:830} INFO - Processing file /home/airflow/.local/lib/python3.12/site-packages/airflow/example_dags/example_params_ui_tutorial.py for tasks to queue
[2024-07-26T00:17:09.481+0000] {logging_mixin.py:188} INFO - [2024-07-26T00:17:09.481+0000] {dagbag.py:545} INFO - Filling up the DagBag from /home/airflow/.local/lib/python3.12/site-packages/airflow/example_dags/example_params_ui_tutorial.py
[2024-07-26T00:17:09.486+0000] {processor.py:840} INFO - DAG(s) 'example_params_ui_tutorial' retrieved from /home/airflow/.local/lib/python3.12/site-packages/airflow/example_dags/example_params_ui_tutorial.py
[2024-07-26T00:17:09.525+0000] {logging_mixin.py:188} INFO - [2024-07-26T00:17:09.525+0000] {dag.py:3089} INFO - Sync 1 DAGs
[2024-07-26T00:17:09.536+0000] {logging_mixin.py:188} INFO - [2024-07-26T00:17:09.536+0000] {dag.py:3947} INFO - Setting next_dagrun for example_params_ui_tutorial to None, run_after=None
[2024-07-26T00:17:09.552+0000] {processor.py:183} INFO - Processing /home/airflow/.local/lib/python3.12/site-packages/airflow/example_dags/example_params_ui_tutorial.py took 0.078 seconds
[2024-07-26T00:17:39.992+0000] {processor.py:161} INFO - Started process (PID=413) to work on /home/airflow/.local/lib/python3.12/site-packages/airflow/example_dags/example_params_ui_tutorial.py
[2024-07-26T00:17:39.993+0000] {processor.py:830} INFO - Processing file /home/airflow/.local/lib/python3.12/site-packages/airflow/example_dags/example_params_ui_tutorial.py for tasks to queue
[2024-07-26T00:17:39.995+0000] {logging_mixin.py:188} INFO - [2024-07-26T00:17:39.994+0000] {dagbag.py:545} INFO - Filling up the DagBag from /home/airflow/.local/lib/python3.12/site-packages/airflow/example_dags/example_params_ui_tutorial.py
[2024-07-26T00:17:40.000+0000] {processor.py:840} INFO - DAG(s) 'example_params_ui_tutorial' retrieved from /home/airflow/.local/lib/python3.12/site-packages/airflow/example_dags/example_params_ui_tutorial.py
[2024-07-26T00:17:40.035+0000] {logging_mixin.py:188} INFO - [2024-07-26T00:17:40.035+0000] {dag.py:3089} INFO - Sync 1 DAGs
[2024-07-26T00:17:40.045+0000] {logging_mixin.py:188} INFO - [2024-07-26T00:17:40.044+0000] {dag.py:3947} INFO - Setting next_dagrun for example_params_ui_tutorial to None, run_after=None
[2024-07-26T00:17:40.058+0000] {processor.py:183} INFO - Processing /home/airflow/.local/lib/python3.12/site-packages/airflow/example_dags/example_params_ui_tutorial.py took 0.070 seconds
[2024-07-26T00:18:10.468+0000] {processor.py:161} INFO - Started process (PID=472) to work on /home/airflow/.local/lib/python3.12/site-packages/airflow/example_dags/example_params_ui_tutorial.py
[2024-07-26T00:18:10.469+0000] {processor.py:830} INFO - Processing file /home/airflow/.local/lib/python3.12/site-packages/airflow/example_dags/example_params_ui_tutorial.py for tasks to queue
[2024-07-26T00:18:10.471+0000] {logging_mixin.py:188} INFO - [2024-07-26T00:18:10.471+0000] {dagbag.py:545} INFO - Filling up the DagBag from /home/airflow/.local/lib/python3.12/site-packages/airflow/example_dags/example_params_ui_tutorial.py
[2024-07-26T00:18:10.476+0000] {processor.py:840} INFO - DAG(s) 'example_params_ui_tutorial' retrieved from /home/airflow/.local/lib/python3.12/site-packages/airflow/example_dags/example_params_ui_tutorial.py
[2024-07-26T00:18:10.513+0000] {logging_mixin.py:188} INFO - [2024-07-26T00:18:10.513+0000] {dag.py:3089} INFO - Sync 1 DAGs
[2024-07-26T00:18:10.523+0000] {logging_mixin.py:188} INFO - [2024-07-26T00:18:10.523+0000] {dag.py:3947} INFO - Setting next_dagrun for example_params_ui_tutorial to None, run_after=None
[2024-07-26T00:18:10.538+0000] {processor.py:183} INFO - Processing /home/airflow/.local/lib/python3.12/site-packages/airflow/example_dags/example_params_ui_tutorial.py took 0.073 seconds
