[2024-07-26T00:00:29.542+0000] {processor.py:161} INFO - Started process (PID=12456) to work on /home/airflow/.local/lib/python3.12/site-packages/airflow/example_dags/example_setup_teardown.py
[2024-07-26T00:00:29.543+0000] {processor.py:830} INFO - Processing file /home/airflow/.local/lib/python3.12/site-packages/airflow/example_dags/example_setup_teardown.py for tasks to queue
[2024-07-26T00:00:29.545+0000] {logging_mixin.py:188} INFO - [2024-07-26T00:00:29.544+0000] {dagbag.py:545} INFO - Filling up the DagBag from /home/airflow/.local/lib/python3.12/site-packages/airflow/example_dags/example_setup_teardown.py
[2024-07-26T00:00:29.550+0000] {processor.py:840} INFO - DAG(s) 'example_setup_teardown' retrieved from /home/airflow/.local/lib/python3.12/site-packages/airflow/example_dags/example_setup_teardown.py
[2024-07-26T00:00:29.568+0000] {logging_mixin.py:188} INFO - [2024-07-26T00:00:29.567+0000] {dag.py:3089} INFO - Sync 1 DAGs
[2024-07-26T00:00:29.586+0000] {logging_mixin.py:188} INFO - [2024-07-26T00:00:29.586+0000] {dag.py:3947} INFO - Setting next_dagrun for example_setup_teardown to 2024-07-25 00:00:00+00:00, run_after=2024-07-26 00:00:00+00:00
[2024-07-26T00:00:29.604+0000] {processor.py:183} INFO - Processing /home/airflow/.local/lib/python3.12/site-packages/airflow/example_dags/example_setup_teardown.py took 0.066 seconds
[2024-07-26T00:01:00.009+0000] {processor.py:161} INFO - Started process (PID=12515) to work on /home/airflow/.local/lib/python3.12/site-packages/airflow/example_dags/example_setup_teardown.py
[2024-07-26T00:01:00.010+0000] {processor.py:830} INFO - Processing file /home/airflow/.local/lib/python3.12/site-packages/airflow/example_dags/example_setup_teardown.py for tasks to queue
[2024-07-26T00:01:00.012+0000] {logging_mixin.py:188} INFO - [2024-07-26T00:01:00.012+0000] {dagbag.py:545} INFO - Filling up the DagBag from /home/airflow/.local/lib/python3.12/site-packages/airflow/example_dags/example_setup_teardown.py
[2024-07-26T00:01:00.017+0000] {processor.py:840} INFO - DAG(s) 'example_setup_teardown' retrieved from /home/airflow/.local/lib/python3.12/site-packages/airflow/example_dags/example_setup_teardown.py
[2024-07-26T00:01:00.036+0000] {logging_mixin.py:188} INFO - [2024-07-26T00:01:00.035+0000] {dag.py:3089} INFO - Sync 1 DAGs
[2024-07-26T00:01:00.054+0000] {logging_mixin.py:188} INFO - [2024-07-26T00:01:00.053+0000] {dag.py:3947} INFO - Setting next_dagrun for example_setup_teardown to 2024-07-25 00:00:00+00:00, run_after=2024-07-26 00:00:00+00:00
[2024-07-26T00:01:00.071+0000] {processor.py:183} INFO - Processing /home/airflow/.local/lib/python3.12/site-packages/airflow/example_dags/example_setup_teardown.py took 0.066 seconds
[2024-07-26T00:01:30.335+0000] {processor.py:161} INFO - Started process (PID=12574) to work on /home/airflow/.local/lib/python3.12/site-packages/airflow/example_dags/example_setup_teardown.py
[2024-07-26T00:01:30.335+0000] {processor.py:830} INFO - Processing file /home/airflow/.local/lib/python3.12/site-packages/airflow/example_dags/example_setup_teardown.py for tasks to queue
[2024-07-26T00:01:30.337+0000] {logging_mixin.py:188} INFO - [2024-07-26T00:01:30.337+0000] {dagbag.py:545} INFO - Filling up the DagBag from /home/airflow/.local/lib/python3.12/site-packages/airflow/example_dags/example_setup_teardown.py
[2024-07-26T00:01:30.342+0000] {processor.py:840} INFO - DAG(s) 'example_setup_teardown' retrieved from /home/airflow/.local/lib/python3.12/site-packages/airflow/example_dags/example_setup_teardown.py
[2024-07-26T00:01:30.358+0000] {logging_mixin.py:188} INFO - [2024-07-26T00:01:30.358+0000] {dag.py:3089} INFO - Sync 1 DAGs
[2024-07-26T00:01:30.374+0000] {logging_mixin.py:188} INFO - [2024-07-26T00:01:30.374+0000] {dag.py:3947} INFO - Setting next_dagrun for example_setup_teardown to 2024-07-25 00:00:00+00:00, run_after=2024-07-26 00:00:00+00:00
[2024-07-26T00:01:30.388+0000] {processor.py:183} INFO - Processing /home/airflow/.local/lib/python3.12/site-packages/airflow/example_dags/example_setup_teardown.py took 0.058 seconds
[2024-07-26T00:02:00.767+0000] {processor.py:161} INFO - Started process (PID=12633) to work on /home/airflow/.local/lib/python3.12/site-packages/airflow/example_dags/example_setup_teardown.py
[2024-07-26T00:02:00.768+0000] {processor.py:830} INFO - Processing file /home/airflow/.local/lib/python3.12/site-packages/airflow/example_dags/example_setup_teardown.py for tasks to queue
[2024-07-26T00:02:00.769+0000] {logging_mixin.py:188} INFO - [2024-07-26T00:02:00.769+0000] {dagbag.py:545} INFO - Filling up the DagBag from /home/airflow/.local/lib/python3.12/site-packages/airflow/example_dags/example_setup_teardown.py
[2024-07-26T00:02:00.774+0000] {processor.py:840} INFO - DAG(s) 'example_setup_teardown' retrieved from /home/airflow/.local/lib/python3.12/site-packages/airflow/example_dags/example_setup_teardown.py
[2024-07-26T00:02:00.792+0000] {logging_mixin.py:188} INFO - [2024-07-26T00:02:00.792+0000] {dag.py:3089} INFO - Sync 1 DAGs
[2024-07-26T00:02:00.811+0000] {logging_mixin.py:188} INFO - [2024-07-26T00:02:00.810+0000] {dag.py:3947} INFO - Setting next_dagrun for example_setup_teardown to 2024-07-25 00:00:00+00:00, run_after=2024-07-26 00:00:00+00:00
[2024-07-26T00:02:00.828+0000] {processor.py:183} INFO - Processing /home/airflow/.local/lib/python3.12/site-packages/airflow/example_dags/example_setup_teardown.py took 0.065 seconds
[2024-07-26T00:02:31.248+0000] {processor.py:161} INFO - Started process (PID=12692) to work on /home/airflow/.local/lib/python3.12/site-packages/airflow/example_dags/example_setup_teardown.py
[2024-07-26T00:02:31.249+0000] {processor.py:830} INFO - Processing file /home/airflow/.local/lib/python3.12/site-packages/airflow/example_dags/example_setup_teardown.py for tasks to queue
[2024-07-26T00:02:31.250+0000] {logging_mixin.py:188} INFO - [2024-07-26T00:02:31.250+0000] {dagbag.py:545} INFO - Filling up the DagBag from /home/airflow/.local/lib/python3.12/site-packages/airflow/example_dags/example_setup_teardown.py
[2024-07-26T00:02:31.256+0000] {processor.py:840} INFO - DAG(s) 'example_setup_teardown' retrieved from /home/airflow/.local/lib/python3.12/site-packages/airflow/example_dags/example_setup_teardown.py
[2024-07-26T00:02:31.271+0000] {logging_mixin.py:188} INFO - [2024-07-26T00:02:31.271+0000] {dag.py:3089} INFO - Sync 1 DAGs
[2024-07-26T00:02:31.288+0000] {logging_mixin.py:188} INFO - [2024-07-26T00:02:31.288+0000] {dag.py:3947} INFO - Setting next_dagrun for example_setup_teardown to 2024-07-25 00:00:00+00:00, run_after=2024-07-26 00:00:00+00:00
[2024-07-26T00:02:31.305+0000] {processor.py:183} INFO - Processing /home/airflow/.local/lib/python3.12/site-packages/airflow/example_dags/example_setup_teardown.py took 0.061 seconds
[2024-07-26T00:03:01.658+0000] {processor.py:161} INFO - Started process (PID=12751) to work on /home/airflow/.local/lib/python3.12/site-packages/airflow/example_dags/example_setup_teardown.py
[2024-07-26T00:03:01.659+0000] {processor.py:830} INFO - Processing file /home/airflow/.local/lib/python3.12/site-packages/airflow/example_dags/example_setup_teardown.py for tasks to queue
[2024-07-26T00:03:01.661+0000] {logging_mixin.py:188} INFO - [2024-07-26T00:03:01.661+0000] {dagbag.py:545} INFO - Filling up the DagBag from /home/airflow/.local/lib/python3.12/site-packages/airflow/example_dags/example_setup_teardown.py
[2024-07-26T00:03:01.668+0000] {processor.py:840} INFO - DAG(s) 'example_setup_teardown' retrieved from /home/airflow/.local/lib/python3.12/site-packages/airflow/example_dags/example_setup_teardown.py
[2024-07-26T00:03:01.684+0000] {logging_mixin.py:188} INFO - [2024-07-26T00:03:01.683+0000] {dag.py:3089} INFO - Sync 1 DAGs
[2024-07-26T00:03:01.701+0000] {logging_mixin.py:188} INFO - [2024-07-26T00:03:01.701+0000] {dag.py:3947} INFO - Setting next_dagrun for example_setup_teardown to 2024-07-25 00:00:00+00:00, run_after=2024-07-26 00:00:00+00:00
[2024-07-26T00:03:01.721+0000] {processor.py:183} INFO - Processing /home/airflow/.local/lib/python3.12/site-packages/airflow/example_dags/example_setup_teardown.py took 0.067 seconds
[2024-07-26T00:03:32.198+0000] {processor.py:161} INFO - Started process (PID=12810) to work on /home/airflow/.local/lib/python3.12/site-packages/airflow/example_dags/example_setup_teardown.py
[2024-07-26T00:03:32.198+0000] {processor.py:830} INFO - Processing file /home/airflow/.local/lib/python3.12/site-packages/airflow/example_dags/example_setup_teardown.py for tasks to queue
[2024-07-26T00:03:32.200+0000] {logging_mixin.py:188} INFO - [2024-07-26T00:03:32.200+0000] {dagbag.py:545} INFO - Filling up the DagBag from /home/airflow/.local/lib/python3.12/site-packages/airflow/example_dags/example_setup_teardown.py
[2024-07-26T00:03:32.206+0000] {processor.py:840} INFO - DAG(s) 'example_setup_teardown' retrieved from /home/airflow/.local/lib/python3.12/site-packages/airflow/example_dags/example_setup_teardown.py
[2024-07-26T00:03:32.222+0000] {logging_mixin.py:188} INFO - [2024-07-26T00:03:32.222+0000] {dag.py:3089} INFO - Sync 1 DAGs
[2024-07-26T00:03:32.240+0000] {logging_mixin.py:188} INFO - [2024-07-26T00:03:32.240+0000] {dag.py:3947} INFO - Setting next_dagrun for example_setup_teardown to 2024-07-25 00:00:00+00:00, run_after=2024-07-26 00:00:00+00:00
[2024-07-26T00:03:32.257+0000] {processor.py:183} INFO - Processing /home/airflow/.local/lib/python3.12/site-packages/airflow/example_dags/example_setup_teardown.py took 0.064 seconds
[2024-07-26T00:04:02.582+0000] {processor.py:161} INFO - Started process (PID=12869) to work on /home/airflow/.local/lib/python3.12/site-packages/airflow/example_dags/example_setup_teardown.py
[2024-07-26T00:04:02.582+0000] {processor.py:830} INFO - Processing file /home/airflow/.local/lib/python3.12/site-packages/airflow/example_dags/example_setup_teardown.py for tasks to queue
[2024-07-26T00:04:02.584+0000] {logging_mixin.py:188} INFO - [2024-07-26T00:04:02.584+0000] {dagbag.py:545} INFO - Filling up the DagBag from /home/airflow/.local/lib/python3.12/site-packages/airflow/example_dags/example_setup_teardown.py
[2024-07-26T00:04:02.590+0000] {processor.py:840} INFO - DAG(s) 'example_setup_teardown' retrieved from /home/airflow/.local/lib/python3.12/site-packages/airflow/example_dags/example_setup_teardown.py
[2024-07-26T00:04:02.606+0000] {logging_mixin.py:188} INFO - [2024-07-26T00:04:02.606+0000] {dag.py:3089} INFO - Sync 1 DAGs
[2024-07-26T00:04:02.632+0000] {logging_mixin.py:188} INFO - [2024-07-26T00:04:02.632+0000] {dag.py:3947} INFO - Setting next_dagrun for example_setup_teardown to 2024-07-25 00:00:00+00:00, run_after=2024-07-26 00:00:00+00:00
[2024-07-26T00:04:02.651+0000] {processor.py:183} INFO - Processing /home/airflow/.local/lib/python3.12/site-packages/airflow/example_dags/example_setup_teardown.py took 0.074 seconds
[2024-07-26T00:04:33.053+0000] {processor.py:161} INFO - Started process (PID=12928) to work on /home/airflow/.local/lib/python3.12/site-packages/airflow/example_dags/example_setup_teardown.py
[2024-07-26T00:04:33.053+0000] {processor.py:830} INFO - Processing file /home/airflow/.local/lib/python3.12/site-packages/airflow/example_dags/example_setup_teardown.py for tasks to queue
[2024-07-26T00:04:33.055+0000] {logging_mixin.py:188} INFO - [2024-07-26T00:04:33.055+0000] {dagbag.py:545} INFO - Filling up the DagBag from /home/airflow/.local/lib/python3.12/site-packages/airflow/example_dags/example_setup_teardown.py
[2024-07-26T00:04:33.061+0000] {processor.py:840} INFO - DAG(s) 'example_setup_teardown' retrieved from /home/airflow/.local/lib/python3.12/site-packages/airflow/example_dags/example_setup_teardown.py
[2024-07-26T00:04:33.079+0000] {logging_mixin.py:188} INFO - [2024-07-26T00:04:33.079+0000] {dag.py:3089} INFO - Sync 1 DAGs
[2024-07-26T00:04:33.099+0000] {logging_mixin.py:188} INFO - [2024-07-26T00:04:33.099+0000] {dag.py:3947} INFO - Setting next_dagrun for example_setup_teardown to 2024-07-25 00:00:00+00:00, run_after=2024-07-26 00:00:00+00:00
[2024-07-26T00:04:33.119+0000] {processor.py:183} INFO - Processing /home/airflow/.local/lib/python3.12/site-packages/airflow/example_dags/example_setup_teardown.py took 0.072 seconds
[2024-07-26T00:05:03.502+0000] {processor.py:161} INFO - Started process (PID=12987) to work on /home/airflow/.local/lib/python3.12/site-packages/airflow/example_dags/example_setup_teardown.py
[2024-07-26T00:05:03.502+0000] {processor.py:830} INFO - Processing file /home/airflow/.local/lib/python3.12/site-packages/airflow/example_dags/example_setup_teardown.py for tasks to queue
[2024-07-26T00:05:03.504+0000] {logging_mixin.py:188} INFO - [2024-07-26T00:05:03.504+0000] {dagbag.py:545} INFO - Filling up the DagBag from /home/airflow/.local/lib/python3.12/site-packages/airflow/example_dags/example_setup_teardown.py
[2024-07-26T00:05:03.509+0000] {processor.py:840} INFO - DAG(s) 'example_setup_teardown' retrieved from /home/airflow/.local/lib/python3.12/site-packages/airflow/example_dags/example_setup_teardown.py
[2024-07-26T00:05:03.527+0000] {logging_mixin.py:188} INFO - [2024-07-26T00:05:03.527+0000] {dag.py:3089} INFO - Sync 1 DAGs
[2024-07-26T00:05:03.544+0000] {logging_mixin.py:188} INFO - [2024-07-26T00:05:03.544+0000] {dag.py:3947} INFO - Setting next_dagrun for example_setup_teardown to 2024-07-25 00:00:00+00:00, run_after=2024-07-26 00:00:00+00:00
[2024-07-26T00:05:03.560+0000] {processor.py:183} INFO - Processing /home/airflow/.local/lib/python3.12/site-packages/airflow/example_dags/example_setup_teardown.py took 0.063 seconds
[2024-07-26T00:05:33.982+0000] {processor.py:161} INFO - Started process (PID=13046) to work on /home/airflow/.local/lib/python3.12/site-packages/airflow/example_dags/example_setup_teardown.py
[2024-07-26T00:05:33.983+0000] {processor.py:830} INFO - Processing file /home/airflow/.local/lib/python3.12/site-packages/airflow/example_dags/example_setup_teardown.py for tasks to queue
[2024-07-26T00:05:33.985+0000] {logging_mixin.py:188} INFO - [2024-07-26T00:05:33.984+0000] {dagbag.py:545} INFO - Filling up the DagBag from /home/airflow/.local/lib/python3.12/site-packages/airflow/example_dags/example_setup_teardown.py
[2024-07-26T00:05:33.990+0000] {processor.py:840} INFO - DAG(s) 'example_setup_teardown' retrieved from /home/airflow/.local/lib/python3.12/site-packages/airflow/example_dags/example_setup_teardown.py
[2024-07-26T00:05:34.006+0000] {logging_mixin.py:188} INFO - [2024-07-26T00:05:34.005+0000] {dag.py:3089} INFO - Sync 1 DAGs
[2024-07-26T00:05:34.024+0000] {logging_mixin.py:188} INFO - [2024-07-26T00:05:34.024+0000] {dag.py:3947} INFO - Setting next_dagrun for example_setup_teardown to 2024-07-25 00:00:00+00:00, run_after=2024-07-26 00:00:00+00:00
[2024-07-26T00:05:34.040+0000] {processor.py:183} INFO - Processing /home/airflow/.local/lib/python3.12/site-packages/airflow/example_dags/example_setup_teardown.py took 0.062 seconds
[2024-07-26T00:06:04.493+0000] {processor.py:161} INFO - Started process (PID=13105) to work on /home/airflow/.local/lib/python3.12/site-packages/airflow/example_dags/example_setup_teardown.py
[2024-07-26T00:06:04.493+0000] {processor.py:830} INFO - Processing file /home/airflow/.local/lib/python3.12/site-packages/airflow/example_dags/example_setup_teardown.py for tasks to queue
[2024-07-26T00:06:04.495+0000] {logging_mixin.py:188} INFO - [2024-07-26T00:06:04.495+0000] {dagbag.py:545} INFO - Filling up the DagBag from /home/airflow/.local/lib/python3.12/site-packages/airflow/example_dags/example_setup_teardown.py
[2024-07-26T00:06:04.501+0000] {processor.py:840} INFO - DAG(s) 'example_setup_teardown' retrieved from /home/airflow/.local/lib/python3.12/site-packages/airflow/example_dags/example_setup_teardown.py
[2024-07-26T00:06:04.518+0000] {logging_mixin.py:188} INFO - [2024-07-26T00:06:04.518+0000] {dag.py:3089} INFO - Sync 1 DAGs
[2024-07-26T00:06:04.540+0000] {logging_mixin.py:188} INFO - [2024-07-26T00:06:04.539+0000] {dag.py:3947} INFO - Setting next_dagrun for example_setup_teardown to 2024-07-25 00:00:00+00:00, run_after=2024-07-26 00:00:00+00:00
[2024-07-26T00:06:04.558+0000] {processor.py:183} INFO - Processing /home/airflow/.local/lib/python3.12/site-packages/airflow/example_dags/example_setup_teardown.py took 0.070 seconds
[2024-07-26T00:06:35.054+0000] {processor.py:161} INFO - Started process (PID=13164) to work on /home/airflow/.local/lib/python3.12/site-packages/airflow/example_dags/example_setup_teardown.py
[2024-07-26T00:06:35.055+0000] {processor.py:830} INFO - Processing file /home/airflow/.local/lib/python3.12/site-packages/airflow/example_dags/example_setup_teardown.py for tasks to queue
[2024-07-26T00:06:35.057+0000] {logging_mixin.py:188} INFO - [2024-07-26T00:06:35.056+0000] {dagbag.py:545} INFO - Filling up the DagBag from /home/airflow/.local/lib/python3.12/site-packages/airflow/example_dags/example_setup_teardown.py
[2024-07-26T00:06:35.062+0000] {processor.py:840} INFO - DAG(s) 'example_setup_teardown' retrieved from /home/airflow/.local/lib/python3.12/site-packages/airflow/example_dags/example_setup_teardown.py
[2024-07-26T00:06:35.078+0000] {logging_mixin.py:188} INFO - [2024-07-26T00:06:35.077+0000] {dag.py:3089} INFO - Sync 1 DAGs
[2024-07-26T00:06:35.095+0000] {logging_mixin.py:188} INFO - [2024-07-26T00:06:35.095+0000] {dag.py:3947} INFO - Setting next_dagrun for example_setup_teardown to 2024-07-25 00:00:00+00:00, run_after=2024-07-26 00:00:00+00:00
[2024-07-26T00:06:35.111+0000] {processor.py:183} INFO - Processing /home/airflow/.local/lib/python3.12/site-packages/airflow/example_dags/example_setup_teardown.py took 0.061 seconds
[2024-07-26T00:07:05.550+0000] {processor.py:161} INFO - Started process (PID=13223) to work on /home/airflow/.local/lib/python3.12/site-packages/airflow/example_dags/example_setup_teardown.py
[2024-07-26T00:07:05.551+0000] {processor.py:830} INFO - Processing file /home/airflow/.local/lib/python3.12/site-packages/airflow/example_dags/example_setup_teardown.py for tasks to queue
[2024-07-26T00:07:05.552+0000] {logging_mixin.py:188} INFO - [2024-07-26T00:07:05.552+0000] {dagbag.py:545} INFO - Filling up the DagBag from /home/airflow/.local/lib/python3.12/site-packages/airflow/example_dags/example_setup_teardown.py
[2024-07-26T00:07:05.557+0000] {processor.py:840} INFO - DAG(s) 'example_setup_teardown' retrieved from /home/airflow/.local/lib/python3.12/site-packages/airflow/example_dags/example_setup_teardown.py
[2024-07-26T00:07:05.573+0000] {logging_mixin.py:188} INFO - [2024-07-26T00:07:05.573+0000] {dag.py:3089} INFO - Sync 1 DAGs
[2024-07-26T00:07:05.590+0000] {logging_mixin.py:188} INFO - [2024-07-26T00:07:05.589+0000] {dag.py:3947} INFO - Setting next_dagrun for example_setup_teardown to 2024-07-25 00:00:00+00:00, run_after=2024-07-26 00:00:00+00:00
[2024-07-26T00:07:05.608+0000] {processor.py:183} INFO - Processing /home/airflow/.local/lib/python3.12/site-packages/airflow/example_dags/example_setup_teardown.py took 0.062 seconds
[2024-07-26T00:07:35.926+0000] {processor.py:161} INFO - Started process (PID=13282) to work on /home/airflow/.local/lib/python3.12/site-packages/airflow/example_dags/example_setup_teardown.py
[2024-07-26T00:07:35.927+0000] {processor.py:830} INFO - Processing file /home/airflow/.local/lib/python3.12/site-packages/airflow/example_dags/example_setup_teardown.py for tasks to queue
[2024-07-26T00:07:35.928+0000] {logging_mixin.py:188} INFO - [2024-07-26T00:07:35.928+0000] {dagbag.py:545} INFO - Filling up the DagBag from /home/airflow/.local/lib/python3.12/site-packages/airflow/example_dags/example_setup_teardown.py
[2024-07-26T00:07:35.933+0000] {processor.py:840} INFO - DAG(s) 'example_setup_teardown' retrieved from /home/airflow/.local/lib/python3.12/site-packages/airflow/example_dags/example_setup_teardown.py
[2024-07-26T00:07:35.950+0000] {logging_mixin.py:188} INFO - [2024-07-26T00:07:35.949+0000] {dag.py:3089} INFO - Sync 1 DAGs
[2024-07-26T00:07:35.969+0000] {logging_mixin.py:188} INFO - [2024-07-26T00:07:35.968+0000] {dag.py:3947} INFO - Setting next_dagrun for example_setup_teardown to 2024-07-25 00:00:00+00:00, run_after=2024-07-26 00:00:00+00:00
[2024-07-26T00:07:35.985+0000] {processor.py:183} INFO - Processing /home/airflow/.local/lib/python3.12/site-packages/airflow/example_dags/example_setup_teardown.py took 0.064 seconds
[2024-07-26T00:08:06.498+0000] {processor.py:161} INFO - Started process (PID=13341) to work on /home/airflow/.local/lib/python3.12/site-packages/airflow/example_dags/example_setup_teardown.py
[2024-07-26T00:08:06.499+0000] {processor.py:830} INFO - Processing file /home/airflow/.local/lib/python3.12/site-packages/airflow/example_dags/example_setup_teardown.py for tasks to queue
[2024-07-26T00:08:06.501+0000] {logging_mixin.py:188} INFO - [2024-07-26T00:08:06.500+0000] {dagbag.py:545} INFO - Filling up the DagBag from /home/airflow/.local/lib/python3.12/site-packages/airflow/example_dags/example_setup_teardown.py
[2024-07-26T00:08:06.506+0000] {processor.py:840} INFO - DAG(s) 'example_setup_teardown' retrieved from /home/airflow/.local/lib/python3.12/site-packages/airflow/example_dags/example_setup_teardown.py
[2024-07-26T00:08:06.522+0000] {logging_mixin.py:188} INFO - [2024-07-26T00:08:06.522+0000] {dag.py:3089} INFO - Sync 1 DAGs
[2024-07-26T00:08:06.539+0000] {logging_mixin.py:188} INFO - [2024-07-26T00:08:06.539+0000] {dag.py:3947} INFO - Setting next_dagrun for example_setup_teardown to 2024-07-25 00:00:00+00:00, run_after=2024-07-26 00:00:00+00:00
[2024-07-26T00:08:06.555+0000] {processor.py:183} INFO - Processing /home/airflow/.local/lib/python3.12/site-packages/airflow/example_dags/example_setup_teardown.py took 0.061 seconds
[2024-07-26T00:08:36.939+0000] {processor.py:161} INFO - Started process (PID=13400) to work on /home/airflow/.local/lib/python3.12/site-packages/airflow/example_dags/example_setup_teardown.py
[2024-07-26T00:08:36.940+0000] {processor.py:830} INFO - Processing file /home/airflow/.local/lib/python3.12/site-packages/airflow/example_dags/example_setup_teardown.py for tasks to queue
[2024-07-26T00:08:36.941+0000] {logging_mixin.py:188} INFO - [2024-07-26T00:08:36.941+0000] {dagbag.py:545} INFO - Filling up the DagBag from /home/airflow/.local/lib/python3.12/site-packages/airflow/example_dags/example_setup_teardown.py
[2024-07-26T00:08:36.947+0000] {processor.py:840} INFO - DAG(s) 'example_setup_teardown' retrieved from /home/airflow/.local/lib/python3.12/site-packages/airflow/example_dags/example_setup_teardown.py
[2024-07-26T00:08:36.964+0000] {logging_mixin.py:188} INFO - [2024-07-26T00:08:36.964+0000] {dag.py:3089} INFO - Sync 1 DAGs
[2024-07-26T00:08:36.982+0000] {logging_mixin.py:188} INFO - [2024-07-26T00:08:36.981+0000] {dag.py:3947} INFO - Setting next_dagrun for example_setup_teardown to 2024-07-25 00:00:00+00:00, run_after=2024-07-26 00:00:00+00:00
[2024-07-26T00:08:36.998+0000] {processor.py:183} INFO - Processing /home/airflow/.local/lib/python3.12/site-packages/airflow/example_dags/example_setup_teardown.py took 0.064 seconds
[2024-07-26T00:09:07.404+0000] {processor.py:161} INFO - Started process (PID=13459) to work on /home/airflow/.local/lib/python3.12/site-packages/airflow/example_dags/example_setup_teardown.py
[2024-07-26T00:09:07.405+0000] {processor.py:830} INFO - Processing file /home/airflow/.local/lib/python3.12/site-packages/airflow/example_dags/example_setup_teardown.py for tasks to queue
[2024-07-26T00:09:07.406+0000] {logging_mixin.py:188} INFO - [2024-07-26T00:09:07.406+0000] {dagbag.py:545} INFO - Filling up the DagBag from /home/airflow/.local/lib/python3.12/site-packages/airflow/example_dags/example_setup_teardown.py
[2024-07-26T00:09:07.412+0000] {processor.py:840} INFO - DAG(s) 'example_setup_teardown' retrieved from /home/airflow/.local/lib/python3.12/site-packages/airflow/example_dags/example_setup_teardown.py
[2024-07-26T00:09:07.429+0000] {logging_mixin.py:188} INFO - [2024-07-26T00:09:07.428+0000] {dag.py:3089} INFO - Sync 1 DAGs
[2024-07-26T00:09:07.445+0000] {logging_mixin.py:188} INFO - [2024-07-26T00:09:07.444+0000] {dag.py:3947} INFO - Setting next_dagrun for example_setup_teardown to 2024-07-25 00:00:00+00:00, run_after=2024-07-26 00:00:00+00:00
[2024-07-26T00:09:07.458+0000] {processor.py:183} INFO - Processing /home/airflow/.local/lib/python3.12/site-packages/airflow/example_dags/example_setup_teardown.py took 0.059 seconds
[2024-07-26T00:09:37.994+0000] {processor.py:161} INFO - Started process (PID=13518) to work on /home/airflow/.local/lib/python3.12/site-packages/airflow/example_dags/example_setup_teardown.py
[2024-07-26T00:09:37.995+0000] {processor.py:830} INFO - Processing file /home/airflow/.local/lib/python3.12/site-packages/airflow/example_dags/example_setup_teardown.py for tasks to queue
[2024-07-26T00:09:37.996+0000] {logging_mixin.py:188} INFO - [2024-07-26T00:09:37.996+0000] {dagbag.py:545} INFO - Filling up the DagBag from /home/airflow/.local/lib/python3.12/site-packages/airflow/example_dags/example_setup_teardown.py
[2024-07-26T00:09:38.001+0000] {processor.py:840} INFO - DAG(s) 'example_setup_teardown' retrieved from /home/airflow/.local/lib/python3.12/site-packages/airflow/example_dags/example_setup_teardown.py
[2024-07-26T00:09:38.018+0000] {logging_mixin.py:188} INFO - [2024-07-26T00:09:38.018+0000] {dag.py:3089} INFO - Sync 1 DAGs
[2024-07-26T00:09:38.036+0000] {logging_mixin.py:188} INFO - [2024-07-26T00:09:38.036+0000] {dag.py:3947} INFO - Setting next_dagrun for example_setup_teardown to 2024-07-25 00:00:00+00:00, run_after=2024-07-26 00:00:00+00:00
[2024-07-26T00:09:38.051+0000] {processor.py:183} INFO - Processing /home/airflow/.local/lib/python3.12/site-packages/airflow/example_dags/example_setup_teardown.py took 0.062 seconds
[2024-07-26T00:10:08.488+0000] {processor.py:161} INFO - Started process (PID=13577) to work on /home/airflow/.local/lib/python3.12/site-packages/airflow/example_dags/example_setup_teardown.py
[2024-07-26T00:10:08.489+0000] {processor.py:830} INFO - Processing file /home/airflow/.local/lib/python3.12/site-packages/airflow/example_dags/example_setup_teardown.py for tasks to queue
[2024-07-26T00:10:08.491+0000] {logging_mixin.py:188} INFO - [2024-07-26T00:10:08.491+0000] {dagbag.py:545} INFO - Filling up the DagBag from /home/airflow/.local/lib/python3.12/site-packages/airflow/example_dags/example_setup_teardown.py
[2024-07-26T00:10:08.496+0000] {processor.py:840} INFO - DAG(s) 'example_setup_teardown' retrieved from /home/airflow/.local/lib/python3.12/site-packages/airflow/example_dags/example_setup_teardown.py
[2024-07-26T00:10:08.511+0000] {logging_mixin.py:188} INFO - [2024-07-26T00:10:08.511+0000] {dag.py:3089} INFO - Sync 1 DAGs
[2024-07-26T00:10:08.528+0000] {logging_mixin.py:188} INFO - [2024-07-26T00:10:08.528+0000] {dag.py:3947} INFO - Setting next_dagrun for example_setup_teardown to 2024-07-25 00:00:00+00:00, run_after=2024-07-26 00:00:00+00:00
[2024-07-26T00:10:08.546+0000] {processor.py:183} INFO - Processing /home/airflow/.local/lib/python3.12/site-packages/airflow/example_dags/example_setup_teardown.py took 0.062 seconds
[2024-07-26T00:10:38.970+0000] {processor.py:161} INFO - Started process (PID=13636) to work on /home/airflow/.local/lib/python3.12/site-packages/airflow/example_dags/example_setup_teardown.py
[2024-07-26T00:10:38.971+0000] {processor.py:830} INFO - Processing file /home/airflow/.local/lib/python3.12/site-packages/airflow/example_dags/example_setup_teardown.py for tasks to queue
[2024-07-26T00:10:38.973+0000] {logging_mixin.py:188} INFO - [2024-07-26T00:10:38.972+0000] {dagbag.py:545} INFO - Filling up the DagBag from /home/airflow/.local/lib/python3.12/site-packages/airflow/example_dags/example_setup_teardown.py
[2024-07-26T00:10:38.977+0000] {processor.py:840} INFO - DAG(s) 'example_setup_teardown' retrieved from /home/airflow/.local/lib/python3.12/site-packages/airflow/example_dags/example_setup_teardown.py
[2024-07-26T00:10:38.992+0000] {logging_mixin.py:188} INFO - [2024-07-26T00:10:38.992+0000] {dag.py:3089} INFO - Sync 1 DAGs
[2024-07-26T00:10:39.010+0000] {logging_mixin.py:188} INFO - [2024-07-26T00:10:39.010+0000] {dag.py:3947} INFO - Setting next_dagrun for example_setup_teardown to 2024-07-25 00:00:00+00:00, run_after=2024-07-26 00:00:00+00:00
[2024-07-26T00:10:39.024+0000] {processor.py:183} INFO - Processing /home/airflow/.local/lib/python3.12/site-packages/airflow/example_dags/example_setup_teardown.py took 0.058 seconds
[2024-07-26T00:11:09.493+0000] {processor.py:161} INFO - Started process (PID=13695) to work on /home/airflow/.local/lib/python3.12/site-packages/airflow/example_dags/example_setup_teardown.py
[2024-07-26T00:11:09.494+0000] {processor.py:830} INFO - Processing file /home/airflow/.local/lib/python3.12/site-packages/airflow/example_dags/example_setup_teardown.py for tasks to queue
[2024-07-26T00:11:09.495+0000] {logging_mixin.py:188} INFO - [2024-07-26T00:11:09.495+0000] {dagbag.py:545} INFO - Filling up the DagBag from /home/airflow/.local/lib/python3.12/site-packages/airflow/example_dags/example_setup_teardown.py
[2024-07-26T00:11:09.501+0000] {processor.py:840} INFO - DAG(s) 'example_setup_teardown' retrieved from /home/airflow/.local/lib/python3.12/site-packages/airflow/example_dags/example_setup_teardown.py
[2024-07-26T00:11:09.518+0000] {logging_mixin.py:188} INFO - [2024-07-26T00:11:09.518+0000] {dag.py:3089} INFO - Sync 1 DAGs
[2024-07-26T00:11:09.537+0000] {logging_mixin.py:188} INFO - [2024-07-26T00:11:09.536+0000] {dag.py:3947} INFO - Setting next_dagrun for example_setup_teardown to 2024-07-25 00:00:00+00:00, run_after=2024-07-26 00:00:00+00:00
[2024-07-26T00:11:09.554+0000] {processor.py:183} INFO - Processing /home/airflow/.local/lib/python3.12/site-packages/airflow/example_dags/example_setup_teardown.py took 0.065 seconds
[2024-07-26T00:11:39.844+0000] {processor.py:161} INFO - Started process (PID=13754) to work on /home/airflow/.local/lib/python3.12/site-packages/airflow/example_dags/example_setup_teardown.py
[2024-07-26T00:11:39.845+0000] {processor.py:830} INFO - Processing file /home/airflow/.local/lib/python3.12/site-packages/airflow/example_dags/example_setup_teardown.py for tasks to queue
[2024-07-26T00:11:39.846+0000] {logging_mixin.py:188} INFO - [2024-07-26T00:11:39.846+0000] {dagbag.py:545} INFO - Filling up the DagBag from /home/airflow/.local/lib/python3.12/site-packages/airflow/example_dags/example_setup_teardown.py
[2024-07-26T00:11:39.852+0000] {processor.py:840} INFO - DAG(s) 'example_setup_teardown' retrieved from /home/airflow/.local/lib/python3.12/site-packages/airflow/example_dags/example_setup_teardown.py
[2024-07-26T00:11:39.869+0000] {logging_mixin.py:188} INFO - [2024-07-26T00:11:39.868+0000] {dag.py:3089} INFO - Sync 1 DAGs
[2024-07-26T00:11:39.887+0000] {logging_mixin.py:188} INFO - [2024-07-26T00:11:39.886+0000] {dag.py:3947} INFO - Setting next_dagrun for example_setup_teardown to 2024-07-25 00:00:00+00:00, run_after=2024-07-26 00:00:00+00:00
[2024-07-26T00:11:39.904+0000] {processor.py:183} INFO - Processing /home/airflow/.local/lib/python3.12/site-packages/airflow/example_dags/example_setup_teardown.py took 0.063 seconds
[2024-07-26T00:14:35.289+0000] {processor.py:161} INFO - Started process (PID=46) to work on /home/airflow/.local/lib/python3.12/site-packages/airflow/example_dags/example_setup_teardown.py
[2024-07-26T00:14:35.291+0000] {processor.py:830} INFO - Processing file /home/airflow/.local/lib/python3.12/site-packages/airflow/example_dags/example_setup_teardown.py for tasks to queue
[2024-07-26T00:14:35.293+0000] {logging_mixin.py:188} INFO - [2024-07-26T00:14:35.293+0000] {dagbag.py:545} INFO - Filling up the DagBag from /home/airflow/.local/lib/python3.12/site-packages/airflow/example_dags/example_setup_teardown.py
[2024-07-26T00:14:35.311+0000] {processor.py:840} INFO - DAG(s) 'example_setup_teardown' retrieved from /home/airflow/.local/lib/python3.12/site-packages/airflow/example_dags/example_setup_teardown.py
[2024-07-26T00:14:35.324+0000] {logging_mixin.py:188} INFO - [2024-07-26T00:14:35.324+0000] {dag.py:3089} INFO - Sync 1 DAGs
[2024-07-26T00:14:35.347+0000] {logging_mixin.py:188} INFO - [2024-07-26T00:14:35.347+0000] {dag.py:3947} INFO - Setting next_dagrun for example_setup_teardown to 2024-07-25 00:00:00+00:00, run_after=2024-07-26 00:00:00+00:00
[2024-07-26T00:14:35.373+0000] {processor.py:183} INFO - Processing /home/airflow/.local/lib/python3.12/site-packages/airflow/example_dags/example_setup_teardown.py took 0.089 seconds
[2024-07-26T00:15:06.487+0000] {processor.py:161} INFO - Started process (PID=105) to work on /home/airflow/.local/lib/python3.12/site-packages/airflow/example_dags/example_setup_teardown.py
[2024-07-26T00:15:06.487+0000] {processor.py:830} INFO - Processing file /home/airflow/.local/lib/python3.12/site-packages/airflow/example_dags/example_setup_teardown.py for tasks to queue
[2024-07-26T00:15:06.489+0000] {logging_mixin.py:188} INFO - [2024-07-26T00:15:06.489+0000] {dagbag.py:545} INFO - Filling up the DagBag from /home/airflow/.local/lib/python3.12/site-packages/airflow/example_dags/example_setup_teardown.py
[2024-07-26T00:15:06.494+0000] {processor.py:840} INFO - DAG(s) 'example_setup_teardown' retrieved from /home/airflow/.local/lib/python3.12/site-packages/airflow/example_dags/example_setup_teardown.py
[2024-07-26T00:15:06.580+0000] {logging_mixin.py:188} INFO - [2024-07-26T00:15:06.579+0000] {dag.py:3089} INFO - Sync 1 DAGs
[2024-07-26T00:15:06.598+0000] {logging_mixin.py:188} INFO - [2024-07-26T00:15:06.598+0000] {dag.py:3947} INFO - Setting next_dagrun for example_setup_teardown to 2024-07-25 00:00:00+00:00, run_after=2024-07-26 00:00:00+00:00
[2024-07-26T00:15:06.617+0000] {processor.py:183} INFO - Processing /home/airflow/.local/lib/python3.12/site-packages/airflow/example_dags/example_setup_teardown.py took 0.134 seconds
[2024-07-26T00:15:37.515+0000] {processor.py:161} INFO - Started process (PID=164) to work on /home/airflow/.local/lib/python3.12/site-packages/airflow/example_dags/example_setup_teardown.py
[2024-07-26T00:15:37.516+0000] {processor.py:830} INFO - Processing file /home/airflow/.local/lib/python3.12/site-packages/airflow/example_dags/example_setup_teardown.py for tasks to queue
[2024-07-26T00:15:37.518+0000] {logging_mixin.py:188} INFO - [2024-07-26T00:15:37.517+0000] {dagbag.py:545} INFO - Filling up the DagBag from /home/airflow/.local/lib/python3.12/site-packages/airflow/example_dags/example_setup_teardown.py
[2024-07-26T00:15:37.524+0000] {processor.py:840} INFO - DAG(s) 'example_setup_teardown' retrieved from /home/airflow/.local/lib/python3.12/site-packages/airflow/example_dags/example_setup_teardown.py
[2024-07-26T00:15:37.543+0000] {logging_mixin.py:188} INFO - [2024-07-26T00:15:37.543+0000] {dag.py:3089} INFO - Sync 1 DAGs
[2024-07-26T00:15:37.564+0000] {logging_mixin.py:188} INFO - [2024-07-26T00:15:37.564+0000] {dag.py:3947} INFO - Setting next_dagrun for example_setup_teardown to 2024-07-25 00:00:00+00:00, run_after=2024-07-26 00:00:00+00:00
[2024-07-26T00:15:37.582+0000] {processor.py:183} INFO - Processing /home/airflow/.local/lib/python3.12/site-packages/airflow/example_dags/example_setup_teardown.py took 0.072 seconds
[2024-07-26T00:16:07.676+0000] {processor.py:161} INFO - Started process (PID=223) to work on /home/airflow/.local/lib/python3.12/site-packages/airflow/example_dags/example_setup_teardown.py
[2024-07-26T00:16:07.676+0000] {processor.py:830} INFO - Processing file /home/airflow/.local/lib/python3.12/site-packages/airflow/example_dags/example_setup_teardown.py for tasks to queue
[2024-07-26T00:16:07.678+0000] {logging_mixin.py:188} INFO - [2024-07-26T00:16:07.678+0000] {dagbag.py:545} INFO - Filling up the DagBag from /home/airflow/.local/lib/python3.12/site-packages/airflow/example_dags/example_setup_teardown.py
[2024-07-26T00:16:07.682+0000] {processor.py:840} INFO - DAG(s) 'example_setup_teardown' retrieved from /home/airflow/.local/lib/python3.12/site-packages/airflow/example_dags/example_setup_teardown.py
[2024-07-26T00:16:07.695+0000] {logging_mixin.py:188} INFO - [2024-07-26T00:16:07.695+0000] {dag.py:3089} INFO - Sync 1 DAGs
[2024-07-26T00:16:07.711+0000] {logging_mixin.py:188} INFO - [2024-07-26T00:16:07.711+0000] {dag.py:3947} INFO - Setting next_dagrun for example_setup_teardown to 2024-07-25 00:00:00+00:00, run_after=2024-07-26 00:00:00+00:00
[2024-07-26T00:16:07.726+0000] {processor.py:183} INFO - Processing /home/airflow/.local/lib/python3.12/site-packages/airflow/example_dags/example_setup_teardown.py took 0.055 seconds
[2024-07-26T00:16:38.311+0000] {processor.py:161} INFO - Started process (PID=282) to work on /home/airflow/.local/lib/python3.12/site-packages/airflow/example_dags/example_setup_teardown.py
[2024-07-26T00:16:38.312+0000] {processor.py:830} INFO - Processing file /home/airflow/.local/lib/python3.12/site-packages/airflow/example_dags/example_setup_teardown.py for tasks to queue
[2024-07-26T00:16:38.313+0000] {logging_mixin.py:188} INFO - [2024-07-26T00:16:38.313+0000] {dagbag.py:545} INFO - Filling up the DagBag from /home/airflow/.local/lib/python3.12/site-packages/airflow/example_dags/example_setup_teardown.py
[2024-07-26T00:16:38.318+0000] {processor.py:840} INFO - DAG(s) 'example_setup_teardown' retrieved from /home/airflow/.local/lib/python3.12/site-packages/airflow/example_dags/example_setup_teardown.py
[2024-07-26T00:16:38.334+0000] {logging_mixin.py:188} INFO - [2024-07-26T00:16:38.334+0000] {dag.py:3089} INFO - Sync 1 DAGs
[2024-07-26T00:16:38.350+0000] {logging_mixin.py:188} INFO - [2024-07-26T00:16:38.350+0000] {dag.py:3947} INFO - Setting next_dagrun for example_setup_teardown to 2024-07-25 00:00:00+00:00, run_after=2024-07-26 00:00:00+00:00
[2024-07-26T00:16:38.366+0000] {processor.py:183} INFO - Processing /home/airflow/.local/lib/python3.12/site-packages/airflow/example_dags/example_setup_teardown.py took 0.059 seconds
[2024-07-26T00:17:08.867+0000] {processor.py:161} INFO - Started process (PID=341) to work on /home/airflow/.local/lib/python3.12/site-packages/airflow/example_dags/example_setup_teardown.py
[2024-07-26T00:17:08.868+0000] {processor.py:830} INFO - Processing file /home/airflow/.local/lib/python3.12/site-packages/airflow/example_dags/example_setup_teardown.py for tasks to queue
[2024-07-26T00:17:08.869+0000] {logging_mixin.py:188} INFO - [2024-07-26T00:17:08.869+0000] {dagbag.py:545} INFO - Filling up the DagBag from /home/airflow/.local/lib/python3.12/site-packages/airflow/example_dags/example_setup_teardown.py
[2024-07-26T00:17:08.875+0000] {processor.py:840} INFO - DAG(s) 'example_setup_teardown' retrieved from /home/airflow/.local/lib/python3.12/site-packages/airflow/example_dags/example_setup_teardown.py
[2024-07-26T00:17:08.891+0000] {logging_mixin.py:188} INFO - [2024-07-26T00:17:08.891+0000] {dag.py:3089} INFO - Sync 1 DAGs
[2024-07-26T00:17:08.907+0000] {logging_mixin.py:188} INFO - [2024-07-26T00:17:08.907+0000] {dag.py:3947} INFO - Setting next_dagrun for example_setup_teardown to 2024-07-25 00:00:00+00:00, run_after=2024-07-26 00:00:00+00:00
[2024-07-26T00:17:08.923+0000] {processor.py:183} INFO - Processing /home/airflow/.local/lib/python3.12/site-packages/airflow/example_dags/example_setup_teardown.py took 0.061 seconds
[2024-07-26T00:17:39.443+0000] {processor.py:161} INFO - Started process (PID=401) to work on /home/airflow/.local/lib/python3.12/site-packages/airflow/example_dags/example_setup_teardown.py
[2024-07-26T00:17:39.444+0000] {processor.py:830} INFO - Processing file /home/airflow/.local/lib/python3.12/site-packages/airflow/example_dags/example_setup_teardown.py for tasks to queue
[2024-07-26T00:17:39.445+0000] {logging_mixin.py:188} INFO - [2024-07-26T00:17:39.445+0000] {dagbag.py:545} INFO - Filling up the DagBag from /home/airflow/.local/lib/python3.12/site-packages/airflow/example_dags/example_setup_teardown.py
[2024-07-26T00:17:39.450+0000] {processor.py:840} INFO - DAG(s) 'example_setup_teardown' retrieved from /home/airflow/.local/lib/python3.12/site-packages/airflow/example_dags/example_setup_teardown.py
[2024-07-26T00:17:39.470+0000] {logging_mixin.py:188} INFO - [2024-07-26T00:17:39.470+0000] {dag.py:3089} INFO - Sync 1 DAGs
[2024-07-26T00:17:39.489+0000] {logging_mixin.py:188} INFO - [2024-07-26T00:17:39.489+0000] {dag.py:3947} INFO - Setting next_dagrun for example_setup_teardown to 2024-07-25 00:00:00+00:00, run_after=2024-07-26 00:00:00+00:00
[2024-07-26T00:17:39.509+0000] {processor.py:183} INFO - Processing /home/airflow/.local/lib/python3.12/site-packages/airflow/example_dags/example_setup_teardown.py took 0.070 seconds
[2024-07-26T00:18:09.911+0000] {processor.py:161} INFO - Started process (PID=460) to work on /home/airflow/.local/lib/python3.12/site-packages/airflow/example_dags/example_setup_teardown.py
[2024-07-26T00:18:09.912+0000] {processor.py:830} INFO - Processing file /home/airflow/.local/lib/python3.12/site-packages/airflow/example_dags/example_setup_teardown.py for tasks to queue
[2024-07-26T00:18:09.913+0000] {logging_mixin.py:188} INFO - [2024-07-26T00:18:09.913+0000] {dagbag.py:545} INFO - Filling up the DagBag from /home/airflow/.local/lib/python3.12/site-packages/airflow/example_dags/example_setup_teardown.py
[2024-07-26T00:18:09.917+0000] {processor.py:840} INFO - DAG(s) 'example_setup_teardown' retrieved from /home/airflow/.local/lib/python3.12/site-packages/airflow/example_dags/example_setup_teardown.py
[2024-07-26T00:18:09.932+0000] {logging_mixin.py:188} INFO - [2024-07-26T00:18:09.932+0000] {dag.py:3089} INFO - Sync 1 DAGs
[2024-07-26T00:18:09.946+0000] {logging_mixin.py:188} INFO - [2024-07-26T00:18:09.946+0000] {dag.py:3947} INFO - Setting next_dagrun for example_setup_teardown to 2024-07-25 00:00:00+00:00, run_after=2024-07-26 00:00:00+00:00
[2024-07-26T00:18:09.960+0000] {processor.py:183} INFO - Processing /home/airflow/.local/lib/python3.12/site-packages/airflow/example_dags/example_setup_teardown.py took 0.052 seconds
