[2024-07-26T00:00:03.449+0000] {processor.py:161} INFO - Started process (PID=12429) to work on /home/airflow/.local/lib/python3.12/site-packages/airflow/example_dags/example_complex.py
[2024-07-26T00:00:03.450+0000] {processor.py:830} INFO - Processing file /home/airflow/.local/lib/python3.12/site-packages/airflow/example_dags/example_complex.py for tasks to queue
[2024-07-26T00:00:03.452+0000] {logging_mixin.py:188} INFO - [2024-07-26T00:00:03.452+0000] {dagbag.py:545} INFO - Filling up the DagBag from /home/airflow/.local/lib/python3.12/site-packages/airflow/example_dags/example_complex.py
[2024-07-26T00:00:03.460+0000] {processor.py:840} INFO - DAG(s) 'example_complex' retrieved from /home/airflow/.local/lib/python3.12/site-packages/airflow/example_dags/example_complex.py
[2024-07-26T00:00:03.483+0000] {logging_mixin.py:188} INFO - [2024-07-26T00:00:03.483+0000] {dag.py:3089} INFO - Sync 1 DAGs
[2024-07-26T00:00:03.494+0000] {logging_mixin.py:188} INFO - [2024-07-26T00:00:03.494+0000] {dag.py:3947} INFO - Setting next_dagrun for example_complex to None, run_after=None
[2024-07-26T00:00:03.513+0000] {processor.py:183} INFO - Processing /home/airflow/.local/lib/python3.12/site-packages/airflow/example_dags/example_complex.py took 0.067 seconds
[2024-07-26T00:00:33.992+0000] {processor.py:161} INFO - Started process (PID=12488) to work on /home/airflow/.local/lib/python3.12/site-packages/airflow/example_dags/example_complex.py
[2024-07-26T00:00:33.993+0000] {processor.py:830} INFO - Processing file /home/airflow/.local/lib/python3.12/site-packages/airflow/example_dags/example_complex.py for tasks to queue
[2024-07-26T00:00:33.994+0000] {logging_mixin.py:188} INFO - [2024-07-26T00:00:33.994+0000] {dagbag.py:545} INFO - Filling up the DagBag from /home/airflow/.local/lib/python3.12/site-packages/airflow/example_dags/example_complex.py
[2024-07-26T00:00:34.002+0000] {processor.py:840} INFO - DAG(s) 'example_complex' retrieved from /home/airflow/.local/lib/python3.12/site-packages/airflow/example_dags/example_complex.py
[2024-07-26T00:00:34.027+0000] {logging_mixin.py:188} INFO - [2024-07-26T00:00:34.027+0000] {dag.py:3089} INFO - Sync 1 DAGs
[2024-07-26T00:00:34.037+0000] {logging_mixin.py:188} INFO - [2024-07-26T00:00:34.037+0000] {dag.py:3947} INFO - Setting next_dagrun for example_complex to None, run_after=None
[2024-07-26T00:00:34.063+0000] {processor.py:183} INFO - Processing /home/airflow/.local/lib/python3.12/site-packages/airflow/example_dags/example_complex.py took 0.075 seconds
[2024-07-26T00:01:04.355+0000] {processor.py:161} INFO - Started process (PID=12547) to work on /home/airflow/.local/lib/python3.12/site-packages/airflow/example_dags/example_complex.py
[2024-07-26T00:01:04.356+0000] {processor.py:830} INFO - Processing file /home/airflow/.local/lib/python3.12/site-packages/airflow/example_dags/example_complex.py for tasks to queue
[2024-07-26T00:01:04.357+0000] {logging_mixin.py:188} INFO - [2024-07-26T00:01:04.357+0000] {dagbag.py:545} INFO - Filling up the DagBag from /home/airflow/.local/lib/python3.12/site-packages/airflow/example_dags/example_complex.py
[2024-07-26T00:01:04.364+0000] {processor.py:840} INFO - DAG(s) 'example_complex' retrieved from /home/airflow/.local/lib/python3.12/site-packages/airflow/example_dags/example_complex.py
[2024-07-26T00:01:04.389+0000] {logging_mixin.py:188} INFO - [2024-07-26T00:01:04.389+0000] {dag.py:3089} INFO - Sync 1 DAGs
[2024-07-26T00:01:04.400+0000] {logging_mixin.py:188} INFO - [2024-07-26T00:01:04.399+0000] {dag.py:3947} INFO - Setting next_dagrun for example_complex to None, run_after=None
[2024-07-26T00:01:04.414+0000] {processor.py:183} INFO - Processing /home/airflow/.local/lib/python3.12/site-packages/airflow/example_dags/example_complex.py took 0.064 seconds
[2024-07-26T00:01:34.683+0000] {processor.py:161} INFO - Started process (PID=12606) to work on /home/airflow/.local/lib/python3.12/site-packages/airflow/example_dags/example_complex.py
[2024-07-26T00:01:34.683+0000] {processor.py:830} INFO - Processing file /home/airflow/.local/lib/python3.12/site-packages/airflow/example_dags/example_complex.py for tasks to queue
[2024-07-26T00:01:34.685+0000] {logging_mixin.py:188} INFO - [2024-07-26T00:01:34.685+0000] {dagbag.py:545} INFO - Filling up the DagBag from /home/airflow/.local/lib/python3.12/site-packages/airflow/example_dags/example_complex.py
[2024-07-26T00:01:34.692+0000] {processor.py:840} INFO - DAG(s) 'example_complex' retrieved from /home/airflow/.local/lib/python3.12/site-packages/airflow/example_dags/example_complex.py
[2024-07-26T00:01:34.719+0000] {logging_mixin.py:188} INFO - [2024-07-26T00:01:34.719+0000] {dag.py:3089} INFO - Sync 1 DAGs
[2024-07-26T00:01:34.730+0000] {logging_mixin.py:188} INFO - [2024-07-26T00:01:34.730+0000] {dag.py:3947} INFO - Setting next_dagrun for example_complex to None, run_after=None
[2024-07-26T00:01:34.754+0000] {processor.py:183} INFO - Processing /home/airflow/.local/lib/python3.12/site-packages/airflow/example_dags/example_complex.py took 0.075 seconds
[2024-07-26T00:02:05.176+0000] {processor.py:161} INFO - Started process (PID=12665) to work on /home/airflow/.local/lib/python3.12/site-packages/airflow/example_dags/example_complex.py
[2024-07-26T00:02:05.177+0000] {processor.py:830} INFO - Processing file /home/airflow/.local/lib/python3.12/site-packages/airflow/example_dags/example_complex.py for tasks to queue
[2024-07-26T00:02:05.179+0000] {logging_mixin.py:188} INFO - [2024-07-26T00:02:05.178+0000] {dagbag.py:545} INFO - Filling up the DagBag from /home/airflow/.local/lib/python3.12/site-packages/airflow/example_dags/example_complex.py
[2024-07-26T00:02:05.186+0000] {processor.py:840} INFO - DAG(s) 'example_complex' retrieved from /home/airflow/.local/lib/python3.12/site-packages/airflow/example_dags/example_complex.py
[2024-07-26T00:02:05.210+0000] {logging_mixin.py:188} INFO - [2024-07-26T00:02:05.210+0000] {dag.py:3089} INFO - Sync 1 DAGs
[2024-07-26T00:02:05.222+0000] {logging_mixin.py:188} INFO - [2024-07-26T00:02:05.221+0000] {dag.py:3947} INFO - Setting next_dagrun for example_complex to None, run_after=None
[2024-07-26T00:02:05.247+0000] {processor.py:183} INFO - Processing /home/airflow/.local/lib/python3.12/site-packages/airflow/example_dags/example_complex.py took 0.075 seconds
[2024-07-26T00:02:35.593+0000] {processor.py:161} INFO - Started process (PID=12724) to work on /home/airflow/.local/lib/python3.12/site-packages/airflow/example_dags/example_complex.py
[2024-07-26T00:02:35.594+0000] {processor.py:830} INFO - Processing file /home/airflow/.local/lib/python3.12/site-packages/airflow/example_dags/example_complex.py for tasks to queue
[2024-07-26T00:02:35.596+0000] {logging_mixin.py:188} INFO - [2024-07-26T00:02:35.596+0000] {dagbag.py:545} INFO - Filling up the DagBag from /home/airflow/.local/lib/python3.12/site-packages/airflow/example_dags/example_complex.py
[2024-07-26T00:02:35.603+0000] {processor.py:840} INFO - DAG(s) 'example_complex' retrieved from /home/airflow/.local/lib/python3.12/site-packages/airflow/example_dags/example_complex.py
[2024-07-26T00:02:35.628+0000] {logging_mixin.py:188} INFO - [2024-07-26T00:02:35.628+0000] {dag.py:3089} INFO - Sync 1 DAGs
[2024-07-26T00:02:35.638+0000] {logging_mixin.py:188} INFO - [2024-07-26T00:02:35.638+0000] {dag.py:3947} INFO - Setting next_dagrun for example_complex to None, run_after=None
[2024-07-26T00:02:35.653+0000] {processor.py:183} INFO - Processing /home/airflow/.local/lib/python3.12/site-packages/airflow/example_dags/example_complex.py took 0.064 seconds
[2024-07-26T00:03:06.167+0000] {processor.py:161} INFO - Started process (PID=12783) to work on /home/airflow/.local/lib/python3.12/site-packages/airflow/example_dags/example_complex.py
[2024-07-26T00:03:06.167+0000] {processor.py:830} INFO - Processing file /home/airflow/.local/lib/python3.12/site-packages/airflow/example_dags/example_complex.py for tasks to queue
[2024-07-26T00:03:06.169+0000] {logging_mixin.py:188} INFO - [2024-07-26T00:03:06.169+0000] {dagbag.py:545} INFO - Filling up the DagBag from /home/airflow/.local/lib/python3.12/site-packages/airflow/example_dags/example_complex.py
[2024-07-26T00:03:06.176+0000] {processor.py:840} INFO - DAG(s) 'example_complex' retrieved from /home/airflow/.local/lib/python3.12/site-packages/airflow/example_dags/example_complex.py
[2024-07-26T00:03:06.201+0000] {logging_mixin.py:188} INFO - [2024-07-26T00:03:06.201+0000] {dag.py:3089} INFO - Sync 1 DAGs
[2024-07-26T00:03:06.211+0000] {logging_mixin.py:188} INFO - [2024-07-26T00:03:06.211+0000] {dag.py:3947} INFO - Setting next_dagrun for example_complex to None, run_after=None
[2024-07-26T00:03:06.227+0000] {processor.py:183} INFO - Processing /home/airflow/.local/lib/python3.12/site-packages/airflow/example_dags/example_complex.py took 0.065 seconds
[2024-07-26T00:03:36.631+0000] {processor.py:161} INFO - Started process (PID=12842) to work on /home/airflow/.local/lib/python3.12/site-packages/airflow/example_dags/example_complex.py
[2024-07-26T00:03:36.632+0000] {processor.py:830} INFO - Processing file /home/airflow/.local/lib/python3.12/site-packages/airflow/example_dags/example_complex.py for tasks to queue
[2024-07-26T00:03:36.634+0000] {logging_mixin.py:188} INFO - [2024-07-26T00:03:36.633+0000] {dagbag.py:545} INFO - Filling up the DagBag from /home/airflow/.local/lib/python3.12/site-packages/airflow/example_dags/example_complex.py
[2024-07-26T00:03:36.642+0000] {processor.py:840} INFO - DAG(s) 'example_complex' retrieved from /home/airflow/.local/lib/python3.12/site-packages/airflow/example_dags/example_complex.py
[2024-07-26T00:03:36.669+0000] {logging_mixin.py:188} INFO - [2024-07-26T00:03:36.669+0000] {dag.py:3089} INFO - Sync 1 DAGs
[2024-07-26T00:03:36.681+0000] {logging_mixin.py:188} INFO - [2024-07-26T00:03:36.680+0000] {dag.py:3947} INFO - Setting next_dagrun for example_complex to None, run_after=None
[2024-07-26T00:03:36.701+0000] {processor.py:183} INFO - Processing /home/airflow/.local/lib/python3.12/site-packages/airflow/example_dags/example_complex.py took 0.075 seconds
[2024-07-26T00:04:06.987+0000] {processor.py:161} INFO - Started process (PID=12901) to work on /home/airflow/.local/lib/python3.12/site-packages/airflow/example_dags/example_complex.py
[2024-07-26T00:04:06.988+0000] {processor.py:830} INFO - Processing file /home/airflow/.local/lib/python3.12/site-packages/airflow/example_dags/example_complex.py for tasks to queue
[2024-07-26T00:04:06.989+0000] {logging_mixin.py:188} INFO - [2024-07-26T00:04:06.989+0000] {dagbag.py:545} INFO - Filling up the DagBag from /home/airflow/.local/lib/python3.12/site-packages/airflow/example_dags/example_complex.py
[2024-07-26T00:04:06.997+0000] {processor.py:840} INFO - DAG(s) 'example_complex' retrieved from /home/airflow/.local/lib/python3.12/site-packages/airflow/example_dags/example_complex.py
[2024-07-26T00:04:07.020+0000] {logging_mixin.py:188} INFO - [2024-07-26T00:04:07.020+0000] {dag.py:3089} INFO - Sync 1 DAGs
[2024-07-26T00:04:07.029+0000] {logging_mixin.py:188} INFO - [2024-07-26T00:04:07.029+0000] {dag.py:3947} INFO - Setting next_dagrun for example_complex to None, run_after=None
[2024-07-26T00:04:07.045+0000] {processor.py:183} INFO - Processing /home/airflow/.local/lib/python3.12/site-packages/airflow/example_dags/example_complex.py took 0.062 seconds
[2024-07-26T00:04:37.462+0000] {processor.py:161} INFO - Started process (PID=12960) to work on /home/airflow/.local/lib/python3.12/site-packages/airflow/example_dags/example_complex.py
[2024-07-26T00:04:37.463+0000] {processor.py:830} INFO - Processing file /home/airflow/.local/lib/python3.12/site-packages/airflow/example_dags/example_complex.py for tasks to queue
[2024-07-26T00:04:37.465+0000] {logging_mixin.py:188} INFO - [2024-07-26T00:04:37.465+0000] {dagbag.py:545} INFO - Filling up the DagBag from /home/airflow/.local/lib/python3.12/site-packages/airflow/example_dags/example_complex.py
[2024-07-26T00:04:37.472+0000] {processor.py:840} INFO - DAG(s) 'example_complex' retrieved from /home/airflow/.local/lib/python3.12/site-packages/airflow/example_dags/example_complex.py
[2024-07-26T00:04:37.494+0000] {logging_mixin.py:188} INFO - [2024-07-26T00:04:37.494+0000] {dag.py:3089} INFO - Sync 1 DAGs
[2024-07-26T00:04:37.504+0000] {logging_mixin.py:188} INFO - [2024-07-26T00:04:37.504+0000] {dag.py:3947} INFO - Setting next_dagrun for example_complex to None, run_after=None
[2024-07-26T00:04:37.527+0000] {processor.py:183} INFO - Processing /home/airflow/.local/lib/python3.12/site-packages/airflow/example_dags/example_complex.py took 0.069 seconds
[2024-07-26T00:05:07.951+0000] {processor.py:161} INFO - Started process (PID=13019) to work on /home/airflow/.local/lib/python3.12/site-packages/airflow/example_dags/example_complex.py
[2024-07-26T00:05:07.952+0000] {processor.py:830} INFO - Processing file /home/airflow/.local/lib/python3.12/site-packages/airflow/example_dags/example_complex.py for tasks to queue
[2024-07-26T00:05:07.954+0000] {logging_mixin.py:188} INFO - [2024-07-26T00:05:07.953+0000] {dagbag.py:545} INFO - Filling up the DagBag from /home/airflow/.local/lib/python3.12/site-packages/airflow/example_dags/example_complex.py
[2024-07-26T00:05:07.962+0000] {processor.py:840} INFO - DAG(s) 'example_complex' retrieved from /home/airflow/.local/lib/python3.12/site-packages/airflow/example_dags/example_complex.py
[2024-07-26T00:05:07.988+0000] {logging_mixin.py:188} INFO - [2024-07-26T00:05:07.987+0000] {dag.py:3089} INFO - Sync 1 DAGs
[2024-07-26T00:05:07.999+0000] {logging_mixin.py:188} INFO - [2024-07-26T00:05:07.998+0000] {dag.py:3947} INFO - Setting next_dagrun for example_complex to None, run_after=None
[2024-07-26T00:05:08.023+0000] {processor.py:183} INFO - Processing /home/airflow/.local/lib/python3.12/site-packages/airflow/example_dags/example_complex.py took 0.076 seconds
[2024-07-26T00:05:38.420+0000] {processor.py:161} INFO - Started process (PID=13078) to work on /home/airflow/.local/lib/python3.12/site-packages/airflow/example_dags/example_complex.py
[2024-07-26T00:05:38.421+0000] {processor.py:830} INFO - Processing file /home/airflow/.local/lib/python3.12/site-packages/airflow/example_dags/example_complex.py for tasks to queue
[2024-07-26T00:05:38.422+0000] {logging_mixin.py:188} INFO - [2024-07-26T00:05:38.422+0000] {dagbag.py:545} INFO - Filling up the DagBag from /home/airflow/.local/lib/python3.12/site-packages/airflow/example_dags/example_complex.py
[2024-07-26T00:05:38.429+0000] {processor.py:840} INFO - DAG(s) 'example_complex' retrieved from /home/airflow/.local/lib/python3.12/site-packages/airflow/example_dags/example_complex.py
[2024-07-26T00:05:38.452+0000] {logging_mixin.py:188} INFO - [2024-07-26T00:05:38.452+0000] {dag.py:3089} INFO - Sync 1 DAGs
[2024-07-26T00:05:38.461+0000] {logging_mixin.py:188} INFO - [2024-07-26T00:05:38.461+0000] {dag.py:3947} INFO - Setting next_dagrun for example_complex to None, run_after=None
[2024-07-26T00:05:38.487+0000] {processor.py:183} INFO - Processing /home/airflow/.local/lib/python3.12/site-packages/airflow/example_dags/example_complex.py took 0.071 seconds
[2024-07-26T00:06:09.036+0000] {processor.py:161} INFO - Started process (PID=13137) to work on /home/airflow/.local/lib/python3.12/site-packages/airflow/example_dags/example_complex.py
[2024-07-26T00:06:09.036+0000] {processor.py:830} INFO - Processing file /home/airflow/.local/lib/python3.12/site-packages/airflow/example_dags/example_complex.py for tasks to queue
[2024-07-26T00:06:09.038+0000] {logging_mixin.py:188} INFO - [2024-07-26T00:06:09.038+0000] {dagbag.py:545} INFO - Filling up the DagBag from /home/airflow/.local/lib/python3.12/site-packages/airflow/example_dags/example_complex.py
[2024-07-26T00:06:09.044+0000] {processor.py:840} INFO - DAG(s) 'example_complex' retrieved from /home/airflow/.local/lib/python3.12/site-packages/airflow/example_dags/example_complex.py
[2024-07-26T00:06:09.068+0000] {logging_mixin.py:188} INFO - [2024-07-26T00:06:09.068+0000] {dag.py:3089} INFO - Sync 1 DAGs
[2024-07-26T00:06:09.077+0000] {logging_mixin.py:188} INFO - [2024-07-26T00:06:09.077+0000] {dag.py:3947} INFO - Setting next_dagrun for example_complex to None, run_after=None
[2024-07-26T00:06:09.090+0000] {processor.py:183} INFO - Processing /home/airflow/.local/lib/python3.12/site-packages/airflow/example_dags/example_complex.py took 0.058 seconds
[2024-07-26T00:06:39.453+0000] {processor.py:161} INFO - Started process (PID=13196) to work on /home/airflow/.local/lib/python3.12/site-packages/airflow/example_dags/example_complex.py
[2024-07-26T00:06:39.454+0000] {processor.py:830} INFO - Processing file /home/airflow/.local/lib/python3.12/site-packages/airflow/example_dags/example_complex.py for tasks to queue
[2024-07-26T00:06:39.455+0000] {logging_mixin.py:188} INFO - [2024-07-26T00:06:39.455+0000] {dagbag.py:545} INFO - Filling up the DagBag from /home/airflow/.local/lib/python3.12/site-packages/airflow/example_dags/example_complex.py
[2024-07-26T00:06:39.463+0000] {processor.py:840} INFO - DAG(s) 'example_complex' retrieved from /home/airflow/.local/lib/python3.12/site-packages/airflow/example_dags/example_complex.py
[2024-07-26T00:06:39.488+0000] {logging_mixin.py:188} INFO - [2024-07-26T00:06:39.488+0000] {dag.py:3089} INFO - Sync 1 DAGs
[2024-07-26T00:06:39.498+0000] {logging_mixin.py:188} INFO - [2024-07-26T00:06:39.497+0000] {dag.py:3947} INFO - Setting next_dagrun for example_complex to None, run_after=None
[2024-07-26T00:06:39.519+0000] {processor.py:183} INFO - Processing /home/airflow/.local/lib/python3.12/site-packages/airflow/example_dags/example_complex.py took 0.071 seconds
[2024-07-26T00:07:09.983+0000] {processor.py:161} INFO - Started process (PID=13255) to work on /home/airflow/.local/lib/python3.12/site-packages/airflow/example_dags/example_complex.py
[2024-07-26T00:07:09.985+0000] {processor.py:830} INFO - Processing file /home/airflow/.local/lib/python3.12/site-packages/airflow/example_dags/example_complex.py for tasks to queue
[2024-07-26T00:07:09.986+0000] {logging_mixin.py:188} INFO - [2024-07-26T00:07:09.986+0000] {dagbag.py:545} INFO - Filling up the DagBag from /home/airflow/.local/lib/python3.12/site-packages/airflow/example_dags/example_complex.py
[2024-07-26T00:07:09.995+0000] {processor.py:840} INFO - DAG(s) 'example_complex' retrieved from /home/airflow/.local/lib/python3.12/site-packages/airflow/example_dags/example_complex.py
[2024-07-26T00:07:10.021+0000] {logging_mixin.py:188} INFO - [2024-07-26T00:07:10.020+0000] {dag.py:3089} INFO - Sync 1 DAGs
[2024-07-26T00:07:10.031+0000] {logging_mixin.py:188} INFO - [2024-07-26T00:07:10.031+0000] {dag.py:3947} INFO - Setting next_dagrun for example_complex to None, run_after=None
[2024-07-26T00:07:10.048+0000] {processor.py:183} INFO - Processing /home/airflow/.local/lib/python3.12/site-packages/airflow/example_dags/example_complex.py took 0.069 seconds
[2024-07-26T00:07:40.413+0000] {processor.py:161} INFO - Started process (PID=13314) to work on /home/airflow/.local/lib/python3.12/site-packages/airflow/example_dags/example_complex.py
[2024-07-26T00:07:40.414+0000] {processor.py:830} INFO - Processing file /home/airflow/.local/lib/python3.12/site-packages/airflow/example_dags/example_complex.py for tasks to queue
[2024-07-26T00:07:40.415+0000] {logging_mixin.py:188} INFO - [2024-07-26T00:07:40.415+0000] {dagbag.py:545} INFO - Filling up the DagBag from /home/airflow/.local/lib/python3.12/site-packages/airflow/example_dags/example_complex.py
[2024-07-26T00:07:40.423+0000] {processor.py:840} INFO - DAG(s) 'example_complex' retrieved from /home/airflow/.local/lib/python3.12/site-packages/airflow/example_dags/example_complex.py
[2024-07-26T00:07:40.449+0000] {logging_mixin.py:188} INFO - [2024-07-26T00:07:40.448+0000] {dag.py:3089} INFO - Sync 1 DAGs
[2024-07-26T00:07:40.460+0000] {logging_mixin.py:188} INFO - [2024-07-26T00:07:40.459+0000] {dag.py:3947} INFO - Setting next_dagrun for example_complex to None, run_after=None
[2024-07-26T00:07:40.477+0000] {processor.py:183} INFO - Processing /home/airflow/.local/lib/python3.12/site-packages/airflow/example_dags/example_complex.py took 0.068 seconds
[2024-07-26T00:08:10.872+0000] {processor.py:161} INFO - Started process (PID=13373) to work on /home/airflow/.local/lib/python3.12/site-packages/airflow/example_dags/example_complex.py
[2024-07-26T00:08:10.873+0000] {processor.py:830} INFO - Processing file /home/airflow/.local/lib/python3.12/site-packages/airflow/example_dags/example_complex.py for tasks to queue
[2024-07-26T00:08:10.874+0000] {logging_mixin.py:188} INFO - [2024-07-26T00:08:10.874+0000] {dagbag.py:545} INFO - Filling up the DagBag from /home/airflow/.local/lib/python3.12/site-packages/airflow/example_dags/example_complex.py
[2024-07-26T00:08:10.882+0000] {processor.py:840} INFO - DAG(s) 'example_complex' retrieved from /home/airflow/.local/lib/python3.12/site-packages/airflow/example_dags/example_complex.py
[2024-07-26T00:08:10.908+0000] {logging_mixin.py:188} INFO - [2024-07-26T00:08:10.908+0000] {dag.py:3089} INFO - Sync 1 DAGs
[2024-07-26T00:08:10.919+0000] {logging_mixin.py:188} INFO - [2024-07-26T00:08:10.919+0000] {dag.py:3947} INFO - Setting next_dagrun for example_complex to None, run_after=None
[2024-07-26T00:08:10.933+0000] {processor.py:183} INFO - Processing /home/airflow/.local/lib/python3.12/site-packages/airflow/example_dags/example_complex.py took 0.065 seconds
[2024-07-26T00:08:41.411+0000] {processor.py:161} INFO - Started process (PID=13432) to work on /home/airflow/.local/lib/python3.12/site-packages/airflow/example_dags/example_complex.py
[2024-07-26T00:08:41.412+0000] {processor.py:830} INFO - Processing file /home/airflow/.local/lib/python3.12/site-packages/airflow/example_dags/example_complex.py for tasks to queue
[2024-07-26T00:08:41.414+0000] {logging_mixin.py:188} INFO - [2024-07-26T00:08:41.413+0000] {dagbag.py:545} INFO - Filling up the DagBag from /home/airflow/.local/lib/python3.12/site-packages/airflow/example_dags/example_complex.py
[2024-07-26T00:08:41.421+0000] {processor.py:840} INFO - DAG(s) 'example_complex' retrieved from /home/airflow/.local/lib/python3.12/site-packages/airflow/example_dags/example_complex.py
[2024-07-26T00:08:41.452+0000] {logging_mixin.py:188} INFO - [2024-07-26T00:08:41.452+0000] {dag.py:3089} INFO - Sync 1 DAGs
[2024-07-26T00:08:41.462+0000] {logging_mixin.py:188} INFO - [2024-07-26T00:08:41.462+0000] {dag.py:3947} INFO - Setting next_dagrun for example_complex to None, run_after=None
[2024-07-26T00:08:41.480+0000] {processor.py:183} INFO - Processing /home/airflow/.local/lib/python3.12/site-packages/airflow/example_dags/example_complex.py took 0.073 seconds
[2024-07-26T00:09:11.869+0000] {processor.py:161} INFO - Started process (PID=13491) to work on /home/airflow/.local/lib/python3.12/site-packages/airflow/example_dags/example_complex.py
[2024-07-26T00:09:11.870+0000] {processor.py:830} INFO - Processing file /home/airflow/.local/lib/python3.12/site-packages/airflow/example_dags/example_complex.py for tasks to queue
[2024-07-26T00:09:11.872+0000] {logging_mixin.py:188} INFO - [2024-07-26T00:09:11.871+0000] {dagbag.py:545} INFO - Filling up the DagBag from /home/airflow/.local/lib/python3.12/site-packages/airflow/example_dags/example_complex.py
[2024-07-26T00:09:11.880+0000] {processor.py:840} INFO - DAG(s) 'example_complex' retrieved from /home/airflow/.local/lib/python3.12/site-packages/airflow/example_dags/example_complex.py
[2024-07-26T00:09:11.907+0000] {logging_mixin.py:188} INFO - [2024-07-26T00:09:11.906+0000] {dag.py:3089} INFO - Sync 1 DAGs
[2024-07-26T00:09:11.918+0000] {logging_mixin.py:188} INFO - [2024-07-26T00:09:11.918+0000] {dag.py:3947} INFO - Setting next_dagrun for example_complex to None, run_after=None
[2024-07-26T00:09:11.939+0000] {processor.py:183} INFO - Processing /home/airflow/.local/lib/python3.12/site-packages/airflow/example_dags/example_complex.py took 0.075 seconds
[2024-07-26T00:09:42.402+0000] {processor.py:161} INFO - Started process (PID=13550) to work on /home/airflow/.local/lib/python3.12/site-packages/airflow/example_dags/example_complex.py
[2024-07-26T00:09:42.403+0000] {processor.py:830} INFO - Processing file /home/airflow/.local/lib/python3.12/site-packages/airflow/example_dags/example_complex.py for tasks to queue
[2024-07-26T00:09:42.405+0000] {logging_mixin.py:188} INFO - [2024-07-26T00:09:42.404+0000] {dagbag.py:545} INFO - Filling up the DagBag from /home/airflow/.local/lib/python3.12/site-packages/airflow/example_dags/example_complex.py
[2024-07-26T00:09:42.413+0000] {processor.py:840} INFO - DAG(s) 'example_complex' retrieved from /home/airflow/.local/lib/python3.12/site-packages/airflow/example_dags/example_complex.py
[2024-07-26T00:09:42.438+0000] {logging_mixin.py:188} INFO - [2024-07-26T00:09:42.438+0000] {dag.py:3089} INFO - Sync 1 DAGs
[2024-07-26T00:09:42.448+0000] {logging_mixin.py:188} INFO - [2024-07-26T00:09:42.448+0000] {dag.py:3947} INFO - Setting next_dagrun for example_complex to None, run_after=None
[2024-07-26T00:09:42.468+0000] {processor.py:183} INFO - Processing /home/airflow/.local/lib/python3.12/site-packages/airflow/example_dags/example_complex.py took 0.070 seconds
[2024-07-26T00:10:12.953+0000] {processor.py:161} INFO - Started process (PID=13609) to work on /home/airflow/.local/lib/python3.12/site-packages/airflow/example_dags/example_complex.py
[2024-07-26T00:10:12.954+0000] {processor.py:830} INFO - Processing file /home/airflow/.local/lib/python3.12/site-packages/airflow/example_dags/example_complex.py for tasks to queue
[2024-07-26T00:10:12.956+0000] {logging_mixin.py:188} INFO - [2024-07-26T00:10:12.955+0000] {dagbag.py:545} INFO - Filling up the DagBag from /home/airflow/.local/lib/python3.12/site-packages/airflow/example_dags/example_complex.py
[2024-07-26T00:10:12.962+0000] {processor.py:840} INFO - DAG(s) 'example_complex' retrieved from /home/airflow/.local/lib/python3.12/site-packages/airflow/example_dags/example_complex.py
[2024-07-26T00:10:12.987+0000] {logging_mixin.py:188} INFO - [2024-07-26T00:10:12.987+0000] {dag.py:3089} INFO - Sync 1 DAGs
[2024-07-26T00:10:12.997+0000] {logging_mixin.py:188} INFO - [2024-07-26T00:10:12.997+0000] {dag.py:3947} INFO - Setting next_dagrun for example_complex to None, run_after=None
[2024-07-26T00:10:13.013+0000] {processor.py:183} INFO - Processing /home/airflow/.local/lib/python3.12/site-packages/airflow/example_dags/example_complex.py took 0.064 seconds
[2024-07-26T00:10:43.405+0000] {processor.py:161} INFO - Started process (PID=13668) to work on /home/airflow/.local/lib/python3.12/site-packages/airflow/example_dags/example_complex.py
[2024-07-26T00:10:43.406+0000] {processor.py:830} INFO - Processing file /home/airflow/.local/lib/python3.12/site-packages/airflow/example_dags/example_complex.py for tasks to queue
[2024-07-26T00:10:43.407+0000] {logging_mixin.py:188} INFO - [2024-07-26T00:10:43.407+0000] {dagbag.py:545} INFO - Filling up the DagBag from /home/airflow/.local/lib/python3.12/site-packages/airflow/example_dags/example_complex.py
[2024-07-26T00:10:43.415+0000] {processor.py:840} INFO - DAG(s) 'example_complex' retrieved from /home/airflow/.local/lib/python3.12/site-packages/airflow/example_dags/example_complex.py
[2024-07-26T00:10:43.439+0000] {logging_mixin.py:188} INFO - [2024-07-26T00:10:43.439+0000] {dag.py:3089} INFO - Sync 1 DAGs
[2024-07-26T00:10:43.449+0000] {logging_mixin.py:188} INFO - [2024-07-26T00:10:43.449+0000] {dag.py:3947} INFO - Setting next_dagrun for example_complex to None, run_after=None
[2024-07-26T00:10:43.474+0000] {processor.py:183} INFO - Processing /home/airflow/.local/lib/python3.12/site-packages/airflow/example_dags/example_complex.py took 0.073 seconds
[2024-07-26T00:11:13.792+0000] {processor.py:161} INFO - Started process (PID=13727) to work on /home/airflow/.local/lib/python3.12/site-packages/airflow/example_dags/example_complex.py
[2024-07-26T00:11:13.792+0000] {processor.py:830} INFO - Processing file /home/airflow/.local/lib/python3.12/site-packages/airflow/example_dags/example_complex.py for tasks to queue
[2024-07-26T00:11:13.794+0000] {logging_mixin.py:188} INFO - [2024-07-26T00:11:13.794+0000] {dagbag.py:545} INFO - Filling up the DagBag from /home/airflow/.local/lib/python3.12/site-packages/airflow/example_dags/example_complex.py
[2024-07-26T00:11:13.801+0000] {processor.py:840} INFO - DAG(s) 'example_complex' retrieved from /home/airflow/.local/lib/python3.12/site-packages/airflow/example_dags/example_complex.py
[2024-07-26T00:11:13.828+0000] {logging_mixin.py:188} INFO - [2024-07-26T00:11:13.828+0000] {dag.py:3089} INFO - Sync 1 DAGs
[2024-07-26T00:11:13.838+0000] {logging_mixin.py:188} INFO - [2024-07-26T00:11:13.838+0000] {dag.py:3947} INFO - Setting next_dagrun for example_complex to None, run_after=None
[2024-07-26T00:11:13.855+0000] {processor.py:183} INFO - Processing /home/airflow/.local/lib/python3.12/site-packages/airflow/example_dags/example_complex.py took 0.068 seconds
[2024-07-26T00:11:44.316+0000] {processor.py:161} INFO - Started process (PID=13786) to work on /home/airflow/.local/lib/python3.12/site-packages/airflow/example_dags/example_complex.py
[2024-07-26T00:11:44.317+0000] {processor.py:830} INFO - Processing file /home/airflow/.local/lib/python3.12/site-packages/airflow/example_dags/example_complex.py for tasks to queue
[2024-07-26T00:11:44.319+0000] {logging_mixin.py:188} INFO - [2024-07-26T00:11:44.319+0000] {dagbag.py:545} INFO - Filling up the DagBag from /home/airflow/.local/lib/python3.12/site-packages/airflow/example_dags/example_complex.py
[2024-07-26T00:11:44.327+0000] {processor.py:840} INFO - DAG(s) 'example_complex' retrieved from /home/airflow/.local/lib/python3.12/site-packages/airflow/example_dags/example_complex.py
[2024-07-26T00:11:44.352+0000] {logging_mixin.py:188} INFO - [2024-07-26T00:11:44.351+0000] {dag.py:3089} INFO - Sync 1 DAGs
[2024-07-26T00:11:44.362+0000] {logging_mixin.py:188} INFO - [2024-07-26T00:11:44.362+0000] {dag.py:3947} INFO - Setting next_dagrun for example_complex to None, run_after=None
[2024-07-26T00:11:44.378+0000] {processor.py:183} INFO - Processing /home/airflow/.local/lib/python3.12/site-packages/airflow/example_dags/example_complex.py took 0.067 seconds
[2024-07-26T00:14:37.118+0000] {processor.py:161} INFO - Started process (PID=76) to work on /home/airflow/.local/lib/python3.12/site-packages/airflow/example_dags/example_complex.py
[2024-07-26T00:14:37.119+0000] {processor.py:830} INFO - Processing file /home/airflow/.local/lib/python3.12/site-packages/airflow/example_dags/example_complex.py for tasks to queue
[2024-07-26T00:14:37.120+0000] {logging_mixin.py:188} INFO - [2024-07-26T00:14:37.120+0000] {dagbag.py:545} INFO - Filling up the DagBag from /home/airflow/.local/lib/python3.12/site-packages/airflow/example_dags/example_complex.py
[2024-07-26T00:14:37.135+0000] {processor.py:840} INFO - DAG(s) 'example_complex' retrieved from /home/airflow/.local/lib/python3.12/site-packages/airflow/example_dags/example_complex.py
[2024-07-26T00:14:37.147+0000] {logging_mixin.py:188} INFO - [2024-07-26T00:14:37.147+0000] {dag.py:3089} INFO - Sync 1 DAGs
[2024-07-26T00:14:37.160+0000] {logging_mixin.py:188} INFO - [2024-07-26T00:14:37.159+0000] {dag.py:3947} INFO - Setting next_dagrun for example_complex to None, run_after=None
[2024-07-26T00:14:37.180+0000] {processor.py:183} INFO - Processing /home/airflow/.local/lib/python3.12/site-packages/airflow/example_dags/example_complex.py took 0.067 seconds
[2024-07-26T00:15:08.706+0000] {processor.py:161} INFO - Started process (PID=135) to work on /home/airflow/.local/lib/python3.12/site-packages/airflow/example_dags/example_complex.py
[2024-07-26T00:15:08.707+0000] {processor.py:830} INFO - Processing file /home/airflow/.local/lib/python3.12/site-packages/airflow/example_dags/example_complex.py for tasks to queue
[2024-07-26T00:15:08.709+0000] {logging_mixin.py:188} INFO - [2024-07-26T00:15:08.709+0000] {dagbag.py:545} INFO - Filling up the DagBag from /home/airflow/.local/lib/python3.12/site-packages/airflow/example_dags/example_complex.py
[2024-07-26T00:15:08.716+0000] {processor.py:840} INFO - DAG(s) 'example_complex' retrieved from /home/airflow/.local/lib/python3.12/site-packages/airflow/example_dags/example_complex.py
[2024-07-26T00:15:08.804+0000] {logging_mixin.py:188} INFO - [2024-07-26T00:15:08.803+0000] {dag.py:3089} INFO - Sync 1 DAGs
[2024-07-26T00:15:08.812+0000] {logging_mixin.py:188} INFO - [2024-07-26T00:15:08.812+0000] {dag.py:3947} INFO - Setting next_dagrun for example_complex to None, run_after=None
[2024-07-26T00:15:08.828+0000] {processor.py:183} INFO - Processing /home/airflow/.local/lib/python3.12/site-packages/airflow/example_dags/example_complex.py took 0.126 seconds
[2024-07-26T00:15:38.989+0000] {processor.py:161} INFO - Started process (PID=194) to work on /home/airflow/.local/lib/python3.12/site-packages/airflow/example_dags/example_complex.py
[2024-07-26T00:15:38.990+0000] {processor.py:830} INFO - Processing file /home/airflow/.local/lib/python3.12/site-packages/airflow/example_dags/example_complex.py for tasks to queue
[2024-07-26T00:15:38.992+0000] {logging_mixin.py:188} INFO - [2024-07-26T00:15:38.992+0000] {dagbag.py:545} INFO - Filling up the DagBag from /home/airflow/.local/lib/python3.12/site-packages/airflow/example_dags/example_complex.py
[2024-07-26T00:15:39.000+0000] {processor.py:840} INFO - DAG(s) 'example_complex' retrieved from /home/airflow/.local/lib/python3.12/site-packages/airflow/example_dags/example_complex.py
[2024-07-26T00:15:39.026+0000] {logging_mixin.py:188} INFO - [2024-07-26T00:15:39.026+0000] {dag.py:3089} INFO - Sync 1 DAGs
[2024-07-26T00:15:39.037+0000] {logging_mixin.py:188} INFO - [2024-07-26T00:15:39.037+0000] {dag.py:3947} INFO - Setting next_dagrun for example_complex to None, run_after=None
[2024-07-26T00:15:39.052+0000] {processor.py:183} INFO - Processing /home/airflow/.local/lib/python3.12/site-packages/airflow/example_dags/example_complex.py took 0.068 seconds
[2024-07-26T00:16:09.101+0000] {processor.py:161} INFO - Started process (PID=253) to work on /home/airflow/.local/lib/python3.12/site-packages/airflow/example_dags/example_complex.py
[2024-07-26T00:16:09.102+0000] {processor.py:830} INFO - Processing file /home/airflow/.local/lib/python3.12/site-packages/airflow/example_dags/example_complex.py for tasks to queue
[2024-07-26T00:16:09.104+0000] {logging_mixin.py:188} INFO - [2024-07-26T00:16:09.104+0000] {dagbag.py:545} INFO - Filling up the DagBag from /home/airflow/.local/lib/python3.12/site-packages/airflow/example_dags/example_complex.py
[2024-07-26T00:16:09.111+0000] {processor.py:840} INFO - DAG(s) 'example_complex' retrieved from /home/airflow/.local/lib/python3.12/site-packages/airflow/example_dags/example_complex.py
[2024-07-26T00:16:09.137+0000] {logging_mixin.py:188} INFO - [2024-07-26T00:16:09.136+0000] {dag.py:3089} INFO - Sync 1 DAGs
[2024-07-26T00:16:09.148+0000] {logging_mixin.py:188} INFO - [2024-07-26T00:16:09.148+0000] {dag.py:3947} INFO - Setting next_dagrun for example_complex to None, run_after=None
[2024-07-26T00:16:09.165+0000] {processor.py:183} INFO - Processing /home/airflow/.local/lib/python3.12/site-packages/airflow/example_dags/example_complex.py took 0.068 seconds
[2024-07-26T00:16:39.723+0000] {processor.py:161} INFO - Started process (PID=312) to work on /home/airflow/.local/lib/python3.12/site-packages/airflow/example_dags/example_complex.py
[2024-07-26T00:16:39.723+0000] {processor.py:830} INFO - Processing file /home/airflow/.local/lib/python3.12/site-packages/airflow/example_dags/example_complex.py for tasks to queue
[2024-07-26T00:16:39.725+0000] {logging_mixin.py:188} INFO - [2024-07-26T00:16:39.725+0000] {dagbag.py:545} INFO - Filling up the DagBag from /home/airflow/.local/lib/python3.12/site-packages/airflow/example_dags/example_complex.py
[2024-07-26T00:16:39.732+0000] {processor.py:840} INFO - DAG(s) 'example_complex' retrieved from /home/airflow/.local/lib/python3.12/site-packages/airflow/example_dags/example_complex.py
[2024-07-26T00:16:39.755+0000] {logging_mixin.py:188} INFO - [2024-07-26T00:16:39.755+0000] {dag.py:3089} INFO - Sync 1 DAGs
[2024-07-26T00:16:39.764+0000] {logging_mixin.py:188} INFO - [2024-07-26T00:16:39.764+0000] {dag.py:3947} INFO - Setting next_dagrun for example_complex to None, run_after=None
[2024-07-26T00:16:39.777+0000] {processor.py:183} INFO - Processing /home/airflow/.local/lib/python3.12/site-packages/airflow/example_dags/example_complex.py took 0.059 seconds
[2024-07-26T00:17:10.262+0000] {processor.py:161} INFO - Started process (PID=371) to work on /home/airflow/.local/lib/python3.12/site-packages/airflow/example_dags/example_complex.py
[2024-07-26T00:17:10.263+0000] {processor.py:830} INFO - Processing file /home/airflow/.local/lib/python3.12/site-packages/airflow/example_dags/example_complex.py for tasks to queue
[2024-07-26T00:17:10.265+0000] {logging_mixin.py:188} INFO - [2024-07-26T00:17:10.265+0000] {dagbag.py:545} INFO - Filling up the DagBag from /home/airflow/.local/lib/python3.12/site-packages/airflow/example_dags/example_complex.py
[2024-07-26T00:17:10.274+0000] {processor.py:840} INFO - DAG(s) 'example_complex' retrieved from /home/airflow/.local/lib/python3.12/site-packages/airflow/example_dags/example_complex.py
[2024-07-26T00:17:10.304+0000] {logging_mixin.py:188} INFO - [2024-07-26T00:17:10.304+0000] {dag.py:3089} INFO - Sync 1 DAGs
[2024-07-26T00:17:10.315+0000] {logging_mixin.py:188} INFO - [2024-07-26T00:17:10.315+0000] {dag.py:3947} INFO - Setting next_dagrun for example_complex to None, run_after=None
[2024-07-26T00:17:10.334+0000] {processor.py:183} INFO - Processing /home/airflow/.local/lib/python3.12/site-packages/airflow/example_dags/example_complex.py took 0.077 seconds
[2024-07-26T00:17:40.745+0000] {processor.py:161} INFO - Started process (PID=431) to work on /home/airflow/.local/lib/python3.12/site-packages/airflow/example_dags/example_complex.py
[2024-07-26T00:17:40.746+0000] {processor.py:830} INFO - Processing file /home/airflow/.local/lib/python3.12/site-packages/airflow/example_dags/example_complex.py for tasks to queue
[2024-07-26T00:17:40.748+0000] {logging_mixin.py:188} INFO - [2024-07-26T00:17:40.748+0000] {dagbag.py:545} INFO - Filling up the DagBag from /home/airflow/.local/lib/python3.12/site-packages/airflow/example_dags/example_complex.py
[2024-07-26T00:17:40.755+0000] {processor.py:840} INFO - DAG(s) 'example_complex' retrieved from /home/airflow/.local/lib/python3.12/site-packages/airflow/example_dags/example_complex.py
[2024-07-26T00:17:40.779+0000] {logging_mixin.py:188} INFO - [2024-07-26T00:17:40.779+0000] {dag.py:3089} INFO - Sync 1 DAGs
[2024-07-26T00:17:40.789+0000] {logging_mixin.py:188} INFO - [2024-07-26T00:17:40.789+0000] {dag.py:3947} INFO - Setting next_dagrun for example_complex to None, run_after=None
[2024-07-26T00:17:40.803+0000] {processor.py:183} INFO - Processing /home/airflow/.local/lib/python3.12/site-packages/airflow/example_dags/example_complex.py took 0.062 seconds
[2024-07-26T00:18:11.213+0000] {processor.py:161} INFO - Started process (PID=490) to work on /home/airflow/.local/lib/python3.12/site-packages/airflow/example_dags/example_complex.py
[2024-07-26T00:18:11.214+0000] {processor.py:830} INFO - Processing file /home/airflow/.local/lib/python3.12/site-packages/airflow/example_dags/example_complex.py for tasks to queue
[2024-07-26T00:18:11.215+0000] {logging_mixin.py:188} INFO - [2024-07-26T00:18:11.215+0000] {dagbag.py:545} INFO - Filling up the DagBag from /home/airflow/.local/lib/python3.12/site-packages/airflow/example_dags/example_complex.py
[2024-07-26T00:18:11.222+0000] {processor.py:840} INFO - DAG(s) 'example_complex' retrieved from /home/airflow/.local/lib/python3.12/site-packages/airflow/example_dags/example_complex.py
[2024-07-26T00:18:11.248+0000] {logging_mixin.py:188} INFO - [2024-07-26T00:18:11.248+0000] {dag.py:3089} INFO - Sync 1 DAGs
[2024-07-26T00:18:11.258+0000] {logging_mixin.py:188} INFO - [2024-07-26T00:18:11.258+0000] {dag.py:3947} INFO - Setting next_dagrun for example_complex to None, run_after=None
[2024-07-26T00:18:11.275+0000] {processor.py:183} INFO - Processing /home/airflow/.local/lib/python3.12/site-packages/airflow/example_dags/example_complex.py took 0.067 seconds
