[2024-07-26T00:00:02.061+0000] {processor.py:161} INFO - Started process (PID=12420) to work on /home/airflow/.local/lib/python3.12/site-packages/airflow/example_dags/tutorial_taskflow_api_virtualenv.py
[2024-07-26T00:00:02.062+0000] {processor.py:830} INFO - Processing file /home/airflow/.local/lib/python3.12/site-packages/airflow/example_dags/tutorial_taskflow_api_virtualenv.py for tasks to queue
[2024-07-26T00:00:02.064+0000] {logging_mixin.py:188} INFO - [2024-07-26T00:00:02.063+0000] {dagbag.py:545} INFO - Filling up the DagBag from /home/airflow/.local/lib/python3.12/site-packages/airflow/example_dags/tutorial_taskflow_api_virtualenv.py
[2024-07-26T00:00:02.072+0000] {processor.py:840} INFO - DAG(s) 'tutorial_taskflow_api_virtualenv' retrieved from /home/airflow/.local/lib/python3.12/site-packages/airflow/example_dags/tutorial_taskflow_api_virtualenv.py
[2024-07-26T00:00:02.089+0000] {logging_mixin.py:188} INFO - [2024-07-26T00:00:02.089+0000] {dag.py:3089} INFO - Sync 1 DAGs
[2024-07-26T00:00:02.100+0000] {logging_mixin.py:188} INFO - [2024-07-26T00:00:02.099+0000] {dag.py:3947} INFO - Setting next_dagrun for tutorial_taskflow_api_virtualenv to None, run_after=None
[2024-07-26T00:00:02.116+0000] {processor.py:183} INFO - Processing /home/airflow/.local/lib/python3.12/site-packages/airflow/example_dags/tutorial_taskflow_api_virtualenv.py took 0.061 seconds
[2024-07-26T00:00:32.632+0000] {processor.py:161} INFO - Started process (PID=12479) to work on /home/airflow/.local/lib/python3.12/site-packages/airflow/example_dags/tutorial_taskflow_api_virtualenv.py
[2024-07-26T00:00:32.633+0000] {processor.py:830} INFO - Processing file /home/airflow/.local/lib/python3.12/site-packages/airflow/example_dags/tutorial_taskflow_api_virtualenv.py for tasks to queue
[2024-07-26T00:00:32.634+0000] {logging_mixin.py:188} INFO - [2024-07-26T00:00:32.634+0000] {dagbag.py:545} INFO - Filling up the DagBag from /home/airflow/.local/lib/python3.12/site-packages/airflow/example_dags/tutorial_taskflow_api_virtualenv.py
[2024-07-26T00:00:32.642+0000] {processor.py:840} INFO - DAG(s) 'tutorial_taskflow_api_virtualenv' retrieved from /home/airflow/.local/lib/python3.12/site-packages/airflow/example_dags/tutorial_taskflow_api_virtualenv.py
[2024-07-26T00:00:32.658+0000] {logging_mixin.py:188} INFO - [2024-07-26T00:00:32.658+0000] {dag.py:3089} INFO - Sync 1 DAGs
[2024-07-26T00:00:32.668+0000] {logging_mixin.py:188} INFO - [2024-07-26T00:00:32.668+0000] {dag.py:3947} INFO - Setting next_dagrun for tutorial_taskflow_api_virtualenv to None, run_after=None
[2024-07-26T00:00:32.684+0000] {processor.py:183} INFO - Processing /home/airflow/.local/lib/python3.12/site-packages/airflow/example_dags/tutorial_taskflow_api_virtualenv.py took 0.056 seconds
[2024-07-26T00:01:02.932+0000] {processor.py:161} INFO - Started process (PID=12538) to work on /home/airflow/.local/lib/python3.12/site-packages/airflow/example_dags/tutorial_taskflow_api_virtualenv.py
[2024-07-26T00:01:02.933+0000] {processor.py:830} INFO - Processing file /home/airflow/.local/lib/python3.12/site-packages/airflow/example_dags/tutorial_taskflow_api_virtualenv.py for tasks to queue
[2024-07-26T00:01:02.935+0000] {logging_mixin.py:188} INFO - [2024-07-26T00:01:02.935+0000] {dagbag.py:545} INFO - Filling up the DagBag from /home/airflow/.local/lib/python3.12/site-packages/airflow/example_dags/tutorial_taskflow_api_virtualenv.py
[2024-07-26T00:01:02.941+0000] {processor.py:840} INFO - DAG(s) 'tutorial_taskflow_api_virtualenv' retrieved from /home/airflow/.local/lib/python3.12/site-packages/airflow/example_dags/tutorial_taskflow_api_virtualenv.py
[2024-07-26T00:01:02.958+0000] {logging_mixin.py:188} INFO - [2024-07-26T00:01:02.957+0000] {dag.py:3089} INFO - Sync 1 DAGs
[2024-07-26T00:01:02.967+0000] {logging_mixin.py:188} INFO - [2024-07-26T00:01:02.967+0000] {dag.py:3947} INFO - Setting next_dagrun for tutorial_taskflow_api_virtualenv to None, run_after=None
[2024-07-26T00:01:02.984+0000] {processor.py:183} INFO - Processing /home/airflow/.local/lib/python3.12/site-packages/airflow/example_dags/tutorial_taskflow_api_virtualenv.py took 0.056 seconds
[2024-07-26T00:01:33.336+0000] {processor.py:161} INFO - Started process (PID=12597) to work on /home/airflow/.local/lib/python3.12/site-packages/airflow/example_dags/tutorial_taskflow_api_virtualenv.py
[2024-07-26T00:01:33.337+0000] {processor.py:830} INFO - Processing file /home/airflow/.local/lib/python3.12/site-packages/airflow/example_dags/tutorial_taskflow_api_virtualenv.py for tasks to queue
[2024-07-26T00:01:33.338+0000] {logging_mixin.py:188} INFO - [2024-07-26T00:01:33.338+0000] {dagbag.py:545} INFO - Filling up the DagBag from /home/airflow/.local/lib/python3.12/site-packages/airflow/example_dags/tutorial_taskflow_api_virtualenv.py
[2024-07-26T00:01:33.345+0000] {processor.py:840} INFO - DAG(s) 'tutorial_taskflow_api_virtualenv' retrieved from /home/airflow/.local/lib/python3.12/site-packages/airflow/example_dags/tutorial_taskflow_api_virtualenv.py
[2024-07-26T00:01:33.361+0000] {logging_mixin.py:188} INFO - [2024-07-26T00:01:33.360+0000] {dag.py:3089} INFO - Sync 1 DAGs
[2024-07-26T00:01:33.370+0000] {logging_mixin.py:188} INFO - [2024-07-26T00:01:33.370+0000] {dag.py:3947} INFO - Setting next_dagrun for tutorial_taskflow_api_virtualenv to None, run_after=None
[2024-07-26T00:01:33.385+0000] {processor.py:183} INFO - Processing /home/airflow/.local/lib/python3.12/site-packages/airflow/example_dags/tutorial_taskflow_api_virtualenv.py took 0.053 seconds
[2024-07-26T00:02:03.799+0000] {processor.py:161} INFO - Started process (PID=12656) to work on /home/airflow/.local/lib/python3.12/site-packages/airflow/example_dags/tutorial_taskflow_api_virtualenv.py
[2024-07-26T00:02:03.800+0000] {processor.py:830} INFO - Processing file /home/airflow/.local/lib/python3.12/site-packages/airflow/example_dags/tutorial_taskflow_api_virtualenv.py for tasks to queue
[2024-07-26T00:02:03.802+0000] {logging_mixin.py:188} INFO - [2024-07-26T00:02:03.802+0000] {dagbag.py:545} INFO - Filling up the DagBag from /home/airflow/.local/lib/python3.12/site-packages/airflow/example_dags/tutorial_taskflow_api_virtualenv.py
[2024-07-26T00:02:03.811+0000] {processor.py:840} INFO - DAG(s) 'tutorial_taskflow_api_virtualenv' retrieved from /home/airflow/.local/lib/python3.12/site-packages/airflow/example_dags/tutorial_taskflow_api_virtualenv.py
[2024-07-26T00:02:03.828+0000] {logging_mixin.py:188} INFO - [2024-07-26T00:02:03.827+0000] {dag.py:3089} INFO - Sync 1 DAGs
[2024-07-26T00:02:03.838+0000] {logging_mixin.py:188} INFO - [2024-07-26T00:02:03.838+0000] {dag.py:3947} INFO - Setting next_dagrun for tutorial_taskflow_api_virtualenv to None, run_after=None
[2024-07-26T00:02:03.856+0000] {processor.py:183} INFO - Processing /home/airflow/.local/lib/python3.12/site-packages/airflow/example_dags/tutorial_taskflow_api_virtualenv.py took 0.062 seconds
[2024-07-26T00:02:34.256+0000] {processor.py:161} INFO - Started process (PID=12715) to work on /home/airflow/.local/lib/python3.12/site-packages/airflow/example_dags/tutorial_taskflow_api_virtualenv.py
[2024-07-26T00:02:34.257+0000] {processor.py:830} INFO - Processing file /home/airflow/.local/lib/python3.12/site-packages/airflow/example_dags/tutorial_taskflow_api_virtualenv.py for tasks to queue
[2024-07-26T00:02:34.259+0000] {logging_mixin.py:188} INFO - [2024-07-26T00:02:34.259+0000] {dagbag.py:545} INFO - Filling up the DagBag from /home/airflow/.local/lib/python3.12/site-packages/airflow/example_dags/tutorial_taskflow_api_virtualenv.py
[2024-07-26T00:02:34.266+0000] {processor.py:840} INFO - DAG(s) 'tutorial_taskflow_api_virtualenv' retrieved from /home/airflow/.local/lib/python3.12/site-packages/airflow/example_dags/tutorial_taskflow_api_virtualenv.py
[2024-07-26T00:02:34.281+0000] {logging_mixin.py:188} INFO - [2024-07-26T00:02:34.280+0000] {dag.py:3089} INFO - Sync 1 DAGs
[2024-07-26T00:02:34.289+0000] {logging_mixin.py:188} INFO - [2024-07-26T00:02:34.289+0000] {dag.py:3947} INFO - Setting next_dagrun for tutorial_taskflow_api_virtualenv to None, run_after=None
[2024-07-26T00:02:34.301+0000] {processor.py:183} INFO - Processing /home/airflow/.local/lib/python3.12/site-packages/airflow/example_dags/tutorial_taskflow_api_virtualenv.py took 0.049 seconds
[2024-07-26T00:03:04.729+0000] {processor.py:161} INFO - Started process (PID=12774) to work on /home/airflow/.local/lib/python3.12/site-packages/airflow/example_dags/tutorial_taskflow_api_virtualenv.py
[2024-07-26T00:03:04.730+0000] {processor.py:830} INFO - Processing file /home/airflow/.local/lib/python3.12/site-packages/airflow/example_dags/tutorial_taskflow_api_virtualenv.py for tasks to queue
[2024-07-26T00:03:04.732+0000] {logging_mixin.py:188} INFO - [2024-07-26T00:03:04.731+0000] {dagbag.py:545} INFO - Filling up the DagBag from /home/airflow/.local/lib/python3.12/site-packages/airflow/example_dags/tutorial_taskflow_api_virtualenv.py
[2024-07-26T00:03:04.741+0000] {processor.py:840} INFO - DAG(s) 'tutorial_taskflow_api_virtualenv' retrieved from /home/airflow/.local/lib/python3.12/site-packages/airflow/example_dags/tutorial_taskflow_api_virtualenv.py
[2024-07-26T00:03:04.761+0000] {logging_mixin.py:188} INFO - [2024-07-26T00:03:04.760+0000] {dag.py:3089} INFO - Sync 1 DAGs
[2024-07-26T00:03:04.772+0000] {logging_mixin.py:188} INFO - [2024-07-26T00:03:04.772+0000] {dag.py:3947} INFO - Setting next_dagrun for tutorial_taskflow_api_virtualenv to None, run_after=None
[2024-07-26T00:03:04.790+0000] {processor.py:183} INFO - Processing /home/airflow/.local/lib/python3.12/site-packages/airflow/example_dags/tutorial_taskflow_api_virtualenv.py took 0.066 seconds
[2024-07-26T00:03:35.214+0000] {processor.py:161} INFO - Started process (PID=12833) to work on /home/airflow/.local/lib/python3.12/site-packages/airflow/example_dags/tutorial_taskflow_api_virtualenv.py
[2024-07-26T00:03:35.215+0000] {processor.py:830} INFO - Processing file /home/airflow/.local/lib/python3.12/site-packages/airflow/example_dags/tutorial_taskflow_api_virtualenv.py for tasks to queue
[2024-07-26T00:03:35.216+0000] {logging_mixin.py:188} INFO - [2024-07-26T00:03:35.216+0000] {dagbag.py:545} INFO - Filling up the DagBag from /home/airflow/.local/lib/python3.12/site-packages/airflow/example_dags/tutorial_taskflow_api_virtualenv.py
[2024-07-26T00:03:35.223+0000] {processor.py:840} INFO - DAG(s) 'tutorial_taskflow_api_virtualenv' retrieved from /home/airflow/.local/lib/python3.12/site-packages/airflow/example_dags/tutorial_taskflow_api_virtualenv.py
[2024-07-26T00:03:35.237+0000] {logging_mixin.py:188} INFO - [2024-07-26T00:03:35.237+0000] {dag.py:3089} INFO - Sync 1 DAGs
[2024-07-26T00:03:35.246+0000] {logging_mixin.py:188} INFO - [2024-07-26T00:03:35.246+0000] {dag.py:3947} INFO - Setting next_dagrun for tutorial_taskflow_api_virtualenv to None, run_after=None
[2024-07-26T00:03:35.260+0000] {processor.py:183} INFO - Processing /home/airflow/.local/lib/python3.12/site-packages/airflow/example_dags/tutorial_taskflow_api_virtualenv.py took 0.050 seconds
[2024-07-26T00:04:05.629+0000] {processor.py:161} INFO - Started process (PID=12892) to work on /home/airflow/.local/lib/python3.12/site-packages/airflow/example_dags/tutorial_taskflow_api_virtualenv.py
[2024-07-26T00:04:05.630+0000] {processor.py:830} INFO - Processing file /home/airflow/.local/lib/python3.12/site-packages/airflow/example_dags/tutorial_taskflow_api_virtualenv.py for tasks to queue
[2024-07-26T00:04:05.632+0000] {logging_mixin.py:188} INFO - [2024-07-26T00:04:05.631+0000] {dagbag.py:545} INFO - Filling up the DagBag from /home/airflow/.local/lib/python3.12/site-packages/airflow/example_dags/tutorial_taskflow_api_virtualenv.py
[2024-07-26T00:04:05.639+0000] {processor.py:840} INFO - DAG(s) 'tutorial_taskflow_api_virtualenv' retrieved from /home/airflow/.local/lib/python3.12/site-packages/airflow/example_dags/tutorial_taskflow_api_virtualenv.py
[2024-07-26T00:04:05.655+0000] {logging_mixin.py:188} INFO - [2024-07-26T00:04:05.655+0000] {dag.py:3089} INFO - Sync 1 DAGs
[2024-07-26T00:04:05.666+0000] {logging_mixin.py:188} INFO - [2024-07-26T00:04:05.666+0000] {dag.py:3947} INFO - Setting next_dagrun for tutorial_taskflow_api_virtualenv to None, run_after=None
[2024-07-26T00:04:05.682+0000] {processor.py:183} INFO - Processing /home/airflow/.local/lib/python3.12/site-packages/airflow/example_dags/tutorial_taskflow_api_virtualenv.py took 0.058 seconds
[2024-07-26T00:04:36.118+0000] {processor.py:161} INFO - Started process (PID=12951) to work on /home/airflow/.local/lib/python3.12/site-packages/airflow/example_dags/tutorial_taskflow_api_virtualenv.py
[2024-07-26T00:04:36.118+0000] {processor.py:830} INFO - Processing file /home/airflow/.local/lib/python3.12/site-packages/airflow/example_dags/tutorial_taskflow_api_virtualenv.py for tasks to queue
[2024-07-26T00:04:36.120+0000] {logging_mixin.py:188} INFO - [2024-07-26T00:04:36.120+0000] {dagbag.py:545} INFO - Filling up the DagBag from /home/airflow/.local/lib/python3.12/site-packages/airflow/example_dags/tutorial_taskflow_api_virtualenv.py
[2024-07-26T00:04:36.127+0000] {processor.py:840} INFO - DAG(s) 'tutorial_taskflow_api_virtualenv' retrieved from /home/airflow/.local/lib/python3.12/site-packages/airflow/example_dags/tutorial_taskflow_api_virtualenv.py
[2024-07-26T00:04:36.142+0000] {logging_mixin.py:188} INFO - [2024-07-26T00:04:36.142+0000] {dag.py:3089} INFO - Sync 1 DAGs
[2024-07-26T00:04:36.151+0000] {logging_mixin.py:188} INFO - [2024-07-26T00:04:36.150+0000] {dag.py:3947} INFO - Setting next_dagrun for tutorial_taskflow_api_virtualenv to None, run_after=None
[2024-07-26T00:04:36.165+0000] {processor.py:183} INFO - Processing /home/airflow/.local/lib/python3.12/site-packages/airflow/example_dags/tutorial_taskflow_api_virtualenv.py took 0.051 seconds
[2024-07-26T00:05:06.528+0000] {processor.py:161} INFO - Started process (PID=13010) to work on /home/airflow/.local/lib/python3.12/site-packages/airflow/example_dags/tutorial_taskflow_api_virtualenv.py
[2024-07-26T00:05:06.529+0000] {processor.py:830} INFO - Processing file /home/airflow/.local/lib/python3.12/site-packages/airflow/example_dags/tutorial_taskflow_api_virtualenv.py for tasks to queue
[2024-07-26T00:05:06.530+0000] {logging_mixin.py:188} INFO - [2024-07-26T00:05:06.530+0000] {dagbag.py:545} INFO - Filling up the DagBag from /home/airflow/.local/lib/python3.12/site-packages/airflow/example_dags/tutorial_taskflow_api_virtualenv.py
[2024-07-26T00:05:06.538+0000] {processor.py:840} INFO - DAG(s) 'tutorial_taskflow_api_virtualenv' retrieved from /home/airflow/.local/lib/python3.12/site-packages/airflow/example_dags/tutorial_taskflow_api_virtualenv.py
[2024-07-26T00:05:06.555+0000] {logging_mixin.py:188} INFO - [2024-07-26T00:05:06.555+0000] {dag.py:3089} INFO - Sync 1 DAGs
[2024-07-26T00:05:06.565+0000] {logging_mixin.py:188} INFO - [2024-07-26T00:05:06.565+0000] {dag.py:3947} INFO - Setting next_dagrun for tutorial_taskflow_api_virtualenv to None, run_after=None
[2024-07-26T00:05:06.581+0000] {processor.py:183} INFO - Processing /home/airflow/.local/lib/python3.12/site-packages/airflow/example_dags/tutorial_taskflow_api_virtualenv.py took 0.057 seconds
[2024-07-26T00:05:37.002+0000] {processor.py:161} INFO - Started process (PID=13069) to work on /home/airflow/.local/lib/python3.12/site-packages/airflow/example_dags/tutorial_taskflow_api_virtualenv.py
[2024-07-26T00:05:37.002+0000] {processor.py:830} INFO - Processing file /home/airflow/.local/lib/python3.12/site-packages/airflow/example_dags/tutorial_taskflow_api_virtualenv.py for tasks to queue
[2024-07-26T00:05:37.004+0000] {logging_mixin.py:188} INFO - [2024-07-26T00:05:37.003+0000] {dagbag.py:545} INFO - Filling up the DagBag from /home/airflow/.local/lib/python3.12/site-packages/airflow/example_dags/tutorial_taskflow_api_virtualenv.py
[2024-07-26T00:05:37.011+0000] {processor.py:840} INFO - DAG(s) 'tutorial_taskflow_api_virtualenv' retrieved from /home/airflow/.local/lib/python3.12/site-packages/airflow/example_dags/tutorial_taskflow_api_virtualenv.py
[2024-07-26T00:05:37.027+0000] {logging_mixin.py:188} INFO - [2024-07-26T00:05:37.027+0000] {dag.py:3089} INFO - Sync 1 DAGs
[2024-07-26T00:05:37.037+0000] {logging_mixin.py:188} INFO - [2024-07-26T00:05:37.037+0000] {dag.py:3947} INFO - Setting next_dagrun for tutorial_taskflow_api_virtualenv to None, run_after=None
[2024-07-26T00:05:37.051+0000] {processor.py:183} INFO - Processing /home/airflow/.local/lib/python3.12/site-packages/airflow/example_dags/tutorial_taskflow_api_virtualenv.py took 0.054 seconds
[2024-07-26T00:06:07.562+0000] {processor.py:161} INFO - Started process (PID=13128) to work on /home/airflow/.local/lib/python3.12/site-packages/airflow/example_dags/tutorial_taskflow_api_virtualenv.py
[2024-07-26T00:06:07.563+0000] {processor.py:830} INFO - Processing file /home/airflow/.local/lib/python3.12/site-packages/airflow/example_dags/tutorial_taskflow_api_virtualenv.py for tasks to queue
[2024-07-26T00:06:07.566+0000] {logging_mixin.py:188} INFO - [2024-07-26T00:06:07.565+0000] {dagbag.py:545} INFO - Filling up the DagBag from /home/airflow/.local/lib/python3.12/site-packages/airflow/example_dags/tutorial_taskflow_api_virtualenv.py
[2024-07-26T00:06:07.574+0000] {processor.py:840} INFO - DAG(s) 'tutorial_taskflow_api_virtualenv' retrieved from /home/airflow/.local/lib/python3.12/site-packages/airflow/example_dags/tutorial_taskflow_api_virtualenv.py
[2024-07-26T00:06:07.594+0000] {logging_mixin.py:188} INFO - [2024-07-26T00:06:07.594+0000] {dag.py:3089} INFO - Sync 1 DAGs
[2024-07-26T00:06:07.606+0000] {logging_mixin.py:188} INFO - [2024-07-26T00:06:07.606+0000] {dag.py:3947} INFO - Setting next_dagrun for tutorial_taskflow_api_virtualenv to None, run_after=None
[2024-07-26T00:06:07.627+0000] {processor.py:183} INFO - Processing /home/airflow/.local/lib/python3.12/site-packages/airflow/example_dags/tutorial_taskflow_api_virtualenv.py took 0.071 seconds
[2024-07-26T00:06:38.023+0000] {processor.py:161} INFO - Started process (PID=13187) to work on /home/airflow/.local/lib/python3.12/site-packages/airflow/example_dags/tutorial_taskflow_api_virtualenv.py
[2024-07-26T00:06:38.024+0000] {processor.py:830} INFO - Processing file /home/airflow/.local/lib/python3.12/site-packages/airflow/example_dags/tutorial_taskflow_api_virtualenv.py for tasks to queue
[2024-07-26T00:06:38.026+0000] {logging_mixin.py:188} INFO - [2024-07-26T00:06:38.026+0000] {dagbag.py:545} INFO - Filling up the DagBag from /home/airflow/.local/lib/python3.12/site-packages/airflow/example_dags/tutorial_taskflow_api_virtualenv.py
[2024-07-26T00:06:38.034+0000] {processor.py:840} INFO - DAG(s) 'tutorial_taskflow_api_virtualenv' retrieved from /home/airflow/.local/lib/python3.12/site-packages/airflow/example_dags/tutorial_taskflow_api_virtualenv.py
[2024-07-26T00:06:38.051+0000] {logging_mixin.py:188} INFO - [2024-07-26T00:06:38.050+0000] {dag.py:3089} INFO - Sync 1 DAGs
[2024-07-26T00:06:38.061+0000] {logging_mixin.py:188} INFO - [2024-07-26T00:06:38.061+0000] {dag.py:3947} INFO - Setting next_dagrun for tutorial_taskflow_api_virtualenv to None, run_after=None
[2024-07-26T00:06:38.079+0000] {processor.py:183} INFO - Processing /home/airflow/.local/lib/python3.12/site-packages/airflow/example_dags/tutorial_taskflow_api_virtualenv.py took 0.060 seconds
[2024-07-26T00:07:08.541+0000] {processor.py:161} INFO - Started process (PID=13246) to work on /home/airflow/.local/lib/python3.12/site-packages/airflow/example_dags/tutorial_taskflow_api_virtualenv.py
[2024-07-26T00:07:08.542+0000] {processor.py:830} INFO - Processing file /home/airflow/.local/lib/python3.12/site-packages/airflow/example_dags/tutorial_taskflow_api_virtualenv.py for tasks to queue
[2024-07-26T00:07:08.544+0000] {logging_mixin.py:188} INFO - [2024-07-26T00:07:08.544+0000] {dagbag.py:545} INFO - Filling up the DagBag from /home/airflow/.local/lib/python3.12/site-packages/airflow/example_dags/tutorial_taskflow_api_virtualenv.py
[2024-07-26T00:07:08.551+0000] {processor.py:840} INFO - DAG(s) 'tutorial_taskflow_api_virtualenv' retrieved from /home/airflow/.local/lib/python3.12/site-packages/airflow/example_dags/tutorial_taskflow_api_virtualenv.py
[2024-07-26T00:07:08.568+0000] {logging_mixin.py:188} INFO - [2024-07-26T00:07:08.568+0000] {dag.py:3089} INFO - Sync 1 DAGs
[2024-07-26T00:07:08.579+0000] {logging_mixin.py:188} INFO - [2024-07-26T00:07:08.578+0000] {dag.py:3947} INFO - Setting next_dagrun for tutorial_taskflow_api_virtualenv to None, run_after=None
[2024-07-26T00:07:08.594+0000] {processor.py:183} INFO - Processing /home/airflow/.local/lib/python3.12/site-packages/airflow/example_dags/tutorial_taskflow_api_virtualenv.py took 0.057 seconds
[2024-07-26T00:07:39.055+0000] {processor.py:161} INFO - Started process (PID=13305) to work on /home/airflow/.local/lib/python3.12/site-packages/airflow/example_dags/tutorial_taskflow_api_virtualenv.py
[2024-07-26T00:07:39.055+0000] {processor.py:830} INFO - Processing file /home/airflow/.local/lib/python3.12/site-packages/airflow/example_dags/tutorial_taskflow_api_virtualenv.py for tasks to queue
[2024-07-26T00:07:39.057+0000] {logging_mixin.py:188} INFO - [2024-07-26T00:07:39.057+0000] {dagbag.py:545} INFO - Filling up the DagBag from /home/airflow/.local/lib/python3.12/site-packages/airflow/example_dags/tutorial_taskflow_api_virtualenv.py
[2024-07-26T00:07:39.065+0000] {processor.py:840} INFO - DAG(s) 'tutorial_taskflow_api_virtualenv' retrieved from /home/airflow/.local/lib/python3.12/site-packages/airflow/example_dags/tutorial_taskflow_api_virtualenv.py
[2024-07-26T00:07:39.082+0000] {logging_mixin.py:188} INFO - [2024-07-26T00:07:39.082+0000] {dag.py:3089} INFO - Sync 1 DAGs
[2024-07-26T00:07:39.093+0000] {logging_mixin.py:188} INFO - [2024-07-26T00:07:39.093+0000] {dag.py:3947} INFO - Setting next_dagrun for tutorial_taskflow_api_virtualenv to None, run_after=None
[2024-07-26T00:07:39.108+0000] {processor.py:183} INFO - Processing /home/airflow/.local/lib/python3.12/site-packages/airflow/example_dags/tutorial_taskflow_api_virtualenv.py took 0.058 seconds
[2024-07-26T00:08:09.444+0000] {processor.py:161} INFO - Started process (PID=13364) to work on /home/airflow/.local/lib/python3.12/site-packages/airflow/example_dags/tutorial_taskflow_api_virtualenv.py
[2024-07-26T00:08:09.445+0000] {processor.py:830} INFO - Processing file /home/airflow/.local/lib/python3.12/site-packages/airflow/example_dags/tutorial_taskflow_api_virtualenv.py for tasks to queue
[2024-07-26T00:08:09.446+0000] {logging_mixin.py:188} INFO - [2024-07-26T00:08:09.446+0000] {dagbag.py:545} INFO - Filling up the DagBag from /home/airflow/.local/lib/python3.12/site-packages/airflow/example_dags/tutorial_taskflow_api_virtualenv.py
[2024-07-26T00:08:09.453+0000] {processor.py:840} INFO - DAG(s) 'tutorial_taskflow_api_virtualenv' retrieved from /home/airflow/.local/lib/python3.12/site-packages/airflow/example_dags/tutorial_taskflow_api_virtualenv.py
[2024-07-26T00:08:09.469+0000] {logging_mixin.py:188} INFO - [2024-07-26T00:08:09.469+0000] {dag.py:3089} INFO - Sync 1 DAGs
[2024-07-26T00:08:09.480+0000] {logging_mixin.py:188} INFO - [2024-07-26T00:08:09.480+0000] {dag.py:3947} INFO - Setting next_dagrun for tutorial_taskflow_api_virtualenv to None, run_after=None
[2024-07-26T00:08:09.495+0000] {processor.py:183} INFO - Processing /home/airflow/.local/lib/python3.12/site-packages/airflow/example_dags/tutorial_taskflow_api_virtualenv.py took 0.056 seconds
[2024-07-26T00:08:40.007+0000] {processor.py:161} INFO - Started process (PID=13423) to work on /home/airflow/.local/lib/python3.12/site-packages/airflow/example_dags/tutorial_taskflow_api_virtualenv.py
[2024-07-26T00:08:40.008+0000] {processor.py:830} INFO - Processing file /home/airflow/.local/lib/python3.12/site-packages/airflow/example_dags/tutorial_taskflow_api_virtualenv.py for tasks to queue
[2024-07-26T00:08:40.009+0000] {logging_mixin.py:188} INFO - [2024-07-26T00:08:40.009+0000] {dagbag.py:545} INFO - Filling up the DagBag from /home/airflow/.local/lib/python3.12/site-packages/airflow/example_dags/tutorial_taskflow_api_virtualenv.py
[2024-07-26T00:08:40.015+0000] {processor.py:840} INFO - DAG(s) 'tutorial_taskflow_api_virtualenv' retrieved from /home/airflow/.local/lib/python3.12/site-packages/airflow/example_dags/tutorial_taskflow_api_virtualenv.py
[2024-07-26T00:08:40.029+0000] {logging_mixin.py:188} INFO - [2024-07-26T00:08:40.029+0000] {dag.py:3089} INFO - Sync 1 DAGs
[2024-07-26T00:08:40.038+0000] {logging_mixin.py:188} INFO - [2024-07-26T00:08:40.038+0000] {dag.py:3947} INFO - Setting next_dagrun for tutorial_taskflow_api_virtualenv to None, run_after=None
[2024-07-26T00:08:40.051+0000] {processor.py:183} INFO - Processing /home/airflow/.local/lib/python3.12/site-packages/airflow/example_dags/tutorial_taskflow_api_virtualenv.py took 0.048 seconds
[2024-07-26T00:09:10.507+0000] {processor.py:161} INFO - Started process (PID=13482) to work on /home/airflow/.local/lib/python3.12/site-packages/airflow/example_dags/tutorial_taskflow_api_virtualenv.py
[2024-07-26T00:09:10.507+0000] {processor.py:830} INFO - Processing file /home/airflow/.local/lib/python3.12/site-packages/airflow/example_dags/tutorial_taskflow_api_virtualenv.py for tasks to queue
[2024-07-26T00:09:10.510+0000] {logging_mixin.py:188} INFO - [2024-07-26T00:09:10.509+0000] {dagbag.py:545} INFO - Filling up the DagBag from /home/airflow/.local/lib/python3.12/site-packages/airflow/example_dags/tutorial_taskflow_api_virtualenv.py
[2024-07-26T00:09:10.518+0000] {processor.py:840} INFO - DAG(s) 'tutorial_taskflow_api_virtualenv' retrieved from /home/airflow/.local/lib/python3.12/site-packages/airflow/example_dags/tutorial_taskflow_api_virtualenv.py
[2024-07-26T00:09:10.533+0000] {logging_mixin.py:188} INFO - [2024-07-26T00:09:10.533+0000] {dag.py:3089} INFO - Sync 1 DAGs
[2024-07-26T00:09:10.544+0000] {logging_mixin.py:188} INFO - [2024-07-26T00:09:10.544+0000] {dag.py:3947} INFO - Setting next_dagrun for tutorial_taskflow_api_virtualenv to None, run_after=None
[2024-07-26T00:09:10.559+0000] {processor.py:183} INFO - Processing /home/airflow/.local/lib/python3.12/site-packages/airflow/example_dags/tutorial_taskflow_api_virtualenv.py took 0.057 seconds
[2024-07-26T00:09:41.023+0000] {processor.py:161} INFO - Started process (PID=13541) to work on /home/airflow/.local/lib/python3.12/site-packages/airflow/example_dags/tutorial_taskflow_api_virtualenv.py
[2024-07-26T00:09:41.023+0000] {processor.py:830} INFO - Processing file /home/airflow/.local/lib/python3.12/site-packages/airflow/example_dags/tutorial_taskflow_api_virtualenv.py for tasks to queue
[2024-07-26T00:09:41.025+0000] {logging_mixin.py:188} INFO - [2024-07-26T00:09:41.025+0000] {dagbag.py:545} INFO - Filling up the DagBag from /home/airflow/.local/lib/python3.12/site-packages/airflow/example_dags/tutorial_taskflow_api_virtualenv.py
[2024-07-26T00:09:41.033+0000] {processor.py:840} INFO - DAG(s) 'tutorial_taskflow_api_virtualenv' retrieved from /home/airflow/.local/lib/python3.12/site-packages/airflow/example_dags/tutorial_taskflow_api_virtualenv.py
[2024-07-26T00:09:41.050+0000] {logging_mixin.py:188} INFO - [2024-07-26T00:09:41.050+0000] {dag.py:3089} INFO - Sync 1 DAGs
[2024-07-26T00:09:41.061+0000] {logging_mixin.py:188} INFO - [2024-07-26T00:09:41.060+0000] {dag.py:3947} INFO - Setting next_dagrun for tutorial_taskflow_api_virtualenv to None, run_after=None
[2024-07-26T00:09:41.078+0000] {processor.py:183} INFO - Processing /home/airflow/.local/lib/python3.12/site-packages/airflow/example_dags/tutorial_taskflow_api_virtualenv.py took 0.060 seconds
[2024-07-26T00:10:11.529+0000] {processor.py:161} INFO - Started process (PID=13600) to work on /home/airflow/.local/lib/python3.12/site-packages/airflow/example_dags/tutorial_taskflow_api_virtualenv.py
[2024-07-26T00:10:11.530+0000] {processor.py:830} INFO - Processing file /home/airflow/.local/lib/python3.12/site-packages/airflow/example_dags/tutorial_taskflow_api_virtualenv.py for tasks to queue
[2024-07-26T00:10:11.532+0000] {logging_mixin.py:188} INFO - [2024-07-26T00:10:11.531+0000] {dagbag.py:545} INFO - Filling up the DagBag from /home/airflow/.local/lib/python3.12/site-packages/airflow/example_dags/tutorial_taskflow_api_virtualenv.py
[2024-07-26T00:10:11.539+0000] {processor.py:840} INFO - DAG(s) 'tutorial_taskflow_api_virtualenv' retrieved from /home/airflow/.local/lib/python3.12/site-packages/airflow/example_dags/tutorial_taskflow_api_virtualenv.py
[2024-07-26T00:10:11.555+0000] {logging_mixin.py:188} INFO - [2024-07-26T00:10:11.555+0000] {dag.py:3089} INFO - Sync 1 DAGs
[2024-07-26T00:10:11.565+0000] {logging_mixin.py:188} INFO - [2024-07-26T00:10:11.564+0000] {dag.py:3947} INFO - Setting next_dagrun for tutorial_taskflow_api_virtualenv to None, run_after=None
[2024-07-26T00:10:11.580+0000] {processor.py:183} INFO - Processing /home/airflow/.local/lib/python3.12/site-packages/airflow/example_dags/tutorial_taskflow_api_virtualenv.py took 0.055 seconds
[2024-07-26T00:10:41.998+0000] {processor.py:161} INFO - Started process (PID=13659) to work on /home/airflow/.local/lib/python3.12/site-packages/airflow/example_dags/tutorial_taskflow_api_virtualenv.py
[2024-07-26T00:10:41.999+0000] {processor.py:830} INFO - Processing file /home/airflow/.local/lib/python3.12/site-packages/airflow/example_dags/tutorial_taskflow_api_virtualenv.py for tasks to queue
[2024-07-26T00:10:42.001+0000] {logging_mixin.py:188} INFO - [2024-07-26T00:10:42.000+0000] {dagbag.py:545} INFO - Filling up the DagBag from /home/airflow/.local/lib/python3.12/site-packages/airflow/example_dags/tutorial_taskflow_api_virtualenv.py
[2024-07-26T00:10:42.008+0000] {processor.py:840} INFO - DAG(s) 'tutorial_taskflow_api_virtualenv' retrieved from /home/airflow/.local/lib/python3.12/site-packages/airflow/example_dags/tutorial_taskflow_api_virtualenv.py
[2024-07-26T00:10:42.023+0000] {logging_mixin.py:188} INFO - [2024-07-26T00:10:42.023+0000] {dag.py:3089} INFO - Sync 1 DAGs
[2024-07-26T00:10:42.034+0000] {logging_mixin.py:188} INFO - [2024-07-26T00:10:42.034+0000] {dag.py:3947} INFO - Setting next_dagrun for tutorial_taskflow_api_virtualenv to None, run_after=None
[2024-07-26T00:10:42.050+0000] {processor.py:183} INFO - Processing /home/airflow/.local/lib/python3.12/site-packages/airflow/example_dags/tutorial_taskflow_api_virtualenv.py took 0.056 seconds
[2024-07-26T00:11:12.457+0000] {processor.py:161} INFO - Started process (PID=13718) to work on /home/airflow/.local/lib/python3.12/site-packages/airflow/example_dags/tutorial_taskflow_api_virtualenv.py
[2024-07-26T00:11:12.458+0000] {processor.py:830} INFO - Processing file /home/airflow/.local/lib/python3.12/site-packages/airflow/example_dags/tutorial_taskflow_api_virtualenv.py for tasks to queue
[2024-07-26T00:11:12.460+0000] {logging_mixin.py:188} INFO - [2024-07-26T00:11:12.459+0000] {dagbag.py:545} INFO - Filling up the DagBag from /home/airflow/.local/lib/python3.12/site-packages/airflow/example_dags/tutorial_taskflow_api_virtualenv.py
[2024-07-26T00:11:12.466+0000] {processor.py:840} INFO - DAG(s) 'tutorial_taskflow_api_virtualenv' retrieved from /home/airflow/.local/lib/python3.12/site-packages/airflow/example_dags/tutorial_taskflow_api_virtualenv.py
[2024-07-26T00:11:12.481+0000] {logging_mixin.py:188} INFO - [2024-07-26T00:11:12.481+0000] {dag.py:3089} INFO - Sync 1 DAGs
[2024-07-26T00:11:12.489+0000] {logging_mixin.py:188} INFO - [2024-07-26T00:11:12.489+0000] {dag.py:3947} INFO - Setting next_dagrun for tutorial_taskflow_api_virtualenv to None, run_after=None
[2024-07-26T00:11:12.505+0000] {processor.py:183} INFO - Processing /home/airflow/.local/lib/python3.12/site-packages/airflow/example_dags/tutorial_taskflow_api_virtualenv.py took 0.052 seconds
[2024-07-26T00:11:42.882+0000] {processor.py:161} INFO - Started process (PID=13777) to work on /home/airflow/.local/lib/python3.12/site-packages/airflow/example_dags/tutorial_taskflow_api_virtualenv.py
[2024-07-26T00:11:42.882+0000] {processor.py:830} INFO - Processing file /home/airflow/.local/lib/python3.12/site-packages/airflow/example_dags/tutorial_taskflow_api_virtualenv.py for tasks to queue
[2024-07-26T00:11:42.884+0000] {logging_mixin.py:188} INFO - [2024-07-26T00:11:42.884+0000] {dagbag.py:545} INFO - Filling up the DagBag from /home/airflow/.local/lib/python3.12/site-packages/airflow/example_dags/tutorial_taskflow_api_virtualenv.py
[2024-07-26T00:11:42.892+0000] {processor.py:840} INFO - DAG(s) 'tutorial_taskflow_api_virtualenv' retrieved from /home/airflow/.local/lib/python3.12/site-packages/airflow/example_dags/tutorial_taskflow_api_virtualenv.py
[2024-07-26T00:11:42.909+0000] {logging_mixin.py:188} INFO - [2024-07-26T00:11:42.909+0000] {dag.py:3089} INFO - Sync 1 DAGs
[2024-07-26T00:11:42.920+0000] {logging_mixin.py:188} INFO - [2024-07-26T00:11:42.920+0000] {dag.py:3947} INFO - Setting next_dagrun for tutorial_taskflow_api_virtualenv to None, run_after=None
[2024-07-26T00:11:42.936+0000] {processor.py:183} INFO - Processing /home/airflow/.local/lib/python3.12/site-packages/airflow/example_dags/tutorial_taskflow_api_virtualenv.py took 0.059 seconds
[2024-07-26T00:14:36.442+0000] {processor.py:161} INFO - Started process (PID=67) to work on /home/airflow/.local/lib/python3.12/site-packages/airflow/example_dags/tutorial_taskflow_api_virtualenv.py
[2024-07-26T00:14:36.443+0000] {processor.py:830} INFO - Processing file /home/airflow/.local/lib/python3.12/site-packages/airflow/example_dags/tutorial_taskflow_api_virtualenv.py for tasks to queue
[2024-07-26T00:14:36.447+0000] {logging_mixin.py:188} INFO - [2024-07-26T00:14:36.446+0000] {dagbag.py:545} INFO - Filling up the DagBag from /home/airflow/.local/lib/python3.12/site-packages/airflow/example_dags/tutorial_taskflow_api_virtualenv.py
[2024-07-26T00:14:36.468+0000] {processor.py:840} INFO - DAG(s) 'tutorial_taskflow_api_virtualenv' retrieved from /home/airflow/.local/lib/python3.12/site-packages/airflow/example_dags/tutorial_taskflow_api_virtualenv.py
[2024-07-26T00:14:36.482+0000] {logging_mixin.py:188} INFO - [2024-07-26T00:14:36.481+0000] {dag.py:3089} INFO - Sync 1 DAGs
[2024-07-26T00:14:36.495+0000] {logging_mixin.py:188} INFO - [2024-07-26T00:14:36.495+0000] {dag.py:3947} INFO - Setting next_dagrun for tutorial_taskflow_api_virtualenv to None, run_after=None
[2024-07-26T00:14:36.520+0000] {processor.py:183} INFO - Processing /home/airflow/.local/lib/python3.12/site-packages/airflow/example_dags/tutorial_taskflow_api_virtualenv.py took 0.088 seconds
[2024-07-26T00:15:08.037+0000] {processor.py:161} INFO - Started process (PID=126) to work on /home/airflow/.local/lib/python3.12/site-packages/airflow/example_dags/tutorial_taskflow_api_virtualenv.py
[2024-07-26T00:15:08.037+0000] {processor.py:830} INFO - Processing file /home/airflow/.local/lib/python3.12/site-packages/airflow/example_dags/tutorial_taskflow_api_virtualenv.py for tasks to queue
[2024-07-26T00:15:08.039+0000] {logging_mixin.py:188} INFO - [2024-07-26T00:15:08.039+0000] {dagbag.py:545} INFO - Filling up the DagBag from /home/airflow/.local/lib/python3.12/site-packages/airflow/example_dags/tutorial_taskflow_api_virtualenv.py
[2024-07-26T00:15:08.046+0000] {processor.py:840} INFO - DAG(s) 'tutorial_taskflow_api_virtualenv' retrieved from /home/airflow/.local/lib/python3.12/site-packages/airflow/example_dags/tutorial_taskflow_api_virtualenv.py
[2024-07-26T00:15:08.130+0000] {logging_mixin.py:188} INFO - [2024-07-26T00:15:08.130+0000] {dag.py:3089} INFO - Sync 1 DAGs
[2024-07-26T00:15:08.138+0000] {logging_mixin.py:188} INFO - [2024-07-26T00:15:08.138+0000] {dag.py:3947} INFO - Setting next_dagrun for tutorial_taskflow_api_virtualenv to None, run_after=None
[2024-07-26T00:15:08.152+0000] {processor.py:183} INFO - Processing /home/airflow/.local/lib/python3.12/site-packages/airflow/example_dags/tutorial_taskflow_api_virtualenv.py took 0.119 seconds
[2024-07-26T00:15:38.593+0000] {processor.py:161} INFO - Started process (PID=185) to work on /home/airflow/.local/lib/python3.12/site-packages/airflow/example_dags/tutorial_taskflow_api_virtualenv.py
[2024-07-26T00:15:38.594+0000] {processor.py:830} INFO - Processing file /home/airflow/.local/lib/python3.12/site-packages/airflow/example_dags/tutorial_taskflow_api_virtualenv.py for tasks to queue
[2024-07-26T00:15:38.596+0000] {logging_mixin.py:188} INFO - [2024-07-26T00:15:38.596+0000] {dagbag.py:545} INFO - Filling up the DagBag from /home/airflow/.local/lib/python3.12/site-packages/airflow/example_dags/tutorial_taskflow_api_virtualenv.py
[2024-07-26T00:15:38.603+0000] {processor.py:840} INFO - DAG(s) 'tutorial_taskflow_api_virtualenv' retrieved from /home/airflow/.local/lib/python3.12/site-packages/airflow/example_dags/tutorial_taskflow_api_virtualenv.py
[2024-07-26T00:15:38.621+0000] {logging_mixin.py:188} INFO - [2024-07-26T00:15:38.621+0000] {dag.py:3089} INFO - Sync 1 DAGs
[2024-07-26T00:15:38.632+0000] {logging_mixin.py:188} INFO - [2024-07-26T00:15:38.632+0000] {dag.py:3947} INFO - Setting next_dagrun for tutorial_taskflow_api_virtualenv to None, run_after=None
[2024-07-26T00:15:38.649+0000] {processor.py:183} INFO - Processing /home/airflow/.local/lib/python3.12/site-packages/airflow/example_dags/tutorial_taskflow_api_virtualenv.py took 0.059 seconds
[2024-07-26T00:16:08.773+0000] {processor.py:161} INFO - Started process (PID=244) to work on /home/airflow/.local/lib/python3.12/site-packages/airflow/example_dags/tutorial_taskflow_api_virtualenv.py
[2024-07-26T00:16:08.773+0000] {processor.py:830} INFO - Processing file /home/airflow/.local/lib/python3.12/site-packages/airflow/example_dags/tutorial_taskflow_api_virtualenv.py for tasks to queue
[2024-07-26T00:16:08.775+0000] {logging_mixin.py:188} INFO - [2024-07-26T00:16:08.775+0000] {dagbag.py:545} INFO - Filling up the DagBag from /home/airflow/.local/lib/python3.12/site-packages/airflow/example_dags/tutorial_taskflow_api_virtualenv.py
[2024-07-26T00:16:08.782+0000] {processor.py:840} INFO - DAG(s) 'tutorial_taskflow_api_virtualenv' retrieved from /home/airflow/.local/lib/python3.12/site-packages/airflow/example_dags/tutorial_taskflow_api_virtualenv.py
[2024-07-26T00:16:08.797+0000] {logging_mixin.py:188} INFO - [2024-07-26T00:16:08.796+0000] {dag.py:3089} INFO - Sync 1 DAGs
[2024-07-26T00:16:08.807+0000] {logging_mixin.py:188} INFO - [2024-07-26T00:16:08.807+0000] {dag.py:3947} INFO - Setting next_dagrun for tutorial_taskflow_api_virtualenv to None, run_after=None
[2024-07-26T00:16:08.821+0000] {processor.py:183} INFO - Processing /home/airflow/.local/lib/python3.12/site-packages/airflow/example_dags/tutorial_taskflow_api_virtualenv.py took 0.053 seconds
[2024-07-26T00:16:39.249+0000] {processor.py:161} INFO - Started process (PID=303) to work on /home/airflow/.local/lib/python3.12/site-packages/airflow/example_dags/tutorial_taskflow_api_virtualenv.py
[2024-07-26T00:16:39.250+0000] {processor.py:830} INFO - Processing file /home/airflow/.local/lib/python3.12/site-packages/airflow/example_dags/tutorial_taskflow_api_virtualenv.py for tasks to queue
[2024-07-26T00:16:39.251+0000] {logging_mixin.py:188} INFO - [2024-07-26T00:16:39.251+0000] {dagbag.py:545} INFO - Filling up the DagBag from /home/airflow/.local/lib/python3.12/site-packages/airflow/example_dags/tutorial_taskflow_api_virtualenv.py
[2024-07-26T00:16:39.258+0000] {processor.py:840} INFO - DAG(s) 'tutorial_taskflow_api_virtualenv' retrieved from /home/airflow/.local/lib/python3.12/site-packages/airflow/example_dags/tutorial_taskflow_api_virtualenv.py
[2024-07-26T00:16:39.275+0000] {logging_mixin.py:188} INFO - [2024-07-26T00:16:39.275+0000] {dag.py:3089} INFO - Sync 1 DAGs
[2024-07-26T00:16:39.284+0000] {logging_mixin.py:188} INFO - [2024-07-26T00:16:39.284+0000] {dag.py:3947} INFO - Setting next_dagrun for tutorial_taskflow_api_virtualenv to None, run_after=None
[2024-07-26T00:16:39.300+0000] {processor.py:183} INFO - Processing /home/airflow/.local/lib/python3.12/site-packages/airflow/example_dags/tutorial_taskflow_api_virtualenv.py took 0.055 seconds
[2024-07-26T00:17:09.853+0000] {processor.py:161} INFO - Started process (PID=362) to work on /home/airflow/.local/lib/python3.12/site-packages/airflow/example_dags/tutorial_taskflow_api_virtualenv.py
[2024-07-26T00:17:09.854+0000] {processor.py:830} INFO - Processing file /home/airflow/.local/lib/python3.12/site-packages/airflow/example_dags/tutorial_taskflow_api_virtualenv.py for tasks to queue
[2024-07-26T00:17:09.856+0000] {logging_mixin.py:188} INFO - [2024-07-26T00:17:09.856+0000] {dagbag.py:545} INFO - Filling up the DagBag from /home/airflow/.local/lib/python3.12/site-packages/airflow/example_dags/tutorial_taskflow_api_virtualenv.py
[2024-07-26T00:17:09.864+0000] {processor.py:840} INFO - DAG(s) 'tutorial_taskflow_api_virtualenv' retrieved from /home/airflow/.local/lib/python3.12/site-packages/airflow/example_dags/tutorial_taskflow_api_virtualenv.py
[2024-07-26T00:17:09.882+0000] {logging_mixin.py:188} INFO - [2024-07-26T00:17:09.882+0000] {dag.py:3089} INFO - Sync 1 DAGs
[2024-07-26T00:17:09.894+0000] {logging_mixin.py:188} INFO - [2024-07-26T00:17:09.893+0000] {dag.py:3947} INFO - Setting next_dagrun for tutorial_taskflow_api_virtualenv to None, run_after=None
[2024-07-26T00:17:09.913+0000] {processor.py:183} INFO - Processing /home/airflow/.local/lib/python3.12/site-packages/airflow/example_dags/tutorial_taskflow_api_virtualenv.py took 0.064 seconds
[2024-07-26T00:17:40.382+0000] {processor.py:161} INFO - Started process (PID=422) to work on /home/airflow/.local/lib/python3.12/site-packages/airflow/example_dags/tutorial_taskflow_api_virtualenv.py
[2024-07-26T00:17:40.382+0000] {processor.py:830} INFO - Processing file /home/airflow/.local/lib/python3.12/site-packages/airflow/example_dags/tutorial_taskflow_api_virtualenv.py for tasks to queue
[2024-07-26T00:17:40.384+0000] {logging_mixin.py:188} INFO - [2024-07-26T00:17:40.384+0000] {dagbag.py:545} INFO - Filling up the DagBag from /home/airflow/.local/lib/python3.12/site-packages/airflow/example_dags/tutorial_taskflow_api_virtualenv.py
[2024-07-26T00:17:40.391+0000] {processor.py:840} INFO - DAG(s) 'tutorial_taskflow_api_virtualenv' retrieved from /home/airflow/.local/lib/python3.12/site-packages/airflow/example_dags/tutorial_taskflow_api_virtualenv.py
[2024-07-26T00:17:40.407+0000] {logging_mixin.py:188} INFO - [2024-07-26T00:17:40.407+0000] {dag.py:3089} INFO - Sync 1 DAGs
[2024-07-26T00:17:40.417+0000] {logging_mixin.py:188} INFO - [2024-07-26T00:17:40.417+0000] {dag.py:3947} INFO - Setting next_dagrun for tutorial_taskflow_api_virtualenv to None, run_after=None
[2024-07-26T00:17:40.434+0000] {processor.py:183} INFO - Processing /home/airflow/.local/lib/python3.12/site-packages/airflow/example_dags/tutorial_taskflow_api_virtualenv.py took 0.056 seconds
[2024-07-26T00:18:10.825+0000] {processor.py:161} INFO - Started process (PID=481) to work on /home/airflow/.local/lib/python3.12/site-packages/airflow/example_dags/tutorial_taskflow_api_virtualenv.py
[2024-07-26T00:18:10.826+0000] {processor.py:830} INFO - Processing file /home/airflow/.local/lib/python3.12/site-packages/airflow/example_dags/tutorial_taskflow_api_virtualenv.py for tasks to queue
[2024-07-26T00:18:10.827+0000] {logging_mixin.py:188} INFO - [2024-07-26T00:18:10.827+0000] {dagbag.py:545} INFO - Filling up the DagBag from /home/airflow/.local/lib/python3.12/site-packages/airflow/example_dags/tutorial_taskflow_api_virtualenv.py
[2024-07-26T00:18:10.834+0000] {processor.py:840} INFO - DAG(s) 'tutorial_taskflow_api_virtualenv' retrieved from /home/airflow/.local/lib/python3.12/site-packages/airflow/example_dags/tutorial_taskflow_api_virtualenv.py
[2024-07-26T00:18:10.851+0000] {logging_mixin.py:188} INFO - [2024-07-26T00:18:10.851+0000] {dag.py:3089} INFO - Sync 1 DAGs
[2024-07-26T00:18:10.860+0000] {logging_mixin.py:188} INFO - [2024-07-26T00:18:10.860+0000] {dag.py:3947} INFO - Setting next_dagrun for tutorial_taskflow_api_virtualenv to None, run_after=None
[2024-07-26T00:18:10.877+0000] {processor.py:183} INFO - Processing /home/airflow/.local/lib/python3.12/site-packages/airflow/example_dags/tutorial_taskflow_api_virtualenv.py took 0.056 seconds
