[2024-07-26T00:00:27.123+0000] {processor.py:161} INFO - Started process (PID=12448) to work on /opt/airflow/dags/dag.py
[2024-07-26T00:00:27.123+0000] {processor.py:830} INFO - Processing file /opt/airflow/dags/dag.py for tasks to queue
[2024-07-26T00:00:27.125+0000] {logging_mixin.py:188} INFO - [2024-07-26T00:00:27.125+0000] {dagbag.py:545} INFO - Filling up the DagBag from /opt/airflow/dags/dag.py
[2024-07-26T00:00:27.142+0000] {processor.py:840} INFO - DAG(s) 'elt_script_dag' retrieved from /opt/airflow/dags/dag.py
[2024-07-26T00:00:27.158+0000] {logging_mixin.py:188} INFO - [2024-07-26T00:00:27.158+0000] {dag.py:3089} INFO - Sync 1 DAGs
[2024-07-26T00:00:27.176+0000] {logging_mixin.py:188} INFO - [2024-07-26T00:00:27.176+0000] {dag.py:3947} INFO - Setting next_dagrun for elt_script_dag to 2024-07-26 00:00:00+00:00, run_after=2024-07-27 00:00:00+00:00
[2024-07-26T00:00:27.194+0000] {processor.py:183} INFO - Processing /opt/airflow/dags/dag.py took 0.075 seconds
[2024-07-26T00:00:57.706+0000] {processor.py:161} INFO - Started process (PID=12507) to work on /opt/airflow/dags/dag.py
[2024-07-26T00:00:57.707+0000] {processor.py:830} INFO - Processing file /opt/airflow/dags/dag.py for tasks to queue
[2024-07-26T00:00:57.709+0000] {logging_mixin.py:188} INFO - [2024-07-26T00:00:57.709+0000] {dagbag.py:545} INFO - Filling up the DagBag from /opt/airflow/dags/dag.py
[2024-07-26T00:00:57.724+0000] {processor.py:840} INFO - DAG(s) 'elt_script_dag' retrieved from /opt/airflow/dags/dag.py
[2024-07-26T00:00:57.741+0000] {logging_mixin.py:188} INFO - [2024-07-26T00:00:57.741+0000] {dag.py:3089} INFO - Sync 1 DAGs
[2024-07-26T00:00:57.760+0000] {logging_mixin.py:188} INFO - [2024-07-26T00:00:57.759+0000] {dag.py:3947} INFO - Setting next_dagrun for elt_script_dag to 2024-07-26 00:00:00+00:00, run_after=2024-07-27 00:00:00+00:00
[2024-07-26T00:00:57.777+0000] {processor.py:183} INFO - Processing /opt/airflow/dags/dag.py took 0.076 seconds
[2024-07-26T00:01:28.031+0000] {processor.py:161} INFO - Started process (PID=12566) to work on /opt/airflow/dags/dag.py
[2024-07-26T00:01:28.032+0000] {processor.py:830} INFO - Processing file /opt/airflow/dags/dag.py for tasks to queue
[2024-07-26T00:01:28.034+0000] {logging_mixin.py:188} INFO - [2024-07-26T00:01:28.033+0000] {dagbag.py:545} INFO - Filling up the DagBag from /opt/airflow/dags/dag.py
[2024-07-26T00:01:28.048+0000] {processor.py:840} INFO - DAG(s) 'elt_script_dag' retrieved from /opt/airflow/dags/dag.py
[2024-07-26T00:01:28.065+0000] {logging_mixin.py:188} INFO - [2024-07-26T00:01:28.064+0000] {dag.py:3089} INFO - Sync 1 DAGs
[2024-07-26T00:01:28.084+0000] {logging_mixin.py:188} INFO - [2024-07-26T00:01:28.083+0000] {dag.py:3947} INFO - Setting next_dagrun for elt_script_dag to 2024-07-26 00:00:00+00:00, run_after=2024-07-27 00:00:00+00:00
[2024-07-26T00:01:28.110+0000] {processor.py:183} INFO - Processing /opt/airflow/dags/dag.py took 0.084 seconds
[2024-07-26T00:01:58.389+0000] {processor.py:161} INFO - Started process (PID=12625) to work on /opt/airflow/dags/dag.py
[2024-07-26T00:01:58.390+0000] {processor.py:830} INFO - Processing file /opt/airflow/dags/dag.py for tasks to queue
[2024-07-26T00:01:58.391+0000] {logging_mixin.py:188} INFO - [2024-07-26T00:01:58.391+0000] {dagbag.py:545} INFO - Filling up the DagBag from /opt/airflow/dags/dag.py
[2024-07-26T00:01:58.406+0000] {processor.py:840} INFO - DAG(s) 'elt_script_dag' retrieved from /opt/airflow/dags/dag.py
[2024-07-26T00:01:58.421+0000] {logging_mixin.py:188} INFO - [2024-07-26T00:01:58.420+0000] {dag.py:3089} INFO - Sync 1 DAGs
[2024-07-26T00:01:58.439+0000] {logging_mixin.py:188} INFO - [2024-07-26T00:01:58.439+0000] {dag.py:3947} INFO - Setting next_dagrun for elt_script_dag to 2024-07-26 00:00:00+00:00, run_after=2024-07-27 00:00:00+00:00
[2024-07-26T00:01:58.454+0000] {processor.py:183} INFO - Processing /opt/airflow/dags/dag.py took 0.070 seconds
[2024-07-26T00:02:28.853+0000] {processor.py:161} INFO - Started process (PID=12684) to work on /opt/airflow/dags/dag.py
[2024-07-26T00:02:28.854+0000] {processor.py:830} INFO - Processing file /opt/airflow/dags/dag.py for tasks to queue
[2024-07-26T00:02:28.856+0000] {logging_mixin.py:188} INFO - [2024-07-26T00:02:28.855+0000] {dagbag.py:545} INFO - Filling up the DagBag from /opt/airflow/dags/dag.py
[2024-07-26T00:02:28.870+0000] {processor.py:840} INFO - DAG(s) 'elt_script_dag' retrieved from /opt/airflow/dags/dag.py
[2024-07-26T00:02:28.884+0000] {logging_mixin.py:188} INFO - [2024-07-26T00:02:28.884+0000] {dag.py:3089} INFO - Sync 1 DAGs
[2024-07-26T00:02:28.901+0000] {logging_mixin.py:188} INFO - [2024-07-26T00:02:28.901+0000] {dag.py:3947} INFO - Setting next_dagrun for elt_script_dag to 2024-07-26 00:00:00+00:00, run_after=2024-07-27 00:00:00+00:00
[2024-07-26T00:02:28.918+0000] {processor.py:183} INFO - Processing /opt/airflow/dags/dag.py took 0.069 seconds
[2024-07-26T00:02:59.255+0000] {processor.py:161} INFO - Started process (PID=12743) to work on /opt/airflow/dags/dag.py
[2024-07-26T00:02:59.256+0000] {processor.py:830} INFO - Processing file /opt/airflow/dags/dag.py for tasks to queue
[2024-07-26T00:02:59.258+0000] {logging_mixin.py:188} INFO - [2024-07-26T00:02:59.258+0000] {dagbag.py:545} INFO - Filling up the DagBag from /opt/airflow/dags/dag.py
[2024-07-26T00:02:59.273+0000] {processor.py:840} INFO - DAG(s) 'elt_script_dag' retrieved from /opt/airflow/dags/dag.py
[2024-07-26T00:02:59.289+0000] {logging_mixin.py:188} INFO - [2024-07-26T00:02:59.289+0000] {dag.py:3089} INFO - Sync 1 DAGs
[2024-07-26T00:02:59.306+0000] {logging_mixin.py:188} INFO - [2024-07-26T00:02:59.306+0000] {dag.py:3947} INFO - Setting next_dagrun for elt_script_dag to 2024-07-26 00:00:00+00:00, run_after=2024-07-27 00:00:00+00:00
[2024-07-26T00:02:59.322+0000] {processor.py:183} INFO - Processing /opt/airflow/dags/dag.py took 0.071 seconds
[2024-07-26T00:03:29.808+0000] {processor.py:161} INFO - Started process (PID=12802) to work on /opt/airflow/dags/dag.py
[2024-07-26T00:03:29.808+0000] {processor.py:830} INFO - Processing file /opt/airflow/dags/dag.py for tasks to queue
[2024-07-26T00:03:29.810+0000] {logging_mixin.py:188} INFO - [2024-07-26T00:03:29.810+0000] {dagbag.py:545} INFO - Filling up the DagBag from /opt/airflow/dags/dag.py
[2024-07-26T00:03:29.825+0000] {processor.py:840} INFO - DAG(s) 'elt_script_dag' retrieved from /opt/airflow/dags/dag.py
[2024-07-26T00:03:29.840+0000] {logging_mixin.py:188} INFO - [2024-07-26T00:03:29.840+0000] {dag.py:3089} INFO - Sync 1 DAGs
[2024-07-26T00:03:29.858+0000] {logging_mixin.py:188} INFO - [2024-07-26T00:03:29.858+0000] {dag.py:3947} INFO - Setting next_dagrun for elt_script_dag to 2024-07-26 00:00:00+00:00, run_after=2024-07-27 00:00:00+00:00
[2024-07-26T00:03:29.883+0000] {processor.py:183} INFO - Processing /opt/airflow/dags/dag.py took 0.080 seconds
[2024-07-26T00:04:00.253+0000] {processor.py:161} INFO - Started process (PID=12861) to work on /opt/airflow/dags/dag.py
[2024-07-26T00:04:00.253+0000] {processor.py:830} INFO - Processing file /opt/airflow/dags/dag.py for tasks to queue
[2024-07-26T00:04:00.256+0000] {logging_mixin.py:188} INFO - [2024-07-26T00:04:00.255+0000] {dagbag.py:545} INFO - Filling up the DagBag from /opt/airflow/dags/dag.py
[2024-07-26T00:04:00.272+0000] {processor.py:840} INFO - DAG(s) 'elt_script_dag' retrieved from /opt/airflow/dags/dag.py
[2024-07-26T00:04:00.288+0000] {logging_mixin.py:188} INFO - [2024-07-26T00:04:00.288+0000] {dag.py:3089} INFO - Sync 1 DAGs
[2024-07-26T00:04:00.306+0000] {logging_mixin.py:188} INFO - [2024-07-26T00:04:00.306+0000] {dag.py:3947} INFO - Setting next_dagrun for elt_script_dag to 2024-07-26 00:00:00+00:00, run_after=2024-07-27 00:00:00+00:00
[2024-07-26T00:04:00.332+0000] {processor.py:183} INFO - Processing /opt/airflow/dags/dag.py took 0.084 seconds
[2024-07-26T00:04:30.651+0000] {processor.py:161} INFO - Started process (PID=12920) to work on /opt/airflow/dags/dag.py
[2024-07-26T00:04:30.652+0000] {processor.py:830} INFO - Processing file /opt/airflow/dags/dag.py for tasks to queue
[2024-07-26T00:04:30.654+0000] {logging_mixin.py:188} INFO - [2024-07-26T00:04:30.654+0000] {dagbag.py:545} INFO - Filling up the DagBag from /opt/airflow/dags/dag.py
[2024-07-26T00:04:30.671+0000] {processor.py:840} INFO - DAG(s) 'elt_script_dag' retrieved from /opt/airflow/dags/dag.py
[2024-07-26T00:04:30.687+0000] {logging_mixin.py:188} INFO - [2024-07-26T00:04:30.687+0000] {dag.py:3089} INFO - Sync 1 DAGs
[2024-07-26T00:04:30.704+0000] {logging_mixin.py:188} INFO - [2024-07-26T00:04:30.704+0000] {dag.py:3947} INFO - Setting next_dagrun for elt_script_dag to 2024-07-26 00:00:00+00:00, run_after=2024-07-27 00:00:00+00:00
[2024-07-26T00:04:30.720+0000] {processor.py:183} INFO - Processing /opt/airflow/dags/dag.py took 0.073 seconds
[2024-07-26T00:05:01.106+0000] {processor.py:161} INFO - Started process (PID=12979) to work on /opt/airflow/dags/dag.py
[2024-07-26T00:05:01.107+0000] {processor.py:830} INFO - Processing file /opt/airflow/dags/dag.py for tasks to queue
[2024-07-26T00:05:01.109+0000] {logging_mixin.py:188} INFO - [2024-07-26T00:05:01.109+0000] {dagbag.py:545} INFO - Filling up the DagBag from /opt/airflow/dags/dag.py
[2024-07-26T00:05:01.123+0000] {processor.py:840} INFO - DAG(s) 'elt_script_dag' retrieved from /opt/airflow/dags/dag.py
[2024-07-26T00:05:01.140+0000] {logging_mixin.py:188} INFO - [2024-07-26T00:05:01.140+0000] {dag.py:3089} INFO - Sync 1 DAGs
[2024-07-26T00:05:01.157+0000] {logging_mixin.py:188} INFO - [2024-07-26T00:05:01.157+0000] {dag.py:3947} INFO - Setting next_dagrun for elt_script_dag to 2024-07-26 00:00:00+00:00, run_after=2024-07-27 00:00:00+00:00
[2024-07-26T00:05:01.184+0000] {processor.py:183} INFO - Processing /opt/airflow/dags/dag.py took 0.082 seconds
[2024-07-26T00:05:31.616+0000] {processor.py:161} INFO - Started process (PID=13038) to work on /opt/airflow/dags/dag.py
[2024-07-26T00:05:31.617+0000] {processor.py:830} INFO - Processing file /opt/airflow/dags/dag.py for tasks to queue
[2024-07-26T00:05:31.619+0000] {logging_mixin.py:188} INFO - [2024-07-26T00:05:31.619+0000] {dagbag.py:545} INFO - Filling up the DagBag from /opt/airflow/dags/dag.py
[2024-07-26T00:05:31.633+0000] {processor.py:840} INFO - DAG(s) 'elt_script_dag' retrieved from /opt/airflow/dags/dag.py
[2024-07-26T00:05:31.649+0000] {logging_mixin.py:188} INFO - [2024-07-26T00:05:31.649+0000] {dag.py:3089} INFO - Sync 1 DAGs
[2024-07-26T00:05:31.667+0000] {logging_mixin.py:188} INFO - [2024-07-26T00:05:31.667+0000] {dag.py:3947} INFO - Setting next_dagrun for elt_script_dag to 2024-07-26 00:00:00+00:00, run_after=2024-07-27 00:00:00+00:00
[2024-07-26T00:05:31.683+0000] {processor.py:183} INFO - Processing /opt/airflow/dags/dag.py took 0.071 seconds
[2024-07-26T00:06:02.098+0000] {processor.py:161} INFO - Started process (PID=13097) to work on /opt/airflow/dags/dag.py
[2024-07-26T00:06:02.099+0000] {processor.py:830} INFO - Processing file /opt/airflow/dags/dag.py for tasks to queue
[2024-07-26T00:06:02.101+0000] {logging_mixin.py:188} INFO - [2024-07-26T00:06:02.100+0000] {dagbag.py:545} INFO - Filling up the DagBag from /opt/airflow/dags/dag.py
[2024-07-26T00:06:02.115+0000] {processor.py:840} INFO - DAG(s) 'elt_script_dag' retrieved from /opt/airflow/dags/dag.py
[2024-07-26T00:06:02.130+0000] {logging_mixin.py:188} INFO - [2024-07-26T00:06:02.129+0000] {dag.py:3089} INFO - Sync 1 DAGs
[2024-07-26T00:06:02.148+0000] {logging_mixin.py:188} INFO - [2024-07-26T00:06:02.148+0000] {dag.py:3947} INFO - Setting next_dagrun for elt_script_dag to 2024-07-26 00:00:00+00:00, run_after=2024-07-27 00:00:00+00:00
[2024-07-26T00:06:02.165+0000] {processor.py:183} INFO - Processing /opt/airflow/dags/dag.py took 0.071 seconds
[2024-07-26T00:06:32.651+0000] {processor.py:161} INFO - Started process (PID=13156) to work on /opt/airflow/dags/dag.py
[2024-07-26T00:06:32.652+0000] {processor.py:830} INFO - Processing file /opt/airflow/dags/dag.py for tasks to queue
[2024-07-26T00:06:32.655+0000] {logging_mixin.py:188} INFO - [2024-07-26T00:06:32.654+0000] {dagbag.py:545} INFO - Filling up the DagBag from /opt/airflow/dags/dag.py
[2024-07-26T00:06:32.670+0000] {processor.py:840} INFO - DAG(s) 'elt_script_dag' retrieved from /opt/airflow/dags/dag.py
[2024-07-26T00:06:32.685+0000] {logging_mixin.py:188} INFO - [2024-07-26T00:06:32.685+0000] {dag.py:3089} INFO - Sync 1 DAGs
[2024-07-26T00:06:32.702+0000] {logging_mixin.py:188} INFO - [2024-07-26T00:06:32.702+0000] {dag.py:3947} INFO - Setting next_dagrun for elt_script_dag to 2024-07-26 00:00:00+00:00, run_after=2024-07-27 00:00:00+00:00
[2024-07-26T00:06:32.719+0000] {processor.py:183} INFO - Processing /opt/airflow/dags/dag.py took 0.072 seconds
[2024-07-26T00:07:03.124+0000] {processor.py:161} INFO - Started process (PID=13215) to work on /opt/airflow/dags/dag.py
[2024-07-26T00:07:03.125+0000] {processor.py:830} INFO - Processing file /opt/airflow/dags/dag.py for tasks to queue
[2024-07-26T00:07:03.127+0000] {logging_mixin.py:188} INFO - [2024-07-26T00:07:03.126+0000] {dagbag.py:545} INFO - Filling up the DagBag from /opt/airflow/dags/dag.py
[2024-07-26T00:07:03.142+0000] {processor.py:840} INFO - DAG(s) 'elt_script_dag' retrieved from /opt/airflow/dags/dag.py
[2024-07-26T00:07:03.159+0000] {logging_mixin.py:188} INFO - [2024-07-26T00:07:03.159+0000] {dag.py:3089} INFO - Sync 1 DAGs
[2024-07-26T00:07:03.178+0000] {logging_mixin.py:188} INFO - [2024-07-26T00:07:03.178+0000] {dag.py:3947} INFO - Setting next_dagrun for elt_script_dag to 2024-07-26 00:00:00+00:00, run_after=2024-07-27 00:00:00+00:00
[2024-07-26T00:07:03.207+0000] {processor.py:183} INFO - Processing /opt/airflow/dags/dag.py took 0.088 seconds
[2024-07-26T00:07:33.628+0000] {processor.py:161} INFO - Started process (PID=13274) to work on /opt/airflow/dags/dag.py
[2024-07-26T00:07:33.629+0000] {processor.py:830} INFO - Processing file /opt/airflow/dags/dag.py for tasks to queue
[2024-07-26T00:07:33.630+0000] {logging_mixin.py:188} INFO - [2024-07-26T00:07:33.630+0000] {dagbag.py:545} INFO - Filling up the DagBag from /opt/airflow/dags/dag.py
[2024-07-26T00:07:33.646+0000] {processor.py:840} INFO - DAG(s) 'elt_script_dag' retrieved from /opt/airflow/dags/dag.py
[2024-07-26T00:07:33.661+0000] {logging_mixin.py:188} INFO - [2024-07-26T00:07:33.660+0000] {dag.py:3089} INFO - Sync 1 DAGs
[2024-07-26T00:07:33.679+0000] {logging_mixin.py:188} INFO - [2024-07-26T00:07:33.679+0000] {dag.py:3947} INFO - Setting next_dagrun for elt_script_dag to 2024-07-26 00:00:00+00:00, run_after=2024-07-27 00:00:00+00:00
[2024-07-26T00:07:33.697+0000] {processor.py:183} INFO - Processing /opt/airflow/dags/dag.py took 0.073 seconds
[2024-07-26T00:08:04.106+0000] {processor.py:161} INFO - Started process (PID=13333) to work on /opt/airflow/dags/dag.py
[2024-07-26T00:08:04.107+0000] {processor.py:830} INFO - Processing file /opt/airflow/dags/dag.py for tasks to queue
[2024-07-26T00:08:04.109+0000] {logging_mixin.py:188} INFO - [2024-07-26T00:08:04.109+0000] {dagbag.py:545} INFO - Filling up the DagBag from /opt/airflow/dags/dag.py
[2024-07-26T00:08:04.124+0000] {processor.py:840} INFO - DAG(s) 'elt_script_dag' retrieved from /opt/airflow/dags/dag.py
[2024-07-26T00:08:04.141+0000] {logging_mixin.py:188} INFO - [2024-07-26T00:08:04.140+0000] {dag.py:3089} INFO - Sync 1 DAGs
[2024-07-26T00:08:04.159+0000] {logging_mixin.py:188} INFO - [2024-07-26T00:08:04.159+0000] {dag.py:3947} INFO - Setting next_dagrun for elt_script_dag to 2024-07-26 00:00:00+00:00, run_after=2024-07-27 00:00:00+00:00
[2024-07-26T00:08:04.186+0000] {processor.py:183} INFO - Processing /opt/airflow/dags/dag.py took 0.084 seconds
[2024-07-26T00:08:34.557+0000] {processor.py:161} INFO - Started process (PID=13392) to work on /opt/airflow/dags/dag.py
[2024-07-26T00:08:34.557+0000] {processor.py:830} INFO - Processing file /opt/airflow/dags/dag.py for tasks to queue
[2024-07-26T00:08:34.560+0000] {logging_mixin.py:188} INFO - [2024-07-26T00:08:34.559+0000] {dagbag.py:545} INFO - Filling up the DagBag from /opt/airflow/dags/dag.py
[2024-07-26T00:08:34.573+0000] {processor.py:840} INFO - DAG(s) 'elt_script_dag' retrieved from /opt/airflow/dags/dag.py
[2024-07-26T00:08:34.588+0000] {logging_mixin.py:188} INFO - [2024-07-26T00:08:34.588+0000] {dag.py:3089} INFO - Sync 1 DAGs
[2024-07-26T00:08:34.605+0000] {logging_mixin.py:188} INFO - [2024-07-26T00:08:34.605+0000] {dag.py:3947} INFO - Setting next_dagrun for elt_script_dag to 2024-07-26 00:00:00+00:00, run_after=2024-07-27 00:00:00+00:00
[2024-07-26T00:08:34.621+0000] {processor.py:183} INFO - Processing /opt/airflow/dags/dag.py took 0.068 seconds
[2024-07-26T00:09:05.040+0000] {processor.py:161} INFO - Started process (PID=13451) to work on /opt/airflow/dags/dag.py
[2024-07-26T00:09:05.041+0000] {processor.py:830} INFO - Processing file /opt/airflow/dags/dag.py for tasks to queue
[2024-07-26T00:09:05.042+0000] {logging_mixin.py:188} INFO - [2024-07-26T00:09:05.042+0000] {dagbag.py:545} INFO - Filling up the DagBag from /opt/airflow/dags/dag.py
[2024-07-26T00:09:05.055+0000] {processor.py:840} INFO - DAG(s) 'elt_script_dag' retrieved from /opt/airflow/dags/dag.py
[2024-07-26T00:09:05.068+0000] {logging_mixin.py:188} INFO - [2024-07-26T00:09:05.068+0000] {dag.py:3089} INFO - Sync 1 DAGs
[2024-07-26T00:09:05.085+0000] {logging_mixin.py:188} INFO - [2024-07-26T00:09:05.085+0000] {dag.py:3947} INFO - Setting next_dagrun for elt_script_dag to 2024-07-26 00:00:00+00:00, run_after=2024-07-27 00:00:00+00:00
[2024-07-26T00:09:05.099+0000] {processor.py:183} INFO - Processing /opt/airflow/dags/dag.py took 0.063 seconds
[2024-07-26T00:09:35.586+0000] {processor.py:161} INFO - Started process (PID=13510) to work on /opt/airflow/dags/dag.py
[2024-07-26T00:09:35.586+0000] {processor.py:830} INFO - Processing file /opt/airflow/dags/dag.py for tasks to queue
[2024-07-26T00:09:35.588+0000] {logging_mixin.py:188} INFO - [2024-07-26T00:09:35.588+0000] {dagbag.py:545} INFO - Filling up the DagBag from /opt/airflow/dags/dag.py
[2024-07-26T00:09:35.602+0000] {processor.py:840} INFO - DAG(s) 'elt_script_dag' retrieved from /opt/airflow/dags/dag.py
[2024-07-26T00:09:35.618+0000] {logging_mixin.py:188} INFO - [2024-07-26T00:09:35.618+0000] {dag.py:3089} INFO - Sync 1 DAGs
[2024-07-26T00:09:35.635+0000] {logging_mixin.py:188} INFO - [2024-07-26T00:09:35.635+0000] {dag.py:3947} INFO - Setting next_dagrun for elt_script_dag to 2024-07-26 00:00:00+00:00, run_after=2024-07-27 00:00:00+00:00
[2024-07-26T00:09:35.663+0000] {processor.py:183} INFO - Processing /opt/airflow/dags/dag.py took 0.081 seconds
[2024-07-26T00:10:06.067+0000] {processor.py:161} INFO - Started process (PID=13569) to work on /opt/airflow/dags/dag.py
[2024-07-26T00:10:06.068+0000] {processor.py:830} INFO - Processing file /opt/airflow/dags/dag.py for tasks to queue
[2024-07-26T00:10:06.070+0000] {logging_mixin.py:188} INFO - [2024-07-26T00:10:06.069+0000] {dagbag.py:545} INFO - Filling up the DagBag from /opt/airflow/dags/dag.py
[2024-07-26T00:10:06.087+0000] {processor.py:840} INFO - DAG(s) 'elt_script_dag' retrieved from /opt/airflow/dags/dag.py
[2024-07-26T00:10:06.104+0000] {logging_mixin.py:188} INFO - [2024-07-26T00:10:06.104+0000] {dag.py:3089} INFO - Sync 1 DAGs
[2024-07-26T00:10:06.124+0000] {logging_mixin.py:188} INFO - [2024-07-26T00:10:06.124+0000] {dag.py:3947} INFO - Setting next_dagrun for elt_script_dag to 2024-07-26 00:00:00+00:00, run_after=2024-07-27 00:00:00+00:00
[2024-07-26T00:10:06.160+0000] {processor.py:183} INFO - Processing /opt/airflow/dags/dag.py took 0.097 seconds
[2024-07-26T00:10:36.581+0000] {processor.py:161} INFO - Started process (PID=13628) to work on /opt/airflow/dags/dag.py
[2024-07-26T00:10:36.582+0000] {processor.py:830} INFO - Processing file /opt/airflow/dags/dag.py for tasks to queue
[2024-07-26T00:10:36.583+0000] {logging_mixin.py:188} INFO - [2024-07-26T00:10:36.583+0000] {dagbag.py:545} INFO - Filling up the DagBag from /opt/airflow/dags/dag.py
[2024-07-26T00:10:36.598+0000] {processor.py:840} INFO - DAG(s) 'elt_script_dag' retrieved from /opt/airflow/dags/dag.py
[2024-07-26T00:10:36.613+0000] {logging_mixin.py:188} INFO - [2024-07-26T00:10:36.613+0000] {dag.py:3089} INFO - Sync 1 DAGs
[2024-07-26T00:10:36.631+0000] {logging_mixin.py:188} INFO - [2024-07-26T00:10:36.631+0000] {dag.py:3947} INFO - Setting next_dagrun for elt_script_dag to 2024-07-26 00:00:00+00:00, run_after=2024-07-27 00:00:00+00:00
[2024-07-26T00:10:36.659+0000] {processor.py:183} INFO - Processing /opt/airflow/dags/dag.py took 0.081 seconds
[2024-07-26T00:11:07.053+0000] {processor.py:161} INFO - Started process (PID=13687) to work on /opt/airflow/dags/dag.py
[2024-07-26T00:11:07.054+0000] {processor.py:830} INFO - Processing file /opt/airflow/dags/dag.py for tasks to queue
[2024-07-26T00:11:07.056+0000] {logging_mixin.py:188} INFO - [2024-07-26T00:11:07.055+0000] {dagbag.py:545} INFO - Filling up the DagBag from /opt/airflow/dags/dag.py
[2024-07-26T00:11:07.078+0000] {processor.py:840} INFO - DAG(s) 'elt_script_dag' retrieved from /opt/airflow/dags/dag.py
[2024-07-26T00:11:07.094+0000] {logging_mixin.py:188} INFO - [2024-07-26T00:11:07.094+0000] {dag.py:3089} INFO - Sync 1 DAGs
[2024-07-26T00:11:07.116+0000] {logging_mixin.py:188} INFO - [2024-07-26T00:11:07.116+0000] {dag.py:3947} INFO - Setting next_dagrun for elt_script_dag to 2024-07-26 00:00:00+00:00, run_after=2024-07-27 00:00:00+00:00
[2024-07-26T00:11:07.148+0000] {processor.py:183} INFO - Processing /opt/airflow/dags/dag.py took 0.100 seconds
[2024-07-26T00:11:37.458+0000] {processor.py:161} INFO - Started process (PID=13746) to work on /opt/airflow/dags/dag.py
[2024-07-26T00:11:37.459+0000] {processor.py:830} INFO - Processing file /opt/airflow/dags/dag.py for tasks to queue
[2024-07-26T00:11:37.460+0000] {logging_mixin.py:188} INFO - [2024-07-26T00:11:37.460+0000] {dagbag.py:545} INFO - Filling up the DagBag from /opt/airflow/dags/dag.py
[2024-07-26T00:11:37.474+0000] {processor.py:840} INFO - DAG(s) 'elt_script_dag' retrieved from /opt/airflow/dags/dag.py
[2024-07-26T00:11:37.489+0000] {logging_mixin.py:188} INFO - [2024-07-26T00:11:37.489+0000] {dag.py:3089} INFO - Sync 1 DAGs
[2024-07-26T00:11:37.506+0000] {logging_mixin.py:188} INFO - [2024-07-26T00:11:37.506+0000] {dag.py:3947} INFO - Setting next_dagrun for elt_script_dag to 2024-07-26 00:00:00+00:00, run_after=2024-07-27 00:00:00+00:00
[2024-07-26T00:11:37.524+0000] {processor.py:183} INFO - Processing /opt/airflow/dags/dag.py took 0.070 seconds
[2024-07-26T00:14:34.646+0000] {processor.py:161} INFO - Started process (PID=38) to work on /opt/airflow/dags/dag.py
[2024-07-26T00:14:34.647+0000] {processor.py:830} INFO - Processing file /opt/airflow/dags/dag.py for tasks to queue
[2024-07-26T00:14:34.649+0000] {logging_mixin.py:188} INFO - [2024-07-26T00:14:34.649+0000] {dagbag.py:545} INFO - Filling up the DagBag from /opt/airflow/dags/dag.py
[2024-07-26T00:14:34.679+0000] {processor.py:840} INFO - DAG(s) 'elt_script_dag' retrieved from /opt/airflow/dags/dag.py
[2024-07-26T00:14:34.884+0000] {logging_mixin.py:188} INFO - [2024-07-26T00:14:34.884+0000] {dag.py:3089} INFO - Sync 1 DAGs
[2024-07-26T00:14:34.902+0000] {logging_mixin.py:188} INFO - [2024-07-26T00:14:34.902+0000] {dag.py:3947} INFO - Setting next_dagrun for elt_script_dag to 2024-07-26 00:00:00+00:00, run_after=2024-07-27 00:00:00+00:00
[2024-07-26T00:14:34.918+0000] {processor.py:183} INFO - Processing /opt/airflow/dags/dag.py took 0.278 seconds
[2024-07-26T00:15:05.772+0000] {processor.py:161} INFO - Started process (PID=97) to work on /opt/airflow/dags/dag.py
[2024-07-26T00:15:05.773+0000] {processor.py:830} INFO - Processing file /opt/airflow/dags/dag.py for tasks to queue
[2024-07-26T00:15:05.774+0000] {logging_mixin.py:188} INFO - [2024-07-26T00:15:05.774+0000] {dagbag.py:545} INFO - Filling up the DagBag from /opt/airflow/dags/dag.py
[2024-07-26T00:15:05.793+0000] {processor.py:840} INFO - DAG(s) 'elt_script_dag' retrieved from /opt/airflow/dags/dag.py
[2024-07-26T00:15:05.811+0000] {logging_mixin.py:188} INFO - [2024-07-26T00:15:05.811+0000] {dag.py:3089} INFO - Sync 1 DAGs
[2024-07-26T00:15:05.833+0000] {logging_mixin.py:188} INFO - [2024-07-26T00:15:05.833+0000] {dag.py:3947} INFO - Setting next_dagrun for elt_script_dag to 2024-07-26 00:00:00+00:00, run_after=2024-07-27 00:00:00+00:00
[2024-07-26T00:15:05.860+0000] {processor.py:183} INFO - Processing /opt/airflow/dags/dag.py took 0.092 seconds
[2024-07-26T00:15:35.959+0000] {processor.py:161} INFO - Started process (PID=156) to work on /opt/airflow/dags/dag.py
[2024-07-26T00:15:35.960+0000] {processor.py:830} INFO - Processing file /opt/airflow/dags/dag.py for tasks to queue
[2024-07-26T00:15:35.964+0000] {logging_mixin.py:188} INFO - [2024-07-26T00:15:35.963+0000] {dagbag.py:545} INFO - Filling up the DagBag from /opt/airflow/dags/dag.py
[2024-07-26T00:15:35.993+0000] {processor.py:840} INFO - DAG(s) 'elt_script_dag' retrieved from /opt/airflow/dags/dag.py
[2024-07-26T00:15:36.017+0000] {logging_mixin.py:188} INFO - [2024-07-26T00:15:36.017+0000] {dag.py:3089} INFO - Sync 1 DAGs
[2024-07-26T00:15:36.043+0000] {logging_mixin.py:188} INFO - [2024-07-26T00:15:36.043+0000] {dag.py:3947} INFO - Setting next_dagrun for elt_script_dag to 2024-07-26 00:00:00+00:00, run_after=2024-07-27 00:00:00+00:00
[2024-07-26T00:15:36.062+0000] {processor.py:183} INFO - Processing /opt/airflow/dags/dag.py took 0.111 seconds
[2024-07-26T00:16:06.123+0000] {processor.py:161} INFO - Started process (PID=215) to work on /opt/airflow/dags/dag.py
[2024-07-26T00:16:06.124+0000] {processor.py:830} INFO - Processing file /opt/airflow/dags/dag.py for tasks to queue
[2024-07-26T00:16:06.126+0000] {logging_mixin.py:188} INFO - [2024-07-26T00:16:06.126+0000] {dagbag.py:545} INFO - Filling up the DagBag from /opt/airflow/dags/dag.py
[2024-07-26T00:16:06.143+0000] {processor.py:840} INFO - DAG(s) 'elt_script_dag' retrieved from /opt/airflow/dags/dag.py
[2024-07-26T00:16:06.158+0000] {logging_mixin.py:188} INFO - [2024-07-26T00:16:06.158+0000] {dag.py:3089} INFO - Sync 1 DAGs
[2024-07-26T00:16:06.173+0000] {logging_mixin.py:188} INFO - [2024-07-26T00:16:06.173+0000] {dag.py:3947} INFO - Setting next_dagrun for elt_script_dag to 2024-07-26 00:00:00+00:00, run_after=2024-07-27 00:00:00+00:00
[2024-07-26T00:16:06.187+0000] {processor.py:183} INFO - Processing /opt/airflow/dags/dag.py took 0.069 seconds
[2024-07-26T00:16:36.828+0000] {processor.py:161} INFO - Started process (PID=274) to work on /opt/airflow/dags/dag.py
[2024-07-26T00:16:36.829+0000] {processor.py:830} INFO - Processing file /opt/airflow/dags/dag.py for tasks to queue
[2024-07-26T00:16:36.831+0000] {logging_mixin.py:188} INFO - [2024-07-26T00:16:36.831+0000] {dagbag.py:545} INFO - Filling up the DagBag from /opt/airflow/dags/dag.py
[2024-07-26T00:16:36.848+0000] {processor.py:840} INFO - DAG(s) 'elt_script_dag' retrieved from /opt/airflow/dags/dag.py
[2024-07-26T00:16:36.867+0000] {logging_mixin.py:188} INFO - [2024-07-26T00:16:36.867+0000] {dag.py:3089} INFO - Sync 1 DAGs
[2024-07-26T00:16:36.890+0000] {logging_mixin.py:188} INFO - [2024-07-26T00:16:36.889+0000] {dag.py:3947} INFO - Setting next_dagrun for elt_script_dag to 2024-07-26 00:00:00+00:00, run_after=2024-07-27 00:00:00+00:00
[2024-07-26T00:16:36.909+0000] {processor.py:183} INFO - Processing /opt/airflow/dags/dag.py took 0.085 seconds
[2024-07-26T00:17:07.406+0000] {processor.py:161} INFO - Started process (PID=333) to work on /opt/airflow/dags/dag.py
[2024-07-26T00:17:07.407+0000] {processor.py:830} INFO - Processing file /opt/airflow/dags/dag.py for tasks to queue
[2024-07-26T00:17:07.409+0000] {logging_mixin.py:188} INFO - [2024-07-26T00:17:07.409+0000] {dagbag.py:545} INFO - Filling up the DagBag from /opt/airflow/dags/dag.py
[2024-07-26T00:17:07.427+0000] {processor.py:840} INFO - DAG(s) 'elt_script_dag' retrieved from /opt/airflow/dags/dag.py
[2024-07-26T00:17:07.443+0000] {logging_mixin.py:188} INFO - [2024-07-26T00:17:07.442+0000] {dag.py:3089} INFO - Sync 1 DAGs
[2024-07-26T00:17:07.460+0000] {logging_mixin.py:188} INFO - [2024-07-26T00:17:07.460+0000] {dag.py:3947} INFO - Setting next_dagrun for elt_script_dag to 2024-07-26 00:00:00+00:00, run_after=2024-07-27 00:00:00+00:00
[2024-07-26T00:17:07.476+0000] {processor.py:183} INFO - Processing /opt/airflow/dags/dag.py took 0.074 seconds
[2024-07-26T00:17:37.961+0000] {processor.py:161} INFO - Started process (PID=393) to work on /opt/airflow/dags/dag.py
[2024-07-26T00:17:37.962+0000] {processor.py:830} INFO - Processing file /opt/airflow/dags/dag.py for tasks to queue
[2024-07-26T00:17:37.964+0000] {logging_mixin.py:188} INFO - [2024-07-26T00:17:37.963+0000] {dagbag.py:545} INFO - Filling up the DagBag from /opt/airflow/dags/dag.py
[2024-07-26T00:17:37.979+0000] {processor.py:840} INFO - DAG(s) 'elt_script_dag' retrieved from /opt/airflow/dags/dag.py
[2024-07-26T00:17:37.996+0000] {logging_mixin.py:188} INFO - [2024-07-26T00:17:37.996+0000] {dag.py:3089} INFO - Sync 1 DAGs
[2024-07-26T00:17:38.014+0000] {logging_mixin.py:188} INFO - [2024-07-26T00:17:38.014+0000] {dag.py:3947} INFO - Setting next_dagrun for elt_script_dag to 2024-07-26 00:00:00+00:00, run_after=2024-07-27 00:00:00+00:00
[2024-07-26T00:17:38.030+0000] {processor.py:183} INFO - Processing /opt/airflow/dags/dag.py took 0.073 seconds
[2024-07-26T00:18:08.427+0000] {processor.py:161} INFO - Started process (PID=452) to work on /opt/airflow/dags/dag.py
[2024-07-26T00:18:08.428+0000] {processor.py:830} INFO - Processing file /opt/airflow/dags/dag.py for tasks to queue
[2024-07-26T00:18:08.430+0000] {logging_mixin.py:188} INFO - [2024-07-26T00:18:08.430+0000] {dagbag.py:545} INFO - Filling up the DagBag from /opt/airflow/dags/dag.py
[2024-07-26T00:18:08.449+0000] {processor.py:840} INFO - DAG(s) 'elt_script_dag' retrieved from /opt/airflow/dags/dag.py
[2024-07-26T00:18:08.467+0000] {logging_mixin.py:188} INFO - [2024-07-26T00:18:08.466+0000] {dag.py:3089} INFO - Sync 1 DAGs
[2024-07-26T00:18:08.486+0000] {logging_mixin.py:188} INFO - [2024-07-26T00:18:08.485+0000] {dag.py:3947} INFO - Setting next_dagrun for elt_script_dag to 2024-07-26 00:00:00+00:00, run_after=2024-07-27 00:00:00+00:00
[2024-07-26T00:18:08.503+0000] {processor.py:183} INFO - Processing /opt/airflow/dags/dag.py took 0.082 seconds
