[2024-07-23T05:15:03.218+0000] {local_task_job_runner.py:120} INFO - ::group::Pre task execution logs
[2024-07-23T05:15:03.236+0000] {taskinstance.py:2076} INFO - Dependencies all met for dep_context=non-requeueable deps ti=<TaskInstance: elt_script_dag.run_elt_script manual__2024-07-23T05:13:52.473420+00:00 [queued]>
[2024-07-23T05:15:03.244+0000] {taskinstance.py:2076} INFO - Dependencies all met for dep_context=requeueable deps ti=<TaskInstance: elt_script_dag.run_elt_script manual__2024-07-23T05:13:52.473420+00:00 [queued]>
[2024-07-23T05:15:03.244+0000] {taskinstance.py:2306} INFO - Starting attempt 2 of 2
[2024-07-23T05:15:03.255+0000] {taskinstance.py:2330} INFO - Executing <Task(BashOperator): run_elt_script> on 2024-07-23 05:13:52.473420+00:00
[2024-07-23T05:15:03.261+0000] {warnings.py:112} WARNING - /home/***/.local/lib/python3.12/site-packages/***/task/task_runner/standard_task_runner.py:62: DeprecationWarning: This process (pid=81) is multi-threaded, use of fork() may lead to deadlocks in the child.
  pid = os.fork()

[2024-07-23T05:15:03.262+0000] {standard_task_runner.py:64} INFO - Started process 83 to run task
[2024-07-23T05:15:03.262+0000] {standard_task_runner.py:90} INFO - Running: ['***', 'tasks', 'run', 'elt_script_dag', 'run_elt_script', 'manual__2024-07-23T05:13:52.473420+00:00', '--job-id', '51', '--raw', '--subdir', 'DAGS_FOLDER/dag.py', '--cfg-path', '/tmp/tmpd2cir20f']
[2024-07-23T05:15:03.264+0000] {standard_task_runner.py:91} INFO - Job 51: Subtask run_elt_script
[2024-07-23T05:15:03.298+0000] {task_command.py:426} INFO - Running <TaskInstance: elt_script_dag.run_elt_script manual__2024-07-23T05:13:52.473420+00:00 [running]> on host ed5b129837b8
[2024-07-23T05:15:03.360+0000] {taskinstance.py:2648} INFO - Exporting env vars: AIRFLOW_CTX_DAG_EMAIL='***@example.com' AIRFLOW_CTX_DAG_OWNER='***' AIRFLOW_CTX_DAG_ID='elt_script_dag' AIRFLOW_CTX_TASK_ID='run_elt_script' AIRFLOW_CTX_EXECUTION_DATE='2024-07-23T05:13:52.473420+00:00' AIRFLOW_CTX_TRY_NUMBER='2' AIRFLOW_CTX_DAG_RUN_ID='manual__2024-07-23T05:13:52.473420+00:00'
[2024-07-23T05:15:03.362+0000] {taskinstance.py:430} INFO - ::endgroup::
[2024-07-23T05:15:03.363+0000] {subprocess.py:63} INFO - Tmp dir root location: /tmp
[2024-07-23T05:15:03.363+0000] {subprocess.py:75} INFO - Running command: ['/usr/bin/bash', '-c', 'python /opt/***/scripts/elt_script.py']
[2024-07-23T05:15:03.373+0000] {subprocess.py:86} INFO - Output:
[2024-07-23T05:15:09.290+0000] {subprocess.py:93} INFO - ELT script started...
[2024-07-23T05:15:09.290+0000] {subprocess.py:93} INFO - fetching videos...
[2024-07-23T05:15:09.291+0000] {subprocess.py:93} INFO - fetching videos...
[2024-07-23T05:15:09.291+0000] {subprocess.py:93} INFO - fetching videos...
[2024-07-23T05:15:09.291+0000] {subprocess.py:93} INFO - fetching videos...
[2024-07-23T05:15:09.292+0000] {subprocess.py:93} INFO - could not translate host name "postgres1" to address: Name or service not known
[2024-07-23T05:15:09.292+0000] {subprocess.py:93} INFO - 
[2024-07-23T05:15:09.292+0000] {subprocess.py:93} INFO - Traceback (most recent call last):
[2024-07-23T05:15:09.293+0000] {subprocess.py:93} INFO -   File "/opt/***/scripts/elt_script.py", line 54, in <module>
[2024-07-23T05:15:09.293+0000] {subprocess.py:93} INFO -     cursor.execute(insert_query, (formatted_time, rank, current_video['snippet']['title'], current_video['id'], current_video['snippet']['publishedAt'], current_video['snippet']['channelId'], current_video['snippet']['description'], current_video['snippet']['thumbnails'].get('maxres', current_video['snippet']['thumbnails'].get('default', {'url': ''}))['url'], current_video['contentDetails']['dimension'], current_video['statistics']['viewCount'], current_video['statistics']['likeCount'], current_video['statistics'].get('commentCount', -1), current_video['statistics']['favoriteCount'], current_video['snippet']['categoryId']))
[2024-07-23T05:15:09.293+0000] {subprocess.py:93} INFO -     ^^^^^^
[2024-07-23T05:15:09.294+0000] {subprocess.py:93} INFO - NameError: name 'cursor' is not defined
[2024-07-23T05:15:09.312+0000] {subprocess.py:97} INFO - Command exited with return code 1
[2024-07-23T05:15:09.313+0000] {taskinstance.py:441} INFO - ::group::Post task execution logs
[2024-07-23T05:15:09.322+0000] {taskinstance.py:2905} ERROR - Task failed with exception
Traceback (most recent call last):
  File "/home/airflow/.local/lib/python3.12/site-packages/airflow/models/taskinstance.py", line 465, in _execute_task
    result = _execute_callable(context=context, **execute_callable_kwargs)
             ^^^^^^^^^^^^^^^^^^^^^^^^^^^^^^^^^^^^^^^^^^^^^^^^^^^^^^^^^^^^^
  File "/home/airflow/.local/lib/python3.12/site-packages/airflow/models/taskinstance.py", line 432, in _execute_callable
    return execute_callable(context=context, **execute_callable_kwargs)
           ^^^^^^^^^^^^^^^^^^^^^^^^^^^^^^^^^^^^^^^^^^^^^^^^^^^^^^^^^^^^
  File "/home/airflow/.local/lib/python3.12/site-packages/airflow/models/baseoperator.py", line 401, in wrapper
    return func(self, *args, **kwargs)
           ^^^^^^^^^^^^^^^^^^^^^^^^^^^
  File "/home/airflow/.local/lib/python3.12/site-packages/airflow/operators/bash.py", line 243, in execute
    raise AirflowException(
airflow.exceptions.AirflowException: Bash command failed. The command returned a non-zero exit code 1.
[2024-07-23T05:15:09.326+0000] {taskinstance.py:1206} INFO - Marking task as FAILED. dag_id=elt_script_dag, task_id=run_elt_script, run_id=manual__2024-07-23T05:13:52.473420+00:00, execution_date=20240723T051352, start_date=20240723T051503, end_date=20240723T051509
[2024-07-23T05:15:09.347+0000] {standard_task_runner.py:110} ERROR - Failed to execute job 51 for task run_elt_script (Bash command failed. The command returned a non-zero exit code 1.; 83)
[2024-07-23T05:15:09.369+0000] {local_task_job_runner.py:243} INFO - Task exited with return code 1
[2024-07-23T05:15:09.381+0000] {taskinstance.py:3503} INFO - 0 downstream tasks scheduled from follow-on schedule check
[2024-07-23T05:15:09.383+0000] {local_task_job_runner.py:222} INFO - ::endgroup::
