[2024-07-26T00:15:26.607+0000] {local_task_job_runner.py:120} INFO - ::group::Pre task execution logs
[2024-07-26T00:15:26.626+0000] {taskinstance.py:2076} INFO - Dependencies all met for dep_context=non-requeueable deps ti=<TaskInstance: elt_script_dag.run_dbt manual__2024-07-26T00:15:17.778878+00:00 [queued]>
[2024-07-26T00:15:26.634+0000] {taskinstance.py:2076} INFO - Dependencies all met for dep_context=requeueable deps ti=<TaskInstance: elt_script_dag.run_dbt manual__2024-07-26T00:15:17.778878+00:00 [queued]>
[2024-07-26T00:15:26.635+0000] {taskinstance.py:2306} INFO - Starting attempt 1 of 2
[2024-07-26T00:15:26.644+0000] {taskinstance.py:2330} INFO - Executing <Task(DockerOperator): run_dbt> on 2024-07-26 00:15:17.778878+00:00
[2024-07-26T00:15:26.650+0000] {warnings.py:112} WARNING - /home/***/.local/lib/python3.12/site-packages/***/task/task_runner/standard_task_runner.py:62: DeprecationWarning: This process (pid=77) is multi-threaded, use of fork() may lead to deadlocks in the child.
  pid = os.fork()

[2024-07-26T00:15:26.652+0000] {standard_task_runner.py:64} INFO - Started process 79 to run task
[2024-07-26T00:15:26.652+0000] {standard_task_runner.py:90} INFO - Running: ['***', 'tasks', 'run', 'elt_script_dag', 'run_dbt', 'manual__2024-07-26T00:15:17.778878+00:00', '--job-id', '126', '--raw', '--subdir', 'DAGS_FOLDER/dag.py', '--cfg-path', '/tmp/tmpkfmp32io']
[2024-07-26T00:15:26.653+0000] {standard_task_runner.py:91} INFO - Job 126: Subtask run_dbt
[2024-07-26T00:15:26.690+0000] {task_command.py:426} INFO - Running <TaskInstance: elt_script_dag.run_dbt manual__2024-07-26T00:15:17.778878+00:00 [running]> on host e54d845b458d
[2024-07-26T00:15:26.761+0000] {taskinstance.py:2648} INFO - Exporting env vars: AIRFLOW_CTX_DAG_EMAIL='***@example.com' AIRFLOW_CTX_DAG_OWNER='***' AIRFLOW_CTX_DAG_ID='elt_script_dag' AIRFLOW_CTX_TASK_ID='run_dbt' AIRFLOW_CTX_EXECUTION_DATE='2024-07-26T00:15:17.778878+00:00' AIRFLOW_CTX_TRY_NUMBER='1' AIRFLOW_CTX_DAG_RUN_ID='manual__2024-07-26T00:15:17.778878+00:00'
[2024-07-26T00:15:26.763+0000] {taskinstance.py:430} INFO - ::endgroup::
[2024-07-26T00:15:26.844+0000] {docker.py:367} INFO - Starting docker container from image ghcr.io/dbt-labs/dbt-postgres:1.8.2
[2024-07-26T00:15:26.861+0000] {docker.py:375} WARNING - Using remote engine or docker-in-docker and mounting temporary volume from host is not supported. Falling back to `mount_tmp_dir=False` mode. You can set `mount_tmp_dir` parameter to False to disable mounting and remove the warning
[2024-07-26T00:15:28.697+0000] {docker.py:438} INFO - [0m00:15:28  Running with dbt=1.8.3
[2024-07-26T00:15:28.861+0000] {docker.py:438} INFO - [0m00:15:28  Registered adapter: postgres=1.8.2
[2024-07-26T00:15:28.943+0000] {docker.py:438} INFO - [0m00:15:28  Unable to do partial parsing because config vars, config profile, or config target have changed
[2024-07-26T00:15:28.945+0000] {docker.py:438} INFO - [0m00:15:28  Unable to do partial parsing because a project config has changed
[2024-07-26T00:15:30.063+0000] {docker.py:438} INFO - [0m00:15:30  Found 7 models, 27 data tests, 415 macros
[2024-07-26T00:15:30.067+0000] {docker.py:438} INFO - [0m00:15:30
[2024-07-26T00:15:30.219+0000] {docker.py:438} INFO - [0m00:15:30  Concurrency: 1 threads (target='dev')
[2024-07-26T00:15:30.220+0000] {docker.py:438} INFO - [0m00:15:30
[2024-07-26T00:15:30.230+0000] {docker.py:438} INFO - [0m00:15:30  1 of 7 START sql view model public.channel_rankings ............................ [RUN]
[2024-07-26T00:15:30.360+0000] {docker.py:438} INFO - [0m00:15:30  1 of 7 OK created sql view model public.channel_rankings ....................... [[32mCREATE VIEW[0m in 0.13s]
[2024-07-26T00:15:30.363+0000] {docker.py:438} INFO - [0m00:15:30  2 of 7 START sql view model public.source_stop_words ........................... [RUN]
[2024-07-26T00:15:30.435+0000] {docker.py:438} INFO - [0m00:15:30  2 of 7 OK created sql view model public.source_stop_words ...................... [[32mCREATE VIEW[0m in 0.07s]
[2024-07-26T00:15:30.439+0000] {docker.py:438} INFO - [0m00:15:30  3 of 7 START sql view model public.source_videos ............................... [RUN]
[2024-07-26T00:15:30.517+0000] {docker.py:438} INFO - [0m00:15:30  3 of 7 OK created sql view model public.source_videos .......................... [[32mCREATE VIEW[0m in 0.08s]
[2024-07-26T00:15:30.520+0000] {docker.py:438} INFO - [0m00:15:30  4 of 7 START sql view model public.trending_video_counts_per_channel ........... [RUN]
[2024-07-26T00:15:30.581+0000] {docker.py:438} INFO - [0m00:15:30  4 of 7 OK created sql view model public.trending_video_counts_per_channel ...... [[32mCREATE VIEW[0m in 0.06s]
[2024-07-26T00:15:30.585+0000] {docker.py:438} INFO - [0m00:15:30  5 of 7 START sql view model public.view_ranks .................................. [RUN]
[2024-07-26T00:15:30.658+0000] {docker.py:438} INFO - [0m00:15:30  5 of 7 OK created sql view model public.view_ranks ............................. [[32mCREATE VIEW[0m in 0.07s]
[2024-07-26T00:15:30.663+0000] {docker.py:438} INFO - [0m00:15:30  6 of 7 START sql view model public.word_counts_title ........................... [RUN]
[2024-07-26T00:15:30.735+0000] {docker.py:438} INFO - [0m00:15:30  6 of 7 OK created sql view model public.word_counts_title ...................... [[32mCREATE VIEW[0m in 0.07s]
[2024-07-26T00:15:30.739+0000] {docker.py:438} INFO - [0m00:15:30  7 of 7 START sql view model public.word_counts_title_distinct .................. [RUN]
[2024-07-26T00:15:30.799+0000] {docker.py:438} INFO - [0m00:15:30  7 of 7 OK created sql view model public.word_counts_title_distinct ............. [[32mCREATE VIEW[0m in 0.06s]
[2024-07-26T00:15:30.823+0000] {docker.py:438} INFO - [0m00:15:30
[2024-07-26T00:15:30.824+0000] {docker.py:438} INFO - [0m00:15:30  Finished running 7 view models in 0 hours 0 minutes and 0.76 seconds (0.76s).
[2024-07-26T00:15:30.872+0000] {docker.py:438} INFO - [0m00:15:30
[2024-07-26T00:15:30.873+0000] {docker.py:438} INFO - [0m00:15:30  [32mCompleted successfully[0m
[2024-07-26T00:15:30.874+0000] {docker.py:438} INFO - [0m00:15:30
[2024-07-26T00:15:30.875+0000] {docker.py:438} INFO - [0m00:15:30  Done. PASS=7 WARN=0 ERROR=0 SKIP=0 TOTAL=7
[2024-07-26T00:15:32.166+0000] {taskinstance.py:441} INFO - ::group::Post task execution logs
[2024-07-26T00:15:32.187+0000] {taskinstance.py:1206} INFO - Marking task as SUCCESS. dag_id=elt_script_dag, task_id=run_dbt, run_id=manual__2024-07-26T00:15:17.778878+00:00, execution_date=20240726T001517, start_date=20240726T001526, end_date=20240726T001532
[2024-07-26T00:15:32.238+0000] {local_task_job_runner.py:243} INFO - Task exited with return code 0
[2024-07-26T00:15:32.251+0000] {taskinstance.py:3503} INFO - 0 downstream tasks scheduled from follow-on schedule check
[2024-07-26T00:15:32.252+0000] {local_task_job_runner.py:222} INFO - ::endgroup::
