[2024-07-26T00:17:05.744+0000] {local_task_job_runner.py:120} INFO - ::group::Pre task execution logs
[2024-07-26T00:17:05.761+0000] {taskinstance.py:2076} INFO - Dependencies all met for dep_context=non-requeueable deps ti=<TaskInstance: elt_script_dag.run_dbt manual__2024-07-26T00:16:58.358538+00:00 [queued]>
[2024-07-26T00:17:05.766+0000] {taskinstance.py:2076} INFO - Dependencies all met for dep_context=requeueable deps ti=<TaskInstance: elt_script_dag.run_dbt manual__2024-07-26T00:16:58.358538+00:00 [queued]>
[2024-07-26T00:17:05.767+0000] {taskinstance.py:2306} INFO - Starting attempt 1 of 2
[2024-07-26T00:17:05.776+0000] {taskinstance.py:2330} INFO - Executing <Task(DockerOperator): run_dbt> on 2024-07-26 00:16:58.358538+00:00
[2024-07-26T00:17:05.782+0000] {warnings.py:112} WARNING - /home/***/.local/lib/python3.12/site-packages/***/task/task_runner/standard_task_runner.py:62: DeprecationWarning: This process (pid=108) is multi-threaded, use of fork() may lead to deadlocks in the child.
  pid = os.fork()

[2024-07-26T00:17:05.783+0000] {standard_task_runner.py:64} INFO - Started process 110 to run task
[2024-07-26T00:17:05.783+0000] {standard_task_runner.py:90} INFO - Running: ['***', 'tasks', 'run', 'elt_script_dag', 'run_dbt', 'manual__2024-07-26T00:16:58.358538+00:00', '--job-id', '129', '--raw', '--subdir', 'DAGS_FOLDER/dag.py', '--cfg-path', '/tmp/tmpcifw3mkc']
[2024-07-26T00:17:05.784+0000] {standard_task_runner.py:91} INFO - Job 129: Subtask run_dbt
[2024-07-26T00:17:05.817+0000] {task_command.py:426} INFO - Running <TaskInstance: elt_script_dag.run_dbt manual__2024-07-26T00:16:58.358538+00:00 [running]> on host e54d845b458d
[2024-07-26T00:17:05.882+0000] {taskinstance.py:2648} INFO - Exporting env vars: AIRFLOW_CTX_DAG_EMAIL='***@example.com' AIRFLOW_CTX_DAG_OWNER='***' AIRFLOW_CTX_DAG_ID='elt_script_dag' AIRFLOW_CTX_TASK_ID='run_dbt' AIRFLOW_CTX_EXECUTION_DATE='2024-07-26T00:16:58.358538+00:00' AIRFLOW_CTX_TRY_NUMBER='1' AIRFLOW_CTX_DAG_RUN_ID='manual__2024-07-26T00:16:58.358538+00:00'
[2024-07-26T00:17:05.884+0000] {taskinstance.py:430} INFO - ::endgroup::
[2024-07-26T00:17:05.907+0000] {docker.py:367} INFO - Starting docker container from image ghcr.io/dbt-labs/dbt-postgres:1.8.2
[2024-07-26T00:17:05.914+0000] {docker.py:375} WARNING - Using remote engine or docker-in-docker and mounting temporary volume from host is not supported. Falling back to `mount_tmp_dir=False` mode. You can set `mount_tmp_dir` parameter to False to disable mounting and remove the warning
[2024-07-26T00:17:07.258+0000] {docker.py:438} INFO - [0m00:17:07  Running with dbt=1.8.3
[2024-07-26T00:17:07.412+0000] {docker.py:438} INFO - [0m00:17:07  Registered adapter: postgres=1.8.2
[2024-07-26T00:17:07.742+0000] {docker.py:438} INFO - [0m00:17:07  Found 7 models, 27 data tests, 415 macros
[2024-07-26T00:17:07.746+0000] {docker.py:438} INFO - [0m00:17:07
[2024-07-26T00:17:07.869+0000] {docker.py:438} INFO - [0m00:17:07  Concurrency: 1 threads (target='dev')
[2024-07-26T00:17:07.870+0000] {docker.py:438} INFO - [0m00:17:07
[2024-07-26T00:17:07.879+0000] {docker.py:438} INFO - [0m00:17:07  1 of 7 START sql view model public.channel_rankings ............................ [RUN]
[2024-07-26T00:17:08.005+0000] {docker.py:438} INFO - [0m00:17:08  1 of 7 OK created sql view model public.channel_rankings ....................... [[32mCREATE VIEW[0m in 0.12s]
[2024-07-26T00:17:08.010+0000] {docker.py:438} INFO - [0m00:17:08  2 of 7 START sql view model public.source_stop_words ........................... [RUN]
[2024-07-26T00:17:08.087+0000] {docker.py:438} INFO - [0m00:17:08  2 of 7 OK created sql view model public.source_stop_words ...................... [[32mCREATE VIEW[0m in 0.07s]
[2024-07-26T00:17:08.091+0000] {docker.py:438} INFO - [0m00:17:08  3 of 7 START sql view model public.source_videos ............................... [RUN]
[2024-07-26T00:17:08.171+0000] {docker.py:438} INFO - [0m00:17:08  3 of 7 OK created sql view model public.source_videos .......................... [[32mCREATE VIEW[0m in 0.08s]
[2024-07-26T00:17:08.175+0000] {docker.py:438} INFO - [0m00:17:08  4 of 7 START sql view model public.trending_video_counts_per_channel ........... [RUN]
[2024-07-26T00:17:08.250+0000] {docker.py:438} INFO - [0m00:17:08  4 of 7 OK created sql view model public.trending_video_counts_per_channel ...... [[32mCREATE VIEW[0m in 0.07s]
[2024-07-26T00:17:08.253+0000] {docker.py:438} INFO - [0m00:17:08  5 of 7 START sql view model public.view_ranks .................................. [RUN]
[2024-07-26T00:17:08.334+0000] {docker.py:438} INFO - [0m00:17:08  5 of 7 OK created sql view model public.view_ranks ............................. [[32mCREATE VIEW[0m in 0.08s]
[2024-07-26T00:17:08.338+0000] {docker.py:438} INFO - [0m00:17:08  6 of 7 START sql view model public.word_counts_title ........................... [RUN]
[2024-07-26T00:17:08.410+0000] {docker.py:438} INFO - [0m00:17:08  6 of 7 OK created sql view model public.word_counts_title ...................... [[32mCREATE VIEW[0m in 0.07s]
[2024-07-26T00:17:08.414+0000] {docker.py:438} INFO - [0m00:17:08  7 of 7 START sql view model public.word_counts_title_distinct .................. [RUN]
[2024-07-26T00:17:08.537+0000] {docker.py:438} INFO - [0m00:17:08  7 of 7 OK created sql view model public.word_counts_title_distinct ............. [[32mCREATE VIEW[0m in 0.12s]
[2024-07-26T00:17:08.559+0000] {docker.py:438} INFO - [0m00:17:08
[2024-07-26T00:17:08.559+0000] {docker.py:438} INFO - [0m00:17:08  Finished running 7 view models in 0 hours 0 minutes and 0.81 seconds (0.81s).
[2024-07-26T00:17:08.609+0000] {docker.py:438} INFO - [0m00:17:08
[2024-07-26T00:17:08.610+0000] {docker.py:438} INFO - [0m00:17:08  [32mCompleted successfully[0m
[2024-07-26T00:17:08.611+0000] {docker.py:438} INFO - [0m00:17:08
[2024-07-26T00:17:08.612+0000] {docker.py:438} INFO - [0m00:17:08  Done. PASS=7 WARN=0 ERROR=0 SKIP=0 TOTAL=7
[2024-07-26T00:17:09.751+0000] {taskinstance.py:441} INFO - ::group::Post task execution logs
[2024-07-26T00:17:09.771+0000] {taskinstance.py:1206} INFO - Marking task as SUCCESS. dag_id=elt_script_dag, task_id=run_dbt, run_id=manual__2024-07-26T00:16:58.358538+00:00, execution_date=20240726T001658, start_date=20240726T001705, end_date=20240726T001709
[2024-07-26T00:17:09.810+0000] {local_task_job_runner.py:243} INFO - Task exited with return code 0
[2024-07-26T00:17:09.824+0000] {taskinstance.py:3503} INFO - 0 downstream tasks scheduled from follow-on schedule check
[2024-07-26T00:17:09.825+0000] {local_task_job_runner.py:222} INFO - ::endgroup::
