[2024-07-25T19:58:21.707+0000] {local_task_job_runner.py:120} INFO - ::group::Pre task execution logs
[2024-07-25T19:58:21.722+0000] {taskinstance.py:2076} INFO - Dependencies all met for dep_context=non-requeueable deps ti=<TaskInstance: elt_script_dag.run_dbt manual__2024-07-25T19:57:39.851871+00:00 [queued]>
[2024-07-25T19:58:21.729+0000] {taskinstance.py:2076} INFO - Dependencies all met for dep_context=requeueable deps ti=<TaskInstance: elt_script_dag.run_dbt manual__2024-07-25T19:57:39.851871+00:00 [queued]>
[2024-07-25T19:58:21.729+0000] {taskinstance.py:2306} INFO - Starting attempt 1 of 2
[2024-07-25T19:58:21.739+0000] {taskinstance.py:2330} INFO - Executing <Task(DockerOperator): run_dbt> on 2024-07-25 19:57:39.851871+00:00
[2024-07-25T19:58:21.746+0000] {warnings.py:112} WARNING - /home/***/.local/lib/python3.12/site-packages/***/task/task_runner/standard_task_runner.py:62: DeprecationWarning: This process (pid=168) is multi-threaded, use of fork() may lead to deadlocks in the child.
  pid = os.fork()

[2024-07-25T19:58:21.747+0000] {standard_task_runner.py:64} INFO - Started process 170 to run task
[2024-07-25T19:58:21.747+0000] {standard_task_runner.py:90} INFO - Running: ['***', 'tasks', 'run', 'elt_script_dag', 'run_dbt', 'manual__2024-07-25T19:57:39.851871+00:00', '--job-id', '112', '--raw', '--subdir', 'DAGS_FOLDER/dag.py', '--cfg-path', '/tmp/tmpjswgj_am']
[2024-07-25T19:58:21.748+0000] {standard_task_runner.py:91} INFO - Job 112: Subtask run_dbt
[2024-07-25T19:58:21.780+0000] {task_command.py:426} INFO - Running <TaskInstance: elt_script_dag.run_dbt manual__2024-07-25T19:57:39.851871+00:00 [running]> on host 6a3ef3606308
[2024-07-25T19:58:21.843+0000] {taskinstance.py:2648} INFO - Exporting env vars: AIRFLOW_CTX_DAG_EMAIL='***@example.com' AIRFLOW_CTX_DAG_OWNER='***' AIRFLOW_CTX_DAG_ID='elt_script_dag' AIRFLOW_CTX_TASK_ID='run_dbt' AIRFLOW_CTX_EXECUTION_DATE='2024-07-25T19:57:39.851871+00:00' AIRFLOW_CTX_TRY_NUMBER='1' AIRFLOW_CTX_DAG_RUN_ID='manual__2024-07-25T19:57:39.851871+00:00'
[2024-07-25T19:58:21.845+0000] {taskinstance.py:430} INFO - ::endgroup::
[2024-07-25T19:58:21.869+0000] {docker.py:367} INFO - Starting docker container from image ghcr.io/dbt-labs/dbt-postgres:1.8.2
[2024-07-25T19:58:21.877+0000] {docker.py:375} WARNING - Using remote engine or docker-in-docker and mounting temporary volume from host is not supported. Falling back to `mount_tmp_dir=False` mode. You can set `mount_tmp_dir` parameter to False to disable mounting and remove the warning
[2024-07-25T19:58:23.778+0000] {docker.py:438} INFO - [0m19:58:23  Running with dbt=1.8.3
[2024-07-25T19:58:23.949+0000] {docker.py:438} INFO - [0m19:58:23  Registered adapter: postgres=1.8.2
[2024-07-25T19:58:24.038+0000] {docker.py:438} INFO - [0m19:58:24  Unable to do partial parsing because config vars, config profile, or config target have changed
[2024-07-25T19:58:25.098+0000] {docker.py:438} INFO - [0m19:58:25  Found 4 models, 3 data tests, 415 macros
[2024-07-25T19:58:25.101+0000] {docker.py:438} INFO - [0m19:58:25
[2024-07-25T19:58:25.250+0000] {docker.py:438} INFO - [0m19:58:25  Concurrency: 1 threads (target='dev')
[2024-07-25T19:58:25.252+0000] {docker.py:438} INFO - [0m19:58:25
[2024-07-25T19:58:25.261+0000] {docker.py:438} INFO - [0m19:58:25  1 of 4 START sql view model public.source_stop_words ........................... [RUN]
[2024-07-25T19:58:25.389+0000] {docker.py:438} INFO - [0m19:58:25  1 of 4 OK created sql view model public.source_stop_words ...................... [[32mCREATE VIEW[0m in 0.13s]
[2024-07-25T19:58:25.393+0000] {docker.py:438} INFO - [0m19:58:25  2 of 4 START sql view model public.source_videos ............................... [RUN]
[2024-07-25T19:58:25.462+0000] {docker.py:438} INFO - [0m19:58:25  2 of 4 OK created sql view model public.source_videos .......................... [[32mCREATE VIEW[0m in 0.07s]
[2024-07-25T19:58:25.466+0000] {docker.py:438} INFO - [0m19:58:25  3 of 4 START sql view model public.trending_video_counts_per_channel ........... [RUN]
[2024-07-25T19:58:25.530+0000] {docker.py:438} INFO - [0m19:58:25  3 of 4 OK created sql view model public.trending_video_counts_per_channel ...... [[32mCREATE VIEW[0m in 0.06s]
[2024-07-25T19:58:25.533+0000] {docker.py:438} INFO - [0m19:58:25  4 of 4 START sql view model public.word_counts_title ........................... [RUN]
[2024-07-25T19:58:25.596+0000] {docker.py:438} INFO - [0m19:58:25  4 of 4 OK created sql view model public.word_counts_title ...................... [[32mCREATE VIEW[0m in 0.06s]
[2024-07-25T19:58:25.620+0000] {docker.py:438} INFO - [0m19:58:25
[2024-07-25T19:58:25.621+0000] {docker.py:438} INFO - [0m19:58:25  Finished running 4 view models in 0 hours 0 minutes and 0.52 seconds (0.52s).
[2024-07-25T19:58:25.666+0000] {docker.py:438} INFO - [0m19:58:25
[2024-07-25T19:58:25.667+0000] {docker.py:438} INFO - [0m19:58:25  [32mCompleted successfully[0m
[2024-07-25T19:58:25.669+0000] {docker.py:438} INFO - [0m19:58:25
[2024-07-25T19:58:25.669+0000] {docker.py:438} INFO - [0m19:58:25  Done. PASS=4 WARN=0 ERROR=0 SKIP=0 TOTAL=4
[2024-07-25T19:58:26.950+0000] {taskinstance.py:441} INFO - ::group::Post task execution logs
[2024-07-25T19:58:26.968+0000] {taskinstance.py:1206} INFO - Marking task as SUCCESS. dag_id=elt_script_dag, task_id=run_dbt, run_id=manual__2024-07-25T19:57:39.851871+00:00, execution_date=20240725T195739, start_date=20240725T195821, end_date=20240725T195826
[2024-07-25T19:58:27.006+0000] {local_task_job_runner.py:243} INFO - Task exited with return code 0
[2024-07-25T19:58:27.018+0000] {taskinstance.py:3503} INFO - 0 downstream tasks scheduled from follow-on schedule check
[2024-07-25T19:58:27.019+0000] {local_task_job_runner.py:222} INFO - ::endgroup::
