[2024-07-23T06:36:35.827+0000] {local_task_job_runner.py:120} INFO - ::group::Pre task execution logs
[2024-07-23T06:36:35.843+0000] {taskinstance.py:2076} INFO - Dependencies all met for dep_context=non-requeueable deps ti=<TaskInstance: elt_script_dag.run_elt_script manual__2024-07-23T06:36:33.294928+00:00 [queued]>
[2024-07-23T06:36:35.850+0000] {taskinstance.py:2076} INFO - Dependencies all met for dep_context=requeueable deps ti=<TaskInstance: elt_script_dag.run_elt_script manual__2024-07-23T06:36:33.294928+00:00 [queued]>
[2024-07-23T06:36:35.850+0000] {taskinstance.py:2306} INFO - Starting attempt 1 of 2
[2024-07-23T06:36:35.861+0000] {taskinstance.py:2330} INFO - Executing <Task(BashOperator): run_elt_script> on 2024-07-23 06:36:33.294928+00:00
[2024-07-23T06:36:35.868+0000] {warnings.py:112} WARNING - /home/***/.local/lib/python3.12/site-packages/***/task/task_runner/standard_task_runner.py:62: DeprecationWarning: This process (pid=63) is multi-threaded, use of fork() may lead to deadlocks in the child.
  pid = os.fork()

[2024-07-23T06:36:35.870+0000] {standard_task_runner.py:64} INFO - Started process 65 to run task
[2024-07-23T06:36:35.869+0000] {standard_task_runner.py:90} INFO - Running: ['***', 'tasks', 'run', 'elt_script_dag', 'run_elt_script', 'manual__2024-07-23T06:36:33.294928+00:00', '--job-id', '75', '--raw', '--subdir', 'DAGS_FOLDER/dag.py', '--cfg-path', '/tmp/tmpgddycqt2']
[2024-07-23T06:36:35.871+0000] {standard_task_runner.py:91} INFO - Job 75: Subtask run_elt_script
[2024-07-23T06:36:35.907+0000] {task_command.py:426} INFO - Running <TaskInstance: elt_script_dag.run_elt_script manual__2024-07-23T06:36:33.294928+00:00 [running]> on host fd5ebbb8d998
[2024-07-23T06:36:35.976+0000] {taskinstance.py:2648} INFO - Exporting env vars: AIRFLOW_CTX_DAG_EMAIL='***@example.com' AIRFLOW_CTX_DAG_OWNER='***' AIRFLOW_CTX_DAG_ID='elt_script_dag' AIRFLOW_CTX_TASK_ID='run_elt_script' AIRFLOW_CTX_EXECUTION_DATE='2024-07-23T06:36:33.294928+00:00' AIRFLOW_CTX_TRY_NUMBER='1' AIRFLOW_CTX_DAG_RUN_ID='manual__2024-07-23T06:36:33.294928+00:00'
[2024-07-23T06:36:35.977+0000] {taskinstance.py:430} INFO - ::endgroup::
[2024-07-23T06:36:35.978+0000] {subprocess.py:63} INFO - Tmp dir root location: /tmp
[2024-07-23T06:36:35.979+0000] {subprocess.py:75} INFO - Running command: ['/usr/bin/bash', '-c', 'python /opt/***/scripts/elt_script.py']
[2024-07-23T06:36:35.990+0000] {subprocess.py:86} INFO - Output:
[2024-07-23T06:36:38.407+0000] {subprocess.py:93} INFO - ELT script started...
[2024-07-23T06:36:38.408+0000] {subprocess.py:93} INFO - fetching videos...
[2024-07-23T06:36:38.408+0000] {subprocess.py:93} INFO - fetching videos...
[2024-07-23T06:36:38.409+0000] {subprocess.py:93} INFO - fetching videos...
[2024-07-23T06:36:38.409+0000] {subprocess.py:93} INFO - fetching videos...
[2024-07-23T06:36:38.409+0000] {subprocess.py:93} INFO - Videos uploaded to db...
[2024-07-23T06:36:38.434+0000] {subprocess.py:97} INFO - Command exited with return code 0
[2024-07-23T06:36:38.435+0000] {taskinstance.py:441} INFO - ::group::Post task execution logs
[2024-07-23T06:36:38.455+0000] {taskinstance.py:1206} INFO - Marking task as SUCCESS. dag_id=elt_script_dag, task_id=run_elt_script, run_id=manual__2024-07-23T06:36:33.294928+00:00, execution_date=20240723T063633, start_date=20240723T063635, end_date=20240723T063638
[2024-07-23T06:36:38.496+0000] {local_task_job_runner.py:243} INFO - Task exited with return code 0
[2024-07-23T06:36:38.511+0000] {taskinstance.py:3503} INFO - 0 downstream tasks scheduled from follow-on schedule check
[2024-07-23T06:36:38.513+0000] {local_task_job_runner.py:222} INFO - ::endgroup::
